2023-04-26 15:06:17.200 +08:00 [arswebapiservice0421001] [Information] SkyApm.InstrumentStartup : Initializing ...
2023-04-26 15:06:17.244 +08:00 [arswebapiservice0421001] [Information] SkyApm.Service.RegisterService : Loaded instrument service [SkyApm.Service.RegisterService].
2023-04-26 15:06:17.244 +08:00 [arswebapiservice0421001] [Information] SkyApm.Service.LogReportService : Loaded instrument service [SkyApm.Service.LogReportService].
2023-04-26 15:06:17.245 +08:00 [arswebapiservice0421001] [Information] SkyApm.Service.PingService : Loaded instrument service [SkyApm.Service.PingService].
2023-04-26 15:06:17.245 +08:00 [arswebapiservice0421001] [Information] SkyApm.Service.SegmentReportService : Loaded instrument service [SkyApm.Service.SegmentReportService].
2023-04-26 15:06:17.246 +08:00 [arswebapiservice0421001] [Information] SkyApm.Service.CLRStatsService : Loaded instrument service [SkyApm.Service.CLRStatsService].
2023-04-26 15:06:17.246 +08:00 [arswebapiservice0421001] [Information] SkyApm.Sampling.SimpleCountSamplingInterceptor : Loaded instrument service [SkyApm.Sampling.SimpleCountSamplingInterceptor].
2023-04-26 15:06:17.246 +08:00 [arswebapiservice0421001] [Information] SkyApm.Transport.Grpc.ConnectService : Loaded instrument service [SkyApm.Transport.Grpc.ConnectService].
2023-04-26 15:06:17.246 +08:00 [arswebapiservice0421001] [Information] SkyApm.Service.RegisterService : Loaded instrument service [SkyApm.Service.RegisterService].
2023-04-26 15:06:17.246 +08:00 [arswebapiservice0421001] [Information] SkyApm.Service.LogReportService : Loaded instrument service [SkyApm.Service.LogReportService].
2023-04-26 15:06:17.246 +08:00 [arswebapiservice0421001] [Information] SkyApm.Service.PingService : Loaded instrument service [SkyApm.Service.PingService].
2023-04-26 15:06:17.246 +08:00 [arswebapiservice0421001] [Information] SkyApm.Service.SegmentReportService : Loaded instrument service [SkyApm.Service.SegmentReportService].
2023-04-26 15:06:17.246 +08:00 [arswebapiservice0421001] [Information] SkyApm.Service.CLRStatsService : Loaded instrument service [SkyApm.Service.CLRStatsService].
2023-04-26 15:06:17.246 +08:00 [arswebapiservice0421001] [Information] SkyApm.Sampling.SimpleCountSamplingInterceptor : Loaded instrument service [SkyApm.Sampling.SimpleCountSamplingInterceptor].
2023-04-26 15:06:17.246 +08:00 [arswebapiservice0421001] [Information] SkyApm.Transport.Grpc.ConnectService : Loaded instrument service [SkyApm.Transport.Grpc.ConnectService].
2023-04-26 15:06:17.413 +08:00 [arswebapiservice0421001] [Information] SkyApm.Transport.Grpc.ConnectionManager : Connected server[172.20.64.1:11800].
2023-04-26 15:06:17.431 +08:00 [arswebapiservice0421001] [Information] SkyApm.Diagnostics.TracingDiagnosticProcessorObserver : Loaded diagnostic listener [HttpHandlerDiagnosticListener].
2023-04-26 15:06:17.433 +08:00 [arswebapiservice0421001] [Information] SkyApm.Diagnostics.TracingDiagnosticProcessorObserver : Loaded diagnostic listener [Microsoft.AspNetCore].
2023-04-26 15:06:17.433 +08:00 [arswebapiservice0421001] [Information] SkyApm.InstrumentStartup : Started SkyAPM .NET Core Agent.
2023-04-26 15:06:17.433 +08:00 [arswebapiservice0421001] [Information] SkyApm.InstrumentStartup : Initializing ...
2023-04-26 15:06:17.433 +08:00 [arswebapiservice0421001] [Information] SkyApm.Service.RegisterService : Loaded instrument service [SkyApm.Service.RegisterService].
2023-04-26 15:06:17.433 +08:00 [arswebapiservice0421001] [Information] SkyApm.Service.LogReportService : Loaded instrument service [SkyApm.Service.LogReportService].
2023-04-26 15:06:17.433 +08:00 [arswebapiservice0421001] [Information] SkyApm.Service.PingService : Loaded instrument service [SkyApm.Service.PingService].
2023-04-26 15:06:17.433 +08:00 [arswebapiservice0421001] [Information] SkyApm.Service.SegmentReportService : Loaded instrument service [SkyApm.Service.SegmentReportService].
2023-04-26 15:06:17.433 +08:00 [arswebapiservice0421001] [Information] SkyApm.Service.CLRStatsService : Loaded instrument service [SkyApm.Service.CLRStatsService].
2023-04-26 15:06:17.433 +08:00 [arswebapiservice0421001] [Information] SkyApm.Sampling.SimpleCountSamplingInterceptor : Loaded instrument service [SkyApm.Sampling.SimpleCountSamplingInterceptor].
2023-04-26 15:06:17.433 +08:00 [arswebapiservice0421001] [Information] SkyApm.Transport.Grpc.ConnectService : Loaded instrument service [SkyApm.Transport.Grpc.ConnectService].
2023-04-26 15:06:17.433 +08:00 [arswebapiservice0421001] [Information] SkyApm.Service.RegisterService : Loaded instrument service [SkyApm.Service.RegisterService].
2023-04-26 15:06:17.433 +08:00 [arswebapiservice0421001] [Information] SkyApm.Service.LogReportService : Loaded instrument service [SkyApm.Service.LogReportService].
2023-04-26 15:06:17.433 +08:00 [arswebapiservice0421001] [Information] SkyApm.Service.PingService : Loaded instrument service [SkyApm.Service.PingService].
2023-04-26 15:06:17.433 +08:00 [arswebapiservice0421001] [Information] SkyApm.Service.SegmentReportService : Loaded instrument service [SkyApm.Service.SegmentReportService].
2023-04-26 15:06:17.433 +08:00 [arswebapiservice0421001] [Information] SkyApm.Service.CLRStatsService : Loaded instrument service [SkyApm.Service.CLRStatsService].
2023-04-26 15:06:17.434 +08:00 [arswebapiservice0421001] [Information] SkyApm.Sampling.SimpleCountSamplingInterceptor : Loaded instrument service [SkyApm.Sampling.SimpleCountSamplingInterceptor].
2023-04-26 15:06:17.434 +08:00 [arswebapiservice0421001] [Information] SkyApm.Transport.Grpc.ConnectService : Loaded instrument service [SkyApm.Transport.Grpc.ConnectService].
2023-04-26 15:06:17.434 +08:00 [arswebapiservice0421001] [Information] SkyApm.Diagnostics.TracingDiagnosticProcessorObserver : Loaded diagnostic listener [HttpHandlerDiagnosticListener].
2023-04-26 15:06:17.434 +08:00 [arswebapiservice0421001] [Information] SkyApm.Diagnostics.TracingDiagnosticProcessorObserver : Loaded diagnostic listener [Microsoft.AspNetCore].
2023-04-26 15:06:17.434 +08:00 [arswebapiservice0421001] [Information] SkyApm.InstrumentStartup : Started SkyAPM .NET Core Agent.
2023-04-26 15:06:17.517 +08:00 [arswebapiservice0421001] [Information] SkyApm.Diagnostics.TracingDiagnosticProcessorObserver : Loaded diagnostic listener [Grpc.Net.Client].
2023-04-26 15:06:17.517 +08:00 [arswebapiservice0421001] [Information] SkyApm.Diagnostics.TracingDiagnosticProcessorObserver : Loaded diagnostic listener [Grpc.Net.Client].
2023-04-26 15:06:17.821 +08:00 [arswebapiservice0421001] [Information] SkyApm.Service.RegisterService : Reported Service Instance Properties[Service=arswebapiservice0421001,InstanceId=192.168.110.65@99b99ec722f34c0b97b0bcb78eb1139f].
2023-04-26 15:06:17.821 +08:00 [arswebapiservice0421001] [Information] SkyApm.Service.RegisterService : Reported Service Instance Properties[Service=arswebapiservice0421001,InstanceId=192.168.110.65@99b99ec722f34c0b97b0bcb78eb1139f].
2023-04-26 15:06:17.822 +08:00 [arswebapiservice0421001] [Information] SkyApm.Service.RegisterService : Reported Service Instance Properties[Service=arswebapiservice0421001,InstanceId=192.168.110.65@99b99ec722f34c0b97b0bcb78eb1139f].
2023-04-26 15:06:17.823 +08:00 [arswebapiservice0421001] [Information] SkyApm.Service.RegisterService : Reported Service Instance Properties[Service=arswebapiservice0421001,InstanceId=192.168.110.65@99b99ec722f34c0b97b0bcb78eb1139f].
2023-04-26 15:06:20.352 +08:00 [arswebapiservice0421001] [Information] SkyApm.Transport.Grpc.V8.SegmentReporter : Report 4 trace segment. cost: 00:00:00.0908098s
