2023-04-08 11:04:36.100 +08:00 [arswebapiservice5197] [Information] SkyApm.InstrumentStartup : Initializing ...
2023-04-08 11:04:36.142 +08:00 [arswebapiservice5197] [Information] SkyApm.Service.RegisterService : Loaded instrument service [SkyApm.Service.RegisterService].
2023-04-08 11:04:36.146 +08:00 [arswebapiservice5197] [Information] SkyApm.Service.LogReportService : Loaded instrument service [SkyApm.Service.LogReportService].
2023-04-08 11:04:36.147 +08:00 [arswebapiservice5197] [Information] SkyApm.Service.PingService : Loaded instrument service [SkyApm.Service.PingService].
2023-04-08 11:04:36.147 +08:00 [arswebapiservice5197] [Information] SkyApm.Service.SegmentReportService : Loaded instrument service [SkyApm.Service.SegmentReportService].
2023-04-08 11:04:36.148 +08:00 [arswebapiservice5197] [Information] SkyApm.Service.CLRStatsService : Loaded instrument service [SkyApm.Service.CLRStatsService].
2023-04-08 11:04:36.148 +08:00 [arswebapiservice5197] [Information] SkyApm.Sampling.SimpleCountSamplingInterceptor : Loaded instrument service [SkyApm.Sampling.SimpleCountSamplingInterceptor].
2023-04-08 11:04:36.148 +08:00 [arswebapiservice5197] [Information] SkyApm.Transport.Grpc.ConnectService : Loaded instrument service [SkyApm.Transport.Grpc.ConnectService].
2023-04-08 11:04:36.214 +08:00 [arswebapiservice5197] [Information] SkyApm.Transport.Grpc.ConnectionManager : Connected server[127.0.0.1:11800].
2023-04-08 11:04:36.222 +08:00 [arswebapiservice5197] [Information] SkyApm.Diagnostics.TracingDiagnosticProcessorObserver : Loaded diagnostic listener [HttpHandlerDiagnosticListener].
2023-04-08 11:04:36.223 +08:00 [arswebapiservice5197] [Information] SkyApm.Diagnostics.TracingDiagnosticProcessorObserver : Loaded diagnostic listener [Microsoft.AspNetCore].
2023-04-08 11:04:36.223 +08:00 [arswebapiservice5197] [Information] SkyApm.InstrumentStartup : Started SkyAPM .NET Core Agent.
2023-04-08 11:04:36.780 +08:00 [arswebapiservice5197] [Information] SkyApm.Diagnostics.TracingDiagnosticProcessorObserver : Loaded diagnostic listener [Grpc.Net.Client].
2023-04-08 11:04:37.252 +08:00 [arswebapiservice5197] [Information] SkyApm.Service.RegisterService : Reported Service Instance Properties[Service=arswebapiservice5197,InstanceId=192.168.110.67@6404d1098c7e466eb43648b757bc54f8].
2023-04-08 11:04:39.658 +08:00 [arswebapiservice5197] [Information] SkyApm.Transport.Grpc.V8.SegmentReporter : Report 4 trace segment. cost: 00:00:00.4769312s
2023-04-08 11:05:06.169 +08:00 [arswebapiservice5197] [Information] SkyApm.Service.PingService : Ping server @2023/4/8 3:05:06 +00:00
2023-04-08 11:05:06.189 +08:00 [arswebapiservice5197] [Information] SkyApm.Service.CLRStatsService : Report CLR Stats. CPU UsagePercent 0 GenCollectCount 1 0 0 7M ThreadPool 32765 32767 1000 1000
2023-04-08 11:05:36.171 +08:00 [arswebapiservice5197] [Information] SkyApm.Service.CLRStatsService : Report CLR Stats. CPU UsagePercent 0 GenCollectCount 0 0 0 8M ThreadPool 32766 32767 1000 1000
2023-04-08 11:05:39.173 +08:00 [arswebapiservice5197] [Information] SkyApm.Transport.Grpc.V8.SegmentReporter : Report 1 trace segment. cost: 00:00:00.0140229s
2023-04-08 11:05:39.978 +08:00 [arswebapiservice5197] [Information] SkyApm.Diagnostics.TracingDiagnosticProcessorObserver : Loaded diagnostic listener [Microsoft.EntityFrameworkCore].
2023-04-08 11:05:41.496 +08:00 [arswebapiservice5197] [Information] SkyApm.Diagnostics.TracingDiagnosticProcessorObserver : Loaded diagnostic listener [SqlClientDiagnosticListener].
2023-04-08 11:05:42.171 +08:00 [arswebapiservice5197] [Information] SkyApm.Transport.Grpc.V8.SegmentReporter : Report 1 trace segment. cost: 00:00:00.0133071s
2023-04-08 11:05:42.197 +08:00 [arswebapiservice5197] [Information] SkyApm.Transport.Grpc.SegmentReporter : Report 2 logs. cost: 00:00:00.0251890s
2023-04-08 11:05:42.328 +08:00 [arswebapiservice5197] [Information] SkyApm.Diagnostics.TracingDiagnosticProcessorObserver : Loaded diagnostic listener [SqlClientDiagnosticListener].
2023-04-08 11:05:52.840 +08:00 [arswebapiservice5197] [Information] SkyApm.Transport.Grpc.SegmentReporter : Report 1 logs. cost: 00:00:00.0699335s
2023-04-08 11:05:52.845 +08:00 [arswebapiservice5197] [Information] SkyApm.Transport.Grpc.V8.SegmentReporter : Report 2 trace segment. cost: 00:00:00.0871967s
2023-04-08 11:05:52.906 +08:00 [arswebapiservice5197] [Information] SkyApm.Diagnostics.TracingDiagnosticProcessorObserver : Loaded diagnostic listener [SqlClientDiagnosticListener].
2023-04-08 11:05:55.781 +08:00 [arswebapiservice5197] [Information] SkyApm.Transport.Grpc.V8.SegmentReporter : Report 3 trace segment. cost: 00:00:00.0124863s
2023-04-08 11:05:55.812 +08:00 [arswebapiservice5197] [Information] SkyApm.Transport.Grpc.SegmentReporter : Report 1 logs. cost: 00:00:00.0142528s
2023-04-08 11:06:06.162 +08:00 [arswebapiservice5197] [Information] SkyApm.Service.PingService : Ping server @2023/4/8 3:06:06 +00:00
2023-04-08 11:06:06.162 +08:00 [arswebapiservice5197] [Information] SkyApm.Service.CLRStatsService : Report CLR Stats. CPU UsagePercent 0 GenCollectCount 0 0 0 17M ThreadPool 32765 32767 1000 1000
2023-04-08 11:06:36.159 +08:00 [arswebapiservice5197] [Information] SkyApm.Service.CLRStatsService : Report CLR Stats. CPU UsagePercent 0 GenCollectCount 0 0 0 17M ThreadPool 32765 32767 1000 1000
2023-04-08 11:07:06.160 +08:00 [arswebapiservice5197] [Information] SkyApm.Service.CLRStatsService : Report CLR Stats. CPU UsagePercent 0 GenCollectCount 0 0 0 18M ThreadPool 32759 32767 1000 1000
2023-04-08 11:07:06.160 +08:00 [arswebapiservice5197] [Information] SkyApm.Service.PingService : Ping server @2023/4/8 3:07:06 +00:00
2023-04-08 11:07:36.184 +08:00 [arswebapiservice5197] [Information] SkyApm.Service.CLRStatsService : Report CLR Stats. CPU UsagePercent 0 GenCollectCount 0 0 0 19M ThreadPool 32763 32767 1000 1000
