2023-04-08 10:29:31.298 +08:00 [arswebapiservice1] [Information] SkyApm.InstrumentStartup : Initializing ...
2023-04-08 10:29:31.368 +08:00 [arswebapiservice1] [Information] SkyApm.Service.RegisterService : Loaded instrument service [SkyApm.Service.RegisterService].
2023-04-08 10:29:31.369 +08:00 [arswebapiservice1] [Information] SkyApm.Service.LogReportService : Loaded instrument service [SkyApm.Service.LogReportService].
2023-04-08 10:29:31.369 +08:00 [arswebapiservice1] [Information] SkyApm.Service.PingService : Loaded instrument service [SkyApm.Service.PingService].
2023-04-08 10:29:31.369 +08:00 [arswebapiservice1] [Information] SkyApm.Service.SegmentReportService : Loaded instrument service [SkyApm.Service.SegmentReportService].
2023-04-08 10:29:31.369 +08:00 [arswebapiservice1] [Information] SkyApm.Service.CLRStatsService : Loaded instrument service [SkyApm.Service.CLRStatsService].
2023-04-08 10:29:31.369 +08:00 [arswebapiservice1] [Information] SkyApm.Sampling.SimpleCountSamplingInterceptor : Loaded instrument service [SkyApm.Sampling.SimpleCountSamplingInterceptor].
2023-04-08 10:29:31.370 +08:00 [arswebapiservice1] [Information] SkyApm.Transport.Grpc.ConnectService : Loaded instrument service [SkyApm.Transport.Grpc.ConnectService].
2023-04-08 10:29:31.714 +08:00 [arswebapiservice1] [Information] SkyApm.Transport.Grpc.ConnectionManager : Connected server[127.0.0.1:11800].
2023-04-08 10:29:31.720 +08:00 [arswebapiservice1] [Information] SkyApm.Diagnostics.TracingDiagnosticProcessorObserver : Loaded diagnostic listener [HttpHandlerDiagnosticListener].
2023-04-08 10:29:31.721 +08:00 [arswebapiservice1] [Information] SkyApm.Diagnostics.TracingDiagnosticProcessorObserver : Loaded diagnostic listener [Microsoft.AspNetCore].
2023-04-08 10:29:31.721 +08:00 [arswebapiservice1] [Information] SkyApm.InstrumentStartup : Started SkyAPM .NET Core Agent.
2023-04-08 10:29:32.116 +08:00 [arswebapiservice1] [Information] SkyApm.Diagnostics.TracingDiagnosticProcessorObserver : Loaded diagnostic listener [Grpc.Net.Client].
2023-04-08 10:29:33.116 +08:00 [arswebapiservice1] [Information] SkyApm.Service.RegisterService : Reported Service Instance Properties[Service=arswebapiservice1,InstanceId=192.168.110.67@4f94df7efcde44daaa122a5c340067ed].
2023-04-08 10:29:37.596 +08:00 [arswebapiservice1] [Information] SkyApm.Transport.Grpc.V8.SegmentReporter : Report 4 trace segment. cost: 00:00:00.2004890s
2023-04-08 10:30:01.410 +08:00 [arswebapiservice1] [Information] SkyApm.Service.PingService : Ping server @2023/4/8 2:30:01 +00:00
2023-04-08 10:30:01.426 +08:00 [arswebapiservice1] [Information] SkyApm.Service.CLRStatsService : Report CLR Stats. CPU UsagePercent 0 GenCollectCount 0 0 0 26M ThreadPool 32765 32767 1000 1000
2023-04-08 10:31:44.102 +08:00 [arswebapiservice1] [Information] SkyApm.InstrumentStartup : Initializing ...
2023-04-08 10:31:44.158 +08:00 [arswebapiservice1] [Information] SkyApm.Service.RegisterService : Loaded instrument service [SkyApm.Service.RegisterService].
2023-04-08 10:31:44.158 +08:00 [arswebapiservice1] [Information] SkyApm.Service.LogReportService : Loaded instrument service [SkyApm.Service.LogReportService].
2023-04-08 10:31:44.159 +08:00 [arswebapiservice1] [Information] SkyApm.Service.PingService : Loaded instrument service [SkyApm.Service.PingService].
2023-04-08 10:31:44.159 +08:00 [arswebapiservice1] [Information] SkyApm.Service.SegmentReportService : Loaded instrument service [SkyApm.Service.SegmentReportService].
2023-04-08 10:31:44.159 +08:00 [arswebapiservice1] [Information] SkyApm.Service.CLRStatsService : Loaded instrument service [SkyApm.Service.CLRStatsService].
2023-04-08 10:31:44.159 +08:00 [arswebapiservice1] [Information] SkyApm.Sampling.SimpleCountSamplingInterceptor : Loaded instrument service [SkyApm.Sampling.SimpleCountSamplingInterceptor].
2023-04-08 10:31:44.159 +08:00 [arswebapiservice1] [Information] SkyApm.Transport.Grpc.ConnectService : Loaded instrument service [SkyApm.Transport.Grpc.ConnectService].
2023-04-08 10:31:44.249 +08:00 [arswebapiservice1] [Information] SkyApm.Transport.Grpc.ConnectionManager : Connected server[127.0.0.1:11800].
2023-04-08 10:31:44.255 +08:00 [arswebapiservice1] [Information] SkyApm.Diagnostics.TracingDiagnosticProcessorObserver : Loaded diagnostic listener [HttpHandlerDiagnosticListener].
2023-04-08 10:31:44.256 +08:00 [arswebapiservice1] [Information] SkyApm.Diagnostics.TracingDiagnosticProcessorObserver : Loaded diagnostic listener [Microsoft.AspNetCore].
2023-04-08 10:31:44.256 +08:00 [arswebapiservice1] [Information] SkyApm.InstrumentStartup : Started SkyAPM .NET Core Agent.
2023-04-08 10:31:44.895 +08:00 [arswebapiservice1] [Information] SkyApm.Diagnostics.TracingDiagnosticProcessorObserver : Loaded diagnostic listener [Grpc.Net.Client].
2023-04-08 10:31:45.261 +08:00 [arswebapiservice1] [Information] SkyApm.Service.RegisterService : Reported Service Instance Properties[Service=arswebapiservice1,InstanceId=192.168.110.67@b42996cd01a443bbb7f65b6f162beb2f].
2023-04-08 10:31:47.351 +08:00 [arswebapiservice1] [Information] SkyApm.Transport.Grpc.V8.SegmentReporter : Report 9 trace segment. cost: 00:00:00.1663226s
2023-04-08 10:32:08.184 +08:00 [arswebapiservice1] [Information] SkyApm.Transport.Grpc.V8.SegmentReporter : Report 1 trace segment. cost: 00:00:00.0087974s
2023-04-08 10:32:14.238 +08:00 [arswebapiservice1] [Information] SkyApm.Service.PingService : Ping server @2023/4/8 2:32:14 +00:00
2023-04-08 10:32:14.239 +08:00 [arswebapiservice1] [Information] SkyApm.Service.CLRStatsService : Report CLR Stats. CPU UsagePercent 0 GenCollectCount 1 1 0 12M ThreadPool 32765 32767 1000 1000
2023-04-08 10:32:39.507 +08:00 [arswebapiservice1] [Information] SkyApm.InstrumentStartup : Initializing ...
2023-04-08 10:32:39.566 +08:00 [arswebapiservice1] [Information] SkyApm.Service.RegisterService : Loaded instrument service [SkyApm.Service.RegisterService].
2023-04-08 10:32:39.566 +08:00 [arswebapiservice1] [Information] SkyApm.Service.LogReportService : Loaded instrument service [SkyApm.Service.LogReportService].
2023-04-08 10:32:39.566 +08:00 [arswebapiservice1] [Information] SkyApm.Service.PingService : Loaded instrument service [SkyApm.Service.PingService].
2023-04-08 10:32:39.566 +08:00 [arswebapiservice1] [Information] SkyApm.Service.SegmentReportService : Loaded instrument service [SkyApm.Service.SegmentReportService].
2023-04-08 10:32:39.567 +08:00 [arswebapiservice1] [Information] SkyApm.Service.CLRStatsService : Loaded instrument service [SkyApm.Service.CLRStatsService].
2023-04-08 10:32:39.567 +08:00 [arswebapiservice1] [Information] SkyApm.Sampling.SimpleCountSamplingInterceptor : Loaded instrument service [SkyApm.Sampling.SimpleCountSamplingInterceptor].
2023-04-08 10:32:39.567 +08:00 [arswebapiservice1] [Information] SkyApm.Transport.Grpc.ConnectService : Loaded instrument service [SkyApm.Transport.Grpc.ConnectService].
2023-04-08 10:32:39.668 +08:00 [arswebapiservice1] [Information] SkyApm.Transport.Grpc.ConnectionManager : Connected server[127.0.0.1:11800].
2023-04-08 10:32:39.675 +08:00 [arswebapiservice1] [Information] SkyApm.Diagnostics.TracingDiagnosticProcessorObserver : Loaded diagnostic listener [HttpHandlerDiagnosticListener].
2023-04-08 10:32:39.676 +08:00 [arswebapiservice1] [Information] SkyApm.Diagnostics.TracingDiagnosticProcessorObserver : Loaded diagnostic listener [Microsoft.AspNetCore].
2023-04-08 10:32:39.676 +08:00 [arswebapiservice1] [Information] SkyApm.InstrumentStartup : Started SkyAPM .NET Core Agent.
2023-04-08 10:32:40.431 +08:00 [arswebapiservice1] [Information] SkyApm.Diagnostics.TracingDiagnosticProcessorObserver : Loaded diagnostic listener [Grpc.Net.Client].
2023-04-08 10:32:40.887 +08:00 [arswebapiservice1] [Information] SkyApm.Service.RegisterService : Reported Service Instance Properties[Service=arswebapiservice1,InstanceId=192.168.110.67@347fb3cef5244b6da6434a6571aeadc3].
2023-04-08 10:32:42.727 +08:00 [arswebapiservice1] [Information] SkyApm.Transport.Grpc.V8.SegmentReporter : Report 3 trace segment. cost: 00:00:00.1424637s
2023-04-08 10:32:45.589 +08:00 [arswebapiservice1] [Information] SkyApm.Transport.Grpc.V8.SegmentReporter : Report 1 trace segment. cost: 00:00:00.0079439s
2023-04-08 10:33:09.638 +08:00 [arswebapiservice1] [Information] SkyApm.Service.PingService : Ping server @2023/4/8 2:33:09 +00:00
2023-04-08 10:33:09.641 +08:00 [arswebapiservice1] [Information] SkyApm.Service.CLRStatsService : Report CLR Stats. CPU UsagePercent 0 GenCollectCount 2 2 0 8M ThreadPool 32764 32767 1000 1000
2023-04-08 10:33:39.597 +08:00 [arswebapiservice1] [Information] SkyApm.Service.CLRStatsService : Report CLR Stats. CPU UsagePercent 0 GenCollectCount 0 0 0 9M ThreadPool 32755 32767 1000 1000
2023-04-08 10:34:09.588 +08:00 [arswebapiservice1] [Information] SkyApm.Service.CLRStatsService : Report CLR Stats. CPU UsagePercent 0 GenCollectCount 11 11 3 6M ThreadPool 32759 32767 1000 1000
2023-04-08 10:34:09.588 +08:00 [arswebapiservice1] [Information] SkyApm.Service.PingService : Ping server @2023/4/8 2:34:09 +00:00
2023-04-08 10:34:39.579 +08:00 [arswebapiservice1] [Information] SkyApm.Service.CLRStatsService : Report CLR Stats. CPU UsagePercent 0 GenCollectCount 15 15 0 7M ThreadPool 32756 32767 1000 1000
2023-04-08 10:35:09.583 +08:00 [arswebapiservice1] [Information] SkyApm.Service.CLRStatsService : Report CLR Stats. CPU UsagePercent 0 GenCollectCount 15 15 0 7M ThreadPool 32759 32767 1000 1000
2023-04-08 10:35:09.583 +08:00 [arswebapiservice1] [Information] SkyApm.Service.PingService : Ping server @2023/4/8 2:35:09 +00:00
2023-04-08 10:35:39.587 +08:00 [arswebapiservice1] [Information] SkyApm.Service.CLRStatsService : Report CLR Stats. CPU UsagePercent 0 GenCollectCount 15 15 3 7M ThreadPool 32766 32767 1000 1000
2023-04-08 10:36:09.581 +08:00 [arswebapiservice1] [Information] SkyApm.Service.PingService : Ping server @2023/4/8 2:36:09 +00:00
2023-04-08 10:36:09.583 +08:00 [arswebapiservice1] [Information] SkyApm.Service.CLRStatsService : Report CLR Stats. CPU UsagePercent 0 GenCollectCount 12 12 0 7M ThreadPool 32764 32767 1000 1000
2023-04-08 10:36:39.587 +08:00 [arswebapiservice1] [Information] SkyApm.Service.CLRStatsService : Report CLR Stats. CPU UsagePercent 0 GenCollectCount 12 12 0 7M ThreadPool 32765 32767 1000 1000
