2023-04-14 13:33:04.087 +08:00 [grpcapiservice] [Information] SkyApm.InstrumentStartup : Initializing ...
2023-04-14 13:33:04.140 +08:00 [grpcapiservice] [Information] SkyApm.Service.RegisterService : Loaded instrument service [SkyApm.Service.RegisterService].
2023-04-14 13:33:04.140 +08:00 [grpcapiservice] [Information] SkyApm.Service.LogReportService : Loaded instrument service [SkyApm.Service.LogReportService].
2023-04-14 13:33:04.140 +08:00 [grpcapiservice] [Information] SkyApm.Service.PingService : Loaded instrument service [SkyApm.Service.PingService].
2023-04-14 13:33:04.140 +08:00 [grpcapiservice] [Information] SkyApm.Service.SegmentReportService : Loaded instrument service [SkyApm.Service.SegmentReportService].
2023-04-14 13:33:04.141 +08:00 [grpcapiservice] [Information] SkyApm.Service.CLRStatsService : Loaded instrument service [SkyApm.Service.CLRStatsService].
2023-04-14 13:33:04.141 +08:00 [grpcapiservice] [Information] SkyApm.Sampling.SimpleCountSamplingInterceptor : Loaded instrument service [SkyApm.Sampling.SimpleCountSamplingInterceptor].
2023-04-14 13:33:04.141 +08:00 [grpcapiservice] [Information] SkyApm.Transport.Grpc.ConnectService : Loaded instrument service [SkyApm.Transport.Grpc.ConnectService].
2023-04-14 13:33:04.141 +08:00 [grpcapiservice] [Information] SkyApm.Service.RegisterService : Loaded instrument service [SkyApm.Service.RegisterService].
2023-04-14 13:33:04.141 +08:00 [grpcapiservice] [Information] SkyApm.Service.LogReportService : Loaded instrument service [SkyApm.Service.LogReportService].
2023-04-14 13:33:04.141 +08:00 [grpcapiservice] [Information] SkyApm.Service.PingService : Loaded instrument service [SkyApm.Service.PingService].
2023-04-14 13:33:04.141 +08:00 [grpcapiservice] [Information] SkyApm.Service.SegmentReportService : Loaded instrument service [SkyApm.Service.SegmentReportService].
2023-04-14 13:33:04.141 +08:00 [grpcapiservice] [Information] SkyApm.Service.CLRStatsService : Loaded instrument service [SkyApm.Service.CLRStatsService].
2023-04-14 13:33:04.141 +08:00 [grpcapiservice] [Information] SkyApm.Sampling.SimpleCountSamplingInterceptor : Loaded instrument service [SkyApm.Sampling.SimpleCountSamplingInterceptor].
2023-04-14 13:33:04.141 +08:00 [grpcapiservice] [Information] SkyApm.Transport.Grpc.ConnectService : Loaded instrument service [SkyApm.Transport.Grpc.ConnectService].
2023-04-14 13:33:04.334 +08:00 [grpcapiservice] [Information] SkyApm.Transport.Grpc.ConnectionManager : Connected server[127.0.0.1:11800].
2023-04-14 13:33:04.354 +08:00 [grpcapiservice] [Information] SkyApm.Diagnostics.TracingDiagnosticProcessorObserver : Loaded diagnostic listener [HttpHandlerDiagnosticListener].
2023-04-14 13:33:04.357 +08:00 [grpcapiservice] [Information] SkyApm.Diagnostics.TracingDiagnosticProcessorObserver : Loaded diagnostic listener [Microsoft.AspNetCore].
2023-04-14 13:33:04.357 +08:00 [grpcapiservice] [Information] SkyApm.InstrumentStartup : Started SkyAPM .NET Core Agent.
2023-04-14 13:33:04.357 +08:00 [grpcapiservice] [Information] SkyApm.InstrumentStartup : Initializing ...
2023-04-14 13:33:04.357 +08:00 [grpcapiservice] [Information] SkyApm.Service.RegisterService : Loaded instrument service [SkyApm.Service.RegisterService].
2023-04-14 13:33:04.357 +08:00 [grpcapiservice] [Information] SkyApm.Service.LogReportService : Loaded instrument service [SkyApm.Service.LogReportService].
2023-04-14 13:33:04.357 +08:00 [grpcapiservice] [Information] SkyApm.Service.PingService : Loaded instrument service [SkyApm.Service.PingService].
2023-04-14 13:33:04.357 +08:00 [grpcapiservice] [Information] SkyApm.Service.SegmentReportService : Loaded instrument service [SkyApm.Service.SegmentReportService].
2023-04-14 13:33:04.357 +08:00 [grpcapiservice] [Information] SkyApm.Service.CLRStatsService : Loaded instrument service [SkyApm.Service.CLRStatsService].
2023-04-14 13:33:04.357 +08:00 [grpcapiservice] [Information] SkyApm.Sampling.SimpleCountSamplingInterceptor : Loaded instrument service [SkyApm.Sampling.SimpleCountSamplingInterceptor].
2023-04-14 13:33:04.357 +08:00 [grpcapiservice] [Information] SkyApm.Transport.Grpc.ConnectService : Loaded instrument service [SkyApm.Transport.Grpc.ConnectService].
2023-04-14 13:33:04.358 +08:00 [grpcapiservice] [Information] SkyApm.Service.RegisterService : Loaded instrument service [SkyApm.Service.RegisterService].
2023-04-14 13:33:04.358 +08:00 [grpcapiservice] [Information] SkyApm.Service.LogReportService : Loaded instrument service [SkyApm.Service.LogReportService].
2023-04-14 13:33:04.358 +08:00 [grpcapiservice] [Information] SkyApm.Service.PingService : Loaded instrument service [SkyApm.Service.PingService].
2023-04-14 13:33:04.358 +08:00 [grpcapiservice] [Information] SkyApm.Service.SegmentReportService : Loaded instrument service [SkyApm.Service.SegmentReportService].
2023-04-14 13:33:04.358 +08:00 [grpcapiservice] [Information] SkyApm.Service.CLRStatsService : Loaded instrument service [SkyApm.Service.CLRStatsService].
2023-04-14 13:33:04.358 +08:00 [grpcapiservice] [Information] SkyApm.Sampling.SimpleCountSamplingInterceptor : Loaded instrument service [SkyApm.Sampling.SimpleCountSamplingInterceptor].
2023-04-14 13:33:04.358 +08:00 [grpcapiservice] [Information] SkyApm.Transport.Grpc.ConnectService : Loaded instrument service [SkyApm.Transport.Grpc.ConnectService].
2023-04-14 13:33:04.359 +08:00 [grpcapiservice] [Information] SkyApm.Diagnostics.TracingDiagnosticProcessorObserver : Loaded diagnostic listener [HttpHandlerDiagnosticListener].
2023-04-14 13:33:04.359 +08:00 [grpcapiservice] [Information] SkyApm.Diagnostics.TracingDiagnosticProcessorObserver : Loaded diagnostic listener [Microsoft.AspNetCore].
2023-04-14 13:33:04.359 +08:00 [grpcapiservice] [Information] SkyApm.InstrumentStartup : Started SkyAPM .NET Core Agent.
2023-04-14 13:33:04.454 +08:00 [grpcapiservice] [Information] SkyApm.Diagnostics.TracingDiagnosticProcessorObserver : Loaded diagnostic listener [Grpc.Net.Client].
2023-04-14 13:33:04.455 +08:00 [grpcapiservice] [Information] SkyApm.Diagnostics.TracingDiagnosticProcessorObserver : Loaded diagnostic listener [Grpc.Net.Client].
2023-04-14 13:33:04.986 +08:00 [grpcapiservice] [Information] SkyApm.Service.RegisterService : Reported Service Instance Properties[Service=grpcapiservice,InstanceId=172.20.64.1@38faad2dc0b145bab6ecd623bbbd4dc8].
2023-04-14 13:33:04.986 +08:00 [grpcapiservice] [Information] SkyApm.Service.RegisterService : Reported Service Instance Properties[Service=grpcapiservice,InstanceId=172.20.64.1@38faad2dc0b145bab6ecd623bbbd4dc8].
2023-04-14 13:33:04.986 +08:00 [grpcapiservice] [Information] SkyApm.Service.RegisterService : Reported Service Instance Properties[Service=grpcapiservice,InstanceId=172.20.64.1@38faad2dc0b145bab6ecd623bbbd4dc8].
2023-04-14 13:33:04.986 +08:00 [grpcapiservice] [Information] SkyApm.Service.RegisterService : Reported Service Instance Properties[Service=grpcapiservice,InstanceId=172.20.64.1@38faad2dc0b145bab6ecd623bbbd4dc8].
2023-04-14 13:33:34.394 +08:00 [grpcapiservice] [Information] SkyApm.Service.PingService : Ping server @2023/4/14 5:33:34 +00:00
2023-04-14 13:33:34.394 +08:00 [grpcapiservice] [Information] SkyApm.Service.PingService : Ping server @2023/4/14 5:33:34 +00:00
2023-04-14 13:33:34.396 +08:00 [grpcapiservice] [Information] SkyApm.Service.CLRStatsService : Report CLR Stats. CPU UsagePercent 0 GenCollectCount 9 9 2 5M ThreadPool 32763 32767 1000 1000
2023-04-14 13:33:34.396 +08:00 [grpcapiservice] [Information] SkyApm.Service.CLRStatsService : Report CLR Stats. CPU UsagePercent 0 GenCollectCount 0 0 0 5M ThreadPool 32763 32767 1000 1000
2023-04-14 13:34:04.377 +08:00 [grpcapiservice] [Information] SkyApm.Service.CLRStatsService : Report CLR Stats. CPU UsagePercent 0 GenCollectCount 8 8 2 5M ThreadPool 32758 32767 1000 1000
2023-04-14 13:34:04.382 +08:00 [grpcapiservice] [Information] SkyApm.Service.CLRStatsService : Report CLR Stats. CPU UsagePercent 0 GenCollectCount 0 0 0 5M ThreadPool 32757 32767 1000 1000
2023-04-14 13:34:34.383 +08:00 [grpcapiservice] [Information] SkyApm.Service.CLRStatsService : Report CLR Stats. CPU UsagePercent 0 GenCollectCount 8 8 1 6M ThreadPool 32752 32767 1000 1000
2023-04-14 13:34:34.383 +08:00 [grpcapiservice] [Information] SkyApm.Service.PingService : Ping server @2023/4/14 5:34:34 +00:00
2023-04-14 13:34:34.383 +08:00 [grpcapiservice] [Information] SkyApm.Service.CLRStatsService : Report CLR Stats. CPU UsagePercent 0 GenCollectCount 0 0 0 6M ThreadPool 32761 32767 1000 1000
2023-04-14 13:34:34.385 +08:00 [grpcapiservice] [Information] SkyApm.Service.PingService : Ping server @2023/4/14 5:34:34 +00:00
2023-04-14 13:35:28.861 +08:00 [grpcapiservice] [Information] SkyApm.InstrumentStartup : Initializing ...
2023-04-14 13:35:28.927 +08:00 [grpcapiservice] [Information] SkyApm.Service.RegisterService : Loaded instrument service [SkyApm.Service.RegisterService].
2023-04-14 13:35:28.927 +08:00 [grpcapiservice] [Information] SkyApm.Service.LogReportService : Loaded instrument service [SkyApm.Service.LogReportService].
2023-04-14 13:35:28.927 +08:00 [grpcapiservice] [Information] SkyApm.Service.PingService : Loaded instrument service [SkyApm.Service.PingService].
2023-04-14 13:35:28.927 +08:00 [grpcapiservice] [Information] SkyApm.Service.SegmentReportService : Loaded instrument service [SkyApm.Service.SegmentReportService].
2023-04-14 13:35:28.927 +08:00 [grpcapiservice] [Information] SkyApm.Service.CLRStatsService : Loaded instrument service [SkyApm.Service.CLRStatsService].
2023-04-14 13:35:28.928 +08:00 [grpcapiservice] [Information] SkyApm.Sampling.SimpleCountSamplingInterceptor : Loaded instrument service [SkyApm.Sampling.SimpleCountSamplingInterceptor].
2023-04-14 13:35:28.928 +08:00 [grpcapiservice] [Information] SkyApm.Transport.Grpc.ConnectService : Loaded instrument service [SkyApm.Transport.Grpc.ConnectService].
2023-04-14 13:35:28.928 +08:00 [grpcapiservice] [Information] SkyApm.Service.RegisterService : Loaded instrument service [SkyApm.Service.RegisterService].
2023-04-14 13:35:28.928 +08:00 [grpcapiservice] [Information] SkyApm.Service.LogReportService : Loaded instrument service [SkyApm.Service.LogReportService].
2023-04-14 13:35:28.928 +08:00 [grpcapiservice] [Information] SkyApm.Service.PingService : Loaded instrument service [SkyApm.Service.PingService].
2023-04-14 13:35:28.928 +08:00 [grpcapiservice] [Information] SkyApm.Service.SegmentReportService : Loaded instrument service [SkyApm.Service.SegmentReportService].
2023-04-14 13:35:28.928 +08:00 [grpcapiservice] [Information] SkyApm.Service.CLRStatsService : Loaded instrument service [SkyApm.Service.CLRStatsService].
2023-04-14 13:35:28.928 +08:00 [grpcapiservice] [Information] SkyApm.Sampling.SimpleCountSamplingInterceptor : Loaded instrument service [SkyApm.Sampling.SimpleCountSamplingInterceptor].
2023-04-14 13:35:28.928 +08:00 [grpcapiservice] [Information] SkyApm.Transport.Grpc.ConnectService : Loaded instrument service [SkyApm.Transport.Grpc.ConnectService].
2023-04-14 13:35:29.020 +08:00 [grpcapiservice] [Information] SkyApm.Transport.Grpc.ConnectionManager : Connected server[127.0.0.1:11800].
2023-04-14 13:35:29.030 +08:00 [grpcapiservice] [Information] SkyApm.Diagnostics.TracingDiagnosticProcessorObserver : Loaded diagnostic listener [HttpHandlerDiagnosticListener].
2023-04-14 13:35:29.034 +08:00 [grpcapiservice] [Information] SkyApm.Diagnostics.TracingDiagnosticProcessorObserver : Loaded diagnostic listener [Microsoft.AspNetCore].
2023-04-14 13:35:29.035 +08:00 [grpcapiservice] [Information] SkyApm.InstrumentStartup : Started SkyAPM .NET Core Agent.
2023-04-14 13:35:29.035 +08:00 [grpcapiservice] [Information] SkyApm.InstrumentStartup : Initializing ...
2023-04-14 13:35:29.035 +08:00 [grpcapiservice] [Information] SkyApm.Service.RegisterService : Loaded instrument service [SkyApm.Service.RegisterService].
2023-04-14 13:35:29.035 +08:00 [grpcapiservice] [Information] SkyApm.Service.LogReportService : Loaded instrument service [SkyApm.Service.LogReportService].
2023-04-14 13:35:29.035 +08:00 [grpcapiservice] [Information] SkyApm.Service.PingService : Loaded instrument service [SkyApm.Service.PingService].
2023-04-14 13:35:29.035 +08:00 [grpcapiservice] [Information] SkyApm.Service.SegmentReportService : Loaded instrument service [SkyApm.Service.SegmentReportService].
2023-04-14 13:35:29.035 +08:00 [grpcapiservice] [Information] SkyApm.Service.CLRStatsService : Loaded instrument service [SkyApm.Service.CLRStatsService].
2023-04-14 13:35:29.035 +08:00 [grpcapiservice] [Information] SkyApm.Sampling.SimpleCountSamplingInterceptor : Loaded instrument service [SkyApm.Sampling.SimpleCountSamplingInterceptor].
2023-04-14 13:35:29.035 +08:00 [grpcapiservice] [Information] SkyApm.Transport.Grpc.ConnectService : Loaded instrument service [SkyApm.Transport.Grpc.ConnectService].
2023-04-14 13:35:29.035 +08:00 [grpcapiservice] [Information] SkyApm.Service.RegisterService : Loaded instrument service [SkyApm.Service.RegisterService].
2023-04-14 13:35:29.035 +08:00 [grpcapiservice] [Information] SkyApm.Service.LogReportService : Loaded instrument service [SkyApm.Service.LogReportService].
2023-04-14 13:35:29.035 +08:00 [grpcapiservice] [Information] SkyApm.Service.PingService : Loaded instrument service [SkyApm.Service.PingService].
2023-04-14 13:35:29.035 +08:00 [grpcapiservice] [Information] SkyApm.Service.SegmentReportService : Loaded instrument service [SkyApm.Service.SegmentReportService].
2023-04-14 13:35:29.035 +08:00 [grpcapiservice] [Information] SkyApm.Service.CLRStatsService : Loaded instrument service [SkyApm.Service.CLRStatsService].
2023-04-14 13:35:29.035 +08:00 [grpcapiservice] [Information] SkyApm.Sampling.SimpleCountSamplingInterceptor : Loaded instrument service [SkyApm.Sampling.SimpleCountSamplingInterceptor].
2023-04-14 13:35:29.036 +08:00 [grpcapiservice] [Information] SkyApm.Transport.Grpc.ConnectService : Loaded instrument service [SkyApm.Transport.Grpc.ConnectService].
2023-04-14 13:35:29.038 +08:00 [grpcapiservice] [Information] SkyApm.Diagnostics.TracingDiagnosticProcessorObserver : Loaded diagnostic listener [HttpHandlerDiagnosticListener].
2023-04-14 13:35:29.039 +08:00 [grpcapiservice] [Information] SkyApm.Diagnostics.TracingDiagnosticProcessorObserver : Loaded diagnostic listener [Microsoft.AspNetCore].
2023-04-14 13:35:29.039 +08:00 [grpcapiservice] [Information] SkyApm.InstrumentStartup : Started SkyAPM .NET Core Agent.
2023-04-14 13:35:29.112 +08:00 [grpcapiservice] [Information] SkyApm.Diagnostics.TracingDiagnosticProcessorObserver : Loaded diagnostic listener [Grpc.Net.Client].
2023-04-14 13:35:29.113 +08:00 [grpcapiservice] [Information] SkyApm.Diagnostics.TracingDiagnosticProcessorObserver : Loaded diagnostic listener [Grpc.Net.Client].
2023-04-14 13:35:29.418 +08:00 [grpcapiservice] [Information] SkyApm.Service.RegisterService : Reported Service Instance Properties[Service=grpcapiservice,InstanceId=172.20.64.1@24d35dbab95644e0a221f2d88d9f278b].
2023-04-14 13:35:29.418 +08:00 [grpcapiservice] [Information] SkyApm.Service.RegisterService : Reported Service Instance Properties[Service=grpcapiservice,InstanceId=172.20.64.1@24d35dbab95644e0a221f2d88d9f278b].
2023-04-14 13:35:29.529 +08:00 [grpcapiservice] [Information] SkyApm.Service.RegisterService : Reported Service Instance Properties[Service=grpcapiservice,InstanceId=172.20.64.1@24d35dbab95644e0a221f2d88d9f278b].
2023-04-14 13:35:29.529 +08:00 [grpcapiservice] [Information] SkyApm.Service.RegisterService : Reported Service Instance Properties[Service=grpcapiservice,InstanceId=172.20.64.1@24d35dbab95644e0a221f2d88d9f278b].
2023-04-14 13:35:36.274 +08:00 [grpcapiservice] [Error] SkyApm.Diagnostics.TracingDiagnosticObserver : Invoke diagnostic method exception.
System.FormatException: The input is not a valid Base-64 string as it contains a non-base 64 character, more than two padding characters, or an illegal character among the padding characters.
   at System.Convert.FromBase64CharPtr(Char* inputPtr, Int32 inputLength)
   at System.Convert.FromBase64String(String s)
   at SkyApm.Base64Formatter.Decode(String value)
   at SkyApm.Tracing.Sw8CarrierFormatter.Decode(String content)
   at SkyApm.Tracing.CarrierPropagator.Extract(ICarrierHeaderCollection headerCollection)
   at SkyApm.Tracing.TracingContext.CreateEntrySegmentContext(String operationName, ICarrierHeaderCollection carrierHeader, Int64 startTimeMilliseconds)
   at SkyApm.Diagnostics.AspNetCore.Handlers.DefaultHostingDiagnosticHandler.BeginRequest(ITracingContext tracingContext, HttpContext httpContext)
   at SkyApm.AspNetCore.Diagnostics.HostingTracingDiagnosticProcessor.BeginRequest(HttpContext HttpContext)
   at invoker_Void BeginRequest(HttpContext)(Object , Object[] )
   at SkyApm.Diagnostics.TracingDiagnosticMethod.Invoke(String diagnosticName, Object value)
   at SkyApm.Diagnostics.TracingDiagnosticObserver.OnNext(KeyValuePair`2 value)
2023-04-14 13:35:36.275 +08:00 [grpcapiservice] [Error] SkyApm.Diagnostics.TracingDiagnosticObserver : Invoke diagnostic method exception.
System.FormatException: The input is not a valid Base-64 string as it contains a non-base 64 character, more than two padding characters, or an illegal character among the padding characters.
   at System.Convert.FromBase64CharPtr(Char* inputPtr, Int32 inputLength)
   at System.Convert.FromBase64String(String s)
   at SkyApm.Base64Formatter.Decode(String value)
   at SkyApm.Tracing.Sw8CarrierFormatter.Decode(String content)
   at SkyApm.Tracing.CarrierPropagator.Extract(ICarrierHeaderCollection headerCollection)
   at SkyApm.Tracing.TracingContext.CreateEntrySegmentContext(String operationName, ICarrierHeaderCollection carrierHeader, Int64 startTimeMilliseconds)
   at SkyApm.Diagnostics.AspNetCore.Handlers.DefaultHostingDiagnosticHandler.BeginRequest(ITracingContext tracingContext, HttpContext httpContext)
   at SkyApm.AspNetCore.Diagnostics.HostingTracingDiagnosticProcessor.BeginRequest(HttpContext HttpContext)
   at invoker_Void BeginRequest(HttpContext)(Object , Object[] )
   at SkyApm.Diagnostics.TracingDiagnosticMethod.Invoke(String diagnosticName, Object value)
   at SkyApm.Diagnostics.TracingDiagnosticObserver.OnNext(KeyValuePair`2 value)
2023-04-14 13:35:38.092 +08:00 [grpcapiservice] [Information] SkyApm.Transport.Grpc.V8.SegmentReporter : Report 1 trace segment. cost: 00:00:00.0375318s
2023-04-14 13:35:38.092 +08:00 [grpcapiservice] [Information] SkyApm.Transport.Grpc.V8.SegmentReporter : Report 1 trace segment. cost: 00:00:00.0376354s
2023-04-14 13:36:32.977 +08:00 [grpcapiservice] [Information] SkyApm.InstrumentStartup : Initializing ...
2023-04-14 13:36:33.033 +08:00 [grpcapiservice] [Information] SkyApm.Service.RegisterService : Loaded instrument service [SkyApm.Service.RegisterService].
2023-04-14 13:36:33.033 +08:00 [grpcapiservice] [Information] SkyApm.Service.LogReportService : Loaded instrument service [SkyApm.Service.LogReportService].
2023-04-14 13:36:33.033 +08:00 [grpcapiservice] [Information] SkyApm.Service.PingService : Loaded instrument service [SkyApm.Service.PingService].
2023-04-14 13:36:33.033 +08:00 [grpcapiservice] [Information] SkyApm.Service.SegmentReportService : Loaded instrument service [SkyApm.Service.SegmentReportService].
2023-04-14 13:36:33.033 +08:00 [grpcapiservice] [Information] SkyApm.Service.CLRStatsService : Loaded instrument service [SkyApm.Service.CLRStatsService].
2023-04-14 13:36:33.034 +08:00 [grpcapiservice] [Information] SkyApm.Sampling.SimpleCountSamplingInterceptor : Loaded instrument service [SkyApm.Sampling.SimpleCountSamplingInterceptor].
2023-04-14 13:36:33.034 +08:00 [grpcapiservice] [Information] SkyApm.Transport.Grpc.ConnectService : Loaded instrument service [SkyApm.Transport.Grpc.ConnectService].
2023-04-14 13:36:33.034 +08:00 [grpcapiservice] [Information] SkyApm.Service.RegisterService : Loaded instrument service [SkyApm.Service.RegisterService].
2023-04-14 13:36:33.034 +08:00 [grpcapiservice] [Information] SkyApm.Service.LogReportService : Loaded instrument service [SkyApm.Service.LogReportService].
2023-04-14 13:36:33.034 +08:00 [grpcapiservice] [Information] SkyApm.Service.PingService : Loaded instrument service [SkyApm.Service.PingService].
2023-04-14 13:36:33.034 +08:00 [grpcapiservice] [Information] SkyApm.Service.SegmentReportService : Loaded instrument service [SkyApm.Service.SegmentReportService].
2023-04-14 13:36:33.034 +08:00 [grpcapiservice] [Information] SkyApm.Service.CLRStatsService : Loaded instrument service [SkyApm.Service.CLRStatsService].
2023-04-14 13:36:33.034 +08:00 [grpcapiservice] [Information] SkyApm.Sampling.SimpleCountSamplingInterceptor : Loaded instrument service [SkyApm.Sampling.SimpleCountSamplingInterceptor].
2023-04-14 13:36:33.034 +08:00 [grpcapiservice] [Information] SkyApm.Transport.Grpc.ConnectService : Loaded instrument service [SkyApm.Transport.Grpc.ConnectService].
2023-04-14 13:36:33.128 +08:00 [grpcapiservice] [Information] SkyApm.Transport.Grpc.ConnectionManager : Connected server[127.0.0.1:11800].
2023-04-14 13:36:33.146 +08:00 [grpcapiservice] [Information] SkyApm.Diagnostics.TracingDiagnosticProcessorObserver : Loaded diagnostic listener [HttpHandlerDiagnosticListener].
2023-04-14 13:36:33.150 +08:00 [grpcapiservice] [Information] SkyApm.Diagnostics.TracingDiagnosticProcessorObserver : Loaded diagnostic listener [Microsoft.AspNetCore].
2023-04-14 13:36:33.150 +08:00 [grpcapiservice] [Information] SkyApm.InstrumentStartup : Started SkyAPM .NET Core Agent.
2023-04-14 13:36:33.150 +08:00 [grpcapiservice] [Information] SkyApm.InstrumentStartup : Initializing ...
2023-04-14 13:36:33.150 +08:00 [grpcapiservice] [Information] SkyApm.Service.RegisterService : Loaded instrument service [SkyApm.Service.RegisterService].
2023-04-14 13:36:33.150 +08:00 [grpcapiservice] [Information] SkyApm.Service.LogReportService : Loaded instrument service [SkyApm.Service.LogReportService].
2023-04-14 13:36:33.150 +08:00 [grpcapiservice] [Information] SkyApm.Service.PingService : Loaded instrument service [SkyApm.Service.PingService].
2023-04-14 13:36:33.150 +08:00 [grpcapiservice] [Information] SkyApm.Service.SegmentReportService : Loaded instrument service [SkyApm.Service.SegmentReportService].
2023-04-14 13:36:33.150 +08:00 [grpcapiservice] [Information] SkyApm.Service.CLRStatsService : Loaded instrument service [SkyApm.Service.CLRStatsService].
2023-04-14 13:36:33.150 +08:00 [grpcapiservice] [Information] SkyApm.Sampling.SimpleCountSamplingInterceptor : Loaded instrument service [SkyApm.Sampling.SimpleCountSamplingInterceptor].
2023-04-14 13:36:33.150 +08:00 [grpcapiservice] [Information] SkyApm.Transport.Grpc.ConnectService : Loaded instrument service [SkyApm.Transport.Grpc.ConnectService].
2023-04-14 13:36:33.150 +08:00 [grpcapiservice] [Information] SkyApm.Service.RegisterService : Loaded instrument service [SkyApm.Service.RegisterService].
2023-04-14 13:36:33.150 +08:00 [grpcapiservice] [Information] SkyApm.Service.LogReportService : Loaded instrument service [SkyApm.Service.LogReportService].
2023-04-14 13:36:33.150 +08:00 [grpcapiservice] [Information] SkyApm.Service.PingService : Loaded instrument service [SkyApm.Service.PingService].
2023-04-14 13:36:33.150 +08:00 [grpcapiservice] [Information] SkyApm.Service.SegmentReportService : Loaded instrument service [SkyApm.Service.SegmentReportService].
2023-04-14 13:36:33.150 +08:00 [grpcapiservice] [Information] SkyApm.Service.CLRStatsService : Loaded instrument service [SkyApm.Service.CLRStatsService].
2023-04-14 13:36:33.150 +08:00 [grpcapiservice] [Information] SkyApm.Sampling.SimpleCountSamplingInterceptor : Loaded instrument service [SkyApm.Sampling.SimpleCountSamplingInterceptor].
2023-04-14 13:36:33.151 +08:00 [grpcapiservice] [Information] SkyApm.Transport.Grpc.ConnectService : Loaded instrument service [SkyApm.Transport.Grpc.ConnectService].
2023-04-14 13:36:33.152 +08:00 [grpcapiservice] [Information] SkyApm.Diagnostics.TracingDiagnosticProcessorObserver : Loaded diagnostic listener [HttpHandlerDiagnosticListener].
2023-04-14 13:36:33.152 +08:00 [grpcapiservice] [Information] SkyApm.Diagnostics.TracingDiagnosticProcessorObserver : Loaded diagnostic listener [Microsoft.AspNetCore].
2023-04-14 13:36:33.152 +08:00 [grpcapiservice] [Information] SkyApm.InstrumentStartup : Started SkyAPM .NET Core Agent.
2023-04-14 13:36:33.243 +08:00 [grpcapiservice] [Information] SkyApm.Diagnostics.TracingDiagnosticProcessorObserver : Loaded diagnostic listener [Grpc.Net.Client].
2023-04-14 13:36:33.243 +08:00 [grpcapiservice] [Information] SkyApm.Diagnostics.TracingDiagnosticProcessorObserver : Loaded diagnostic listener [Grpc.Net.Client].
2023-04-14 13:36:33.543 +08:00 [grpcapiservice] [Information] SkyApm.Service.RegisterService : Reported Service Instance Properties[Service=grpcapiservice,InstanceId=172.20.64.1@fe3595ad4a8646eea917be8262bb0be8].
2023-04-14 13:36:33.543 +08:00 [grpcapiservice] [Information] SkyApm.Service.RegisterService : Reported Service Instance Properties[Service=grpcapiservice,InstanceId=172.20.64.1@fe3595ad4a8646eea917be8262bb0be8].
2023-04-14 13:36:33.636 +08:00 [grpcapiservice] [Information] SkyApm.Service.RegisterService : Reported Service Instance Properties[Service=grpcapiservice,InstanceId=172.20.64.1@fe3595ad4a8646eea917be8262bb0be8].
2023-04-14 13:36:33.636 +08:00 [grpcapiservice] [Information] SkyApm.Service.RegisterService : Reported Service Instance Properties[Service=grpcapiservice,InstanceId=172.20.64.1@fe3595ad4a8646eea917be8262bb0be8].
2023-04-14 13:37:28.358 +08:00 [grpcapiservice] [Information] SkyApm.Service.PingService : Ping server @2023/4/14 5:37:28 +00:00
2023-04-14 13:37:28.358 +08:00 [grpcapiservice] [Information] SkyApm.Service.PingService : Ping server @2023/4/14 5:37:28 +00:00
2023-04-14 13:37:28.358 +08:00 [grpcapiservice] [Information] SkyApm.Service.PingService : Ping server @2023/4/14 5:37:28 +00:00
2023-04-14 13:37:28.370 +08:00 [grpcapiservice] [Information] SkyApm.Service.PingService : Ping server @2023/4/14 5:37:28 +00:00
2023-04-14 13:37:28.399 +08:00 [grpcapiservice] [Information] SkyApm.Service.CLRStatsService : Report CLR Stats. CPU UsagePercent 0 GenCollectCount 0 0 0 20M ThreadPool 32759 32767 1000 1000
2023-04-14 13:37:28.400 +08:00 [grpcapiservice] [Information] SkyApm.Service.CLRStatsService : Report CLR Stats. CPU UsagePercent 0 GenCollectCount 0 0 0 20M ThreadPool 32759 32767 1000 1000
2023-04-14 13:37:28.401 +08:00 [grpcapiservice] [Information] SkyApm.Service.CLRStatsService : Report CLR Stats. CPU UsagePercent 0 GenCollectCount 0 0 0 20M ThreadPool 32759 32767 1000 1000
2023-04-14 13:37:28.403 +08:00 [grpcapiservice] [Information] SkyApm.Service.CLRStatsService : Report CLR Stats. CPU UsagePercent 0 GenCollectCount 0 0 0 20M ThreadPool 32759 32767 1000 1000
2023-04-14 13:37:34.306 +08:00 [grpcapiservice] [Information] SkyApm.Service.CLRStatsService : Report CLR Stats. CPU UsagePercent 0 GenCollectCount 0 0 0 21M ThreadPool 32758 32767 999 1000
2023-04-14 13:37:34.321 +08:00 [grpcapiservice] [Information] SkyApm.Service.CLRStatsService : Report CLR Stats. CPU UsagePercent 0 GenCollectCount 0 0 0 21M ThreadPool 32758 32767 999 1000
2023-04-14 13:37:34.321 +08:00 [grpcapiservice] [Information] SkyApm.Service.CLRStatsService : Report CLR Stats. CPU UsagePercent 0 GenCollectCount 0 0 0 21M ThreadPool 32758 32767 999 1000
2023-04-14 13:37:34.338 +08:00 [grpcapiservice] [Information] SkyApm.Service.CLRStatsService : Report CLR Stats. CPU UsagePercent 0 GenCollectCount 0 0 0 21M ThreadPool 32758 32767 999 1000
2023-04-14 13:41:15.579 +08:00 [grpcapiservice] [Information] SkyApm.InstrumentStartup : Initializing ...
2023-04-14 13:41:15.644 +08:00 [grpcapiservice] [Information] SkyApm.Service.RegisterService : Loaded instrument service [SkyApm.Service.RegisterService].
2023-04-14 13:41:15.645 +08:00 [grpcapiservice] [Information] SkyApm.Service.LogReportService : Loaded instrument service [SkyApm.Service.LogReportService].
2023-04-14 13:41:15.645 +08:00 [grpcapiservice] [Information] SkyApm.Service.PingService : Loaded instrument service [SkyApm.Service.PingService].
2023-04-14 13:41:15.645 +08:00 [grpcapiservice] [Information] SkyApm.Service.SegmentReportService : Loaded instrument service [SkyApm.Service.SegmentReportService].
2023-04-14 13:41:15.645 +08:00 [grpcapiservice] [Information] SkyApm.Service.CLRStatsService : Loaded instrument service [SkyApm.Service.CLRStatsService].
2023-04-14 13:41:15.645 +08:00 [grpcapiservice] [Information] SkyApm.Sampling.SimpleCountSamplingInterceptor : Loaded instrument service [SkyApm.Sampling.SimpleCountSamplingInterceptor].
2023-04-14 13:41:15.645 +08:00 [grpcapiservice] [Information] SkyApm.Transport.Grpc.ConnectService : Loaded instrument service [SkyApm.Transport.Grpc.ConnectService].
2023-04-14 13:41:15.645 +08:00 [grpcapiservice] [Information] SkyApm.Service.RegisterService : Loaded instrument service [SkyApm.Service.RegisterService].
2023-04-14 13:41:15.645 +08:00 [grpcapiservice] [Information] SkyApm.Service.LogReportService : Loaded instrument service [SkyApm.Service.LogReportService].
2023-04-14 13:41:15.645 +08:00 [grpcapiservice] [Information] SkyApm.Service.PingService : Loaded instrument service [SkyApm.Service.PingService].
2023-04-14 13:41:15.645 +08:00 [grpcapiservice] [Information] SkyApm.Service.SegmentReportService : Loaded instrument service [SkyApm.Service.SegmentReportService].
2023-04-14 13:41:15.645 +08:00 [grpcapiservice] [Information] SkyApm.Service.CLRStatsService : Loaded instrument service [SkyApm.Service.CLRStatsService].
2023-04-14 13:41:15.645 +08:00 [grpcapiservice] [Information] SkyApm.Sampling.SimpleCountSamplingInterceptor : Loaded instrument service [SkyApm.Sampling.SimpleCountSamplingInterceptor].
2023-04-14 13:41:15.645 +08:00 [grpcapiservice] [Information] SkyApm.Transport.Grpc.ConnectService : Loaded instrument service [SkyApm.Transport.Grpc.ConnectService].
2023-04-14 13:41:15.749 +08:00 [grpcapiservice] [Information] SkyApm.Transport.Grpc.ConnectionManager : Connected server[127.0.0.1:11800].
2023-04-14 13:41:15.761 +08:00 [grpcapiservice] [Information] SkyApm.Diagnostics.TracingDiagnosticProcessorObserver : Loaded diagnostic listener [HttpHandlerDiagnosticListener].
2023-04-14 13:41:15.766 +08:00 [grpcapiservice] [Information] SkyApm.Diagnostics.TracingDiagnosticProcessorObserver : Loaded diagnostic listener [Microsoft.AspNetCore].
2023-04-14 13:41:15.766 +08:00 [grpcapiservice] [Information] SkyApm.InstrumentStartup : Started SkyAPM .NET Core Agent.
2023-04-14 13:41:15.766 +08:00 [grpcapiservice] [Information] SkyApm.InstrumentStartup : Initializing ...
2023-04-14 13:41:15.766 +08:00 [grpcapiservice] [Information] SkyApm.Service.RegisterService : Loaded instrument service [SkyApm.Service.RegisterService].
2023-04-14 13:41:15.766 +08:00 [grpcapiservice] [Information] SkyApm.Service.LogReportService : Loaded instrument service [SkyApm.Service.LogReportService].
2023-04-14 13:41:15.766 +08:00 [grpcapiservice] [Information] SkyApm.Service.PingService : Loaded instrument service [SkyApm.Service.PingService].
2023-04-14 13:41:15.766 +08:00 [grpcapiservice] [Information] SkyApm.Service.SegmentReportService : Loaded instrument service [SkyApm.Service.SegmentReportService].
2023-04-14 13:41:15.766 +08:00 [grpcapiservice] [Information] SkyApm.Service.CLRStatsService : Loaded instrument service [SkyApm.Service.CLRStatsService].
2023-04-14 13:41:15.766 +08:00 [grpcapiservice] [Information] SkyApm.Sampling.SimpleCountSamplingInterceptor : Loaded instrument service [SkyApm.Sampling.SimpleCountSamplingInterceptor].
2023-04-14 13:41:15.766 +08:00 [grpcapiservice] [Information] SkyApm.Transport.Grpc.ConnectService : Loaded instrument service [SkyApm.Transport.Grpc.ConnectService].
2023-04-14 13:41:15.766 +08:00 [grpcapiservice] [Information] SkyApm.Service.RegisterService : Loaded instrument service [SkyApm.Service.RegisterService].
2023-04-14 13:41:15.766 +08:00 [grpcapiservice] [Information] SkyApm.Service.LogReportService : Loaded instrument service [SkyApm.Service.LogReportService].
2023-04-14 13:41:15.766 +08:00 [grpcapiservice] [Information] SkyApm.Service.PingService : Loaded instrument service [SkyApm.Service.PingService].
2023-04-14 13:41:15.766 +08:00 [grpcapiservice] [Information] SkyApm.Service.SegmentReportService : Loaded instrument service [SkyApm.Service.SegmentReportService].
2023-04-14 13:41:15.766 +08:00 [grpcapiservice] [Information] SkyApm.Service.CLRStatsService : Loaded instrument service [SkyApm.Service.CLRStatsService].
2023-04-14 13:41:15.768 +08:00 [grpcapiservice] [Information] SkyApm.Sampling.SimpleCountSamplingInterceptor : Loaded instrument service [SkyApm.Sampling.SimpleCountSamplingInterceptor].
2023-04-14 13:41:15.769 +08:00 [grpcapiservice] [Information] SkyApm.Transport.Grpc.ConnectService : Loaded instrument service [SkyApm.Transport.Grpc.ConnectService].
2023-04-14 13:41:15.771 +08:00 [grpcapiservice] [Information] SkyApm.Diagnostics.TracingDiagnosticProcessorObserver : Loaded diagnostic listener [HttpHandlerDiagnosticListener].
2023-04-14 13:41:15.772 +08:00 [grpcapiservice] [Information] SkyApm.Diagnostics.TracingDiagnosticProcessorObserver : Loaded diagnostic listener [Microsoft.AspNetCore].
2023-04-14 13:41:15.772 +08:00 [grpcapiservice] [Information] SkyApm.InstrumentStartup : Started SkyAPM .NET Core Agent.
2023-04-14 13:41:15.846 +08:00 [grpcapiservice] [Information] SkyApm.Diagnostics.TracingDiagnosticProcessorObserver : Loaded diagnostic listener [Grpc.Net.Client].
2023-04-14 13:41:15.846 +08:00 [grpcapiservice] [Information] SkyApm.Diagnostics.TracingDiagnosticProcessorObserver : Loaded diagnostic listener [Grpc.Net.Client].
2023-04-14 13:41:16.041 +08:00 [grpcapiservice] [Information] SkyApm.Service.RegisterService : Reported Service Instance Properties[Service=grpcapiservice,InstanceId=172.20.64.1@07abcce899b546ae9560b998373a21f2].
2023-04-14 13:41:16.041 +08:00 [grpcapiservice] [Information] SkyApm.Service.RegisterService : Reported Service Instance Properties[Service=grpcapiservice,InstanceId=172.20.64.1@07abcce899b546ae9560b998373a21f2].
2023-04-14 13:41:16.250 +08:00 [grpcapiservice] [Information] SkyApm.Service.RegisterService : Reported Service Instance Properties[Service=grpcapiservice,InstanceId=172.20.64.1@07abcce899b546ae9560b998373a21f2].
2023-04-14 13:41:16.250 +08:00 [grpcapiservice] [Information] SkyApm.Service.RegisterService : Reported Service Instance Properties[Service=grpcapiservice,InstanceId=172.20.64.1@07abcce899b546ae9560b998373a21f2].
2023-04-14 13:41:42.266 +08:00 [grpcapiservice] [Error] SkyApm.Diagnostics.TracingDiagnosticObserver : Invoke diagnostic method exception.
System.FormatException: The input is not a valid Base-64 string as it contains a non-base 64 character, more than two padding characters, or an illegal character among the padding characters.
   at System.Convert.FromBase64CharPtr(Char* inputPtr, Int32 inputLength)
   at System.Convert.FromBase64String(String s)
   at SkyApm.Base64Formatter.Decode(String value)
   at SkyApm.Tracing.Sw8CarrierFormatter.Decode(String content)
   at SkyApm.Tracing.CarrierPropagator.Extract(ICarrierHeaderCollection headerCollection)
   at SkyApm.Tracing.TracingContext.CreateEntrySegmentContext(String operationName, ICarrierHeaderCollection carrierHeader, Int64 startTimeMilliseconds)
   at SkyApm.Diagnostics.AspNetCore.Handlers.DefaultHostingDiagnosticHandler.BeginRequest(ITracingContext tracingContext, HttpContext httpContext)
   at SkyApm.AspNetCore.Diagnostics.HostingTracingDiagnosticProcessor.BeginRequest(HttpContext HttpContext)
   at invoker_Void BeginRequest(HttpContext)(Object , Object[] )
   at SkyApm.Diagnostics.TracingDiagnosticMethod.Invoke(String diagnosticName, Object value)
   at SkyApm.Diagnostics.TracingDiagnosticObserver.OnNext(KeyValuePair`2 value)
2023-04-14 13:41:42.267 +08:00 [grpcapiservice] [Error] SkyApm.Diagnostics.TracingDiagnosticObserver : Invoke diagnostic method exception.
System.FormatException: The input is not a valid Base-64 string as it contains a non-base 64 character, more than two padding characters, or an illegal character among the padding characters.
   at System.Convert.FromBase64CharPtr(Char* inputPtr, Int32 inputLength)
   at System.Convert.FromBase64String(String s)
   at SkyApm.Base64Formatter.Decode(String value)
   at SkyApm.Tracing.Sw8CarrierFormatter.Decode(String content)
   at SkyApm.Tracing.CarrierPropagator.Extract(ICarrierHeaderCollection headerCollection)
   at SkyApm.Tracing.TracingContext.CreateEntrySegmentContext(String operationName, ICarrierHeaderCollection carrierHeader, Int64 startTimeMilliseconds)
   at SkyApm.Diagnostics.AspNetCore.Handlers.DefaultHostingDiagnosticHandler.BeginRequest(ITracingContext tracingContext, HttpContext httpContext)
   at SkyApm.AspNetCore.Diagnostics.HostingTracingDiagnosticProcessor.BeginRequest(HttpContext HttpContext)
   at invoker_Void BeginRequest(HttpContext)(Object , Object[] )
   at SkyApm.Diagnostics.TracingDiagnosticMethod.Invoke(String diagnosticName, Object value)
   at SkyApm.Diagnostics.TracingDiagnosticObserver.OnNext(KeyValuePair`2 value)
2023-04-14 13:41:42.688 +08:00 [grpcapiservice] [Information] SkyApm.Transport.Grpc.V8.SegmentReporter : Report 2 trace segment. cost: 00:00:00.0373949s
2023-04-14 13:41:45.682 +08:00 [grpcapiservice] [Information] SkyApm.Service.PingService : Ping server @2023/4/14 5:41:45 +00:00
2023-04-14 13:41:45.682 +08:00 [grpcapiservice] [Information] SkyApm.Service.PingService : Ping server @2023/4/14 5:41:45 +00:00
2023-04-14 13:41:45.690 +08:00 [grpcapiservice] [Information] SkyApm.Service.CLRStatsService : Report CLR Stats. CPU UsagePercent 0 GenCollectCount 0 0 0 24M ThreadPool 32763 32767 1000 1000
2023-04-14 13:41:45.690 +08:00 [grpcapiservice] [Information] SkyApm.Service.CLRStatsService : Report CLR Stats. CPU UsagePercent 0 GenCollectCount 0 0 0 24M ThreadPool 32763 32767 1000 1000
2023-04-14 13:41:45.789 +08:00 [grpcapiservice] [Information] SkyApm.Service.PingService : Ping server @2023/4/14 5:41:45 +00:00
2023-04-14 13:41:45.789 +08:00 [grpcapiservice] [Information] SkyApm.Service.CLRStatsService : Report CLR Stats. CPU UsagePercent 0 GenCollectCount 0 0 0 24M ThreadPool 32759 32767 1000 1000
2023-04-14 13:41:45.789 +08:00 [grpcapiservice] [Information] SkyApm.Service.CLRStatsService : Report CLR Stats. CPU UsagePercent 0 GenCollectCount 0 0 0 24M ThreadPool 32759 32767 1000 1000
2023-04-14 13:41:45.789 +08:00 [grpcapiservice] [Information] SkyApm.Service.PingService : Ping server @2023/4/14 5:41:45 +00:00
2023-04-14 13:41:54.672 +08:00 [grpcapiservice] [Error] SkyApm.Diagnostics.TracingDiagnosticObserver : Invoke diagnostic method exception.
System.FormatException: The input is not a valid Base-64 string as it contains a non-base 64 character, more than two padding characters, or an illegal character among the padding characters.
   at System.Convert.FromBase64CharPtr(Char* inputPtr, Int32 inputLength)
   at System.Convert.FromBase64String(String s)
   at SkyApm.Base64Formatter.Decode(String value)
   at SkyApm.Tracing.Sw8CarrierFormatter.Decode(String content)
   at SkyApm.Tracing.CarrierPropagator.Extract(ICarrierHeaderCollection headerCollection)
   at SkyApm.Tracing.TracingContext.CreateEntrySegmentContext(String operationName, ICarrierHeaderCollection carrierHeader, Int64 startTimeMilliseconds)
   at SkyApm.Diagnostics.AspNetCore.Handlers.DefaultHostingDiagnosticHandler.BeginRequest(ITracingContext tracingContext, HttpContext httpContext)
   at SkyApm.AspNetCore.Diagnostics.HostingTracingDiagnosticProcessor.BeginRequest(HttpContext HttpContext)
   at invoker_Void BeginRequest(HttpContext)(Object , Object[] )
   at SkyApm.Diagnostics.TracingDiagnosticMethod.Invoke(String diagnosticName, Object value)
   at SkyApm.Diagnostics.TracingDiagnosticObserver.OnNext(KeyValuePair`2 value)
2023-04-14 13:41:54.672 +08:00 [grpcapiservice] [Error] SkyApm.Diagnostics.TracingDiagnosticObserver : Invoke diagnostic method exception.
System.FormatException: The input is not a valid Base-64 string as it contains a non-base 64 character, more than two padding characters, or an illegal character among the padding characters.
   at System.Convert.FromBase64CharPtr(Char* inputPtr, Int32 inputLength)
   at System.Convert.FromBase64String(String s)
   at SkyApm.Base64Formatter.Decode(String value)
   at SkyApm.Tracing.Sw8CarrierFormatter.Decode(String content)
   at SkyApm.Tracing.CarrierPropagator.Extract(ICarrierHeaderCollection headerCollection)
   at SkyApm.Tracing.TracingContext.CreateEntrySegmentContext(String operationName, ICarrierHeaderCollection carrierHeader, Int64 startTimeMilliseconds)
   at SkyApm.Diagnostics.AspNetCore.Handlers.DefaultHostingDiagnosticHandler.BeginRequest(ITracingContext tracingContext, HttpContext httpContext)
   at SkyApm.AspNetCore.Diagnostics.HostingTracingDiagnosticProcessor.BeginRequest(HttpContext HttpContext)
   at invoker_Void BeginRequest(HttpContext)(Object , Object[] )
   at SkyApm.Diagnostics.TracingDiagnosticMethod.Invoke(String diagnosticName, Object value)
   at SkyApm.Diagnostics.TracingDiagnosticObserver.OnNext(KeyValuePair`2 value)
2023-04-14 13:41:57.473 +08:00 [grpcapiservice] [Error] SkyApm.Diagnostics.TracingDiagnosticObserver : Invoke diagnostic method exception.
System.FormatException: The input is not a valid Base-64 string as it contains a non-base 64 character, more than two padding characters, or an illegal character among the padding characters.
   at System.Convert.FromBase64CharPtr(Char* inputPtr, Int32 inputLength)
   at System.Convert.FromBase64String(String s)
   at SkyApm.Base64Formatter.Decode(String value)
   at SkyApm.Tracing.Sw8CarrierFormatter.Decode(String content)
   at SkyApm.Tracing.CarrierPropagator.Extract(ICarrierHeaderCollection headerCollection)
   at SkyApm.Tracing.TracingContext.CreateEntrySegmentContext(String operationName, ICarrierHeaderCollection carrierHeader, Int64 startTimeMilliseconds)
   at SkyApm.Diagnostics.AspNetCore.Handlers.DefaultHostingDiagnosticHandler.BeginRequest(ITracingContext tracingContext, HttpContext httpContext)
   at SkyApm.AspNetCore.Diagnostics.HostingTracingDiagnosticProcessor.BeginRequest(HttpContext HttpContext)
   at invoker_Void BeginRequest(HttpContext)(Object , Object[] )
   at SkyApm.Diagnostics.TracingDiagnosticMethod.Invoke(String diagnosticName, Object value)
   at SkyApm.Diagnostics.TracingDiagnosticObserver.OnNext(KeyValuePair`2 value)
2023-04-14 13:41:57.473 +08:00 [grpcapiservice] [Error] SkyApm.Diagnostics.TracingDiagnosticObserver : Invoke diagnostic method exception.
System.FormatException: The input is not a valid Base-64 string as it contains a non-base 64 character, more than two padding characters, or an illegal character among the padding characters.
   at System.Convert.FromBase64CharPtr(Char* inputPtr, Int32 inputLength)
   at System.Convert.FromBase64String(String s)
   at SkyApm.Base64Formatter.Decode(String value)
   at SkyApm.Tracing.Sw8CarrierFormatter.Decode(String content)
   at SkyApm.Tracing.CarrierPropagator.Extract(ICarrierHeaderCollection headerCollection)
   at SkyApm.Tracing.TracingContext.CreateEntrySegmentContext(String operationName, ICarrierHeaderCollection carrierHeader, Int64 startTimeMilliseconds)
   at SkyApm.Diagnostics.AspNetCore.Handlers.DefaultHostingDiagnosticHandler.BeginRequest(ITracingContext tracingContext, HttpContext httpContext)
   at SkyApm.AspNetCore.Diagnostics.HostingTracingDiagnosticProcessor.BeginRequest(HttpContext HttpContext)
   at invoker_Void BeginRequest(HttpContext)(Object , Object[] )
   at SkyApm.Diagnostics.TracingDiagnosticMethod.Invoke(String diagnosticName, Object value)
   at SkyApm.Diagnostics.TracingDiagnosticObserver.OnNext(KeyValuePair`2 value)
