2023-04-06 09:30:24.175 +08:00 [grpclient] [Information] SkyApm.InstrumentStartup : Initializing ...
2023-04-06 09:30:24.214 +08:00 [grpclient] [Information] SkyApm.Service.RegisterService : Loaded instrument service [SkyApm.Service.RegisterService].
2023-04-06 09:30:24.215 +08:00 [grpclient] [Information] SkyApm.Service.LogReportService : Loaded instrument service [SkyApm.Service.LogReportService].
2023-04-06 09:30:24.215 +08:00 [grpclient] [Information] SkyApm.Service.PingService : Loaded instrument service [SkyApm.Service.PingService].
2023-04-06 09:30:24.215 +08:00 [grpclient] [Information] SkyApm.Service.SegmentReportService : Loaded instrument service [SkyApm.Service.SegmentReportService].
2023-04-06 09:30:24.215 +08:00 [grpclient] [Information] SkyApm.Service.CLRStatsService : Loaded instrument service [SkyApm.Service.CLRStatsService].
2023-04-06 09:30:24.215 +08:00 [grpclient] [Information] SkyApm.Sampling.SimpleCountSamplingInterceptor : Loaded instrument service [SkyApm.Sampling.SimpleCountSamplingInterceptor].
2023-04-06 09:30:24.215 +08:00 [grpclient] [Information] SkyApm.Transport.Grpc.ConnectService : Loaded instrument service [SkyApm.Transport.Grpc.ConnectService].
2023-04-06 09:30:24.418 +08:00 [grpclient] [Information] SkyApm.Transport.Grpc.ConnectionManager : Connected server[localhost:11800].
2023-04-06 09:30:24.422 +08:00 [grpclient] [Information] SkyApm.Diagnostics.TracingDiagnosticProcessorObserver : Loaded diagnostic listener [HttpHandlerDiagnosticListener].
2023-04-06 09:30:24.422 +08:00 [grpclient] [Information] SkyApm.Diagnostics.TracingDiagnosticProcessorObserver : Loaded diagnostic listener [Microsoft.AspNetCore].
2023-04-06 09:30:24.422 +08:00 [grpclient] [Information] SkyApm.InstrumentStartup : Started SkyAPM .NET Core Agent.
2023-04-06 09:30:24.857 +08:00 [grpclient] [Information] SkyApm.Diagnostics.TracingDiagnosticProcessorObserver : Loaded diagnostic listener [Grpc.Net.Client].
2023-04-06 09:30:29.038 +08:00 [grpclient] [Error] SkyApm.Transport.Grpc.V8.ServiceRegister : Report service instance properties fail.
Grpc.Core.RpcException: Status(StatusCode="Unavailable", Detail="Error connecting to subchannel.", DebugException="System.Net.Sockets.SocketException (10061): 由于目标计算机积极拒绝，无法连接。
   at System.Net.Sockets.Socket.AwaitableSocketAsyncEventArgs.ThrowException(SocketError error, CancellationToken cancellationToken)
   at System.Net.Sockets.Socket.AwaitableSocketAsyncEventArgs.System.Threading.Tasks.Sources.IValueTaskSource.GetResult(Int16 token)
   at System.Net.Sockets.Socket.<ConnectAsync>g__WaitForConnectWithCancellation|277_0(AwaitableSocketAsyncEventArgs saea, ValueTask connectTask, CancellationToken cancellationToken)
   at Grpc.Net.Client.Balancer.Internal.SocketConnectivitySubchannelTransport.TryConnectAsync(CancellationToken cancellationToken)")
   at Grpc.Net.Client.Balancer.Internal.ConnectionManager.PickAsync(PickContext context, Boolean waitForReady, CancellationToken cancellationToken)
   at Grpc.Net.Client.Balancer.Internal.BalancerHttpHandler.SendAsync(HttpRequestMessage request, CancellationToken cancellationToken)
   at Grpc.Net.Client.Internal.GrpcCall`2.RunCall(HttpRequestMessage request, Nullable`1 timeout)
   at SkyApm.Transport.Grpc.V8.ServiceRegister.<>c__DisplayClass9_0.<<ReportInstancePropertiesAsync>b__0>d.MoveNext()
--- End of stack trace from previous location ---
   at SkyApm.Transport.Grpc.Common.Call.Execute[T](Func`1 task, Func`1 errCallback, Func`1 errMessage)
2023-04-06 09:30:29.039 +08:00 [grpclient] [Warning] SkyApm.Transport.Grpc.ConnectionManager : Connection state changed. Status(StatusCode="Unavailable", Detail="Error connecting to subchannel.", DebugException="System.Net.Sockets.SocketException (10061): 由于目标计算机积极拒绝，无法连接。
   at System.Net.Sockets.Socket.AwaitableSocketAsyncEventArgs.ThrowException(SocketError error, CancellationToken cancellationToken)
   at System.Net.Sockets.Socket.AwaitableSocketAsyncEventArgs.System.Threading.Tasks.Sources.IValueTaskSource.GetResult(Int16 token)
   at System.Net.Sockets.Socket.<ConnectAsync>g__WaitForConnectWithCancellation|277_0(AwaitableSocketAsyncEventArgs saea, ValueTask connectTask, CancellationToken cancellationToken)
   at Grpc.Net.Client.Balancer.Internal.SocketConnectivitySubchannelTransport.TryConnectAsync(CancellationToken cancellationToken)")
2023-04-06 09:31:39.495 +08:00 [grpclient] [Information] SkyApm.InstrumentStartup : Initializing ...
2023-04-06 09:31:39.539 +08:00 [grpclient] [Information] SkyApm.Service.RegisterService : Loaded instrument service [SkyApm.Service.RegisterService].
2023-04-06 09:31:39.544 +08:00 [grpclient] [Information] SkyApm.Service.LogReportService : Loaded instrument service [SkyApm.Service.LogReportService].
2023-04-06 09:31:39.545 +08:00 [grpclient] [Information] SkyApm.Service.PingService : Loaded instrument service [SkyApm.Service.PingService].
2023-04-06 09:31:39.545 +08:00 [grpclient] [Information] SkyApm.Service.SegmentReportService : Loaded instrument service [SkyApm.Service.SegmentReportService].
2023-04-06 09:31:39.545 +08:00 [grpclient] [Information] SkyApm.Service.CLRStatsService : Loaded instrument service [SkyApm.Service.CLRStatsService].
2023-04-06 09:31:39.545 +08:00 [grpclient] [Information] SkyApm.Sampling.SimpleCountSamplingInterceptor : Loaded instrument service [SkyApm.Sampling.SimpleCountSamplingInterceptor].
2023-04-06 09:31:39.545 +08:00 [grpclient] [Information] SkyApm.Transport.Grpc.ConnectService : Loaded instrument service [SkyApm.Transport.Grpc.ConnectService].
2023-04-06 09:31:39.645 +08:00 [grpclient] [Information] SkyApm.Transport.Grpc.ConnectionManager : Connected server[localhost:11800].
2023-04-06 09:31:39.656 +08:00 [grpclient] [Information] SkyApm.Diagnostics.TracingDiagnosticProcessorObserver : Loaded diagnostic listener [HttpHandlerDiagnosticListener].
2023-04-06 09:31:39.661 +08:00 [grpclient] [Information] SkyApm.Diagnostics.TracingDiagnosticProcessorObserver : Loaded diagnostic listener [Microsoft.AspNetCore].
2023-04-06 09:31:39.661 +08:00 [grpclient] [Information] SkyApm.InstrumentStartup : Started SkyAPM .NET Core Agent.
2023-04-06 09:31:40.158 +08:00 [grpclient] [Information] SkyApm.Diagnostics.TracingDiagnosticProcessorObserver : Loaded diagnostic listener [Grpc.Net.Client].
2023-04-06 09:31:44.319 +08:00 [grpclient] [Error] SkyApm.Transport.Grpc.V8.ServiceRegister : Report service instance properties fail.
Grpc.Core.RpcException: Status(StatusCode="Unavailable", Detail="Error connecting to subchannel.", DebugException="System.Net.Sockets.SocketException (10061): 由于目标计算机积极拒绝，无法连接。
   at System.Net.Sockets.Socket.AwaitableSocketAsyncEventArgs.ThrowException(SocketError error, CancellationToken cancellationToken)
   at System.Net.Sockets.Socket.AwaitableSocketAsyncEventArgs.System.Threading.Tasks.Sources.IValueTaskSource.GetResult(Int16 token)
   at System.Net.Sockets.Socket.<ConnectAsync>g__WaitForConnectWithCancellation|277_0(AwaitableSocketAsyncEventArgs saea, ValueTask connectTask, CancellationToken cancellationToken)
   at Grpc.Net.Client.Balancer.Internal.SocketConnectivitySubchannelTransport.TryConnectAsync(CancellationToken cancellationToken)")
   at Grpc.Net.Client.Balancer.Internal.ConnectionManager.PickAsync(PickContext context, Boolean waitForReady, CancellationToken cancellationToken)
   at Grpc.Net.Client.Balancer.Internal.BalancerHttpHandler.SendAsync(HttpRequestMessage request, CancellationToken cancellationToken)
   at Grpc.Net.Client.Internal.GrpcCall`2.RunCall(HttpRequestMessage request, Nullable`1 timeout)
   at SkyApm.Transport.Grpc.V8.ServiceRegister.<>c__DisplayClass9_0.<<ReportInstancePropertiesAsync>b__0>d.MoveNext()
--- End of stack trace from previous location ---
   at SkyApm.Transport.Grpc.Common.Call.Execute[T](Func`1 task, Func`1 errCallback, Func`1 errMessage)
2023-04-06 09:31:44.320 +08:00 [grpclient] [Warning] SkyApm.Transport.Grpc.ConnectionManager : Connection state changed. Status(StatusCode="Unavailable", Detail="Error connecting to subchannel.", DebugException="System.Net.Sockets.SocketException (10061): 由于目标计算机积极拒绝，无法连接。
   at System.Net.Sockets.Socket.AwaitableSocketAsyncEventArgs.ThrowException(SocketError error, CancellationToken cancellationToken)
   at System.Net.Sockets.Socket.AwaitableSocketAsyncEventArgs.System.Threading.Tasks.Sources.IValueTaskSource.GetResult(Int16 token)
   at System.Net.Sockets.Socket.<ConnectAsync>g__WaitForConnectWithCancellation|277_0(AwaitableSocketAsyncEventArgs saea, ValueTask connectTask, CancellationToken cancellationToken)
   at Grpc.Net.Client.Balancer.Internal.SocketConnectivitySubchannelTransport.TryConnectAsync(CancellationToken cancellationToken)")
2023-04-06 09:31:54.556 +08:00 [grpclient] [Information] SkyApm.Transport.Grpc.ConnectionManager : Shutdown connection[localhost:11800].
2023-04-06 09:31:54.556 +08:00 [grpclient] [Information] SkyApm.Transport.Grpc.ConnectionManager : Connected server[localhost:11800].
2023-04-06 09:31:57.453 +08:00 [grpclient] [Information] SkyApm.Service.RegisterService : Stopped instrument service RegisterService.
2023-04-06 09:31:57.454 +08:00 [grpclient] [Information] SkyApm.Service.LogReportService : Stopped instrument service LogReportService.
2023-04-06 09:31:57.454 +08:00 [grpclient] [Information] SkyApm.Service.PingService : Stopped instrument service PingService.
2023-04-06 09:31:57.454 +08:00 [grpclient] [Information] SkyApm.Service.SegmentReportService : Stopped instrument service SegmentReportService.
2023-04-06 09:31:57.454 +08:00 [grpclient] [Information] SkyApm.Service.CLRStatsService : Stopped instrument service CLRStatsService.
2023-04-06 09:31:57.454 +08:00 [grpclient] [Information] SkyApm.Sampling.SimpleCountSamplingInterceptor : Stopped instrument service SimpleCountSamplingInterceptor.
2023-04-06 09:31:57.454 +08:00 [grpclient] [Information] SkyApm.Transport.Grpc.ConnectService : Stopped instrument service ConnectService.
2023-04-06 09:31:57.454 +08:00 [grpclient] [Information] SkyApm.InstrumentStartup : Stopped SkyAPM .NET Core Agent.
2023-04-06 09:56:39.584 +08:00 [grpclient] [Information] SkyApm.InstrumentStartup : Initializing ...
2023-04-06 09:56:39.632 +08:00 [grpclient] [Information] SkyApm.Service.RegisterService : Loaded instrument service [SkyApm.Service.RegisterService].
2023-04-06 09:56:39.632 +08:00 [grpclient] [Information] SkyApm.Service.LogReportService : Loaded instrument service [SkyApm.Service.LogReportService].
2023-04-06 09:56:39.632 +08:00 [grpclient] [Information] SkyApm.Service.PingService : Loaded instrument service [SkyApm.Service.PingService].
2023-04-06 09:56:39.632 +08:00 [grpclient] [Information] SkyApm.Service.SegmentReportService : Loaded instrument service [SkyApm.Service.SegmentReportService].
2023-04-06 09:56:39.632 +08:00 [grpclient] [Information] SkyApm.Service.CLRStatsService : Loaded instrument service [SkyApm.Service.CLRStatsService].
2023-04-06 09:56:39.633 +08:00 [grpclient] [Information] SkyApm.Sampling.SimpleCountSamplingInterceptor : Loaded instrument service [SkyApm.Sampling.SimpleCountSamplingInterceptor].
2023-04-06 09:56:39.633 +08:00 [grpclient] [Information] SkyApm.Transport.Grpc.ConnectService : Loaded instrument service [SkyApm.Transport.Grpc.ConnectService].
2023-04-06 09:56:39.876 +08:00 [grpclient] [Information] SkyApm.Transport.Grpc.ConnectionManager : Connected server[localhost:11800].
2023-04-06 09:56:39.879 +08:00 [grpclient] [Information] SkyApm.Diagnostics.TracingDiagnosticProcessorObserver : Loaded diagnostic listener [HttpHandlerDiagnosticListener].
2023-04-06 09:56:39.882 +08:00 [grpclient] [Information] SkyApm.Diagnostics.TracingDiagnosticProcessorObserver : Loaded diagnostic listener [Microsoft.AspNetCore].
2023-04-06 09:56:39.882 +08:00 [grpclient] [Information] SkyApm.InstrumentStartup : Started SkyAPM .NET Core Agent.
2023-04-06 09:56:40.349 +08:00 [grpclient] [Information] SkyApm.Diagnostics.TracingDiagnosticProcessorObserver : Loaded diagnostic listener [Grpc.Net.Client].
2023-04-06 09:56:44.571 +08:00 [grpclient] [Error] SkyApm.Transport.Grpc.V8.ServiceRegister : Report service instance properties fail.
Grpc.Core.RpcException: Status(StatusCode="Unavailable", Detail="Error connecting to subchannel.", DebugException="System.Net.Sockets.SocketException (10061): 由于目标计算机积极拒绝，无法连接。
   at System.Net.Sockets.Socket.AwaitableSocketAsyncEventArgs.ThrowException(SocketError error, CancellationToken cancellationToken)
   at System.Net.Sockets.Socket.AwaitableSocketAsyncEventArgs.System.Threading.Tasks.Sources.IValueTaskSource.GetResult(Int16 token)
   at System.Net.Sockets.Socket.<ConnectAsync>g__WaitForConnectWithCancellation|277_0(AwaitableSocketAsyncEventArgs saea, ValueTask connectTask, CancellationToken cancellationToken)
   at Grpc.Net.Client.Balancer.Internal.SocketConnectivitySubchannelTransport.TryConnectAsync(CancellationToken cancellationToken)")
   at Grpc.Net.Client.Balancer.Internal.ConnectionManager.PickAsync(PickContext context, Boolean waitForReady, CancellationToken cancellationToken)
   at Grpc.Net.Client.Balancer.Internal.BalancerHttpHandler.SendAsync(HttpRequestMessage request, CancellationToken cancellationToken)
   at Grpc.Net.Client.Internal.GrpcCall`2.RunCall(HttpRequestMessage request, Nullable`1 timeout)
   at SkyApm.Transport.Grpc.V8.ServiceRegister.<>c__DisplayClass9_0.<<ReportInstancePropertiesAsync>b__0>d.MoveNext()
--- End of stack trace from previous location ---
   at SkyApm.Transport.Grpc.Common.Call.Execute[T](Func`1 task, Func`1 errCallback, Func`1 errMessage)
2023-04-06 09:56:44.572 +08:00 [grpclient] [Warning] SkyApm.Transport.Grpc.ConnectionManager : Connection state changed. Status(StatusCode="Unavailable", Detail="Error connecting to subchannel.", DebugException="System.Net.Sockets.SocketException (10061): 由于目标计算机积极拒绝，无法连接。
   at System.Net.Sockets.Socket.AwaitableSocketAsyncEventArgs.ThrowException(SocketError error, CancellationToken cancellationToken)
   at System.Net.Sockets.Socket.AwaitableSocketAsyncEventArgs.System.Threading.Tasks.Sources.IValueTaskSource.GetResult(Int16 token)
   at System.Net.Sockets.Socket.<ConnectAsync>g__WaitForConnectWithCancellation|277_0(AwaitableSocketAsyncEventArgs saea, ValueTask connectTask, CancellationToken cancellationToken)
   at Grpc.Net.Client.Balancer.Internal.SocketConnectivitySubchannelTransport.TryConnectAsync(CancellationToken cancellationToken)")
2023-04-06 09:56:54.645 +08:00 [grpclient] [Information] SkyApm.Transport.Grpc.ConnectionManager : Shutdown connection[localhost:11800].
2023-04-06 09:56:54.646 +08:00 [grpclient] [Information] SkyApm.Transport.Grpc.ConnectionManager : Connected server[localhost:11800].
2023-04-06 09:57:18.282 +08:00 [grpclient] [Information] SkyApm.InstrumentStartup : Initializing ...
2023-04-06 09:57:18.320 +08:00 [grpclient] [Information] SkyApm.Service.RegisterService : Loaded instrument service [SkyApm.Service.RegisterService].
2023-04-06 09:57:18.323 +08:00 [grpclient] [Information] SkyApm.Service.LogReportService : Loaded instrument service [SkyApm.Service.LogReportService].
2023-04-06 09:57:18.323 +08:00 [grpclient] [Information] SkyApm.Service.PingService : Loaded instrument service [SkyApm.Service.PingService].
2023-04-06 09:57:18.323 +08:00 [grpclient] [Information] SkyApm.Service.SegmentReportService : Loaded instrument service [SkyApm.Service.SegmentReportService].
2023-04-06 09:57:18.324 +08:00 [grpclient] [Information] SkyApm.Service.CLRStatsService : Loaded instrument service [SkyApm.Service.CLRStatsService].
2023-04-06 09:57:18.324 +08:00 [grpclient] [Information] SkyApm.Sampling.SimpleCountSamplingInterceptor : Loaded instrument service [SkyApm.Sampling.SimpleCountSamplingInterceptor].
2023-04-06 09:57:18.324 +08:00 [grpclient] [Information] SkyApm.Transport.Grpc.ConnectService : Loaded instrument service [SkyApm.Transport.Grpc.ConnectService].
2023-04-06 09:57:18.374 +08:00 [grpclient] [Information] SkyApm.Transport.Grpc.ConnectionManager : Connected server[localhost:11800].
2023-04-06 09:57:18.385 +08:00 [grpclient] [Information] SkyApm.Diagnostics.TracingDiagnosticProcessorObserver : Loaded diagnostic listener [HttpHandlerDiagnosticListener].
2023-04-06 09:57:18.386 +08:00 [grpclient] [Information] SkyApm.Diagnostics.TracingDiagnosticProcessorObserver : Loaded diagnostic listener [Microsoft.AspNetCore].
2023-04-06 09:57:18.386 +08:00 [grpclient] [Information] SkyApm.InstrumentStartup : Started SkyAPM .NET Core Agent.
2023-04-06 09:57:18.921 +08:00 [grpclient] [Information] SkyApm.Diagnostics.TracingDiagnosticProcessorObserver : Loaded diagnostic listener [Grpc.Net.Client].
2023-04-06 09:57:23.086 +08:00 [grpclient] [Error] SkyApm.Transport.Grpc.V8.ServiceRegister : Report service instance properties fail.
Grpc.Core.RpcException: Status(StatusCode="Unavailable", Detail="Error connecting to subchannel.", DebugException="System.Net.Sockets.SocketException (10061): 由于目标计算机积极拒绝，无法连接。
   at System.Net.Sockets.Socket.AwaitableSocketAsyncEventArgs.ThrowException(SocketError error, CancellationToken cancellationToken)
   at System.Net.Sockets.Socket.AwaitableSocketAsyncEventArgs.System.Threading.Tasks.Sources.IValueTaskSource.GetResult(Int16 token)
   at System.Net.Sockets.Socket.<ConnectAsync>g__WaitForConnectWithCancellation|277_0(AwaitableSocketAsyncEventArgs saea, ValueTask connectTask, CancellationToken cancellationToken)
   at Grpc.Net.Client.Balancer.Internal.SocketConnectivitySubchannelTransport.TryConnectAsync(CancellationToken cancellationToken)")
   at Grpc.Net.Client.Balancer.Internal.ConnectionManager.PickAsync(PickContext context, Boolean waitForReady, CancellationToken cancellationToken)
   at Grpc.Net.Client.Balancer.Internal.BalancerHttpHandler.SendAsync(HttpRequestMessage request, CancellationToken cancellationToken)
   at Grpc.Net.Client.Internal.GrpcCall`2.RunCall(HttpRequestMessage request, Nullable`1 timeout)
   at SkyApm.Transport.Grpc.V8.ServiceRegister.<>c__DisplayClass9_0.<<ReportInstancePropertiesAsync>b__0>d.MoveNext()
--- End of stack trace from previous location ---
   at SkyApm.Transport.Grpc.Common.Call.Execute[T](Func`1 task, Func`1 errCallback, Func`1 errMessage)
2023-04-06 09:57:23.087 +08:00 [grpclient] [Warning] SkyApm.Transport.Grpc.ConnectionManager : Connection state changed. Status(StatusCode="Unavailable", Detail="Error connecting to subchannel.", DebugException="System.Net.Sockets.SocketException (10061): 由于目标计算机积极拒绝，无法连接。
   at System.Net.Sockets.Socket.AwaitableSocketAsyncEventArgs.ThrowException(SocketError error, CancellationToken cancellationToken)
   at System.Net.Sockets.Socket.AwaitableSocketAsyncEventArgs.System.Threading.Tasks.Sources.IValueTaskSource.GetResult(Int16 token)
   at System.Net.Sockets.Socket.<ConnectAsync>g__WaitForConnectWithCancellation|277_0(AwaitableSocketAsyncEventArgs saea, ValueTask connectTask, CancellationToken cancellationToken)
   at Grpc.Net.Client.Balancer.Internal.SocketConnectivitySubchannelTransport.TryConnectAsync(CancellationToken cancellationToken)")
2023-04-06 09:57:33.338 +08:00 [grpclient] [Information] SkyApm.Transport.Grpc.ConnectionManager : Shutdown connection[localhost:11800].
2023-04-06 09:57:33.338 +08:00 [grpclient] [Information] SkyApm.Transport.Grpc.ConnectionManager : Connected server[localhost:11800].
2023-04-06 16:10:42.026 +08:00 [grpclient] [Information] SkyApm.InstrumentStartup : Initializing ...
2023-04-06 16:10:42.074 +08:00 [grpclient] [Information] SkyApm.Service.RegisterService : Loaded instrument service [SkyApm.Service.RegisterService].
2023-04-06 16:10:42.074 +08:00 [grpclient] [Information] SkyApm.Service.LogReportService : Loaded instrument service [SkyApm.Service.LogReportService].
2023-04-06 16:10:42.074 +08:00 [grpclient] [Information] SkyApm.Service.PingService : Loaded instrument service [SkyApm.Service.PingService].
2023-04-06 16:10:42.074 +08:00 [grpclient] [Information] SkyApm.Service.SegmentReportService : Loaded instrument service [SkyApm.Service.SegmentReportService].
2023-04-06 16:10:42.074 +08:00 [grpclient] [Information] SkyApm.Service.CLRStatsService : Loaded instrument service [SkyApm.Service.CLRStatsService].
2023-04-06 16:10:42.075 +08:00 [grpclient] [Information] SkyApm.Sampling.SimpleCountSamplingInterceptor : Loaded instrument service [SkyApm.Sampling.SimpleCountSamplingInterceptor].
2023-04-06 16:10:42.075 +08:00 [grpclient] [Information] SkyApm.Transport.Grpc.ConnectService : Loaded instrument service [SkyApm.Transport.Grpc.ConnectService].
2023-04-06 16:10:42.075 +08:00 [grpclient] [Information] SkyApm.Service.RegisterService : Loaded instrument service [SkyApm.Service.RegisterService].
2023-04-06 16:10:42.075 +08:00 [grpclient] [Information] SkyApm.Service.LogReportService : Loaded instrument service [SkyApm.Service.LogReportService].
2023-04-06 16:10:42.075 +08:00 [grpclient] [Information] SkyApm.Service.PingService : Loaded instrument service [SkyApm.Service.PingService].
2023-04-06 16:10:42.075 +08:00 [grpclient] [Information] SkyApm.Service.SegmentReportService : Loaded instrument service [SkyApm.Service.SegmentReportService].
2023-04-06 16:10:42.075 +08:00 [grpclient] [Information] SkyApm.Service.CLRStatsService : Loaded instrument service [SkyApm.Service.CLRStatsService].
2023-04-06 16:10:42.075 +08:00 [grpclient] [Information] SkyApm.Sampling.SimpleCountSamplingInterceptor : Loaded instrument service [SkyApm.Sampling.SimpleCountSamplingInterceptor].
2023-04-06 16:10:42.075 +08:00 [grpclient] [Information] SkyApm.Transport.Grpc.ConnectService : Loaded instrument service [SkyApm.Transport.Grpc.ConnectService].
2023-04-06 16:10:42.387 +08:00 [grpclient] [Information] SkyApm.Transport.Grpc.ConnectionManager : Connected server[127.0.0.1:11800].
2023-04-06 16:10:42.391 +08:00 [grpclient] [Information] SkyApm.Diagnostics.TracingDiagnosticProcessorObserver : Loaded diagnostic listener [HttpHandlerDiagnosticListener].
2023-04-06 16:10:42.393 +08:00 [grpclient] [Information] SkyApm.Diagnostics.TracingDiagnosticProcessorObserver : Loaded diagnostic listener [Microsoft.AspNetCore].
2023-04-06 16:10:42.393 +08:00 [grpclient] [Information] SkyApm.InstrumentStartup : Started SkyAPM .NET Core Agent.
2023-04-06 16:10:42.393 +08:00 [grpclient] [Information] SkyApm.InstrumentStartup : Initializing ...
2023-04-06 16:10:42.393 +08:00 [grpclient] [Information] SkyApm.Service.RegisterService : Loaded instrument service [SkyApm.Service.RegisterService].
2023-04-06 16:10:42.393 +08:00 [grpclient] [Information] SkyApm.Service.LogReportService : Loaded instrument service [SkyApm.Service.LogReportService].
2023-04-06 16:10:42.393 +08:00 [grpclient] [Information] SkyApm.Service.PingService : Loaded instrument service [SkyApm.Service.PingService].
2023-04-06 16:10:42.393 +08:00 [grpclient] [Information] SkyApm.Service.SegmentReportService : Loaded instrument service [SkyApm.Service.SegmentReportService].
2023-04-06 16:10:42.393 +08:00 [grpclient] [Information] SkyApm.Service.CLRStatsService : Loaded instrument service [SkyApm.Service.CLRStatsService].
2023-04-06 16:10:42.393 +08:00 [grpclient] [Information] SkyApm.Sampling.SimpleCountSamplingInterceptor : Loaded instrument service [SkyApm.Sampling.SimpleCountSamplingInterceptor].
2023-04-06 16:10:42.393 +08:00 [grpclient] [Information] SkyApm.Transport.Grpc.ConnectService : Loaded instrument service [SkyApm.Transport.Grpc.ConnectService].
2023-04-06 16:10:42.393 +08:00 [grpclient] [Information] SkyApm.Service.RegisterService : Loaded instrument service [SkyApm.Service.RegisterService].
2023-04-06 16:10:42.393 +08:00 [grpclient] [Information] SkyApm.Service.LogReportService : Loaded instrument service [SkyApm.Service.LogReportService].
2023-04-06 16:10:42.393 +08:00 [grpclient] [Information] SkyApm.Service.PingService : Loaded instrument service [SkyApm.Service.PingService].
2023-04-06 16:10:42.393 +08:00 [grpclient] [Information] SkyApm.Service.SegmentReportService : Loaded instrument service [SkyApm.Service.SegmentReportService].
2023-04-06 16:10:42.393 +08:00 [grpclient] [Information] SkyApm.Service.CLRStatsService : Loaded instrument service [SkyApm.Service.CLRStatsService].
2023-04-06 16:10:42.393 +08:00 [grpclient] [Information] SkyApm.Sampling.SimpleCountSamplingInterceptor : Loaded instrument service [SkyApm.Sampling.SimpleCountSamplingInterceptor].
2023-04-06 16:10:42.393 +08:00 [grpclient] [Information] SkyApm.Transport.Grpc.ConnectService : Loaded instrument service [SkyApm.Transport.Grpc.ConnectService].
2023-04-06 16:10:42.395 +08:00 [grpclient] [Information] SkyApm.Diagnostics.TracingDiagnosticProcessorObserver : Loaded diagnostic listener [HttpHandlerDiagnosticListener].
2023-04-06 16:10:42.395 +08:00 [grpclient] [Information] SkyApm.Diagnostics.TracingDiagnosticProcessorObserver : Loaded diagnostic listener [Microsoft.AspNetCore].
2023-04-06 16:10:42.395 +08:00 [grpclient] [Information] SkyApm.InstrumentStartup : Started SkyAPM .NET Core Agent.
2023-04-06 16:10:42.480 +08:00 [grpclient] [Information] SkyApm.Diagnostics.TracingDiagnosticProcessorObserver : Loaded diagnostic listener [Grpc.Net.Client].
2023-04-06 16:10:42.480 +08:00 [grpclient] [Information] SkyApm.Diagnostics.TracingDiagnosticProcessorObserver : Loaded diagnostic listener [Grpc.Net.Client].
2023-04-06 16:10:43.404 +08:00 [grpclient] [Information] SkyApm.Service.RegisterService : Reported Service Instance Properties[Service=grpclient,InstanceId=192.168.110.67@e653634c6eed48b38401e5f897246005].
2023-04-06 16:10:43.404 +08:00 [grpclient] [Information] SkyApm.Service.RegisterService : Reported Service Instance Properties[Service=grpclient,InstanceId=192.168.110.67@e653634c6eed48b38401e5f897246005].
2023-04-06 16:10:43.404 +08:00 [grpclient] [Information] SkyApm.Service.RegisterService : Reported Service Instance Properties[Service=grpclient,InstanceId=192.168.110.67@e653634c6eed48b38401e5f897246005].
2023-04-06 16:10:43.404 +08:00 [grpclient] [Information] SkyApm.Service.RegisterService : Reported Service Instance Properties[Service=grpclient,InstanceId=192.168.110.67@e653634c6eed48b38401e5f897246005].
2023-04-06 16:10:45.649 +08:00 [grpclient] [Information] SkyApm.Transport.Grpc.V8.SegmentReporter : Report 2 trace segment. cost: 00:00:00.2380102s
2023-04-06 16:10:45.649 +08:00 [grpclient] [Information] SkyApm.Transport.Grpc.V8.SegmentReporter : Report 2 trace segment. cost: 00:00:00.2379350s
2023-04-06 16:11:12.449 +08:00 [grpclient] [Information] SkyApm.Service.PingService : Ping server @2023/4/6 8:11:12 +00:00
2023-04-06 16:11:12.449 +08:00 [grpclient] [Information] SkyApm.Service.PingService : Ping server @2023/4/6 8:11:12 +00:00
2023-04-06 16:11:12.465 +08:00 [grpclient] [Information] SkyApm.Service.CLRStatsService : Report CLR Stats. CPU UsagePercent 0 GenCollectCount 0 0 0 6M ThreadPool 32762 32767 1000 1000
2023-04-06 16:11:12.465 +08:00 [grpclient] [Information] SkyApm.Service.CLRStatsService : Report CLR Stats. CPU UsagePercent 0 GenCollectCount 1 1 0 6M ThreadPool 32762 32767 1000 1000
2023-04-06 16:11:42.418 +08:00 [grpclient] [Information] SkyApm.Service.CLRStatsService : Report CLR Stats. CPU UsagePercent 0 GenCollectCount 0 0 0 8M ThreadPool 32755 32767 1000 1000
2023-04-06 16:11:42.418 +08:00 [grpclient] [Information] SkyApm.Service.CLRStatsService : Report CLR Stats. CPU UsagePercent 0 GenCollectCount 0 0 0 8M ThreadPool 32755 32767 1000 1000
2023-04-06 16:12:40.758 +08:00 [grpclient] [Information] SkyApm.Service.PingService : Ping server @2023/4/6 8:12:40 +00:00
2023-04-06 16:12:40.758 +08:00 [grpclient] [Information] SkyApm.Service.PingService : Ping server @2023/4/6 8:12:40 +00:00
2023-04-06 16:12:40.767 +08:00 [grpclient] [Information] SkyApm.Service.CLRStatsService : Report CLR Stats. CPU UsagePercent 3.125 GenCollectCount 0 0 0 9M ThreadPool 32758 32767 1000 1000
2023-04-06 16:12:40.767 +08:00 [grpclient] [Information] SkyApm.Service.CLRStatsService : Report CLR Stats. CPU UsagePercent 3.125 GenCollectCount 0 0 0 9M ThreadPool 32758 32767 1000 1000
2023-04-06 16:12:40.894 +08:00 [grpclient] [Information] SkyApm.Transport.Grpc.SegmentReporter : Report 1 logs. cost: 00:00:00.1541710s
2023-04-06 16:12:42.412 +08:00 [grpclient] [Information] SkyApm.Service.CLRStatsService : Report CLR Stats. CPU UsagePercent 7.8125 GenCollectCount 0 0 0 10M ThreadPool 32758 32767 1000 1000
2023-04-06 16:12:42.412 +08:00 [grpclient] [Information] SkyApm.Service.CLRStatsService : Report CLR Stats. CPU UsagePercent 7.8125 GenCollectCount 0 0 0 10M ThreadPool 32758 32767 1000 1000
2023-04-06 16:12:43.719 +08:00 [grpclient] [Information] SkyApm.Transport.Grpc.V8.SegmentReporter : Report 1 trace segment. cost: 00:00:00.0081167s
2023-04-06 16:13:12.417 +08:00 [grpclient] [Information] SkyApm.Service.CLRStatsService : Report CLR Stats. CPU UsagePercent 0 GenCollectCount 0 0 0 11M ThreadPool 32758 32767 1000 1000
2023-04-06 16:13:12.417 +08:00 [grpclient] [Information] SkyApm.Service.PingService : Ping server @2023/4/6 8:13:12 +00:00
2023-04-06 16:13:12.417 +08:00 [grpclient] [Information] SkyApm.Service.PingService : Ping server @2023/4/6 8:13:12 +00:00
2023-04-06 16:13:12.417 +08:00 [grpclient] [Information] SkyApm.Service.CLRStatsService : Report CLR Stats. CPU UsagePercent 0 GenCollectCount 0 0 0 11M ThreadPool 32758 32767 1000 1000
2023-04-06 16:13:42.419 +08:00 [grpclient] [Information] SkyApm.Service.CLRStatsService : Report CLR Stats. CPU UsagePercent 0 GenCollectCount 0 0 0 12M ThreadPool 32759 32767 1000 1000
2023-04-06 16:13:42.419 +08:00 [grpclient] [Information] SkyApm.Service.CLRStatsService : Report CLR Stats. CPU UsagePercent 0 GenCollectCount 0 0 0 12M ThreadPool 32758 32767 1000 1000
2023-04-06 16:14:27.854 +08:00 [grpclient] [Information] SkyApm.InstrumentStartup : Initializing ...
2023-04-06 16:14:27.895 +08:00 [grpclient] [Information] SkyApm.Service.RegisterService : Loaded instrument service [SkyApm.Service.RegisterService].
2023-04-06 16:14:27.900 +08:00 [grpclient] [Information] SkyApm.Service.LogReportService : Loaded instrument service [SkyApm.Service.LogReportService].
2023-04-06 16:14:27.900 +08:00 [grpclient] [Information] SkyApm.Service.PingService : Loaded instrument service [SkyApm.Service.PingService].
2023-04-06 16:14:27.900 +08:00 [grpclient] [Information] SkyApm.Service.SegmentReportService : Loaded instrument service [SkyApm.Service.SegmentReportService].
2023-04-06 16:14:27.901 +08:00 [grpclient] [Information] SkyApm.Service.CLRStatsService : Loaded instrument service [SkyApm.Service.CLRStatsService].
2023-04-06 16:14:27.901 +08:00 [grpclient] [Information] SkyApm.Sampling.SimpleCountSamplingInterceptor : Loaded instrument service [SkyApm.Sampling.SimpleCountSamplingInterceptor].
2023-04-06 16:14:27.901 +08:00 [grpclient] [Information] SkyApm.Transport.Grpc.ConnectService : Loaded instrument service [SkyApm.Transport.Grpc.ConnectService].
2023-04-06 16:14:27.901 +08:00 [grpclient] [Information] SkyApm.Service.RegisterService : Loaded instrument service [SkyApm.Service.RegisterService].
2023-04-06 16:14:27.901 +08:00 [grpclient] [Information] SkyApm.Service.LogReportService : Loaded instrument service [SkyApm.Service.LogReportService].
2023-04-06 16:14:27.901 +08:00 [grpclient] [Information] SkyApm.Service.PingService : Loaded instrument service [SkyApm.Service.PingService].
2023-04-06 16:14:27.901 +08:00 [grpclient] [Information] SkyApm.Service.SegmentReportService : Loaded instrument service [SkyApm.Service.SegmentReportService].
2023-04-06 16:14:27.901 +08:00 [grpclient] [Information] SkyApm.Service.CLRStatsService : Loaded instrument service [SkyApm.Service.CLRStatsService].
2023-04-06 16:14:27.901 +08:00 [grpclient] [Information] SkyApm.Sampling.SimpleCountSamplingInterceptor : Loaded instrument service [SkyApm.Sampling.SimpleCountSamplingInterceptor].
2023-04-06 16:14:27.901 +08:00 [grpclient] [Information] SkyApm.Transport.Grpc.ConnectService : Loaded instrument service [SkyApm.Transport.Grpc.ConnectService].
2023-04-06 16:14:27.968 +08:00 [grpclient] [Information] SkyApm.Transport.Grpc.ConnectionManager : Connected server[127.0.0.1:11800].
2023-04-06 16:14:27.974 +08:00 [grpclient] [Information] SkyApm.Diagnostics.TracingDiagnosticProcessorObserver : Loaded diagnostic listener [HttpHandlerDiagnosticListener].
2023-04-06 16:14:27.974 +08:00 [grpclient] [Information] SkyApm.Diagnostics.TracingDiagnosticProcessorObserver : Loaded diagnostic listener [Microsoft.AspNetCore].
2023-04-06 16:14:27.975 +08:00 [grpclient] [Information] SkyApm.InstrumentStartup : Started SkyAPM .NET Core Agent.
2023-04-06 16:14:27.975 +08:00 [grpclient] [Information] SkyApm.InstrumentStartup : Initializing ...
2023-04-06 16:14:27.975 +08:00 [grpclient] [Information] SkyApm.Service.RegisterService : Loaded instrument service [SkyApm.Service.RegisterService].
2023-04-06 16:14:27.975 +08:00 [grpclient] [Information] SkyApm.Service.LogReportService : Loaded instrument service [SkyApm.Service.LogReportService].
2023-04-06 16:14:27.975 +08:00 [grpclient] [Information] SkyApm.Service.PingService : Loaded instrument service [SkyApm.Service.PingService].
2023-04-06 16:14:27.975 +08:00 [grpclient] [Information] SkyApm.Service.SegmentReportService : Loaded instrument service [SkyApm.Service.SegmentReportService].
2023-04-06 16:14:27.975 +08:00 [grpclient] [Information] SkyApm.Service.CLRStatsService : Loaded instrument service [SkyApm.Service.CLRStatsService].
2023-04-06 16:14:27.975 +08:00 [grpclient] [Information] SkyApm.Sampling.SimpleCountSamplingInterceptor : Loaded instrument service [SkyApm.Sampling.SimpleCountSamplingInterceptor].
2023-04-06 16:14:27.975 +08:00 [grpclient] [Information] SkyApm.Transport.Grpc.ConnectService : Loaded instrument service [SkyApm.Transport.Grpc.ConnectService].
2023-04-06 16:14:27.975 +08:00 [grpclient] [Information] SkyApm.Service.RegisterService : Loaded instrument service [SkyApm.Service.RegisterService].
2023-04-06 16:14:27.975 +08:00 [grpclient] [Information] SkyApm.Service.LogReportService : Loaded instrument service [SkyApm.Service.LogReportService].
2023-04-06 16:14:27.975 +08:00 [grpclient] [Information] SkyApm.Service.PingService : Loaded instrument service [SkyApm.Service.PingService].
2023-04-06 16:14:27.975 +08:00 [grpclient] [Information] SkyApm.Service.SegmentReportService : Loaded instrument service [SkyApm.Service.SegmentReportService].
2023-04-06 16:14:27.975 +08:00 [grpclient] [Information] SkyApm.Service.CLRStatsService : Loaded instrument service [SkyApm.Service.CLRStatsService].
2023-04-06 16:14:27.975 +08:00 [grpclient] [Information] SkyApm.Sampling.SimpleCountSamplingInterceptor : Loaded instrument service [SkyApm.Sampling.SimpleCountSamplingInterceptor].
2023-04-06 16:14:27.975 +08:00 [grpclient] [Information] SkyApm.Transport.Grpc.ConnectService : Loaded instrument service [SkyApm.Transport.Grpc.ConnectService].
2023-04-06 16:14:27.975 +08:00 [grpclient] [Information] SkyApm.Diagnostics.TracingDiagnosticProcessorObserver : Loaded diagnostic listener [HttpHandlerDiagnosticListener].
2023-04-06 16:14:27.976 +08:00 [grpclient] [Information] SkyApm.Diagnostics.TracingDiagnosticProcessorObserver : Loaded diagnostic listener [Microsoft.AspNetCore].
2023-04-06 16:14:27.976 +08:00 [grpclient] [Information] SkyApm.InstrumentStartup : Started SkyAPM .NET Core Agent.
2023-04-06 16:14:28.035 +08:00 [grpclient] [Information] SkyApm.Diagnostics.TracingDiagnosticProcessorObserver : Loaded diagnostic listener [Grpc.Net.Client].
2023-04-06 16:14:28.035 +08:00 [grpclient] [Information] SkyApm.Diagnostics.TracingDiagnosticProcessorObserver : Loaded diagnostic listener [Grpc.Net.Client].
2023-04-06 16:14:28.199 +08:00 [grpclient] [Information] SkyApm.Service.RegisterService : Reported Service Instance Properties[Service=grpclient,InstanceId=192.168.110.67@fb2338b775ce4beab003b13b98e0b9af].
2023-04-06 16:14:28.199 +08:00 [grpclient] [Information] SkyApm.Service.RegisterService : Reported Service Instance Properties[Service=grpclient,InstanceId=192.168.110.67@fb2338b775ce4beab003b13b98e0b9af].
2023-04-06 16:14:28.497 +08:00 [grpclient] [Information] SkyApm.Service.RegisterService : Reported Service Instance Properties[Service=grpclient,InstanceId=192.168.110.67@fb2338b775ce4beab003b13b98e0b9af].
2023-04-06 16:14:28.497 +08:00 [grpclient] [Information] SkyApm.Service.RegisterService : Reported Service Instance Properties[Service=grpclient,InstanceId=192.168.110.67@fb2338b775ce4beab003b13b98e0b9af].
2023-04-06 16:14:30.966 +08:00 [grpclient] [Information] SkyApm.Transport.Grpc.V8.SegmentReporter : Report 4 trace segment. cost: 00:00:00.0399396s
2023-04-06 16:14:57.948 +08:00 [grpclient] [Information] SkyApm.Service.CLRStatsService : Report CLR Stats. CPU UsagePercent 0 GenCollectCount 0 0 0 19M ThreadPool 32762 32767 1000 1000
2023-04-06 16:14:57.948 +08:00 [grpclient] [Information] SkyApm.Service.CLRStatsService : Report CLR Stats. CPU UsagePercent 0 GenCollectCount 0 0 0 19M ThreadPool 32762 32767 1000 1000
2023-04-06 16:14:57.951 +08:00 [grpclient] [Information] SkyApm.Service.PingService : Ping server @2023/4/6 8:14:57 +00:00
2023-04-06 16:14:57.951 +08:00 [grpclient] [Information] SkyApm.Service.PingService : Ping server @2023/4/6 8:14:57 +00:00
2023-04-06 16:14:57.993 +08:00 [grpclient] [Information] SkyApm.Service.PingService : Ping server @2023/4/6 8:14:57 +00:00
2023-04-06 16:14:57.993 +08:00 [grpclient] [Information] SkyApm.Service.CLRStatsService : Report CLR Stats. CPU UsagePercent 0 GenCollectCount 0 0 0 19M ThreadPool 32758 32767 1000 1000
2023-04-06 16:14:57.993 +08:00 [grpclient] [Information] SkyApm.Service.CLRStatsService : Report CLR Stats. CPU UsagePercent 0 GenCollectCount 0 0 0 19M ThreadPool 32758 32767 1000 1000
2023-04-06 16:14:57.993 +08:00 [grpclient] [Information] SkyApm.Service.PingService : Ping server @2023/4/6 8:14:57 +00:00
2023-04-06 16:15:12.929 +08:00 [grpclient] [Information] SkyApm.Transport.Grpc.V8.SegmentReporter : Report 1 trace segment. cost: 00:00:00.0151775s
2023-04-06 16:15:12.948 +08:00 [grpclient] [Information] SkyApm.Transport.Grpc.SegmentReporter : Report 1 logs. cost: 00:00:00.0177765s
2023-04-06 16:15:27.923 +08:00 [grpclient] [Information] SkyApm.Service.CLRStatsService : Report CLR Stats. CPU UsagePercent 0 GenCollectCount 0 0 0 22M ThreadPool 32752 32767 1000 1000
2023-04-06 16:15:27.923 +08:00 [grpclient] [Information] SkyApm.Service.CLRStatsService : Report CLR Stats. CPU UsagePercent 0 GenCollectCount 0 0 0 22M ThreadPool 32754 32767 1000 1000
2023-04-06 16:15:27.980 +08:00 [grpclient] [Information] SkyApm.Service.CLRStatsService : Report CLR Stats. CPU UsagePercent 0 GenCollectCount 0 0 0 22M ThreadPool 32760 32767 1000 1000
2023-04-06 16:15:27.980 +08:00 [grpclient] [Information] SkyApm.Service.CLRStatsService : Report CLR Stats. CPU UsagePercent 0 GenCollectCount 0 0 0 22M ThreadPool 32758 32767 1000 1000
2023-04-06 16:15:57.917 +08:00 [grpclient] [Information] SkyApm.Service.PingService : Ping server @2023/4/6 8:15:57 +00:00
2023-04-06 16:15:57.917 +08:00 [grpclient] [Information] SkyApm.Service.CLRStatsService : Report CLR Stats. CPU UsagePercent 0 GenCollectCount 0 0 0 24M ThreadPool 32752 32767 1000 1000
2023-04-06 16:15:57.917 +08:00 [grpclient] [Information] SkyApm.Service.CLRStatsService : Report CLR Stats. CPU UsagePercent 0 GenCollectCount 0 0 0 24M ThreadPool 32755 32767 1000 1000
2023-04-06 16:15:57.917 +08:00 [grpclient] [Information] SkyApm.Service.PingService : Ping server @2023/4/6 8:15:57 +00:00
2023-04-06 16:15:57.994 +08:00 [grpclient] [Information] SkyApm.Service.CLRStatsService : Report CLR Stats. CPU UsagePercent 0 GenCollectCount 0 0 0 24M ThreadPool 32753 32767 1000 1000
2023-04-06 16:15:57.994 +08:00 [grpclient] [Information] SkyApm.Service.CLRStatsService : Report CLR Stats. CPU UsagePercent 0 GenCollectCount 0 0 0 24M ThreadPool 32760 32767 1000 1000
2023-04-06 16:15:57.997 +08:00 [grpclient] [Information] SkyApm.Service.PingService : Ping server @2023/4/6 8:15:57 +00:00
2023-04-06 16:15:57.997 +08:00 [grpclient] [Information] SkyApm.Service.PingService : Ping server @2023/4/6 8:15:57 +00:00
2023-04-06 16:16:24.985 +08:00 [grpclient] [Information] SkyApm.Transport.Grpc.V8.SegmentReporter : Report 1 trace segment. cost: 00:00:00.0085835s
2023-04-06 16:16:27.991 +08:00 [grpclient] [Information] SkyApm.Service.CLRStatsService : Report CLR Stats. CPU UsagePercent 0 GenCollectCount 1 1 0 6M ThreadPool 32757 32767 1000 1000
2023-04-06 16:16:27.991 +08:00 [grpclient] [Information] SkyApm.Service.CLRStatsService : Report CLR Stats. CPU UsagePercent 0 GenCollectCount 0 0 0 6M ThreadPool 32761 32767 1000 1000
2023-04-06 16:16:58.002 +08:00 [grpclient] [Information] SkyApm.Service.CLRStatsService : Report CLR Stats. CPU UsagePercent 0 GenCollectCount 0 0 0 8M ThreadPool 32758 32767 1000 1000
2023-04-06 16:16:58.002 +08:00 [grpclient] [Information] SkyApm.Service.PingService : Ping server @2023/4/6 8:16:58 +00:00
2023-04-06 16:16:58.002 +08:00 [grpclient] [Information] SkyApm.Service.CLRStatsService : Report CLR Stats. CPU UsagePercent 0 GenCollectCount 0 0 0 8M ThreadPool 32761 32767 1000 1000
2023-04-06 16:16:58.002 +08:00 [grpclient] [Information] SkyApm.Service.PingService : Ping server @2023/4/6 8:16:58 +00:00
2023-04-06 16:17:27.991 +08:00 [grpclient] [Information] SkyApm.Service.CLRStatsService : Report CLR Stats. CPU UsagePercent 0 GenCollectCount 0 0 0 9M ThreadPool 32757 32767 1000 1000
2023-04-06 16:17:27.991 +08:00 [grpclient] [Information] SkyApm.Service.CLRStatsService : Report CLR Stats. CPU UsagePercent 0 GenCollectCount 0 0 0 9M ThreadPool 32752 32767 1000 1000
2023-04-06 16:17:39.989 +08:00 [grpclient] [Information] SkyApm.Transport.Grpc.V8.SegmentReporter : Report 1 trace segment. cost: 00:00:00.0070173s
2023-04-06 16:17:39.990 +08:00 [grpclient] [Information] SkyApm.Transport.Grpc.V8.SegmentReporter : Report 2 trace segment. cost: 00:00:00.0080073s
2023-04-06 16:17:45.992 +08:00 [grpclient] [Information] SkyApm.Transport.Grpc.V8.SegmentReporter : Report 1 trace segment. cost: 00:00:00.0097939s
2023-04-06 16:17:57.993 +08:00 [grpclient] [Information] SkyApm.Service.PingService : Ping server @2023/4/6 8:17:57 +00:00
2023-04-06 16:17:57.993 +08:00 [grpclient] [Information] SkyApm.Service.CLRStatsService : Report CLR Stats. CPU UsagePercent 0 GenCollectCount 0 0 0 10M ThreadPool 32750 32767 1000 1000
2023-04-06 16:17:58.001 +08:00 [grpclient] [Information] SkyApm.Service.CLRStatsService : Report CLR Stats. CPU UsagePercent 0 GenCollectCount 0 0 0 10M ThreadPool 32759 32767 1000 1000
2023-04-06 16:17:58.001 +08:00 [grpclient] [Information] SkyApm.Service.PingService : Ping server @2023/4/6 8:17:58 +00:00
2023-04-06 16:18:27.989 +08:00 [grpclient] [Information] SkyApm.Service.CLRStatsService : Report CLR Stats. CPU UsagePercent 0 GenCollectCount 0 0 0 11M ThreadPool 32758 32767 1000 1000
2023-04-06 16:18:27.989 +08:00 [grpclient] [Information] SkyApm.Service.CLRStatsService : Report CLR Stats. CPU UsagePercent 0 GenCollectCount 0 0 0 11M ThreadPool 32758 32767 1000 1000
2023-04-06 16:18:58.029 +08:00 [grpclient] [Information] SkyApm.Service.PingService : Ping server @2023/4/6 8:18:58 +00:00
2023-04-06 16:18:58.029 +08:00 [grpclient] [Information] SkyApm.Service.CLRStatsService : Report CLR Stats. CPU UsagePercent 0 GenCollectCount 0 0 0 12M ThreadPool 32751 32767 1000 1000
2023-04-06 16:18:58.029 +08:00 [grpclient] [Information] SkyApm.Service.CLRStatsService : Report CLR Stats. CPU UsagePercent 0 GenCollectCount 0 0 0 12M ThreadPool 32749 32767 1000 1000
2023-04-06 16:18:58.029 +08:00 [grpclient] [Information] SkyApm.Service.PingService : Ping server @2023/4/6 8:18:58 +00:00
2023-04-06 16:19:27.996 +08:00 [grpclient] [Information] SkyApm.Service.CLRStatsService : Report CLR Stats. CPU UsagePercent 0 GenCollectCount 0 0 0 14M ThreadPool 32758 32767 1000 1000
2023-04-06 16:19:27.996 +08:00 [grpclient] [Information] SkyApm.Service.CLRStatsService : Report CLR Stats. CPU UsagePercent 0 GenCollectCount 0 0 0 14M ThreadPool 32758 32767 1000 1000
2023-04-06 16:19:57.993 +08:00 [grpclient] [Information] SkyApm.Service.PingService : Ping server @2023/4/6 8:19:57 +00:00
2023-04-06 16:19:57.993 +08:00 [grpclient] [Information] SkyApm.Service.PingService : Ping server @2023/4/6 8:19:57 +00:00
2023-04-06 16:19:57.993 +08:00 [grpclient] [Information] SkyApm.Service.CLRStatsService : Report CLR Stats. CPU UsagePercent 0 GenCollectCount 0 0 0 15M ThreadPool 32758 32767 1000 1000
2023-04-06 16:19:57.993 +08:00 [grpclient] [Information] SkyApm.Service.CLRStatsService : Report CLR Stats. CPU UsagePercent 0 GenCollectCount 0 0 0 15M ThreadPool 32758 32767 1000 1000
2023-04-06 17:05:26.042 +08:00 [grpclient] [Information] SkyApm.InstrumentStartup : Initializing ...
2023-04-06 17:05:26.137 +08:00 [grpclient] [Information] SkyApm.Service.RegisterService : Loaded instrument service [SkyApm.Service.RegisterService].
2023-04-06 17:05:26.137 +08:00 [grpclient] [Information] SkyApm.Service.LogReportService : Loaded instrument service [SkyApm.Service.LogReportService].
2023-04-06 17:05:26.137 +08:00 [grpclient] [Information] SkyApm.Service.PingService : Loaded instrument service [SkyApm.Service.PingService].
2023-04-06 17:05:26.137 +08:00 [grpclient] [Information] SkyApm.Service.SegmentReportService : Loaded instrument service [SkyApm.Service.SegmentReportService].
2023-04-06 17:05:26.138 +08:00 [grpclient] [Information] SkyApm.Service.CLRStatsService : Loaded instrument service [SkyApm.Service.CLRStatsService].
2023-04-06 17:05:26.138 +08:00 [grpclient] [Information] SkyApm.Sampling.SimpleCountSamplingInterceptor : Loaded instrument service [SkyApm.Sampling.SimpleCountSamplingInterceptor].
2023-04-06 17:05:26.138 +08:00 [grpclient] [Information] SkyApm.Transport.Grpc.ConnectService : Loaded instrument service [SkyApm.Transport.Grpc.ConnectService].
2023-04-06 17:05:26.138 +08:00 [grpclient] [Information] SkyApm.Service.RegisterService : Loaded instrument service [SkyApm.Service.RegisterService].
2023-04-06 17:05:26.138 +08:00 [grpclient] [Information] SkyApm.Service.LogReportService : Loaded instrument service [SkyApm.Service.LogReportService].
2023-04-06 17:05:26.138 +08:00 [grpclient] [Information] SkyApm.Service.PingService : Loaded instrument service [SkyApm.Service.PingService].
2023-04-06 17:05:26.138 +08:00 [grpclient] [Information] SkyApm.Service.SegmentReportService : Loaded instrument service [SkyApm.Service.SegmentReportService].
2023-04-06 17:05:26.138 +08:00 [grpclient] [Information] SkyApm.Service.CLRStatsService : Loaded instrument service [SkyApm.Service.CLRStatsService].
2023-04-06 17:05:26.138 +08:00 [grpclient] [Information] SkyApm.Sampling.SimpleCountSamplingInterceptor : Loaded instrument service [SkyApm.Sampling.SimpleCountSamplingInterceptor].
2023-04-06 17:05:26.138 +08:00 [grpclient] [Information] SkyApm.Transport.Grpc.ConnectService : Loaded instrument service [SkyApm.Transport.Grpc.ConnectService].
2023-04-06 17:05:26.264 +08:00 [grpclient] [Information] SkyApm.Transport.Grpc.ConnectionManager : Connected server[127.0.0.1:11800].
2023-04-06 17:05:26.275 +08:00 [grpclient] [Information] SkyApm.Diagnostics.TracingDiagnosticProcessorObserver : Loaded diagnostic listener [HttpHandlerDiagnosticListener].
2023-04-06 17:05:26.277 +08:00 [grpclient] [Information] SkyApm.Diagnostics.TracingDiagnosticProcessorObserver : Loaded diagnostic listener [Microsoft.AspNetCore].
2023-04-06 17:05:26.278 +08:00 [grpclient] [Information] SkyApm.InstrumentStartup : Started SkyAPM .NET Core Agent.
2023-04-06 17:05:26.278 +08:00 [grpclient] [Information] SkyApm.InstrumentStartup : Initializing ...
2023-04-06 17:05:26.278 +08:00 [grpclient] [Information] SkyApm.Service.RegisterService : Loaded instrument service [SkyApm.Service.RegisterService].
2023-04-06 17:05:26.278 +08:00 [grpclient] [Information] SkyApm.Service.LogReportService : Loaded instrument service [SkyApm.Service.LogReportService].
2023-04-06 17:05:26.278 +08:00 [grpclient] [Information] SkyApm.Service.PingService : Loaded instrument service [SkyApm.Service.PingService].
2023-04-06 17:05:26.278 +08:00 [grpclient] [Information] SkyApm.Service.SegmentReportService : Loaded instrument service [SkyApm.Service.SegmentReportService].
2023-04-06 17:05:26.278 +08:00 [grpclient] [Information] SkyApm.Service.CLRStatsService : Loaded instrument service [SkyApm.Service.CLRStatsService].
2023-04-06 17:05:26.278 +08:00 [grpclient] [Information] SkyApm.Sampling.SimpleCountSamplingInterceptor : Loaded instrument service [SkyApm.Sampling.SimpleCountSamplingInterceptor].
2023-04-06 17:05:26.278 +08:00 [grpclient] [Information] SkyApm.Transport.Grpc.ConnectService : Loaded instrument service [SkyApm.Transport.Grpc.ConnectService].
2023-04-06 17:05:26.278 +08:00 [grpclient] [Information] SkyApm.Service.RegisterService : Loaded instrument service [SkyApm.Service.RegisterService].
2023-04-06 17:05:26.278 +08:00 [grpclient] [Information] SkyApm.Service.LogReportService : Loaded instrument service [SkyApm.Service.LogReportService].
2023-04-06 17:05:26.278 +08:00 [grpclient] [Information] SkyApm.Service.PingService : Loaded instrument service [SkyApm.Service.PingService].
2023-04-06 17:05:26.278 +08:00 [grpclient] [Information] SkyApm.Service.SegmentReportService : Loaded instrument service [SkyApm.Service.SegmentReportService].
2023-04-06 17:05:26.278 +08:00 [grpclient] [Information] SkyApm.Service.CLRStatsService : Loaded instrument service [SkyApm.Service.CLRStatsService].
2023-04-06 17:05:26.278 +08:00 [grpclient] [Information] SkyApm.Sampling.SimpleCountSamplingInterceptor : Loaded instrument service [SkyApm.Sampling.SimpleCountSamplingInterceptor].
2023-04-06 17:05:26.278 +08:00 [grpclient] [Information] SkyApm.Transport.Grpc.ConnectService : Loaded instrument service [SkyApm.Transport.Grpc.ConnectService].
2023-04-06 17:05:26.281 +08:00 [grpclient] [Information] SkyApm.Diagnostics.TracingDiagnosticProcessorObserver : Loaded diagnostic listener [HttpHandlerDiagnosticListener].
2023-04-06 17:05:26.281 +08:00 [grpclient] [Information] SkyApm.Diagnostics.TracingDiagnosticProcessorObserver : Loaded diagnostic listener [Microsoft.AspNetCore].
2023-04-06 17:05:26.282 +08:00 [grpclient] [Information] SkyApm.InstrumentStartup : Started SkyAPM .NET Core Agent.
2023-04-06 17:05:26.659 +08:00 [grpclient] [Information] SkyApm.Diagnostics.TracingDiagnosticProcessorObserver : Loaded diagnostic listener [Grpc.Net.Client].
2023-04-06 17:05:26.660 +08:00 [grpclient] [Information] SkyApm.Diagnostics.TracingDiagnosticProcessorObserver : Loaded diagnostic listener [Grpc.Net.Client].
2023-04-06 17:05:27.026 +08:00 [grpclient] [Information] SkyApm.Service.RegisterService : Reported Service Instance Properties[Service=grpclient,InstanceId=192.168.110.67@d166df69d7fa4e269bfbbc4a0282b156].
2023-04-06 17:05:27.026 +08:00 [grpclient] [Information] SkyApm.Service.RegisterService : Reported Service Instance Properties[Service=grpclient,InstanceId=192.168.110.67@d166df69d7fa4e269bfbbc4a0282b156].
2023-04-06 17:05:27.026 +08:00 [grpclient] [Information] SkyApm.Service.RegisterService : Reported Service Instance Properties[Service=grpclient,InstanceId=192.168.110.67@d166df69d7fa4e269bfbbc4a0282b156].
2023-04-06 17:05:27.026 +08:00 [grpclient] [Information] SkyApm.Service.RegisterService : Reported Service Instance Properties[Service=grpclient,InstanceId=192.168.110.67@d166df69d7fa4e269bfbbc4a0282b156].
2023-04-06 17:05:29.659 +08:00 [grpclient] [Information] SkyApm.Transport.Grpc.V8.SegmentReporter : Report 4 trace segment. cost: 00:00:00.4806123s
2023-04-06 17:05:56.326 +08:00 [grpclient] [Information] SkyApm.Service.CLRStatsService : Report CLR Stats. CPU UsagePercent 0 GenCollectCount 0 0 0 6M ThreadPool 32758 32767 1000 1000
2023-04-06 17:05:56.326 +08:00 [grpclient] [Information] SkyApm.Service.CLRStatsService : Report CLR Stats. CPU UsagePercent 0 GenCollectCount 2 2 0 6M ThreadPool 32763 32767 1000 1000
2023-04-06 17:05:56.328 +08:00 [grpclient] [Information] SkyApm.Service.PingService : Ping server @2023/4/6 9:05:56 +00:00
2023-04-06 17:05:56.328 +08:00 [grpclient] [Information] SkyApm.Service.PingService : Ping server @2023/4/6 9:05:56 +00:00
2023-04-06 17:06:26.315 +08:00 [grpclient] [Information] SkyApm.Service.CLRStatsService : Report CLR Stats. CPU UsagePercent 0 GenCollectCount 0 0 0 7M ThreadPool 32755 32767 1000 1000
2023-04-06 17:06:26.315 +08:00 [grpclient] [Information] SkyApm.Service.CLRStatsService : Report CLR Stats. CPU UsagePercent 0 GenCollectCount 0 0 0 7M ThreadPool 32764 32767 1000 1000
2023-04-06 17:06:56.301 +08:00 [grpclient] [Information] SkyApm.Service.CLRStatsService : Report CLR Stats. CPU UsagePercent 0 GenCollectCount 0 0 0 8M ThreadPool 32762 32767 1000 1000
2023-04-06 17:06:56.301 +08:00 [grpclient] [Information] SkyApm.Service.CLRStatsService : Report CLR Stats. CPU UsagePercent 0 GenCollectCount 0 0 0 8M ThreadPool 32762 32767 1000 1000
2023-04-06 17:06:56.301 +08:00 [grpclient] [Information] SkyApm.Service.PingService : Ping server @2023/4/6 9:06:56 +00:00
2023-04-06 17:06:56.301 +08:00 [grpclient] [Information] SkyApm.Service.PingService : Ping server @2023/4/6 9:06:56 +00:00
2023-04-06 17:07:26.309 +08:00 [grpclient] [Information] SkyApm.Service.CLRStatsService : Report CLR Stats. CPU UsagePercent 0 GenCollectCount 0 0 0 10M ThreadPool 32764 32767 1000 1000
2023-04-06 17:07:26.309 +08:00 [grpclient] [Information] SkyApm.Service.CLRStatsService : Report CLR Stats. CPU UsagePercent 0 GenCollectCount 0 0 0 10M ThreadPool 32761 32767 1000 1000
2023-04-06 17:07:56.305 +08:00 [grpclient] [Information] SkyApm.Service.CLRStatsService : Report CLR Stats. CPU UsagePercent 0 GenCollectCount 0 0 0 11M ThreadPool 32753 32767 1000 1000
2023-04-06 17:07:56.313 +08:00 [grpclient] [Information] SkyApm.Service.PingService : Ping server @2023/4/6 9:07:56 +00:00
2023-04-06 17:07:56.358 +08:00 [grpclient] [Information] SkyApm.Service.CLRStatsService : Report CLR Stats. CPU UsagePercent 0 GenCollectCount 0 0 0 11M ThreadPool 32751 32767 1000 1000
2023-04-06 17:07:56.358 +08:00 [grpclient] [Information] SkyApm.Service.PingService : Ping server @2023/4/6 9:07:56 +00:00
2023-04-06 17:08:11.295 +08:00 [grpclient] [Information] SkyApm.Transport.Grpc.V8.SegmentReporter : Report 1 trace segment. cost: 00:00:00.0110591s
2023-04-06 17:08:11.340 +08:00 [grpclient] [Information] SkyApm.Transport.Grpc.SegmentReporter : Report 1 logs. cost: 00:00:00.0397056s
2023-04-06 17:08:14.317 +08:00 [grpclient] [Information] SkyApm.Transport.Grpc.V8.SegmentReporter : Report 2 trace segment. cost: 00:00:00.0331105s
2023-04-06 17:08:17.303 +08:00 [grpclient] [Information] SkyApm.Transport.Grpc.V8.SegmentReporter : Report 4 trace segment. cost: 00:00:00.0112691s
2023-04-06 17:08:17.305 +08:00 [grpclient] [Information] SkyApm.Transport.Grpc.SegmentReporter : Report 4 logs. cost: 00:00:00.0125645s
2023-04-06 17:08:20.303 +08:00 [grpclient] [Information] SkyApm.Transport.Grpc.V8.SegmentReporter : Report 8 trace segment. cost: 00:00:00.0157535s
2023-04-06 17:08:23.302 +08:00 [grpclient] [Information] SkyApm.Transport.Grpc.SegmentReporter : Report 4 logs. cost: 00:00:00.0157109s
2023-04-06 17:08:23.312 +08:00 [grpclient] [Information] SkyApm.Transport.Grpc.V8.SegmentReporter : Report 10 trace segment. cost: 00:00:00.0263150s
2023-04-06 17:08:26.283 +08:00 [grpclient] [Information] SkyApm.Service.CLRStatsService : Report CLR Stats. CPU UsagePercent 0 GenCollectCount 0 0 0 16M ThreadPool 32753 32767 1000 1000
2023-04-06 17:08:26.286 +08:00 [grpclient] [Information] SkyApm.Transport.Grpc.V8.SegmentReporter : Report 3 trace segment. cost: 00:00:00.0078129s
2023-04-06 17:08:26.298 +08:00 [grpclient] [Information] SkyApm.Service.CLRStatsService : Report CLR Stats. CPU UsagePercent 0 GenCollectCount 0 0 0 16M ThreadPool 32763 32767 1000 1000
2023-04-06 17:08:56.301 +08:00 [grpclient] [Information] SkyApm.Service.CLRStatsService : Report CLR Stats. CPU UsagePercent 0 GenCollectCount 0 0 0 17M ThreadPool 32758 32767 1000 1000
2023-04-06 17:08:56.301 +08:00 [grpclient] [Information] SkyApm.Service.PingService : Ping server @2023/4/6 9:08:56 +00:00
2023-04-06 17:08:56.306 +08:00 [grpclient] [Information] SkyApm.Service.CLRStatsService : Report CLR Stats. CPU UsagePercent 0 GenCollectCount 0 0 0 17M ThreadPool 32757 32767 1000 1000
2023-04-06 17:08:56.308 +08:00 [grpclient] [Information] SkyApm.Service.PingService : Ping server @2023/4/6 9:08:56 +00:00
2023-04-06 17:09:26.299 +08:00 [grpclient] [Information] SkyApm.Service.CLRStatsService : Report CLR Stats. CPU UsagePercent 0 GenCollectCount 0 0 0 18M ThreadPool 32753 32767 1000 1000
2023-04-06 17:09:26.299 +08:00 [grpclient] [Information] SkyApm.Service.CLRStatsService : Report CLR Stats. CPU UsagePercent 0 GenCollectCount 0 0 0 18M ThreadPool 32752 32767 1000 1000
2023-04-06 17:09:56.305 +08:00 [grpclient] [Information] SkyApm.Service.PingService : Ping server @2023/4/6 9:09:56 +00:00
2023-04-06 17:09:56.305 +08:00 [grpclient] [Information] SkyApm.Service.CLRStatsService : Report CLR Stats. CPU UsagePercent 0 GenCollectCount 0 0 0 19M ThreadPool 32754 32767 1000 1000
2023-04-06 17:09:56.305 +08:00 [grpclient] [Information] SkyApm.Service.PingService : Ping server @2023/4/6 9:09:56 +00:00
2023-04-06 17:09:56.305 +08:00 [grpclient] [Information] SkyApm.Service.CLRStatsService : Report CLR Stats. CPU UsagePercent 0 GenCollectCount 0 0 0 19M ThreadPool 32754 32767 1000 1000
2023-04-06 17:10:26.288 +08:00 [grpclient] [Information] SkyApm.Service.CLRStatsService : Report CLR Stats. CPU UsagePercent 0 GenCollectCount 0 0 0 21M ThreadPool 32758 32767 1000 1000
2023-04-06 17:10:26.299 +08:00 [grpclient] [Information] SkyApm.Service.CLRStatsService : Report CLR Stats. CPU UsagePercent 0 GenCollectCount 0 0 0 21M ThreadPool 32761 32767 1000 1000
2023-04-06 17:10:56.301 +08:00 [grpclient] [Information] SkyApm.Service.PingService : Ping server @2023/4/6 9:10:56 +00:00
2023-04-06 17:10:56.301 +08:00 [grpclient] [Information] SkyApm.Service.PingService : Ping server @2023/4/6 9:10:56 +00:00
2023-04-06 17:10:56.301 +08:00 [grpclient] [Information] SkyApm.Service.CLRStatsService : Report CLR Stats. CPU UsagePercent 0 GenCollectCount 0 0 0 22M ThreadPool 32755 32767 1000 1000
2023-04-06 17:10:56.301 +08:00 [grpclient] [Information] SkyApm.Service.CLRStatsService : Report CLR Stats. CPU UsagePercent 0 GenCollectCount 0 0 0 22M ThreadPool 32753 32767 1000 1000
2023-04-06 17:11:26.302 +08:00 [grpclient] [Information] SkyApm.Service.CLRStatsService : Report CLR Stats. CPU UsagePercent 0 GenCollectCount 0 0 0 23M ThreadPool 32758 32767 1000 1000
2023-04-06 17:11:26.302 +08:00 [grpclient] [Information] SkyApm.Service.CLRStatsService : Report CLR Stats. CPU UsagePercent 0 GenCollectCount 0 0 0 23M ThreadPool 32758 32767 1000 1000
2023-04-06 17:11:56.296 +08:00 [grpclient] [Information] SkyApm.Service.PingService : Ping server @2023/4/6 9:11:56 +00:00
2023-04-06 17:11:56.296 +08:00 [grpclient] [Information] SkyApm.Service.PingService : Ping server @2023/4/6 9:11:56 +00:00
2023-04-06 17:11:56.296 +08:00 [grpclient] [Information] SkyApm.Service.CLRStatsService : Report CLR Stats. CPU UsagePercent 0 GenCollectCount 0 0 0 24M ThreadPool 32752 32767 1000 1000
2023-04-06 17:11:56.300 +08:00 [grpclient] [Information] SkyApm.Service.CLRStatsService : Report CLR Stats. CPU UsagePercent 0 GenCollectCount 0 0 0 24M ThreadPool 32764 32767 999 1000
2023-04-06 17:12:26.299 +08:00 [grpclient] [Information] SkyApm.Service.CLRStatsService : Report CLR Stats. CPU UsagePercent 0 GenCollectCount 0 0 0 25M ThreadPool 32757 32767 1000 1000
2023-04-06 17:12:26.299 +08:00 [grpclient] [Information] SkyApm.Service.CLRStatsService : Report CLR Stats. CPU UsagePercent 0 GenCollectCount 0 0 0 25M ThreadPool 32757 32767 1000 1000
2023-04-06 17:12:56.295 +08:00 [grpclient] [Information] SkyApm.Service.PingService : Ping server @2023/4/6 9:12:56 +00:00
2023-04-06 17:12:56.295 +08:00 [grpclient] [Information] SkyApm.Service.CLRStatsService : Report CLR Stats. CPU UsagePercent 0 GenCollectCount 0 0 0 26M ThreadPool 32752 32767 1000 1000
2023-04-06 17:12:56.299 +08:00 [grpclient] [Information] SkyApm.Service.CLRStatsService : Report CLR Stats. CPU UsagePercent 0 GenCollectCount 0 0 0 26M ThreadPool 32754 32767 999 1000
2023-04-06 17:12:56.299 +08:00 [grpclient] [Information] SkyApm.Service.PingService : Ping server @2023/4/6 9:12:56 +00:00
2023-04-06 17:13:26.312 +08:00 [grpclient] [Information] SkyApm.Service.CLRStatsService : Report CLR Stats. CPU UsagePercent 0 GenCollectCount 0 0 0 27M ThreadPool 32747 32767 1000 1000
2023-04-06 17:13:26.322 +08:00 [grpclient] [Information] SkyApm.Service.CLRStatsService : Report CLR Stats. CPU UsagePercent 0 GenCollectCount 0 0 0 27M ThreadPool 32764 32767 998 1000
2023-04-06 17:13:56.301 +08:00 [grpclient] [Information] SkyApm.Service.PingService : Ping server @2023/4/6 9:13:56 +00:00
2023-04-06 17:13:56.301 +08:00 [grpclient] [Information] SkyApm.Service.CLRStatsService : Report CLR Stats. CPU UsagePercent 0 GenCollectCount 0 0 0 28M ThreadPool 32758 32767 1000 1000
2023-04-06 17:13:56.301 +08:00 [grpclient] [Information] SkyApm.Service.CLRStatsService : Report CLR Stats. CPU UsagePercent 0 GenCollectCount 0 0 0 28M ThreadPool 32758 32767 1000 1000
2023-04-06 17:13:56.301 +08:00 [grpclient] [Information] SkyApm.Service.PingService : Ping server @2023/4/6 9:13:56 +00:00
2023-04-06 17:14:26.293 +08:00 [grpclient] [Information] SkyApm.Service.CLRStatsService : Report CLR Stats. CPU UsagePercent 0 GenCollectCount 0 0 0 30M ThreadPool 32758 32767 1000 1000
2023-04-06 17:14:26.298 +08:00 [grpclient] [Information] SkyApm.Service.CLRStatsService : Report CLR Stats. CPU UsagePercent 0 GenCollectCount 0 0 0 30M ThreadPool 32758 32767 999 1000
2023-04-06 17:14:56.312 +08:00 [grpclient] [Information] SkyApm.Service.PingService : Ping server @2023/4/6 9:14:56 +00:00
2023-04-06 17:14:56.312 +08:00 [grpclient] [Information] SkyApm.Service.CLRStatsService : Report CLR Stats. CPU UsagePercent 0 GenCollectCount 0 0 0 31M ThreadPool 32758 32767 1000 1000
2023-04-06 17:14:56.312 +08:00 [grpclient] [Information] SkyApm.Service.PingService : Ping server @2023/4/6 9:14:56 +00:00
2023-04-06 17:14:56.312 +08:00 [grpclient] [Information] SkyApm.Service.CLRStatsService : Report CLR Stats. CPU UsagePercent 0 GenCollectCount 0 0 0 31M ThreadPool 32762 32767 1000 1000
2023-04-06 17:15:26.290 +08:00 [grpclient] [Information] SkyApm.Service.CLRStatsService : Report CLR Stats. CPU UsagePercent 0 GenCollectCount 0 0 0 32M ThreadPool 32752 32767 1000 1000
2023-04-06 17:15:26.302 +08:00 [grpclient] [Information] SkyApm.Service.CLRStatsService : Report CLR Stats. CPU UsagePercent 0 GenCollectCount 0 0 0 32M ThreadPool 32758 32767 1000 1000
2023-04-06 17:15:56.303 +08:00 [grpclient] [Information] SkyApm.Service.PingService : Ping server @2023/4/6 9:15:56 +00:00
2023-04-06 17:15:56.303 +08:00 [grpclient] [Information] SkyApm.Service.CLRStatsService : Report CLR Stats. CPU UsagePercent 0 GenCollectCount 0 0 0 33M ThreadPool 32758 32767 1000 1000
2023-04-06 17:15:56.303 +08:00 [grpclient] [Information] SkyApm.Service.CLRStatsService : Report CLR Stats. CPU UsagePercent 0 GenCollectCount 0 0 0 33M ThreadPool 32758 32767 1000 1000
2023-04-06 17:15:56.303 +08:00 [grpclient] [Information] SkyApm.Service.PingService : Ping server @2023/4/6 9:15:56 +00:00
2023-04-06 17:16:26.313 +08:00 [grpclient] [Information] SkyApm.Service.CLRStatsService : Report CLR Stats. CPU UsagePercent 0 GenCollectCount 0 0 0 34M ThreadPool 32751 32767 1000 1000
2023-04-06 17:16:26.319 +08:00 [grpclient] [Information] SkyApm.Service.CLRStatsService : Report CLR Stats. CPU UsagePercent 0 GenCollectCount 0 0 0 34M ThreadPool 32756 32767 1000 1000
2023-04-06 17:16:56.295 +08:00 [grpclient] [Information] SkyApm.Service.CLRStatsService : Report CLR Stats. CPU UsagePercent 0 GenCollectCount 0 0 0 35M ThreadPool 32757 32767 1000 1000
2023-04-06 17:16:56.295 +08:00 [grpclient] [Information] SkyApm.Service.PingService : Ping server @2023/4/6 9:16:56 +00:00
2023-04-06 17:16:56.301 +08:00 [grpclient] [Information] SkyApm.Service.PingService : Ping server @2023/4/6 9:16:56 +00:00
2023-04-06 17:16:56.302 +08:00 [grpclient] [Information] SkyApm.Service.CLRStatsService : Report CLR Stats. CPU UsagePercent 0 GenCollectCount 0 0 0 35M ThreadPool 32758 32767 999 1000
2023-04-06 17:42:26.864 +08:00 [grpclient] [Information] SkyApm.InstrumentStartup : Initializing ...
2023-04-06 17:42:26.953 +08:00 [grpclient] [Information] SkyApm.Service.RegisterService : Loaded instrument service [SkyApm.Service.RegisterService].
2023-04-06 17:42:26.953 +08:00 [grpclient] [Information] SkyApm.Service.LogReportService : Loaded instrument service [SkyApm.Service.LogReportService].
2023-04-06 17:42:26.953 +08:00 [grpclient] [Information] SkyApm.Service.PingService : Loaded instrument service [SkyApm.Service.PingService].
2023-04-06 17:42:26.954 +08:00 [grpclient] [Information] SkyApm.Service.SegmentReportService : Loaded instrument service [SkyApm.Service.SegmentReportService].
2023-04-06 17:42:26.954 +08:00 [grpclient] [Information] SkyApm.Service.CLRStatsService : Loaded instrument service [SkyApm.Service.CLRStatsService].
2023-04-06 17:42:26.954 +08:00 [grpclient] [Information] SkyApm.Sampling.SimpleCountSamplingInterceptor : Loaded instrument service [SkyApm.Sampling.SimpleCountSamplingInterceptor].
2023-04-06 17:42:26.954 +08:00 [grpclient] [Information] SkyApm.Transport.Grpc.ConnectService : Loaded instrument service [SkyApm.Transport.Grpc.ConnectService].
2023-04-06 17:42:26.954 +08:00 [grpclient] [Information] SkyApm.Service.RegisterService : Loaded instrument service [SkyApm.Service.RegisterService].
2023-04-06 17:42:26.954 +08:00 [grpclient] [Information] SkyApm.Service.LogReportService : Loaded instrument service [SkyApm.Service.LogReportService].
2023-04-06 17:42:26.954 +08:00 [grpclient] [Information] SkyApm.Service.PingService : Loaded instrument service [SkyApm.Service.PingService].
2023-04-06 17:42:26.954 +08:00 [grpclient] [Information] SkyApm.Service.SegmentReportService : Loaded instrument service [SkyApm.Service.SegmentReportService].
2023-04-06 17:42:26.954 +08:00 [grpclient] [Information] SkyApm.Service.CLRStatsService : Loaded instrument service [SkyApm.Service.CLRStatsService].
2023-04-06 17:42:26.954 +08:00 [grpclient] [Information] SkyApm.Sampling.SimpleCountSamplingInterceptor : Loaded instrument service [SkyApm.Sampling.SimpleCountSamplingInterceptor].
2023-04-06 17:42:26.954 +08:00 [grpclient] [Information] SkyApm.Transport.Grpc.ConnectService : Loaded instrument service [SkyApm.Transport.Grpc.ConnectService].
2023-04-06 17:42:27.075 +08:00 [grpclient] [Information] SkyApm.Transport.Grpc.ConnectionManager : Connected server[127.0.0.1:11800].
2023-04-06 17:42:27.080 +08:00 [grpclient] [Information] SkyApm.Diagnostics.TracingDiagnosticProcessorObserver : Loaded diagnostic listener [HttpHandlerDiagnosticListener].
2023-04-06 17:42:27.081 +08:00 [grpclient] [Information] SkyApm.Diagnostics.TracingDiagnosticProcessorObserver : Loaded diagnostic listener [Microsoft.AspNetCore].
2023-04-06 17:42:27.081 +08:00 [grpclient] [Information] SkyApm.InstrumentStartup : Started SkyAPM .NET Core Agent.
2023-04-06 17:42:27.081 +08:00 [grpclient] [Information] SkyApm.InstrumentStartup : Initializing ...
2023-04-06 17:42:27.081 +08:00 [grpclient] [Information] SkyApm.Service.RegisterService : Loaded instrument service [SkyApm.Service.RegisterService].
2023-04-06 17:42:27.081 +08:00 [grpclient] [Information] SkyApm.Service.LogReportService : Loaded instrument service [SkyApm.Service.LogReportService].
2023-04-06 17:42:27.081 +08:00 [grpclient] [Information] SkyApm.Service.PingService : Loaded instrument service [SkyApm.Service.PingService].
2023-04-06 17:42:27.081 +08:00 [grpclient] [Information] SkyApm.Service.SegmentReportService : Loaded instrument service [SkyApm.Service.SegmentReportService].
2023-04-06 17:42:27.081 +08:00 [grpclient] [Information] SkyApm.Service.CLRStatsService : Loaded instrument service [SkyApm.Service.CLRStatsService].
2023-04-06 17:42:27.081 +08:00 [grpclient] [Information] SkyApm.Sampling.SimpleCountSamplingInterceptor : Loaded instrument service [SkyApm.Sampling.SimpleCountSamplingInterceptor].
2023-04-06 17:42:27.081 +08:00 [grpclient] [Information] SkyApm.Transport.Grpc.ConnectService : Loaded instrument service [SkyApm.Transport.Grpc.ConnectService].
2023-04-06 17:42:27.081 +08:00 [grpclient] [Information] SkyApm.Service.RegisterService : Loaded instrument service [SkyApm.Service.RegisterService].
2023-04-06 17:42:27.081 +08:00 [grpclient] [Information] SkyApm.Service.LogReportService : Loaded instrument service [SkyApm.Service.LogReportService].
2023-04-06 17:42:27.081 +08:00 [grpclient] [Information] SkyApm.Service.PingService : Loaded instrument service [SkyApm.Service.PingService].
2023-04-06 17:42:27.081 +08:00 [grpclient] [Information] SkyApm.Service.SegmentReportService : Loaded instrument service [SkyApm.Service.SegmentReportService].
2023-04-06 17:42:27.081 +08:00 [grpclient] [Information] SkyApm.Service.CLRStatsService : Loaded instrument service [SkyApm.Service.CLRStatsService].
2023-04-06 17:42:27.082 +08:00 [grpclient] [Information] SkyApm.Sampling.SimpleCountSamplingInterceptor : Loaded instrument service [SkyApm.Sampling.SimpleCountSamplingInterceptor].
2023-04-06 17:42:27.082 +08:00 [grpclient] [Information] SkyApm.Transport.Grpc.ConnectService : Loaded instrument service [SkyApm.Transport.Grpc.ConnectService].
2023-04-06 17:42:27.082 +08:00 [grpclient] [Information] SkyApm.Diagnostics.TracingDiagnosticProcessorObserver : Loaded diagnostic listener [HttpHandlerDiagnosticListener].
2023-04-06 17:42:27.082 +08:00 [grpclient] [Information] SkyApm.Diagnostics.TracingDiagnosticProcessorObserver : Loaded diagnostic listener [Microsoft.AspNetCore].
2023-04-06 17:42:27.082 +08:00 [grpclient] [Information] SkyApm.InstrumentStartup : Started SkyAPM .NET Core Agent.
2023-04-06 17:42:27.349 +08:00 [grpclient] [Information] SkyApm.Diagnostics.TracingDiagnosticProcessorObserver : Loaded diagnostic listener [Grpc.Net.Client].
2023-04-06 17:42:27.350 +08:00 [grpclient] [Information] SkyApm.Diagnostics.TracingDiagnosticProcessorObserver : Loaded diagnostic listener [Grpc.Net.Client].
2023-04-06 17:42:27.804 +08:00 [grpclient] [Information] SkyApm.Service.RegisterService : Reported Service Instance Properties[Service=grpclient,InstanceId=192.168.110.67@1d0cb5da3fda411da391cd7d5064dec4].
2023-04-06 17:42:27.805 +08:00 [grpclient] [Information] SkyApm.Service.RegisterService : Reported Service Instance Properties[Service=grpclient,InstanceId=192.168.110.67@1d0cb5da3fda411da391cd7d5064dec4].
2023-04-06 17:42:27.804 +08:00 [grpclient] [Information] SkyApm.Service.RegisterService : Reported Service Instance Properties[Service=grpclient,InstanceId=192.168.110.67@1d0cb5da3fda411da391cd7d5064dec4].
2023-04-06 17:42:27.804 +08:00 [grpclient] [Information] SkyApm.Service.RegisterService : Reported Service Instance Properties[Service=grpclient,InstanceId=192.168.110.67@1d0cb5da3fda411da391cd7d5064dec4].
2023-04-06 17:42:30.070 +08:00 [grpclient] [Information] SkyApm.Transport.Grpc.V8.SegmentReporter : Report 4 trace segment. cost: 00:00:00.0918440s
2023-04-06 17:42:57.004 +08:00 [grpclient] [Information] SkyApm.Service.PingService : Ping server @2023/4/6 9:42:56 +00:00
2023-04-06 17:42:57.004 +08:00 [grpclient] [Information] SkyApm.Service.PingService : Ping server @2023/4/6 9:42:56 +00:00
2023-04-06 17:42:57.011 +08:00 [grpclient] [Information] SkyApm.Service.CLRStatsService : Report CLR Stats. CPU UsagePercent 0 GenCollectCount 0 0 0 19M ThreadPool 32762 32767 1000 1000
2023-04-06 17:42:57.011 +08:00 [grpclient] [Information] SkyApm.Service.CLRStatsService : Report CLR Stats. CPU UsagePercent 0 GenCollectCount 0 0 0 19M ThreadPool 32762 32767 1000 1000
2023-04-06 17:42:57.103 +08:00 [grpclient] [Information] SkyApm.Service.PingService : Ping server @2023/4/6 9:42:57 +00:00
2023-04-06 17:42:57.103 +08:00 [grpclient] [Information] SkyApm.Service.CLRStatsService : Report CLR Stats. CPU UsagePercent 0 GenCollectCount 0 0 0 20M ThreadPool 32758 32767 1000 1000
2023-04-06 17:42:57.104 +08:00 [grpclient] [Information] SkyApm.Service.CLRStatsService : Report CLR Stats. CPU UsagePercent 0 GenCollectCount 0 0 0 20M ThreadPool 32758 32767 1000 1000
2023-04-06 17:42:57.107 +08:00 [grpclient] [Information] SkyApm.Service.PingService : Ping server @2023/4/6 9:42:57 +00:00
2023-04-06 17:43:08.973 +08:00 [grpclient] [Information] SkyApm.Transport.Grpc.V8.SegmentReporter : Report 5 trace segment. cost: 00:00:00.0156290s
2023-04-06 17:43:08.987 +08:00 [grpclient] [Information] SkyApm.Transport.Grpc.SegmentReporter : Report 2 logs. cost: 00:00:00.0185945s
2023-04-06 17:43:08.987 +08:00 [grpclient] [Information] SkyApm.Transport.Grpc.SegmentReporter : Report 3 logs. cost: 00:00:00.0185987s
2023-04-06 17:43:11.987 +08:00 [grpclient] [Information] SkyApm.Transport.Grpc.SegmentReporter : Report 4 logs. cost: 00:00:00.0229660s
2023-04-06 17:43:11.988 +08:00 [grpclient] [Information] SkyApm.Transport.Grpc.V8.SegmentReporter : Report 5 trace segment. cost: 00:00:00.0245861s
2023-04-06 17:43:26.999 +08:00 [grpclient] [Information] SkyApm.Service.CLRStatsService : Report CLR Stats. CPU UsagePercent 0 GenCollectCount 0 0 0 24M ThreadPool 32761 32767 1000 1000
2023-04-06 17:43:26.999 +08:00 [grpclient] [Information] SkyApm.Service.CLRStatsService : Report CLR Stats. CPU UsagePercent 0 GenCollectCount 0 0 0 24M ThreadPool 32763 32767 1000 1000
2023-04-06 17:43:27.096 +08:00 [grpclient] [Information] SkyApm.Service.CLRStatsService : Report CLR Stats. CPU UsagePercent 0 GenCollectCount 0 0 0 24M ThreadPool 32756 32767 1000 1000
2023-04-06 17:43:27.096 +08:00 [grpclient] [Information] SkyApm.Service.CLRStatsService : Report CLR Stats. CPU UsagePercent 0 GenCollectCount 0 0 0 24M ThreadPool 32756 32767 1000 1000
2023-04-06 17:43:56.981 +08:00 [grpclient] [Information] SkyApm.Service.CLRStatsService : Report CLR Stats. CPU UsagePercent 0 GenCollectCount 0 0 0 26M ThreadPool 32750 32767 1000 1000
2023-04-06 17:43:56.981 +08:00 [grpclient] [Information] SkyApm.Service.CLRStatsService : Report CLR Stats. CPU UsagePercent 0 GenCollectCount 0 0 0 26M ThreadPool 32750 32767 1000 1000
2023-04-06 17:43:56.986 +08:00 [grpclient] [Information] SkyApm.Service.PingService : Ping server @2023/4/6 9:43:56 +00:00
2023-04-06 17:43:56.986 +08:00 [grpclient] [Information] SkyApm.Service.PingService : Ping server @2023/4/6 9:43:56 +00:00
2023-04-06 17:43:57.121 +08:00 [grpclient] [Information] SkyApm.Service.CLRStatsService : Report CLR Stats. CPU UsagePercent 0 GenCollectCount 0 0 0 26M ThreadPool 32746 32767 1000 1000
2023-04-06 17:43:57.122 +08:00 [grpclient] [Information] SkyApm.Service.PingService : Ping server @2023/4/6 9:43:57 +00:00
2023-04-06 17:43:57.121 +08:00 [grpclient] [Information] SkyApm.Service.PingService : Ping server @2023/4/6 9:43:57 +00:00
2023-04-06 17:43:57.121 +08:00 [grpclient] [Information] SkyApm.Service.CLRStatsService : Report CLR Stats. CPU UsagePercent 0 GenCollectCount 0 0 0 26M ThreadPool 32746 32767 1000 1000
2023-04-06 17:44:27.101 +08:00 [grpclient] [Information] SkyApm.Service.CLRStatsService : Report CLR Stats. CPU UsagePercent 0 GenCollectCount 1 1 0 7M ThreadPool 32758 32767 1000 1000
2023-04-06 17:44:27.101 +08:00 [grpclient] [Information] SkyApm.Service.CLRStatsService : Report CLR Stats. CPU UsagePercent 0 GenCollectCount 0 0 0 7M ThreadPool 32758 32767 1000 1000
2023-04-06 17:44:57.117 +08:00 [grpclient] [Information] SkyApm.Service.PingService : Ping server @2023/4/6 9:44:57 +00:00
2023-04-06 17:44:57.119 +08:00 [grpclient] [Information] SkyApm.Service.CLRStatsService : Report CLR Stats. CPU UsagePercent 0 GenCollectCount 2 2 1 6M ThreadPool 32754 32767 1000 1000
2023-04-06 17:44:57.131 +08:00 [grpclient] [Information] SkyApm.Service.CLRStatsService : Report CLR Stats. CPU UsagePercent 0 GenCollectCount 0 0 0 6M ThreadPool 32758 32767 1000 1000
2023-04-06 17:44:57.131 +08:00 [grpclient] [Information] SkyApm.Service.PingService : Ping server @2023/4/6 9:44:57 +00:00
2023-04-06 17:45:27.098 +08:00 [grpclient] [Information] SkyApm.Service.CLRStatsService : Report CLR Stats. CPU UsagePercent 0 GenCollectCount 0 0 0 7M ThreadPool 32754 32767 1000 1000
2023-04-06 17:45:27.098 +08:00 [grpclient] [Information] SkyApm.Service.CLRStatsService : Report CLR Stats. CPU UsagePercent 0 GenCollectCount 0 0 0 7M ThreadPool 32754 32767 1000 1000
2023-04-06 17:45:57.097 +08:00 [grpclient] [Information] SkyApm.Service.CLRStatsService : Report CLR Stats. CPU UsagePercent 0 GenCollectCount 0 0 0 8M ThreadPool 32752 32767 1000 1000
2023-04-06 17:45:57.097 +08:00 [grpclient] [Information] SkyApm.Service.CLRStatsService : Report CLR Stats. CPU UsagePercent 0 GenCollectCount 0 0 0 8M ThreadPool 32752 32767 1000 1000
2023-04-06 17:45:57.098 +08:00 [grpclient] [Information] SkyApm.Service.PingService : Ping server @2023/4/6 9:45:57 +00:00
2023-04-06 17:45:57.098 +08:00 [grpclient] [Information] SkyApm.Service.PingService : Ping server @2023/4/6 9:45:57 +00:00
2023-04-06 17:46:27.099 +08:00 [grpclient] [Information] SkyApm.Service.CLRStatsService : Report CLR Stats. CPU UsagePercent 0 GenCollectCount 0 0 0 9M ThreadPool 32758 32767 1000 1000
2023-04-06 17:46:27.099 +08:00 [grpclient] [Information] SkyApm.Service.CLRStatsService : Report CLR Stats. CPU UsagePercent 0 GenCollectCount 0 0 0 9M ThreadPool 32758 32767 1000 1000
2023-04-06 17:46:57.128 +08:00 [grpclient] [Information] SkyApm.Service.CLRStatsService : Report CLR Stats. CPU UsagePercent 0 GenCollectCount 0 0 0 10M ThreadPool 32753 32767 1000 1000
2023-04-06 17:46:57.145 +08:00 [grpclient] [Information] SkyApm.Service.PingService : Ping server @2023/4/6 9:46:57 +00:00
2023-04-06 17:46:57.146 +08:00 [grpclient] [Information] SkyApm.Service.PingService : Ping server @2023/4/6 9:46:57 +00:00
2023-04-06 17:46:57.147 +08:00 [grpclient] [Information] SkyApm.Service.CLRStatsService : Report CLR Stats. CPU UsagePercent 0 GenCollectCount 0 0 0 10M ThreadPool 32758 32767 1000 1000
2023-04-06 17:47:27.098 +08:00 [grpclient] [Information] SkyApm.Service.CLRStatsService : Report CLR Stats. CPU UsagePercent 0 GenCollectCount 0 0 0 11M ThreadPool 32758 32767 1000 1000
2023-04-06 17:47:27.098 +08:00 [grpclient] [Information] SkyApm.Service.CLRStatsService : Report CLR Stats. CPU UsagePercent 0 GenCollectCount 0 0 0 11M ThreadPool 32758 32767 1000 1000
