2023-04-06 17:05:33.106 +08:00 [arsidentityserver4] [Information] SkyApm.InstrumentStartup : Initializing ...
2023-04-06 17:05:33.194 +08:00 [arsidentityserver4] [Information] SkyApm.Service.RegisterService : Loaded instrument service [SkyApm.Service.RegisterService].
2023-04-06 17:05:33.195 +08:00 [arsidentityserver4] [Information] SkyApm.Service.LogReportService : Loaded instrument service [SkyApm.Service.LogReportService].
2023-04-06 17:05:33.195 +08:00 [arsidentityserver4] [Information] SkyApm.Service.PingService : Loaded instrument service [SkyApm.Service.PingService].
2023-04-06 17:05:33.196 +08:00 [arsidentityserver4] [Information] SkyApm.Service.SegmentReportService : Loaded instrument service [SkyApm.Service.SegmentReportService].
2023-04-06 17:05:33.196 +08:00 [arsidentityserver4] [Information] SkyApm.Service.CLRStatsService : Loaded instrument service [SkyApm.Service.CLRStatsService].
2023-04-06 17:05:33.196 +08:00 [arsidentityserver4] [Information] SkyApm.Sampling.SimpleCountSamplingInterceptor : Loaded instrument service [SkyApm.Sampling.SimpleCountSamplingInterceptor].
2023-04-06 17:05:33.197 +08:00 [arsidentityserver4] [Information] SkyApm.Transport.Grpc.ConnectService : Loaded instrument service [SkyApm.Transport.Grpc.ConnectService].
2023-04-06 17:05:33.197 +08:00 [arsidentityserver4] [Information] SkyApm.Service.RegisterService : Loaded instrument service [SkyApm.Service.RegisterService].
2023-04-06 17:05:33.197 +08:00 [arsidentityserver4] [Information] SkyApm.Service.LogReportService : Loaded instrument service [SkyApm.Service.LogReportService].
2023-04-06 17:05:33.197 +08:00 [arsidentityserver4] [Information] SkyApm.Service.PingService : Loaded instrument service [SkyApm.Service.PingService].
2023-04-06 17:05:33.197 +08:00 [arsidentityserver4] [Information] SkyApm.Service.SegmentReportService : Loaded instrument service [SkyApm.Service.SegmentReportService].
2023-04-06 17:05:33.197 +08:00 [arsidentityserver4] [Information] SkyApm.Service.CLRStatsService : Loaded instrument service [SkyApm.Service.CLRStatsService].
2023-04-06 17:05:33.197 +08:00 [arsidentityserver4] [Information] SkyApm.Sampling.SimpleCountSamplingInterceptor : Loaded instrument service [SkyApm.Sampling.SimpleCountSamplingInterceptor].
2023-04-06 17:05:33.197 +08:00 [arsidentityserver4] [Information] SkyApm.Transport.Grpc.ConnectService : Loaded instrument service [SkyApm.Transport.Grpc.ConnectService].
2023-04-06 17:05:33.696 +08:00 [arsidentityserver4] [Information] SkyApm.Transport.Grpc.ConnectionManager : Connected server[127.0.0.1:11800].
2023-04-06 17:05:33.707 +08:00 [arsidentityserver4] [Information] SkyApm.Diagnostics.TracingDiagnosticProcessorObserver : Loaded diagnostic listener [Microsoft.AspNetCore].
2023-04-06 17:05:33.708 +08:00 [arsidentityserver4] [Information] SkyApm.InstrumentStartup : Started SkyAPM .NET Core Agent.
2023-04-06 17:05:33.708 +08:00 [arsidentityserver4] [Information] SkyApm.InstrumentStartup : Initializing ...
2023-04-06 17:05:33.708 +08:00 [arsidentityserver4] [Information] SkyApm.Service.RegisterService : Loaded instrument service [SkyApm.Service.RegisterService].
2023-04-06 17:05:33.708 +08:00 [arsidentityserver4] [Information] SkyApm.Service.LogReportService : Loaded instrument service [SkyApm.Service.LogReportService].
2023-04-06 17:05:33.708 +08:00 [arsidentityserver4] [Information] SkyApm.Service.PingService : Loaded instrument service [SkyApm.Service.PingService].
2023-04-06 17:05:33.708 +08:00 [arsidentityserver4] [Information] SkyApm.Service.SegmentReportService : Loaded instrument service [SkyApm.Service.SegmentReportService].
2023-04-06 17:05:33.708 +08:00 [arsidentityserver4] [Information] SkyApm.Service.CLRStatsService : Loaded instrument service [SkyApm.Service.CLRStatsService].
2023-04-06 17:05:33.708 +08:00 [arsidentityserver4] [Information] SkyApm.Sampling.SimpleCountSamplingInterceptor : Loaded instrument service [SkyApm.Sampling.SimpleCountSamplingInterceptor].
2023-04-06 17:05:33.708 +08:00 [arsidentityserver4] [Information] SkyApm.Transport.Grpc.ConnectService : Loaded instrument service [SkyApm.Transport.Grpc.ConnectService].
2023-04-06 17:05:33.708 +08:00 [arsidentityserver4] [Information] SkyApm.Service.RegisterService : Loaded instrument service [SkyApm.Service.RegisterService].
2023-04-06 17:05:33.708 +08:00 [arsidentityserver4] [Information] SkyApm.Service.LogReportService : Loaded instrument service [SkyApm.Service.LogReportService].
2023-04-06 17:05:33.708 +08:00 [arsidentityserver4] [Information] SkyApm.Service.PingService : Loaded instrument service [SkyApm.Service.PingService].
2023-04-06 17:05:33.708 +08:00 [arsidentityserver4] [Information] SkyApm.Service.SegmentReportService : Loaded instrument service [SkyApm.Service.SegmentReportService].
2023-04-06 17:05:33.708 +08:00 [arsidentityserver4] [Information] SkyApm.Service.CLRStatsService : Loaded instrument service [SkyApm.Service.CLRStatsService].
2023-04-06 17:05:33.709 +08:00 [arsidentityserver4] [Information] SkyApm.Sampling.SimpleCountSamplingInterceptor : Loaded instrument service [SkyApm.Sampling.SimpleCountSamplingInterceptor].
2023-04-06 17:05:33.709 +08:00 [arsidentityserver4] [Information] SkyApm.Transport.Grpc.ConnectService : Loaded instrument service [SkyApm.Transport.Grpc.ConnectService].
2023-04-06 17:05:33.710 +08:00 [arsidentityserver4] [Information] SkyApm.Diagnostics.TracingDiagnosticProcessorObserver : Loaded diagnostic listener [Microsoft.AspNetCore].
2023-04-06 17:05:33.710 +08:00 [arsidentityserver4] [Information] SkyApm.InstrumentStartup : Started SkyAPM .NET Core Agent.
2023-04-06 17:05:33.852 +08:00 [arsidentityserver4] [Information] SkyApm.Diagnostics.TracingDiagnosticProcessorObserver : Loaded diagnostic listener [Grpc.Net.Client].
2023-04-06 17:05:33.852 +08:00 [arsidentityserver4] [Information] SkyApm.Diagnostics.TracingDiagnosticProcessorObserver : Loaded diagnostic listener [Grpc.Net.Client].
2023-04-06 17:05:34.110 +08:00 [arsidentityserver4] [Information] SkyApm.Diagnostics.TracingDiagnosticProcessorObserver : Loaded diagnostic listener [HttpHandlerDiagnosticListener].
2023-04-06 17:05:34.110 +08:00 [arsidentityserver4] [Information] SkyApm.Diagnostics.TracingDiagnosticProcessorObserver : Loaded diagnostic listener [HttpHandlerDiagnosticListener].
2023-04-06 17:05:34.367 +08:00 [arsidentityserver4] [Information] SkyApm.Service.RegisterService : Reported Service Instance Properties[Service=arsidentityserver4,InstanceId=192.168.110.67@576eb0ce1f9a40c3af47d32ab68f152b].
2023-04-06 17:05:34.367 +08:00 [arsidentityserver4] [Information] SkyApm.Service.RegisterService : Reported Service Instance Properties[Service=arsidentityserver4,InstanceId=192.168.110.67@576eb0ce1f9a40c3af47d32ab68f152b].
2023-04-06 17:05:34.367 +08:00 [arsidentityserver4] [Information] SkyApm.Service.RegisterService : Reported Service Instance Properties[Service=arsidentityserver4,InstanceId=192.168.110.67@576eb0ce1f9a40c3af47d32ab68f152b].
2023-04-06 17:05:34.367 +08:00 [arsidentityserver4] [Information] SkyApm.Service.RegisterService : Reported Service Instance Properties[Service=arsidentityserver4,InstanceId=192.168.110.67@576eb0ce1f9a40c3af47d32ab68f152b].
2023-04-06 17:06:03.257 +08:00 [arsidentityserver4] [Information] SkyApm.Service.CLRStatsService : Report CLR Stats. CPU UsagePercent 0 GenCollectCount 0 0 0 21M ThreadPool 32762 32767 1000 1000
2023-04-06 17:06:03.257 +08:00 [arsidentityserver4] [Information] SkyApm.Service.CLRStatsService : Report CLR Stats. CPU UsagePercent 0 GenCollectCount 1 1 0 21M ThreadPool 32762 32767 1000 1000
2023-04-06 17:06:03.261 +08:00 [arsidentityserver4] [Information] SkyApm.Service.PingService : Ping server @2023/4/6 9:06:03 +00:00
2023-04-06 17:06:03.261 +08:00 [arsidentityserver4] [Information] SkyApm.Service.PingService : Ping server @2023/4/6 9:06:03 +00:00
2023-04-06 17:06:03.715 +08:00 [arsidentityserver4] [Information] SkyApm.Service.PingService : Ping server @2023/4/6 9:06:03 +00:00
2023-04-06 17:06:03.716 +08:00 [arsidentityserver4] [Information] SkyApm.Service.CLRStatsService : Report CLR Stats. CPU UsagePercent 0 GenCollectCount 0 0 0 21M ThreadPool 32757 32767 1000 1000
2023-04-06 17:06:03.720 +08:00 [arsidentityserver4] [Information] SkyApm.Service.CLRStatsService : Report CLR Stats. CPU UsagePercent 0 GenCollectCount 0 0 0 21M ThreadPool 32757 32767 1000 1000
2023-04-06 17:06:03.720 +08:00 [arsidentityserver4] [Information] SkyApm.Service.PingService : Ping server @2023/4/6 9:06:03 +00:00
2023-04-06 17:06:33.215 +08:00 [arsidentityserver4] [Information] SkyApm.Service.CLRStatsService : Report CLR Stats. CPU UsagePercent 0 GenCollectCount 0 0 0 23M ThreadPool 32753 32767 1000 1000
2023-04-06 17:06:33.215 +08:00 [arsidentityserver4] [Information] SkyApm.Service.CLRStatsService : Report CLR Stats. CPU UsagePercent 0 GenCollectCount 0 0 0 23M ThreadPool 32752 32767 1000 1000
2023-04-06 17:06:33.725 +08:00 [arsidentityserver4] [Information] SkyApm.Service.CLRStatsService : Report CLR Stats. CPU UsagePercent 0 GenCollectCount 0 0 0 23M ThreadPool 32753 32767 1000 1000
2023-04-06 17:06:33.725 +08:00 [arsidentityserver4] [Information] SkyApm.Service.CLRStatsService : Report CLR Stats. CPU UsagePercent 0 GenCollectCount 0 0 0 24M ThreadPool 32752 32767 1000 1000
2023-04-06 17:07:03.216 +08:00 [arsidentityserver4] [Information] SkyApm.Service.CLRStatsService : Report CLR Stats. CPU UsagePercent 0 GenCollectCount 0 0 0 25M ThreadPool 32756 32767 1000 1000
2023-04-06 17:07:03.216 +08:00 [arsidentityserver4] [Information] SkyApm.Service.PingService : Ping server @2023/4/6 9:07:03 +00:00
2023-04-06 17:07:03.216 +08:00 [arsidentityserver4] [Information] SkyApm.Service.CLRStatsService : Report CLR Stats. CPU UsagePercent 0 GenCollectCount 0 0 0 25M ThreadPool 32756 32767 1000 1000
2023-04-06 17:07:03.216 +08:00 [arsidentityserver4] [Information] SkyApm.Service.PingService : Ping server @2023/4/6 9:07:03 +00:00
2023-04-06 17:07:03.732 +08:00 [arsidentityserver4] [Information] SkyApm.Service.PingService : Ping server @2023/4/6 9:07:03 +00:00
2023-04-06 17:07:03.732 +08:00 [arsidentityserver4] [Information] SkyApm.Service.CLRStatsService : Report CLR Stats. CPU UsagePercent 0 GenCollectCount 0 0 0 26M ThreadPool 32756 32767 1000 1000
2023-04-06 17:07:03.732 +08:00 [arsidentityserver4] [Information] SkyApm.Service.PingService : Ping server @2023/4/6 9:07:03 +00:00
2023-04-06 17:07:03.733 +08:00 [arsidentityserver4] [Information] SkyApm.Service.CLRStatsService : Report CLR Stats. CPU UsagePercent 0 GenCollectCount 0 0 0 26M ThreadPool 32756 32767 1000 1000
2023-04-06 17:07:33.217 +08:00 [arsidentityserver4] [Information] SkyApm.Service.CLRStatsService : Report CLR Stats. CPU UsagePercent 0 GenCollectCount 0 0 0 27M ThreadPool 32750 32767 1000 1000
2023-04-06 17:07:33.217 +08:00 [arsidentityserver4] [Information] SkyApm.Service.CLRStatsService : Report CLR Stats. CPU UsagePercent 0 GenCollectCount 0 0 0 28M ThreadPool 32750 32767 1000 1000
2023-04-06 17:07:33.728 +08:00 [arsidentityserver4] [Information] SkyApm.Service.CLRStatsService : Report CLR Stats. CPU UsagePercent 1.5625 GenCollectCount 0 0 0 28M ThreadPool 32753 32767 1000 1000
2023-04-06 17:07:33.729 +08:00 [arsidentityserver4] [Information] SkyApm.Service.CLRStatsService : Report CLR Stats. CPU UsagePercent 1.5625 GenCollectCount 0 0 0 28M ThreadPool 32752 32767 1000 1000
2023-04-06 17:08:03.240 +08:00 [arsidentityserver4] [Information] SkyApm.Service.PingService : Ping server @2023/4/6 9:08:03 +00:00
2023-04-06 17:08:03.240 +08:00 [arsidentityserver4] [Information] SkyApm.Service.PingService : Ping server @2023/4/6 9:08:03 +00:00
2023-04-06 17:08:03.240 +08:00 [arsidentityserver4] [Information] SkyApm.Service.CLRStatsService : Report CLR Stats. CPU UsagePercent 0 GenCollectCount 0 0 0 29M ThreadPool 32747 32767 1000 1000
2023-04-06 17:08:03.240 +08:00 [arsidentityserver4] [Information] SkyApm.Service.CLRStatsService : Report CLR Stats. CPU UsagePercent 0 GenCollectCount 0 0 0 29M ThreadPool 32755 32767 1000 1000
2023-04-06 17:08:03.723 +08:00 [arsidentityserver4] [Information] SkyApm.Service.PingService : Ping server @2023/4/6 9:08:03 +00:00
2023-04-06 17:08:03.723 +08:00 [arsidentityserver4] [Information] SkyApm.Service.CLRStatsService : Report CLR Stats. CPU UsagePercent 0 GenCollectCount 0 0 0 30M ThreadPool 32752 32767 1000 1000
2023-04-06 17:08:03.723 +08:00 [arsidentityserver4] [Information] SkyApm.Service.CLRStatsService : Report CLR Stats. CPU UsagePercent 0 GenCollectCount 0 0 0 30M ThreadPool 32762 32767 1000 1000
2023-04-06 17:08:03.723 +08:00 [arsidentityserver4] [Information] SkyApm.Service.PingService : Ping server @2023/4/6 9:08:03 +00:00
2023-04-06 17:08:15.250 +08:00 [arsidentityserver4] [Information] SkyApm.Transport.Grpc.V8.SegmentReporter : Report 1 trace segment. cost: 00:00:00.0411443s
2023-04-06 17:08:15.250 +08:00 [arsidentityserver4] [Information] SkyApm.Transport.Grpc.SegmentReporter : Report 3 logs. cost: 00:00:00.0415088s
2023-04-06 17:08:15.723 +08:00 [arsidentityserver4] [Information] SkyApm.Transport.Grpc.SegmentReporter : Report 2 logs. cost: 00:00:00.0083842s
2023-04-06 17:08:15.723 +08:00 [arsidentityserver4] [Information] SkyApm.Transport.Grpc.V8.SegmentReporter : Report 2 trace segment. cost: 00:00:00.0089904s
2023-04-06 17:08:21.732 +08:00 [arsidentityserver4] [Information] SkyApm.Transport.Grpc.V8.SegmentReporter : Report 1 trace segment. cost: 00:00:00.0120534s
2023-04-06 17:08:21.739 +08:00 [arsidentityserver4] [Information] SkyApm.Transport.Grpc.SegmentReporter : Report 5 logs. cost: 00:00:00.0188999s
2023-04-06 17:08:21.744 +08:00 [arsidentityserver4] [Information] SkyApm.Transport.Grpc.V8.SegmentReporter : Report 2 trace segment. cost: 00:00:00.0237396s
2023-04-06 17:08:33.722 +08:00 [arsidentityserver4] [Information] SkyApm.Service.CLRStatsService : Report CLR Stats. CPU UsagePercent 0 GenCollectCount 1 0 0 9M ThreadPool 32751 32767 1000 1000
2023-04-06 17:08:33.722 +08:00 [arsidentityserver4] [Information] SkyApm.Service.CLRStatsService : Report CLR Stats. CPU UsagePercent 0 GenCollectCount 1 0 0 9M ThreadPool 32751 32767 1000 1000
2023-04-06 17:09:03.730 +08:00 [arsidentityserver4] [Information] SkyApm.Service.CLRStatsService : Report CLR Stats. CPU UsagePercent 0 GenCollectCount 0 0 0 10M ThreadPool 32758 32767 1000 1000
2023-04-06 17:09:03.730 +08:00 [arsidentityserver4] [Information] SkyApm.Service.CLRStatsService : Report CLR Stats. CPU UsagePercent 0 GenCollectCount 0 0 0 10M ThreadPool 32758 32767 1000 1000
2023-04-06 17:09:03.730 +08:00 [arsidentityserver4] [Information] SkyApm.Service.PingService : Ping server @2023/4/6 9:09:03 +00:00
2023-04-06 17:09:03.730 +08:00 [arsidentityserver4] [Information] SkyApm.Service.PingService : Ping server @2023/4/6 9:09:03 +00:00
2023-04-06 17:09:33.713 +08:00 [arsidentityserver4] [Information] SkyApm.Service.CLRStatsService : Report CLR Stats. CPU UsagePercent 0 GenCollectCount 0 0 0 12M ThreadPool 32756 32767 1000 1000
2023-04-06 17:09:33.713 +08:00 [arsidentityserver4] [Information] SkyApm.Service.CLRStatsService : Report CLR Stats. CPU UsagePercent 0 GenCollectCount 0 0 0 12M ThreadPool 32756 32767 1000 1000
2023-04-06 17:10:03.728 +08:00 [arsidentityserver4] [Information] SkyApm.Service.PingService : Ping server @2023/4/6 9:10:03 +00:00
2023-04-06 17:10:03.728 +08:00 [arsidentityserver4] [Information] SkyApm.Service.CLRStatsService : Report CLR Stats. CPU UsagePercent 0 GenCollectCount 0 0 0 13M ThreadPool 32758 32767 1000 1000
2023-04-06 17:10:03.728 +08:00 [arsidentityserver4] [Information] SkyApm.Service.CLRStatsService : Report CLR Stats. CPU UsagePercent 0 GenCollectCount 0 0 0 13M ThreadPool 32758 32767 1000 1000
2023-04-06 17:10:03.728 +08:00 [arsidentityserver4] [Information] SkyApm.Service.PingService : Ping server @2023/4/6 9:10:03 +00:00
2023-04-06 17:10:33.752 +08:00 [arsidentityserver4] [Information] SkyApm.Service.CLRStatsService : Report CLR Stats. CPU UsagePercent 0 GenCollectCount 0 0 0 14M ThreadPool 32751 32767 1000 1000
2023-04-06 17:10:33.756 +08:00 [arsidentityserver4] [Information] SkyApm.Service.CLRStatsService : Report CLR Stats. CPU UsagePercent 0 GenCollectCount 0 0 0 14M ThreadPool 32751 32767 1000 1000
2023-04-06 17:11:03.723 +08:00 [arsidentityserver4] [Information] SkyApm.Service.CLRStatsService : Report CLR Stats. CPU UsagePercent 0 GenCollectCount 0 0 0 15M ThreadPool 32758 32767 1000 1000
2023-04-06 17:11:03.723 +08:00 [arsidentityserver4] [Information] SkyApm.Service.CLRStatsService : Report CLR Stats. CPU UsagePercent 0 GenCollectCount 0 0 0 15M ThreadPool 32758 32767 1000 1000
2023-04-06 17:11:03.723 +08:00 [arsidentityserver4] [Information] SkyApm.Service.PingService : Ping server @2023/4/6 9:11:03 +00:00
2023-04-06 17:11:03.723 +08:00 [arsidentityserver4] [Information] SkyApm.Service.PingService : Ping server @2023/4/6 9:11:03 +00:00
2023-04-06 17:11:33.729 +08:00 [arsidentityserver4] [Information] SkyApm.Service.CLRStatsService : Report CLR Stats. CPU UsagePercent 0 GenCollectCount 0 0 0 16M ThreadPool 32764 32767 1000 1000
2023-04-06 17:11:33.729 +08:00 [arsidentityserver4] [Information] SkyApm.Service.CLRStatsService : Report CLR Stats. CPU UsagePercent 0 GenCollectCount 0 0 0 16M ThreadPool 32764 32767 1000 1000
2023-04-06 17:12:03.724 +08:00 [arsidentityserver4] [Information] SkyApm.Service.PingService : Ping server @2023/4/6 9:12:03 +00:00
2023-04-06 17:12:03.727 +08:00 [arsidentityserver4] [Information] SkyApm.Service.CLRStatsService : Report CLR Stats. CPU UsagePercent 0 GenCollectCount 0 0 0 17M ThreadPool 32752 32767 1000 1000
2023-04-06 17:12:03.727 +08:00 [arsidentityserver4] [Information] SkyApm.Service.PingService : Ping server @2023/4/6 9:12:03 +00:00
2023-04-06 17:12:03.732 +08:00 [arsidentityserver4] [Information] SkyApm.Service.CLRStatsService : Report CLR Stats. CPU UsagePercent 0 GenCollectCount 0 0 0 17M ThreadPool 32759 32767 1000 1000
2023-04-06 17:12:33.723 +08:00 [arsidentityserver4] [Information] SkyApm.Service.CLRStatsService : Report CLR Stats. CPU UsagePercent 0 GenCollectCount 0 0 0 18M ThreadPool 32764 32767 1000 1000
2023-04-06 17:12:33.723 +08:00 [arsidentityserver4] [Information] SkyApm.Service.CLRStatsService : Report CLR Stats. CPU UsagePercent 0 GenCollectCount 0 0 0 18M ThreadPool 32762 32767 1000 1000
2023-04-06 17:13:03.731 +08:00 [arsidentityserver4] [Information] SkyApm.Service.PingService : Ping server @2023/4/6 9:13:03 +00:00
2023-04-06 17:13:03.731 +08:00 [arsidentityserver4] [Information] SkyApm.Service.PingService : Ping server @2023/4/6 9:13:03 +00:00
2023-04-06 17:13:03.731 +08:00 [arsidentityserver4] [Information] SkyApm.Service.CLRStatsService : Report CLR Stats. CPU UsagePercent 0 GenCollectCount 0 0 0 19M ThreadPool 32760 32767 1000 1000
2023-04-06 17:13:03.736 +08:00 [arsidentityserver4] [Information] SkyApm.Service.CLRStatsService : Report CLR Stats. CPU UsagePercent 0 GenCollectCount 0 0 0 19M ThreadPool 32758 32767 1000 1000
2023-04-06 17:13:33.734 +08:00 [arsidentityserver4] [Information] SkyApm.Service.CLRStatsService : Report CLR Stats. CPU UsagePercent 0 GenCollectCount 0 0 0 20M ThreadPool 32750 32767 1000 1000
2023-04-06 17:13:33.740 +08:00 [arsidentityserver4] [Information] SkyApm.Service.CLRStatsService : Report CLR Stats. CPU UsagePercent 0 GenCollectCount 0 0 0 20M ThreadPool 32750 32767 1000 1000
2023-04-06 17:14:03.727 +08:00 [arsidentityserver4] [Information] SkyApm.Service.PingService : Ping server @2023/4/6 9:14:03 +00:00
2023-04-06 17:14:03.727 +08:00 [arsidentityserver4] [Information] SkyApm.Service.PingService : Ping server @2023/4/6 9:14:03 +00:00
2023-04-06 17:14:03.727 +08:00 [arsidentityserver4] [Information] SkyApm.Service.CLRStatsService : Report CLR Stats. CPU UsagePercent 0 GenCollectCount 0 0 0 21M ThreadPool 32758 32767 1000 1000
2023-04-06 17:14:03.727 +08:00 [arsidentityserver4] [Information] SkyApm.Service.CLRStatsService : Report CLR Stats. CPU UsagePercent 0 GenCollectCount 0 0 0 21M ThreadPool 32758 32767 1000 1000
2023-04-06 17:14:33.716 +08:00 [arsidentityserver4] [Information] SkyApm.Service.CLRStatsService : Report CLR Stats. CPU UsagePercent 0 GenCollectCount 0 0 0 22M ThreadPool 32757 32767 1000 1000
2023-04-06 17:14:33.716 +08:00 [arsidentityserver4] [Information] SkyApm.Service.CLRStatsService : Report CLR Stats. CPU UsagePercent 0 GenCollectCount 0 0 0 22M ThreadPool 32757 32767 1000 1000
2023-04-06 17:15:03.724 +08:00 [arsidentityserver4] [Information] SkyApm.Service.PingService : Ping server @2023/4/6 9:15:03 +00:00
2023-04-06 17:15:03.729 +08:00 [arsidentityserver4] [Information] SkyApm.Service.PingService : Ping server @2023/4/6 9:15:03 +00:00
2023-04-06 17:15:03.729 +08:00 [arsidentityserver4] [Information] SkyApm.Service.CLRStatsService : Report CLR Stats. CPU UsagePercent 0 GenCollectCount 0 0 0 23M ThreadPool 32757 32767 1000 1000
2023-04-06 17:15:03.729 +08:00 [arsidentityserver4] [Information] SkyApm.Service.CLRStatsService : Report CLR Stats. CPU UsagePercent 0 GenCollectCount 0 0 0 23M ThreadPool 32757 32767 1000 1000
2023-04-06 17:15:33.750 +08:00 [arsidentityserver4] [Information] SkyApm.Service.CLRStatsService : Report CLR Stats. CPU UsagePercent 0 GenCollectCount 0 0 0 24M ThreadPool 32753 32767 1000 1000
2023-04-06 17:15:33.750 +08:00 [arsidentityserver4] [Information] SkyApm.Service.CLRStatsService : Report CLR Stats. CPU UsagePercent 0 GenCollectCount 0 0 0 24M ThreadPool 32763 32767 1000 1000
2023-04-06 17:16:03.731 +08:00 [arsidentityserver4] [Information] SkyApm.Service.PingService : Ping server @2023/4/6 9:16:03 +00:00
2023-04-06 17:16:03.731 +08:00 [arsidentityserver4] [Information] SkyApm.Service.CLRStatsService : Report CLR Stats. CPU UsagePercent 0 GenCollectCount 0 0 0 25M ThreadPool 32753 32767 1000 1000
2023-04-06 17:16:03.731 +08:00 [arsidentityserver4] [Information] SkyApm.Service.PingService : Ping server @2023/4/6 9:16:03 +00:00
2023-04-06 17:16:03.731 +08:00 [arsidentityserver4] [Information] SkyApm.Service.CLRStatsService : Report CLR Stats. CPU UsagePercent 0 GenCollectCount 0 0 0 25M ThreadPool 32758 32767 1000 1000
2023-04-06 17:16:33.722 +08:00 [arsidentityserver4] [Information] SkyApm.Service.CLRStatsService : Report CLR Stats. CPU UsagePercent 0 GenCollectCount 0 0 0 26M ThreadPool 32757 32767 1000 1000
2023-04-06 17:16:33.722 +08:00 [arsidentityserver4] [Information] SkyApm.Service.CLRStatsService : Report CLR Stats. CPU UsagePercent 0 GenCollectCount 0 0 0 26M ThreadPool 32757 32767 1000 1000
2023-04-06 17:42:27.189 +08:00 [arsidentityserver4] [Information] SkyApm.InstrumentStartup : Initializing ...
2023-04-06 17:42:27.238 +08:00 [arsidentityserver4] [Information] SkyApm.Service.RegisterService : Loaded instrument service [SkyApm.Service.RegisterService].
2023-04-06 17:42:27.239 +08:00 [arsidentityserver4] [Information] SkyApm.Service.LogReportService : Loaded instrument service [SkyApm.Service.LogReportService].
2023-04-06 17:42:27.239 +08:00 [arsidentityserver4] [Information] SkyApm.Service.PingService : Loaded instrument service [SkyApm.Service.PingService].
2023-04-06 17:42:27.239 +08:00 [arsidentityserver4] [Information] SkyApm.Service.SegmentReportService : Loaded instrument service [SkyApm.Service.SegmentReportService].
2023-04-06 17:42:27.239 +08:00 [arsidentityserver4] [Information] SkyApm.Service.CLRStatsService : Loaded instrument service [SkyApm.Service.CLRStatsService].
2023-04-06 17:42:27.239 +08:00 [arsidentityserver4] [Information] SkyApm.Sampling.SimpleCountSamplingInterceptor : Loaded instrument service [SkyApm.Sampling.SimpleCountSamplingInterceptor].
2023-04-06 17:42:27.240 +08:00 [arsidentityserver4] [Information] SkyApm.Transport.Grpc.ConnectService : Loaded instrument service [SkyApm.Transport.Grpc.ConnectService].
2023-04-06 17:42:27.240 +08:00 [arsidentityserver4] [Information] SkyApm.Service.RegisterService : Loaded instrument service [SkyApm.Service.RegisterService].
2023-04-06 17:42:27.240 +08:00 [arsidentityserver4] [Information] SkyApm.Service.LogReportService : Loaded instrument service [SkyApm.Service.LogReportService].
2023-04-06 17:42:27.240 +08:00 [arsidentityserver4] [Information] SkyApm.Service.PingService : Loaded instrument service [SkyApm.Service.PingService].
2023-04-06 17:42:27.240 +08:00 [arsidentityserver4] [Information] SkyApm.Service.SegmentReportService : Loaded instrument service [SkyApm.Service.SegmentReportService].
2023-04-06 17:42:27.240 +08:00 [arsidentityserver4] [Information] SkyApm.Service.CLRStatsService : Loaded instrument service [SkyApm.Service.CLRStatsService].
2023-04-06 17:42:27.240 +08:00 [arsidentityserver4] [Information] SkyApm.Sampling.SimpleCountSamplingInterceptor : Loaded instrument service [SkyApm.Sampling.SimpleCountSamplingInterceptor].
2023-04-06 17:42:27.240 +08:00 [arsidentityserver4] [Information] SkyApm.Transport.Grpc.ConnectService : Loaded instrument service [SkyApm.Transport.Grpc.ConnectService].
2023-04-06 17:42:27.370 +08:00 [arsidentityserver4] [Information] SkyApm.Transport.Grpc.ConnectionManager : Connected server[127.0.0.1:11800].
2023-04-06 17:42:27.380 +08:00 [arsidentityserver4] [Information] SkyApm.Diagnostics.TracingDiagnosticProcessorObserver : Loaded diagnostic listener [Microsoft.AspNetCore].
2023-04-06 17:42:27.381 +08:00 [arsidentityserver4] [Information] SkyApm.InstrumentStartup : Started SkyAPM .NET Core Agent.
2023-04-06 17:42:27.381 +08:00 [arsidentityserver4] [Information] SkyApm.InstrumentStartup : Initializing ...
2023-04-06 17:42:27.381 +08:00 [arsidentityserver4] [Information] SkyApm.Service.RegisterService : Loaded instrument service [SkyApm.Service.RegisterService].
2023-04-06 17:42:27.381 +08:00 [arsidentityserver4] [Information] SkyApm.Service.LogReportService : Loaded instrument service [SkyApm.Service.LogReportService].
2023-04-06 17:42:27.381 +08:00 [arsidentityserver4] [Information] SkyApm.Service.PingService : Loaded instrument service [SkyApm.Service.PingService].
2023-04-06 17:42:27.381 +08:00 [arsidentityserver4] [Information] SkyApm.Service.SegmentReportService : Loaded instrument service [SkyApm.Service.SegmentReportService].
2023-04-06 17:42:27.381 +08:00 [arsidentityserver4] [Information] SkyApm.Service.CLRStatsService : Loaded instrument service [SkyApm.Service.CLRStatsService].
2023-04-06 17:42:27.381 +08:00 [arsidentityserver4] [Information] SkyApm.Sampling.SimpleCountSamplingInterceptor : Loaded instrument service [SkyApm.Sampling.SimpleCountSamplingInterceptor].
2023-04-06 17:42:27.381 +08:00 [arsidentityserver4] [Information] SkyApm.Transport.Grpc.ConnectService : Loaded instrument service [SkyApm.Transport.Grpc.ConnectService].
2023-04-06 17:42:27.381 +08:00 [arsidentityserver4] [Information] SkyApm.Service.RegisterService : Loaded instrument service [SkyApm.Service.RegisterService].
2023-04-06 17:42:27.381 +08:00 [arsidentityserver4] [Information] SkyApm.Service.LogReportService : Loaded instrument service [SkyApm.Service.LogReportService].
2023-04-06 17:42:27.381 +08:00 [arsidentityserver4] [Information] SkyApm.Service.PingService : Loaded instrument service [SkyApm.Service.PingService].
2023-04-06 17:42:27.381 +08:00 [arsidentityserver4] [Information] SkyApm.Service.SegmentReportService : Loaded instrument service [SkyApm.Service.SegmentReportService].
2023-04-06 17:42:27.381 +08:00 [arsidentityserver4] [Information] SkyApm.Service.CLRStatsService : Loaded instrument service [SkyApm.Service.CLRStatsService].
2023-04-06 17:42:27.381 +08:00 [arsidentityserver4] [Information] SkyApm.Sampling.SimpleCountSamplingInterceptor : Loaded instrument service [SkyApm.Sampling.SimpleCountSamplingInterceptor].
2023-04-06 17:42:27.381 +08:00 [arsidentityserver4] [Information] SkyApm.Transport.Grpc.ConnectService : Loaded instrument service [SkyApm.Transport.Grpc.ConnectService].
2023-04-06 17:42:27.383 +08:00 [arsidentityserver4] [Information] SkyApm.Diagnostics.TracingDiagnosticProcessorObserver : Loaded diagnostic listener [Microsoft.AspNetCore].
2023-04-06 17:42:27.383 +08:00 [arsidentityserver4] [Information] SkyApm.InstrumentStartup : Started SkyAPM .NET Core Agent.
2023-04-06 17:42:27.490 +08:00 [arsidentityserver4] [Information] SkyApm.Diagnostics.TracingDiagnosticProcessorObserver : Loaded diagnostic listener [Grpc.Net.Client].
2023-04-06 17:42:27.490 +08:00 [arsidentityserver4] [Information] SkyApm.Diagnostics.TracingDiagnosticProcessorObserver : Loaded diagnostic listener [Grpc.Net.Client].
2023-04-06 17:42:27.672 +08:00 [arsidentityserver4] [Information] SkyApm.Diagnostics.TracingDiagnosticProcessorObserver : Loaded diagnostic listener [HttpHandlerDiagnosticListener].
2023-04-06 17:42:27.672 +08:00 [arsidentityserver4] [Information] SkyApm.Diagnostics.TracingDiagnosticProcessorObserver : Loaded diagnostic listener [HttpHandlerDiagnosticListener].
2023-04-06 17:42:28.067 +08:00 [arsidentityserver4] [Information] SkyApm.Service.RegisterService : Reported Service Instance Properties[Service=arsidentityserver4,InstanceId=192.168.110.67@339cfa4c1ddc4ec99e62349f94d4dffe].
2023-04-06 17:42:28.067 +08:00 [arsidentityserver4] [Information] SkyApm.Service.RegisterService : Reported Service Instance Properties[Service=arsidentityserver4,InstanceId=192.168.110.67@339cfa4c1ddc4ec99e62349f94d4dffe].
2023-04-06 17:42:28.067 +08:00 [arsidentityserver4] [Information] SkyApm.Service.RegisterService : Reported Service Instance Properties[Service=arsidentityserver4,InstanceId=192.168.110.67@339cfa4c1ddc4ec99e62349f94d4dffe].
2023-04-06 17:42:28.067 +08:00 [arsidentityserver4] [Information] SkyApm.Service.RegisterService : Reported Service Instance Properties[Service=arsidentityserver4,InstanceId=192.168.110.67@339cfa4c1ddc4ec99e62349f94d4dffe].
2023-04-06 17:42:57.292 +08:00 [arsidentityserver4] [Information] SkyApm.Service.CLRStatsService : Report CLR Stats. CPU UsagePercent 0 GenCollectCount 0 0 0 22M ThreadPool 32762 32767 1000 1000
2023-04-06 17:42:57.292 +08:00 [arsidentityserver4] [Information] SkyApm.Service.CLRStatsService : Report CLR Stats. CPU UsagePercent 0 GenCollectCount 0 0 0 22M ThreadPool 32762 32767 1000 1000
2023-04-06 17:42:57.297 +08:00 [arsidentityserver4] [Information] SkyApm.Service.PingService : Ping server @2023/4/6 9:42:57 +00:00
2023-04-06 17:42:57.297 +08:00 [arsidentityserver4] [Information] SkyApm.Service.PingService : Ping server @2023/4/6 9:42:57 +00:00
2023-04-06 17:42:57.399 +08:00 [arsidentityserver4] [Information] SkyApm.Service.PingService : Ping server @2023/4/6 9:42:57 +00:00
2023-04-06 17:42:57.399 +08:00 [arsidentityserver4] [Information] SkyApm.Service.CLRStatsService : Report CLR Stats. CPU UsagePercent 0 GenCollectCount 0 0 0 22M ThreadPool 32757 32767 1000 1000
2023-04-06 17:42:57.399 +08:00 [arsidentityserver4] [Information] SkyApm.Service.PingService : Ping server @2023/4/6 9:42:57 +00:00
2023-04-06 17:42:57.399 +08:00 [arsidentityserver4] [Information] SkyApm.Service.CLRStatsService : Report CLR Stats. CPU UsagePercent 0 GenCollectCount 0 0 0 23M ThreadPool 32757 32767 1000 1000
2023-04-06 17:43:09.290 +08:00 [arsidentityserver4] [Information] SkyApm.Transport.Grpc.SegmentReporter : Report 5 logs. cost: 00:00:00.0335519s
2023-04-06 17:43:09.290 +08:00 [arsidentityserver4] [Information] SkyApm.Transport.Grpc.V8.SegmentReporter : Report 2 trace segment. cost: 00:00:00.0338315s
2023-04-06 17:43:09.290 +08:00 [arsidentityserver4] [Information] SkyApm.Transport.Grpc.V8.SegmentReporter : Report 1 trace segment. cost: 00:00:00.0339636s
2023-04-06 17:43:12.299 +08:00 [arsidentityserver4] [Information] SkyApm.Transport.Grpc.SegmentReporter : Report 5 logs. cost: 00:00:00.0524444s
2023-04-06 17:43:12.299 +08:00 [arsidentityserver4] [Information] SkyApm.Transport.Grpc.V8.SegmentReporter : Report 3 trace segment. cost: 00:00:00.0523213s
2023-04-06 17:43:27.253 +08:00 [arsidentityserver4] [Information] SkyApm.Service.CLRStatsService : Report CLR Stats. CPU UsagePercent 0 GenCollectCount 0 0 0 29M ThreadPool 32756 32767 1000 1000
2023-04-06 17:43:27.253 +08:00 [arsidentityserver4] [Information] SkyApm.Service.CLRStatsService : Report CLR Stats. CPU UsagePercent 0 GenCollectCount 0 0 0 29M ThreadPool 32756 32767 1000 1000
2023-04-06 17:43:27.404 +08:00 [arsidentityserver4] [Information] SkyApm.Service.CLRStatsService : Report CLR Stats. CPU UsagePercent 0 GenCollectCount 0 0 0 29M ThreadPool 32751 32767 1000 1000
2023-04-06 17:43:27.404 +08:00 [arsidentityserver4] [Information] SkyApm.Service.CLRStatsService : Report CLR Stats. CPU UsagePercent 0 GenCollectCount 0 0 0 29M ThreadPool 32751 32767 1000 1000
2023-04-06 17:43:57.296 +08:00 [arsidentityserver4] [Information] SkyApm.Service.CLRStatsService : Report CLR Stats. CPU UsagePercent 0 GenCollectCount 0 0 0 31M ThreadPool 32749 32767 1000 1000
2023-04-06 17:43:57.300 +08:00 [arsidentityserver4] [Information] SkyApm.Service.PingService : Ping server @2023/4/6 9:43:57 +00:00
2023-04-06 17:43:57.300 +08:00 [arsidentityserver4] [Information] SkyApm.Service.PingService : Ping server @2023/4/6 9:43:57 +00:00
2023-04-06 17:43:57.300 +08:00 [arsidentityserver4] [Information] SkyApm.Service.CLRStatsService : Report CLR Stats. CPU UsagePercent 0 GenCollectCount 0 0 0 31M ThreadPool 32749 32767 1000 1000
2023-04-06 17:43:57.398 +08:00 [arsidentityserver4] [Information] SkyApm.Service.PingService : Ping server @2023/4/6 9:43:57 +00:00
2023-04-06 17:43:57.398 +08:00 [arsidentityserver4] [Information] SkyApm.Service.CLRStatsService : Report CLR Stats. CPU UsagePercent 0 GenCollectCount 0 0 0 31M ThreadPool 32757 32767 1000 1000
2023-04-06 17:43:57.403 +08:00 [arsidentityserver4] [Information] SkyApm.Service.PingService : Ping server @2023/4/6 9:43:57 +00:00
2023-04-06 17:43:57.403 +08:00 [arsidentityserver4] [Information] SkyApm.Service.CLRStatsService : Report CLR Stats. CPU UsagePercent 0 GenCollectCount 0 0 0 31M ThreadPool 32754 32767 1000 1000
2023-04-06 17:44:27.397 +08:00 [arsidentityserver4] [Information] SkyApm.Service.CLRStatsService : Report CLR Stats. CPU UsagePercent 0 GenCollectCount 1 1 0 8M ThreadPool 32758 32767 1000 1000
2023-04-06 17:44:27.397 +08:00 [arsidentityserver4] [Information] SkyApm.Service.CLRStatsService : Report CLR Stats. CPU UsagePercent 0 GenCollectCount 0 0 0 8M ThreadPool 32758 32767 1000 1000
2023-04-06 17:44:57.399 +08:00 [arsidentityserver4] [Information] SkyApm.Service.PingService : Ping server @2023/4/6 9:44:57 +00:00
2023-04-06 17:44:57.399 +08:00 [arsidentityserver4] [Information] SkyApm.Service.PingService : Ping server @2023/4/6 9:44:57 +00:00
2023-04-06 17:44:57.405 +08:00 [arsidentityserver4] [Information] SkyApm.Service.CLRStatsService : Report CLR Stats. CPU UsagePercent 0 GenCollectCount 0 0 0 7M ThreadPool 32752 32767 1000 1000
2023-04-06 17:44:57.405 +08:00 [arsidentityserver4] [Information] SkyApm.Service.CLRStatsService : Report CLR Stats. CPU UsagePercent 0 GenCollectCount 2 2 1 7M ThreadPool 32752 32767 1000 1000
2023-04-06 17:45:27.392 +08:00 [arsidentityserver4] [Information] SkyApm.Service.CLRStatsService : Report CLR Stats. CPU UsagePercent 0 GenCollectCount 0 0 0 8M ThreadPool 32755 32767 1000 1000
2023-04-06 17:45:27.392 +08:00 [arsidentityserver4] [Information] SkyApm.Service.CLRStatsService : Report CLR Stats. CPU UsagePercent 0 GenCollectCount 0 0 0 8M ThreadPool 32756 32767 1000 1000
2023-04-06 17:45:57.423 +08:00 [arsidentityserver4] [Information] SkyApm.Service.CLRStatsService : Report CLR Stats. CPU UsagePercent 0 GenCollectCount 0 0 0 9M ThreadPool 32757 32767 1000 1000
2023-04-06 17:45:57.423 +08:00 [arsidentityserver4] [Information] SkyApm.Service.CLRStatsService : Report CLR Stats. CPU UsagePercent 0 GenCollectCount 0 0 0 9M ThreadPool 32757 32767 1000 1000
2023-04-06 17:45:57.423 +08:00 [arsidentityserver4] [Information] SkyApm.Service.PingService : Ping server @2023/4/6 9:45:57 +00:00
2023-04-06 17:45:57.423 +08:00 [arsidentityserver4] [Information] SkyApm.Service.PingService : Ping server @2023/4/6 9:45:57 +00:00
2023-04-06 17:46:27.427 +08:00 [arsidentityserver4] [Information] SkyApm.Service.CLRStatsService : Report CLR Stats. CPU UsagePercent 0 GenCollectCount 0 0 0 10M ThreadPool 32758 32767 1000 1000
2023-04-06 17:46:27.427 +08:00 [arsidentityserver4] [Information] SkyApm.Service.CLRStatsService : Report CLR Stats. CPU UsagePercent 0 GenCollectCount 0 0 0 10M ThreadPool 32753 32767 1000 1000
2023-04-06 17:46:57.403 +08:00 [arsidentityserver4] [Information] SkyApm.Service.CLRStatsService : Report CLR Stats. CPU UsagePercent 0 GenCollectCount 0 0 0 11M ThreadPool 32759 32767 1000 1000
2023-04-06 17:46:57.403 +08:00 [arsidentityserver4] [Information] SkyApm.Service.PingService : Ping server @2023/4/6 9:46:57 +00:00
2023-04-06 17:46:57.403 +08:00 [arsidentityserver4] [Information] SkyApm.Service.CLRStatsService : Report CLR Stats. CPU UsagePercent 0 GenCollectCount 0 0 0 11M ThreadPool 32758 32767 1000 1000
2023-04-06 17:46:57.403 +08:00 [arsidentityserver4] [Information] SkyApm.Service.PingService : Ping server @2023/4/6 9:46:57 +00:00
2023-04-06 17:47:27.401 +08:00 [arsidentityserver4] [Information] SkyApm.Service.CLRStatsService : Report CLR Stats. CPU UsagePercent 0 GenCollectCount 0 0 0 13M ThreadPool 32755 32767 1000 1000
2023-04-06 17:47:27.401 +08:00 [arsidentityserver4] [Information] SkyApm.Service.CLRStatsService : Report CLR Stats. CPU UsagePercent 0 GenCollectCount 0 0 0 12M ThreadPool 32755 32767 1000 1000
