2023-04-14 13:44:44.076 +08:00 [arswebapiservice5197] [Information] SkyApm.InstrumentStartup : Initializing ...
2023-04-14 13:44:44.120 +08:00 [arswebapiservice5197] [Information] SkyApm.Service.RegisterService : Loaded instrument service [SkyApm.Service.RegisterService].
2023-04-14 13:44:44.120 +08:00 [arswebapiservice5197] [Information] SkyApm.Service.LogReportService : Loaded instrument service [SkyApm.Service.LogReportService].
2023-04-14 13:44:44.120 +08:00 [arswebapiservice5197] [Information] SkyApm.Service.PingService : Loaded instrument service [SkyApm.Service.PingService].
2023-04-14 13:44:44.121 +08:00 [arswebapiservice5197] [Information] SkyApm.Service.SegmentReportService : Loaded instrument service [SkyApm.Service.SegmentReportService].
2023-04-14 13:44:44.121 +08:00 [arswebapiservice5197] [Information] SkyApm.Service.CLRStatsService : Loaded instrument service [SkyApm.Service.CLRStatsService].
2023-04-14 13:44:44.121 +08:00 [arswebapiservice5197] [Information] SkyApm.Sampling.SimpleCountSamplingInterceptor : Loaded instrument service [SkyApm.Sampling.SimpleCountSamplingInterceptor].
2023-04-14 13:44:44.121 +08:00 [arswebapiservice5197] [Information] SkyApm.Transport.Grpc.ConnectService : Loaded instrument service [SkyApm.Transport.Grpc.ConnectService].
2023-04-14 13:44:44.256 +08:00 [arswebapiservice5197] [Information] SkyApm.Transport.Grpc.ConnectionManager : Connected server[127.0.0.1:11800].
2023-04-14 13:44:44.266 +08:00 [arswebapiservice5197] [Information] SkyApm.Diagnostics.TracingDiagnosticProcessorObserver : Loaded diagnostic listener [HttpHandlerDiagnosticListener].
2023-04-14 13:44:44.266 +08:00 [arswebapiservice5197] [Information] SkyApm.Diagnostics.TracingDiagnosticProcessorObserver : Loaded diagnostic listener [Microsoft.AspNetCore].
2023-04-14 13:44:44.266 +08:00 [arswebapiservice5197] [Information] SkyApm.InstrumentStartup : Started SkyAPM .NET Core Agent.
2023-04-14 13:46:15.941 +08:00 [arswebapiservice5197] [Information] SkyApm.InstrumentStartup : Initializing ...
2023-04-14 13:46:15.978 +08:00 [arswebapiservice5197] [Information] SkyApm.Service.RegisterService : Loaded instrument service [SkyApm.Service.RegisterService].
2023-04-14 13:46:15.981 +08:00 [arswebapiservice5197] [Information] SkyApm.Service.LogReportService : Loaded instrument service [SkyApm.Service.LogReportService].
2023-04-14 13:46:15.982 +08:00 [arswebapiservice5197] [Information] SkyApm.Service.PingService : Loaded instrument service [SkyApm.Service.PingService].
2023-04-14 13:46:15.982 +08:00 [arswebapiservice5197] [Information] SkyApm.Service.SegmentReportService : Loaded instrument service [SkyApm.Service.SegmentReportService].
2023-04-14 13:46:15.982 +08:00 [arswebapiservice5197] [Information] SkyApm.Service.CLRStatsService : Loaded instrument service [SkyApm.Service.CLRStatsService].
2023-04-14 13:46:15.982 +08:00 [arswebapiservice5197] [Information] SkyApm.Sampling.SimpleCountSamplingInterceptor : Loaded instrument service [SkyApm.Sampling.SimpleCountSamplingInterceptor].
2023-04-14 13:46:15.982 +08:00 [arswebapiservice5197] [Information] SkyApm.Transport.Grpc.ConnectService : Loaded instrument service [SkyApm.Transport.Grpc.ConnectService].
2023-04-14 13:46:16.023 +08:00 [arswebapiservice5197] [Information] SkyApm.Transport.Grpc.ConnectionManager : Connected server[127.0.0.1:11800].
2023-04-14 13:46:16.031 +08:00 [arswebapiservice5197] [Information] SkyApm.Diagnostics.TracingDiagnosticProcessorObserver : Loaded diagnostic listener [HttpHandlerDiagnosticListener].
2023-04-14 13:46:16.031 +08:00 [arswebapiservice5197] [Information] SkyApm.Diagnostics.TracingDiagnosticProcessorObserver : Loaded diagnostic listener [Microsoft.AspNetCore].
2023-04-14 13:46:16.031 +08:00 [arswebapiservice5197] [Information] SkyApm.InstrumentStartup : Started SkyAPM .NET Core Agent.
2023-04-14 13:48:09.760 +08:00 [arswebapiservice5197] [Information] SkyApm.InstrumentStartup : Initializing ...
2023-04-14 13:48:09.796 +08:00 [arswebapiservice5197] [Information] SkyApm.Service.RegisterService : Loaded instrument service [SkyApm.Service.RegisterService].
2023-04-14 13:48:09.801 +08:00 [arswebapiservice5197] [Information] SkyApm.Service.LogReportService : Loaded instrument service [SkyApm.Service.LogReportService].
2023-04-14 13:48:09.801 +08:00 [arswebapiservice5197] [Information] SkyApm.Service.PingService : Loaded instrument service [SkyApm.Service.PingService].
2023-04-14 13:48:09.801 +08:00 [arswebapiservice5197] [Information] SkyApm.Service.SegmentReportService : Loaded instrument service [SkyApm.Service.SegmentReportService].
2023-04-14 13:48:09.801 +08:00 [arswebapiservice5197] [Information] SkyApm.Service.CLRStatsService : Loaded instrument service [SkyApm.Service.CLRStatsService].
2023-04-14 13:48:09.801 +08:00 [arswebapiservice5197] [Information] SkyApm.Sampling.SimpleCountSamplingInterceptor : Loaded instrument service [SkyApm.Sampling.SimpleCountSamplingInterceptor].
2023-04-14 13:48:09.801 +08:00 [arswebapiservice5197] [Information] SkyApm.Transport.Grpc.ConnectService : Loaded instrument service [SkyApm.Transport.Grpc.ConnectService].
2023-04-14 13:48:09.841 +08:00 [arswebapiservice5197] [Information] SkyApm.Transport.Grpc.ConnectionManager : Connected server[127.0.0.1:11800].
2023-04-14 13:48:09.849 +08:00 [arswebapiservice5197] [Information] SkyApm.Diagnostics.TracingDiagnosticProcessorObserver : Loaded diagnostic listener [HttpHandlerDiagnosticListener].
2023-04-14 13:48:09.849 +08:00 [arswebapiservice5197] [Information] SkyApm.Diagnostics.TracingDiagnosticProcessorObserver : Loaded diagnostic listener [Microsoft.AspNetCore].
2023-04-14 13:48:09.849 +08:00 [arswebapiservice5197] [Information] SkyApm.InstrumentStartup : Started SkyAPM .NET Core Agent.
2023-04-14 13:48:10.373 +08:00 [arswebapiservice5197] [Information] SkyApm.Diagnostics.TracingDiagnosticProcessorObserver : Loaded diagnostic listener [Grpc.Net.Client].
2023-04-14 13:48:10.597 +08:00 [arswebapiservice5197] [Information] SkyApm.Service.RegisterService : Reported Service Instance Properties[Service=arswebapiservice5197,InstanceId=172.20.64.1@37eaaf4e11064b41b24db547dc8a6dd7].
2023-04-14 13:48:12.859 +08:00 [arswebapiservice5197] [Information] SkyApm.Transport.Grpc.V8.SegmentReporter : Report 9 trace segment. cost: 00:00:00.0397190s
2023-04-14 13:48:39.847 +08:00 [arswebapiservice5197] [Information] SkyApm.Service.PingService : Ping server @2023/4/14 5:48:39 +00:00
2023-04-14 13:48:39.852 +08:00 [arswebapiservice5197] [Information] SkyApm.Service.CLRStatsService : Report CLR Stats. CPU UsagePercent 0 GenCollectCount 0 0 0 27M ThreadPool 32765 32767 1000 1000
2023-04-14 13:49:00.826 +08:00 [arswebapiservice5197] [Information] SkyApm.Transport.Grpc.V8.SegmentReporter : Report 1 trace segment. cost: 00:00:00.0098076s
2023-04-14 13:49:00.854 +08:00 [arswebapiservice5197] [Information] SkyApm.Transport.Grpc.SegmentReporter : Report 1 logs. cost: 00:00:00.0231449s
2023-04-14 13:49:09.827 +08:00 [arswebapiservice5197] [Information] SkyApm.Service.CLRStatsService : Report CLR Stats. CPU UsagePercent 0 GenCollectCount 0 0 0 28M ThreadPool 32757 32767 1000 1000
2023-04-14 13:49:39.835 +08:00 [arswebapiservice5197] [Information] SkyApm.Service.CLRStatsService : Report CLR Stats. CPU UsagePercent 0 GenCollectCount 0 0 0 29M ThreadPool 32765 32767 1000 1000
2023-04-14 13:49:39.836 +08:00 [arswebapiservice5197] [Information] SkyApm.Service.PingService : Ping server @2023/4/14 5:49:39 +00:00
2023-04-14 13:50:28.712 +08:00 [arswebapiservice5196] [Information] SkyApm.InstrumentStartup : Initializing ...
2023-04-14 13:50:28.779 +08:00 [arswebapiservice5196] [Information] SkyApm.Service.RegisterService : Loaded instrument service [SkyApm.Service.RegisterService].
2023-04-14 13:50:28.780 +08:00 [arswebapiservice5196] [Information] SkyApm.Service.LogReportService : Loaded instrument service [SkyApm.Service.LogReportService].
2023-04-14 13:50:28.780 +08:00 [arswebapiservice5196] [Information] SkyApm.Service.PingService : Loaded instrument service [SkyApm.Service.PingService].
2023-04-14 13:50:28.780 +08:00 [arswebapiservice5196] [Information] SkyApm.Service.SegmentReportService : Loaded instrument service [SkyApm.Service.SegmentReportService].
2023-04-14 13:50:28.780 +08:00 [arswebapiservice5196] [Information] SkyApm.Service.CLRStatsService : Loaded instrument service [SkyApm.Service.CLRStatsService].
2023-04-14 13:50:28.780 +08:00 [arswebapiservice5196] [Information] SkyApm.Sampling.SimpleCountSamplingInterceptor : Loaded instrument service [SkyApm.Sampling.SimpleCountSamplingInterceptor].
2023-04-14 13:50:28.781 +08:00 [arswebapiservice5196] [Information] SkyApm.Transport.Grpc.ConnectService : Loaded instrument service [SkyApm.Transport.Grpc.ConnectService].
2023-04-14 13:50:28.975 +08:00 [arswebapiservice5196] [Information] SkyApm.Transport.Grpc.ConnectionManager : Connected server[127.0.0.1:11800].
2023-04-14 13:50:29.007 +08:00 [arswebapiservice5196] [Information] SkyApm.Diagnostics.TracingDiagnosticProcessorObserver : Loaded diagnostic listener [HttpHandlerDiagnosticListener].
2023-04-14 13:50:29.009 +08:00 [arswebapiservice5196] [Information] SkyApm.Diagnostics.TracingDiagnosticProcessorObserver : Loaded diagnostic listener [Microsoft.AspNetCore].
2023-04-14 13:50:29.009 +08:00 [arswebapiservice5196] [Information] SkyApm.InstrumentStartup : Started SkyAPM .NET Core Agent.
2023-04-14 13:50:29.075 +08:00 [arswebapiservice5196] [Information] SkyApm.Diagnostics.TracingDiagnosticProcessorObserver : Loaded diagnostic listener [Grpc.Net.Client].
2023-04-14 13:50:29.503 +08:00 [arswebapiservice5196] [Information] SkyApm.Service.RegisterService : Reported Service Instance Properties[Service=arswebapiservice5196,InstanceId=172.20.64.1@fd65d9f4e9ec4b708b39b84d7c91b117].
2023-04-14 13:50:32.667 +08:00 [arswebapiservice5196] [Information] SkyApm.Transport.Grpc.V8.SegmentReporter : Report 9 trace segment. cost: 00:00:00.8463642s
2023-04-14 13:50:58.807 +08:00 [arswebapiservice5196] [Information] SkyApm.Service.PingService : Ping server @2023/4/14 5:50:58 +00:00
2023-04-14 13:50:58.816 +08:00 [arswebapiservice5196] [Information] SkyApm.Service.CLRStatsService : Report CLR Stats. CPU UsagePercent 0 GenCollectCount 1 1 0 8M ThreadPool 32765 32767 1000 1000
2023-04-14 13:54:18.432 +08:00 [arswebapiservice5196] [Information] SkyApm.InstrumentStartup : Initializing ...
2023-04-14 13:54:18.518 +08:00 [arswebapiservice5196] [Information] SkyApm.Service.RegisterService : Loaded instrument service [SkyApm.Service.RegisterService].
2023-04-14 13:54:18.519 +08:00 [arswebapiservice5196] [Information] SkyApm.Service.LogReportService : Loaded instrument service [SkyApm.Service.LogReportService].
2023-04-14 13:54:18.519 +08:00 [arswebapiservice5196] [Information] SkyApm.Service.PingService : Loaded instrument service [SkyApm.Service.PingService].
2023-04-14 13:54:18.519 +08:00 [arswebapiservice5196] [Information] SkyApm.Service.SegmentReportService : Loaded instrument service [SkyApm.Service.SegmentReportService].
2023-04-14 13:54:18.520 +08:00 [arswebapiservice5196] [Information] SkyApm.Service.CLRStatsService : Loaded instrument service [SkyApm.Service.CLRStatsService].
2023-04-14 13:54:18.520 +08:00 [arswebapiservice5196] [Information] SkyApm.Sampling.SimpleCountSamplingInterceptor : Loaded instrument service [SkyApm.Sampling.SimpleCountSamplingInterceptor].
2023-04-14 13:54:18.520 +08:00 [arswebapiservice5196] [Information] SkyApm.Transport.Grpc.ConnectService : Loaded instrument service [SkyApm.Transport.Grpc.ConnectService].
2023-04-14 13:54:18.607 +08:00 [arswebapiservice5196] [Information] SkyApm.Transport.Grpc.ConnectionManager : Connected server[127.0.0.1:11800].
2023-04-14 13:54:18.628 +08:00 [arswebapiservice5196] [Information] SkyApm.Diagnostics.TracingDiagnosticProcessorObserver : Loaded diagnostic listener [HttpHandlerDiagnosticListener].
2023-04-14 13:54:18.630 +08:00 [arswebapiservice5196] [Information] SkyApm.Diagnostics.TracingDiagnosticProcessorObserver : Loaded diagnostic listener [Microsoft.AspNetCore].
2023-04-14 13:54:18.630 +08:00 [arswebapiservice5196] [Information] SkyApm.InstrumentStartup : Started SkyAPM .NET Core Agent.
2023-04-14 13:54:19.188 +08:00 [arswebapiservice5196] [Information] SkyApm.Diagnostics.TracingDiagnosticProcessorObserver : Loaded diagnostic listener [Grpc.Net.Client].
2023-04-14 13:54:19.802 +08:00 [arswebapiservice5196] [Information] SkyApm.Service.RegisterService : Reported Service Instance Properties[Service=arswebapiservice5196,InstanceId=172.20.64.1@7284734e53d843ce8920cbab5e837492].
2023-04-14 13:54:21.666 +08:00 [arswebapiservice5196] [Information] SkyApm.Transport.Grpc.V8.SegmentReporter : Report 4 trace segment. cost: 00:00:00.1076317s
2023-04-14 13:54:48.568 +08:00 [arswebapiservice5196] [Information] SkyApm.Service.PingService : Ping server @2023/4/14 5:54:48 +00:00
2023-04-14 13:54:48.573 +08:00 [arswebapiservice5196] [Information] SkyApm.Service.CLRStatsService : Report CLR Stats. CPU UsagePercent 0 GenCollectCount 1 1 0 7M ThreadPool 32765 32767 1000 1000
2023-04-14 13:55:18.547 +08:00 [arswebapiservice5196] [Information] SkyApm.Service.CLRStatsService : Report CLR Stats. CPU UsagePercent 0 GenCollectCount 0 0 0 8M ThreadPool 32766 32767 1000 1000
2023-04-14 13:55:53.622 +08:00 [arswebapiservice5196] [Information] SkyApm.Service.PingService : Ping server @2023/4/14 5:55:53 +00:00
2023-04-14 13:55:53.622 +08:00 [arswebapiservice5196] [Information] SkyApm.Service.CLRStatsService : Report CLR Stats. CPU UsagePercent 0 GenCollectCount 0 0 0 9M ThreadPool 32759 32767 999 1000
2023-04-14 13:55:56.614 +08:00 [arswebapiservice5196] [Information] SkyApm.Transport.Grpc.V8.SegmentReporter : Report 3 trace segment. cost: 00:00:00.0092419s
2023-04-14 13:56:18.553 +08:00 [arswebapiservice5196] [Information] SkyApm.Service.CLRStatsService : Report CLR Stats. CPU UsagePercent 0 GenCollectCount 0 0 0 11M ThreadPool 32761 32767 1000 1000
2023-04-14 13:56:38.623 +08:00 [arswebapiservice5196] [Information] SkyApm.Transport.Grpc.V8.SegmentReporter : Report 4 trace segment. cost: 00:00:00.0218011s
2023-04-14 13:56:44.604 +08:00 [arswebapiservice5196] [Information] SkyApm.Transport.Grpc.V8.SegmentReporter : Report 1 trace segment. cost: 00:00:00.0053091s
2023-04-14 13:56:44.619 +08:00 [arswebapiservice5196] [Information] SkyApm.Transport.Grpc.SegmentReporter : Report 1 logs. cost: 00:00:00.0133678s
2023-04-14 13:56:48.528 +08:00 [arswebapiservice5196] [Information] SkyApm.Service.PingService : Ping server @2023/4/14 5:56:48 +00:00
2023-04-14 13:56:48.528 +08:00 [arswebapiservice5196] [Information] SkyApm.Service.CLRStatsService : Report CLR Stats. CPU UsagePercent 0 GenCollectCount 0 0 0 16M ThreadPool 32760 32767 1000 1000
2023-04-14 13:57:14.612 +08:00 [arswebapiservice5196] [Information] SkyApm.Transport.Grpc.V8.SegmentReporter : Report 4 trace segment. cost: 00:00:00.0078593s
2023-04-14 13:57:18.559 +08:00 [arswebapiservice5196] [Information] SkyApm.Service.CLRStatsService : Report CLR Stats. CPU UsagePercent 0 GenCollectCount 4 1 0 24M ThreadPool 32761 32767 1000 1000
2023-04-14 13:57:39.030 +08:00 [arswebapiservice5196] [Information] SkyApm.Diagnostics.TracingDiagnosticProcessorObserver : Loaded diagnostic listener [Microsoft.EntityFrameworkCore].
2023-04-14 13:57:40.427 +08:00 [arswebapiservice5196] [Information] SkyApm.Diagnostics.TracingDiagnosticProcessorObserver : Loaded diagnostic listener [SqlClientDiagnosticListener].
2023-04-14 13:57:42.523 +08:00 [arswebapiservice5196] [Information] SkyApm.Transport.Grpc.SegmentReporter : Report 2 logs. cost: 00:00:00.0173318s
2023-04-14 13:57:43.389 +08:00 [arswebapiservice5196] [Information] SkyApm.Diagnostics.TracingDiagnosticProcessorObserver : Loaded diagnostic listener [SqlClientDiagnosticListener].
2023-04-14 13:57:44.745 +08:00 [arswebapiservice5196] [Information] SkyApm.Transport.Grpc.SegmentReporter : Report 3 logs. cost: 00:00:00.0164209s
2023-04-14 13:57:44.753 +08:00 [arswebapiservice5196] [Information] SkyApm.Transport.Grpc.V8.SegmentReporter : Report 7 trace segment. cost: 00:00:00.0247496s
2023-04-14 13:57:48.549 +08:00 [arswebapiservice5196] [Information] SkyApm.Service.PingService : Ping server @2023/4/14 5:57:48 +00:00
2023-04-14 13:57:48.549 +08:00 [arswebapiservice5196] [Information] SkyApm.Service.CLRStatsService : Report CLR Stats. CPU UsagePercent 0 GenCollectCount 0 0 0 33M ThreadPool 32759 32767 1000 1000
2023-04-14 13:58:18.541 +08:00 [arswebapiservice5196] [Information] SkyApm.Service.CLRStatsService : Report CLR Stats. CPU UsagePercent 0 GenCollectCount 0 0 0 34M ThreadPool 32763 32767 1000 1000
2023-04-14 13:58:48.542 +08:00 [arswebapiservice5196] [Information] SkyApm.Service.CLRStatsService : Report CLR Stats. CPU UsagePercent 0 GenCollectCount 0 0 0 35M ThreadPool 32762 32767 1000 1000
2023-04-14 13:58:48.542 +08:00 [arswebapiservice5196] [Information] SkyApm.Service.PingService : Ping server @2023/4/14 5:58:48 +00:00
2023-04-14 13:59:18.530 +08:00 [arswebapiservice5196] [Information] SkyApm.Service.CLRStatsService : Report CLR Stats. CPU UsagePercent 0 GenCollectCount 0 0 0 36M ThreadPool 32761 32767 1000 1000
2023-04-14 13:59:48.537 +08:00 [arswebapiservice5196] [Information] SkyApm.Service.CLRStatsService : Report CLR Stats. CPU UsagePercent 0 GenCollectCount 0 0 0 36M ThreadPool 32759 32767 1000 1000
2023-04-14 13:59:48.537 +08:00 [arswebapiservice5196] [Information] SkyApm.Service.PingService : Ping server @2023/4/14 5:59:48 +00:00
2023-04-14 14:00:19.985 +08:00 [arswebapiservice5196] [Information] SkyApm.Service.CLRStatsService : Report CLR Stats. CPU UsagePercent 0 GenCollectCount 2 2 2 10M ThreadPool 32762 32767 1000 1000
2023-04-14 14:00:48.542 +08:00 [arswebapiservice5196] [Information] SkyApm.Service.PingService : Ping server @2023/4/14 6:00:48 +00:00
2023-04-14 14:00:48.542 +08:00 [arswebapiservice5196] [Information] SkyApm.Service.CLRStatsService : Report CLR Stats. CPU UsagePercent 0 GenCollectCount 3 3 0 10M ThreadPool 32765 32767 1000 1000
2023-04-14 14:01:10.223 +08:00 [arswebapiservice5196] [Information] SkyApm.Transport.Grpc.SegmentReporter : Report 1 logs. cost: 00:00:00.0232164s
2023-04-14 14:01:11.749 +08:00 [arswebapiservice5196] [Information] SkyApm.Transport.Grpc.SegmentReporter : Report 3 logs. cost: 00:00:00.0158005s
2023-04-14 14:01:11.770 +08:00 [arswebapiservice5196] [Information] SkyApm.Transport.Grpc.V8.SegmentReporter : Report 7 trace segment. cost: 00:00:00.0365389s
2023-04-14 14:01:18.544 +08:00 [arswebapiservice5196] [Information] SkyApm.Service.CLRStatsService : Report CLR Stats. CPU UsagePercent 0 GenCollectCount 0 0 0 12M ThreadPool 32764 32767 1000 1000
2023-04-14 14:01:48.534 +08:00 [arswebapiservice5196] [Information] SkyApm.Service.CLRStatsService : Report CLR Stats. CPU UsagePercent 0 GenCollectCount 0 0 0 14M ThreadPool 32764 32767 1000 1000
2023-04-14 14:01:48.534 +08:00 [arswebapiservice5196] [Information] SkyApm.Service.PingService : Ping server @2023/4/14 6:01:48 +00:00
2023-04-14 14:03:37.520 +08:00 [arswebapiservice5196] [Information] SkyApm.InstrumentStartup : Initializing ...
2023-04-14 14:03:37.607 +08:00 [arswebapiservice5196] [Information] SkyApm.Service.RegisterService : Loaded instrument service [SkyApm.Service.RegisterService].
2023-04-14 14:03:37.607 +08:00 [arswebapiservice5196] [Information] SkyApm.Service.LogReportService : Loaded instrument service [SkyApm.Service.LogReportService].
2023-04-14 14:03:37.607 +08:00 [arswebapiservice5196] [Information] SkyApm.Service.PingService : Loaded instrument service [SkyApm.Service.PingService].
2023-04-14 14:03:37.608 +08:00 [arswebapiservice5196] [Information] SkyApm.Service.SegmentReportService : Loaded instrument service [SkyApm.Service.SegmentReportService].
2023-04-14 14:03:37.608 +08:00 [arswebapiservice5196] [Information] SkyApm.Service.CLRStatsService : Loaded instrument service [SkyApm.Service.CLRStatsService].
2023-04-14 14:03:37.608 +08:00 [arswebapiservice5196] [Information] SkyApm.Sampling.SimpleCountSamplingInterceptor : Loaded instrument service [SkyApm.Sampling.SimpleCountSamplingInterceptor].
2023-04-14 14:03:37.608 +08:00 [arswebapiservice5196] [Information] SkyApm.Transport.Grpc.ConnectService : Loaded instrument service [SkyApm.Transport.Grpc.ConnectService].
2023-04-14 14:03:37.742 +08:00 [arswebapiservice5196] [Information] SkyApm.Transport.Grpc.ConnectionManager : Connected server[127.0.0.1:11800].
2023-04-14 14:03:37.764 +08:00 [arswebapiservice5196] [Information] SkyApm.Diagnostics.TracingDiagnosticProcessorObserver : Loaded diagnostic listener [HttpHandlerDiagnosticListener].
2023-04-14 14:03:37.765 +08:00 [arswebapiservice5196] [Information] SkyApm.Diagnostics.TracingDiagnosticProcessorObserver : Loaded diagnostic listener [Microsoft.AspNetCore].
2023-04-14 14:03:37.766 +08:00 [arswebapiservice5196] [Information] SkyApm.InstrumentStartup : Started SkyAPM .NET Core Agent.
2023-04-14 14:03:38.318 +08:00 [arswebapiservice5196] [Information] SkyApm.Diagnostics.TracingDiagnosticProcessorObserver : Loaded diagnostic listener [Grpc.Net.Client].
2023-04-14 14:03:38.706 +08:00 [arswebapiservice5196] [Information] SkyApm.Service.RegisterService : Reported Service Instance Properties[Service=arswebapiservice5196,InstanceId=172.20.64.1@54064801804b42bea03ba1cbabe07819].
2023-04-14 14:03:40.673 +08:00 [arswebapiservice5196] [Information] SkyApm.Transport.Grpc.V8.SegmentReporter : Report 4 trace segment. cost: 00:00:00.0445259s
2023-04-14 14:04:07.647 +08:00 [arswebapiservice5196] [Information] SkyApm.Service.PingService : Ping server @2023/4/14 6:04:07 +00:00
2023-04-14 14:04:07.648 +08:00 [arswebapiservice5196] [Information] SkyApm.Service.CLRStatsService : Report CLR Stats. CPU UsagePercent 0 GenCollectCount 1 1 0 8M ThreadPool 32765 32767 1000 1000
2023-04-14 14:04:37.628 +08:00 [arswebapiservice5196] [Information] SkyApm.Service.CLRStatsService : Report CLR Stats. CPU UsagePercent 0 GenCollectCount 7 7 2 7M ThreadPool 32757 32767 1000 1000
2023-04-14 14:04:54.247 +08:00 [arswebapiservice5196] [Information] SkyApm.Diagnostics.TracingDiagnosticProcessorObserver : Loaded diagnostic listener [Microsoft.EntityFrameworkCore].
2023-04-14 14:04:55.638 +08:00 [arswebapiservice5196] [Information] SkyApm.Diagnostics.TracingDiagnosticProcessorObserver : Loaded diagnostic listener [SqlClientDiagnosticListener].
2023-04-14 14:05:01.557 +08:00 [arswebapiservice5196] [Information] SkyApm.Transport.Grpc.V8.SegmentReporter : Report 2 trace segment. cost: 00:00:00.0263201s
2023-04-14 14:05:01.579 +08:00 [arswebapiservice5196] [Information] SkyApm.Transport.Grpc.SegmentReporter : Report 2 logs. cost: 00:00:00.0361294s
2023-04-14 14:05:02.170 +08:00 [arswebapiservice5196] [Information] SkyApm.Diagnostics.TracingDiagnosticProcessorObserver : Loaded diagnostic listener [SqlClientDiagnosticListener].
2023-04-14 14:05:04.548 +08:00 [arswebapiservice5196] [Information] SkyApm.Transport.Grpc.SegmentReporter : Report 3 logs. cost: 00:00:00.0113110s
2023-04-14 14:05:04.551 +08:00 [arswebapiservice5196] [Information] SkyApm.Transport.Grpc.V8.SegmentReporter : Report 7 trace segment. cost: 00:00:00.0146958s
2023-04-14 14:05:09.344 +08:00 [arswebapiservice5196] [Information] SkyApm.Service.CLRStatsService : Report CLR Stats. CPU UsagePercent 0 GenCollectCount 10 10 1 10M ThreadPool 32759 32767 999 1000
2023-04-14 14:05:09.383 +08:00 [arswebapiservice5196] [Information] SkyApm.Service.PingService : Ping server @2023/4/14 6:05:09 +00:00
2023-04-14 14:05:10.571 +08:00 [arswebapiservice5196] [Information] SkyApm.Transport.Grpc.V8.SegmentReporter : Report 7 trace segment. cost: 00:00:00.0214684s
2023-04-14 14:05:10.575 +08:00 [arswebapiservice5196] [Information] SkyApm.Transport.Grpc.SegmentReporter : Report 4 logs. cost: 00:00:00.0256330s
2023-04-14 14:05:37.625 +08:00 [arswebapiservice5196] [Information] SkyApm.Service.CLRStatsService : Report CLR Stats. CPU UsagePercent 0 GenCollectCount 10 10 1 10M ThreadPool 32761 32767 1000 1000
2023-04-14 14:06:07.732 +08:00 [arswebapiservice5196] [Information] SkyApm.Service.PingService : Ping server @2023/4/14 6:06:07 +00:00
2023-04-14 14:06:07.732 +08:00 [arswebapiservice5196] [Information] SkyApm.Service.CLRStatsService : Report CLR Stats. CPU UsagePercent 1.5625 GenCollectCount 13 13 0 10M ThreadPool 32758 32767 1000 1000
2023-04-14 14:06:37.622 +08:00 [arswebapiservice5196] [Information] SkyApm.Service.CLRStatsService : Report CLR Stats. CPU UsagePercent 0 GenCollectCount 13 13 0 10M ThreadPool 32764 32767 1000 1000
2023-04-14 14:07:10.402 +08:00 [arswebapiservice5196] [Information] SkyApm.Service.CLRStatsService : Report CLR Stats. CPU UsagePercent 0 GenCollectCount 14 14 0 10M ThreadPool 32758 32767 1000 1000
2023-04-14 14:07:10.403 +08:00 [arswebapiservice5196] [Information] SkyApm.Service.PingService : Ping server @2023/4/14 6:07:10 +00:00
2023-04-14 14:07:37.617 +08:00 [arswebapiservice5196] [Information] SkyApm.Service.CLRStatsService : Report CLR Stats. CPU UsagePercent 0 GenCollectCount 12 12 0 10M ThreadPool 32759 32767 1000 1000
2023-04-14 14:08:07.618 +08:00 [arswebapiservice5196] [Information] SkyApm.Service.PingService : Ping server @2023/4/14 6:08:07 +00:00
2023-04-14 14:08:07.618 +08:00 [arswebapiservice5196] [Information] SkyApm.Service.CLRStatsService : Report CLR Stats. CPU UsagePercent 0 GenCollectCount 9 9 0 10M ThreadPool 32761 32767 1000 1000
2023-04-14 14:08:37.624 +08:00 [arswebapiservice5196] [Information] SkyApm.Service.CLRStatsService : Report CLR Stats. CPU UsagePercent 0 GenCollectCount 9 9 0 10M ThreadPool 32761 32767 1000 1000
