2023-04-08 10:41:53.802 +08:00 [arswebapiservice5196] [Information] SkyApm.InstrumentStartup : Initializing ...
2023-04-08 10:41:53.880 +08:00 [arswebapiservice5196] [Information] SkyApm.Service.RegisterService : Loaded instrument service [SkyApm.Service.RegisterService].
2023-04-08 10:41:53.881 +08:00 [arswebapiservice5196] [Information] SkyApm.Service.LogReportService : Loaded instrument service [SkyApm.Service.LogReportService].
2023-04-08 10:41:53.881 +08:00 [arswebapiservice5196] [Information] SkyApm.Service.PingService : Loaded instrument service [SkyApm.Service.PingService].
2023-04-08 10:41:53.882 +08:00 [arswebapiservice5196] [Information] SkyApm.Service.SegmentReportService : Loaded instrument service [SkyApm.Service.SegmentReportService].
2023-04-08 10:41:53.882 +08:00 [arswebapiservice5196] [Information] SkyApm.Service.CLRStatsService : Loaded instrument service [SkyApm.Service.CLRStatsService].
2023-04-08 10:41:53.882 +08:00 [arswebapiservice5196] [Information] SkyApm.Sampling.SimpleCountSamplingInterceptor : Loaded instrument service [SkyApm.Sampling.SimpleCountSamplingInterceptor].
2023-04-08 10:41:53.882 +08:00 [arswebapiservice5196] [Information] SkyApm.Transport.Grpc.ConnectService : Loaded instrument service [SkyApm.Transport.Grpc.ConnectService].
2023-04-08 10:41:54.013 +08:00 [arswebapiservice5196] [Information] SkyApm.Transport.Grpc.ConnectionManager : Connected server[127.0.0.1:11800].
2023-04-08 10:41:54.032 +08:00 [arswebapiservice5196] [Information] SkyApm.Diagnostics.TracingDiagnosticProcessorObserver : Loaded diagnostic listener [HttpHandlerDiagnosticListener].
2023-04-08 10:41:54.033 +08:00 [arswebapiservice5196] [Information] SkyApm.Diagnostics.TracingDiagnosticProcessorObserver : Loaded diagnostic listener [Microsoft.AspNetCore].
2023-04-08 10:41:54.033 +08:00 [arswebapiservice5196] [Information] SkyApm.InstrumentStartup : Started SkyAPM .NET Core Agent.
2023-04-08 10:41:54.557 +08:00 [arswebapiservice5196] [Information] SkyApm.Diagnostics.TracingDiagnosticProcessorObserver : Loaded diagnostic listener [Grpc.Net.Client].
2023-04-08 10:41:56.031 +08:00 [arswebapiservice5196] [Information] SkyApm.Service.RegisterService : Reported Service Instance Properties[Service=arswebapiservice5196,InstanceId=192.168.110.67@d4e614a1f5fb430e87f263b56c21a762].
2023-04-08 10:41:57.051 +08:00 [arswebapiservice5196] [Information] SkyApm.Transport.Grpc.V8.SegmentReporter : Report 3 trace segment. cost: 00:00:00.1352059s
2023-04-08 10:41:59.919 +08:00 [arswebapiservice5196] [Information] SkyApm.Transport.Grpc.V8.SegmentReporter : Report 1 trace segment. cost: 00:00:00.0117462s
2023-04-08 10:42:23.907 +08:00 [arswebapiservice5196] [Information] SkyApm.Service.PingService : Ping server @2023/4/8 2:42:23 +00:00
2023-04-08 10:42:23.928 +08:00 [arswebapiservice5196] [Information] SkyApm.Service.CLRStatsService : Report CLR Stats. CPU UsagePercent 0 GenCollectCount 4 4 1 7M ThreadPool 32765 32767 1000 1000
2023-04-08 10:43:03.027 +08:00 [arswebapiservice5197] [Information] SkyApm.InstrumentStartup : Initializing ...
2023-04-08 10:43:03.089 +08:00 [arswebapiservice5197] [Information] SkyApm.Service.RegisterService : Loaded instrument service [SkyApm.Service.RegisterService].
2023-04-08 10:43:03.089 +08:00 [arswebapiservice5197] [Information] SkyApm.Service.LogReportService : Loaded instrument service [SkyApm.Service.LogReportService].
2023-04-08 10:43:03.089 +08:00 [arswebapiservice5197] [Information] SkyApm.Service.PingService : Loaded instrument service [SkyApm.Service.PingService].
2023-04-08 10:43:03.090 +08:00 [arswebapiservice5197] [Information] SkyApm.Service.SegmentReportService : Loaded instrument service [SkyApm.Service.SegmentReportService].
2023-04-08 10:43:03.090 +08:00 [arswebapiservice5197] [Information] SkyApm.Service.CLRStatsService : Loaded instrument service [SkyApm.Service.CLRStatsService].
2023-04-08 10:43:03.090 +08:00 [arswebapiservice5197] [Information] SkyApm.Sampling.SimpleCountSamplingInterceptor : Loaded instrument service [SkyApm.Sampling.SimpleCountSamplingInterceptor].
2023-04-08 10:43:03.090 +08:00 [arswebapiservice5197] [Information] SkyApm.Transport.Grpc.ConnectService : Loaded instrument service [SkyApm.Transport.Grpc.ConnectService].
2023-04-08 10:43:03.176 +08:00 [arswebapiservice5197] [Information] SkyApm.Transport.Grpc.ConnectionManager : Connected server[127.0.0.1:11800].
2023-04-08 10:43:03.191 +08:00 [arswebapiservice5197] [Information] SkyApm.Diagnostics.TracingDiagnosticProcessorObserver : Loaded diagnostic listener [HttpHandlerDiagnosticListener].
2023-04-08 10:43:03.192 +08:00 [arswebapiservice5197] [Information] SkyApm.Diagnostics.TracingDiagnosticProcessorObserver : Loaded diagnostic listener [Microsoft.AspNetCore].
2023-04-08 10:43:03.192 +08:00 [arswebapiservice5197] [Information] SkyApm.InstrumentStartup : Started SkyAPM .NET Core Agent.
2023-04-08 10:43:03.700 +08:00 [arswebapiservice5197] [Information] SkyApm.Diagnostics.TracingDiagnosticProcessorObserver : Loaded diagnostic listener [Grpc.Net.Client].
2023-04-08 10:43:04.285 +08:00 [arswebapiservice5197] [Information] SkyApm.Service.RegisterService : Reported Service Instance Properties[Service=arswebapiservice5197,InstanceId=192.168.110.67@79e3eae673324419aec09a8b3d093edf].
2023-04-08 10:43:06.321 +08:00 [arswebapiservice5197] [Information] SkyApm.Transport.Grpc.V8.SegmentReporter : Report 4 trace segment. cost: 00:00:00.1797516s
2023-04-08 10:43:33.138 +08:00 [arswebapiservice5197] [Information] SkyApm.Service.PingService : Ping server @2023/4/8 2:43:33 +00:00
2023-04-08 10:43:33.138 +08:00 [arswebapiservice5197] [Information] SkyApm.Service.CLRStatsService : Report CLR Stats. CPU UsagePercent 0 GenCollectCount 0 0 0 26M ThreadPool 32765 32767 1000 1000
2023-04-08 10:44:03.138 +08:00 [arswebapiservice5197] [Information] SkyApm.Service.CLRStatsService : Report CLR Stats. CPU UsagePercent 0 GenCollectCount 0 0 0 27M ThreadPool 32763 32767 1000 1000
2023-04-08 10:44:33.109 +08:00 [arswebapiservice5197] [Information] SkyApm.Service.PingService : Ping server @2023/4/8 2:44:33 +00:00
2023-04-08 10:44:33.111 +08:00 [arswebapiservice5197] [Information] SkyApm.Service.CLRStatsService : Report CLR Stats. CPU UsagePercent 0 GenCollectCount 0 0 0 28M ThreadPool 32759 32767 1000 1000
2023-04-08 10:45:03.119 +08:00 [arswebapiservice5197] [Information] SkyApm.Service.CLRStatsService : Report CLR Stats. CPU UsagePercent 0 GenCollectCount 0 0 0 29M ThreadPool 32759 32767 1000 1000
2023-04-08 10:45:33.149 +08:00 [arswebapiservice5197] [Information] SkyApm.Service.PingService : Ping server @2023/4/8 2:45:33 +00:00
2023-04-08 10:45:33.149 +08:00 [arswebapiservice5197] [Information] SkyApm.Service.CLRStatsService : Report CLR Stats. CPU UsagePercent 0 GenCollectCount 0 0 0 29M ThreadPool 32762 32767 1000 1000
2023-04-08 10:46:03.118 +08:00 [arswebapiservice5197] [Information] SkyApm.Service.CLRStatsService : Report CLR Stats. CPU UsagePercent 0 GenCollectCount 1 0 0 7M ThreadPool 32758 32767 1000 1000
2023-04-08 10:46:33.112 +08:00 [arswebapiservice5197] [Information] SkyApm.Service.PingService : Ping server @2023/4/8 2:46:33 +00:00
2023-04-08 10:46:33.113 +08:00 [arswebapiservice5197] [Information] SkyApm.Service.CLRStatsService : Report CLR Stats. CPU UsagePercent 0 GenCollectCount 0 0 0 8M ThreadPool 32759 32767 1000 1000
2023-04-08 10:47:03.137 +08:00 [arswebapiservice5197] [Information] SkyApm.Service.CLRStatsService : Report CLR Stats. CPU UsagePercent 0 GenCollectCount 0 0 0 9M ThreadPool 32759 32767 1000 1000
2023-04-08 10:47:33.124 +08:00 [arswebapiservice5197] [Information] SkyApm.Service.PingService : Ping server @2023/4/8 2:47:33 +00:00
2023-04-08 10:47:33.124 +08:00 [arswebapiservice5197] [Information] SkyApm.Service.CLRStatsService : Report CLR Stats. CPU UsagePercent 0 GenCollectCount 0 0 0 10M ThreadPool 32759 32767 1000 1000
2023-04-08 10:48:03.125 +08:00 [arswebapiservice5197] [Information] SkyApm.Service.CLRStatsService : Report CLR Stats. CPU UsagePercent 0 GenCollectCount 0 0 0 11M ThreadPool 32764 32767 1000 1000
2023-04-08 10:48:33.104 +08:00 [arswebapiservice5197] [Information] SkyApm.Service.CLRStatsService : Report CLR Stats. CPU UsagePercent 0 GenCollectCount 0 0 0 11M ThreadPool 32756 32767 1000 1000
2023-04-08 10:48:33.105 +08:00 [arswebapiservice5197] [Information] SkyApm.Service.PingService : Ping server @2023/4/8 2:48:33 +00:00
2023-04-08 10:48:41.112 +08:00 [arswebapiservice5197] [Information] SkyApm.Diagnostics.TracingDiagnosticProcessorObserver : Loaded diagnostic listener [Microsoft.EntityFrameworkCore].
2023-04-08 10:48:42.133 +08:00 [arswebapiservice5197] [Information] SkyApm.Transport.Grpc.V8.SegmentReporter : Report 2 trace segment. cost: 00:00:00.0213850s
2023-04-08 10:48:42.526 +08:00 [arswebapiservice5197] [Information] SkyApm.Diagnostics.TracingDiagnosticProcessorObserver : Loaded diagnostic listener [SqlClientDiagnosticListener].
2023-04-08 10:48:43.271 +08:00 [arswebapiservice5197] [Information] SkyApm.Diagnostics.TracingDiagnosticProcessorObserver : Loaded diagnostic listener [SqlClientDiagnosticListener].
2023-04-08 10:48:45.103 +08:00 [arswebapiservice5197] [Information] SkyApm.Transport.Grpc.V8.SegmentReporter : Report 3 trace segment. cost: 00:00:00.0082260s
2023-04-08 10:48:45.122 +08:00 [arswebapiservice5197] [Information] SkyApm.Transport.Grpc.SegmentReporter : Report 3 logs. cost: 00:00:00.0182563s
2023-04-08 10:49:03.099 +08:00 [arswebapiservice5197] [Information] SkyApm.Service.CLRStatsService : Report CLR Stats. CPU UsagePercent 0 GenCollectCount 0 0 0 20M ThreadPool 32755 32767 1000 1000
2023-04-08 10:49:33.100 +08:00 [arswebapiservice5197] [Information] SkyApm.Service.PingService : Ping server @2023/4/8 2:49:33 +00:00
2023-04-08 10:49:33.104 +08:00 [arswebapiservice5197] [Information] SkyApm.Service.CLRStatsService : Report CLR Stats. CPU UsagePercent 0 GenCollectCount 0 0 0 21M ThreadPool 32766 32767 1000 1000
2023-04-08 10:50:03.098 +08:00 [arswebapiservice5197] [Information] SkyApm.Service.CLRStatsService : Report CLR Stats. CPU UsagePercent 0 GenCollectCount 0 0 0 21M ThreadPool 32762 32767 1000 1000
2023-04-08 10:50:33.104 +08:00 [arswebapiservice5197] [Information] SkyApm.Service.PingService : Ping server @2023/4/8 2:50:33 +00:00
2023-04-08 10:50:33.106 +08:00 [arswebapiservice5197] [Information] SkyApm.Service.CLRStatsService : Report CLR Stats. CPU UsagePercent 0 GenCollectCount 0 0 0 22M ThreadPool 32759 32767 1000 1000
2023-04-08 10:51:03.121 +08:00 [arswebapiservice5197] [Information] SkyApm.Service.CLRStatsService : Report CLR Stats. CPU UsagePercent 0 GenCollectCount 0 0 0 23M ThreadPool 32766 32767 1000 1000
2023-04-08 10:51:33.102 +08:00 [arswebapiservice5197] [Information] SkyApm.Service.PingService : Ping server @2023/4/8 2:51:33 +00:00
2023-04-08 10:51:33.104 +08:00 [arswebapiservice5197] [Information] SkyApm.Service.CLRStatsService : Report CLR Stats. CPU UsagePercent 0 GenCollectCount 0 0 0 24M ThreadPool 32758 32767 1000 1000
2023-04-08 10:51:47.907 +08:00 [arswebapiservice5197] [Information] SkyApm.Transport.Grpc.V8.SegmentReporter : Report 2 trace segment. cost: 00:00:00.0219062s
2023-04-08 10:51:47.907 +08:00 [arswebapiservice5197] [Information] SkyApm.Transport.Grpc.SegmentReporter : Report 2 logs. cost: 00:00:00.0221750s
2023-04-08 10:51:47.917 +08:00 [arswebapiservice5197] [Information] SkyApm.Transport.Grpc.V8.SegmentReporter : Report 1 trace segment. cost: 00:00:00.0189782s
2023-04-08 10:52:03.098 +08:00 [arswebapiservice5197] [Information] SkyApm.Service.CLRStatsService : Report CLR Stats. CPU UsagePercent 0 GenCollectCount 0 0 0 25M ThreadPool 32762 32767 1000 1000
2023-04-08 10:52:33.099 +08:00 [arswebapiservice5197] [Information] SkyApm.Service.PingService : Ping server @2023/4/8 2:52:33 +00:00
2023-04-08 10:52:33.099 +08:00 [arswebapiservice5197] [Information] SkyApm.Service.CLRStatsService : Report CLR Stats. CPU UsagePercent 0 GenCollectCount 0 0 0 26M ThreadPool 32762 32767 1000 1000
2023-04-08 10:53:03.109 +08:00 [arswebapiservice5197] [Information] SkyApm.Service.CLRStatsService : Report CLR Stats. CPU UsagePercent 0 GenCollectCount 0 0 0 27M ThreadPool 32763 32767 1000 1000
2023-04-08 10:53:33.121 +08:00 [arswebapiservice5197] [Information] SkyApm.Service.PingService : Ping server @2023/4/8 2:53:33 +00:00
2023-04-08 10:53:33.123 +08:00 [arswebapiservice5197] [Information] SkyApm.Service.CLRStatsService : Report CLR Stats. CPU UsagePercent 0 GenCollectCount 0 0 0 27M ThreadPool 32765 32767 1000 1000
2023-04-08 10:54:03.097 +08:00 [arswebapiservice5197] [Information] SkyApm.Service.CLRStatsService : Report CLR Stats. CPU UsagePercent 0 GenCollectCount 0 0 0 28M ThreadPool 32764 32767 1000 1000
2023-04-08 10:54:33.099 +08:00 [arswebapiservice5197] [Information] SkyApm.Service.PingService : Ping server @2023/4/8 2:54:33 +00:00
2023-04-08 10:54:33.100 +08:00 [arswebapiservice5197] [Information] SkyApm.Service.CLRStatsService : Report CLR Stats. CPU UsagePercent 0 GenCollectCount 0 0 0 29M ThreadPool 32759 32767 1000 1000
2023-04-08 10:55:03.110 +08:00 [arswebapiservice5197] [Information] SkyApm.Service.CLRStatsService : Report CLR Stats. CPU UsagePercent 0 GenCollectCount 0 0 0 30M ThreadPool 32766 32767 1000 1000
2023-04-08 10:55:33.109 +08:00 [arswebapiservice5197] [Information] SkyApm.Service.PingService : Ping server @2023/4/8 2:55:33 +00:00
2023-04-08 10:55:33.109 +08:00 [arswebapiservice5197] [Information] SkyApm.Service.CLRStatsService : Report CLR Stats. CPU UsagePercent 0 GenCollectCount 0 0 0 30M ThreadPool 32760 32767 1000 1000
2023-04-08 10:56:03.101 +08:00 [arswebapiservice5197] [Information] SkyApm.Service.CLRStatsService : Report CLR Stats. CPU UsagePercent 0 GenCollectCount 0 0 0 31M ThreadPool 32761 32767 1000 1000
2023-04-08 10:56:33.108 +08:00 [arswebapiservice5197] [Information] SkyApm.Service.PingService : Ping server @2023/4/8 2:56:33 +00:00
2023-04-08 10:56:33.108 +08:00 [arswebapiservice5197] [Information] SkyApm.Service.CLRStatsService : Report CLR Stats. CPU UsagePercent 0 GenCollectCount 0 0 0 32M ThreadPool 32760 32767 1000 1000
2023-04-08 10:57:03.103 +08:00 [arswebapiservice5197] [Information] SkyApm.Service.CLRStatsService : Report CLR Stats. CPU UsagePercent 0 GenCollectCount 0 0 0 33M ThreadPool 32766 32767 1000 1000
2023-04-08 10:57:33.105 +08:00 [arswebapiservice5197] [Information] SkyApm.Service.PingService : Ping server @2023/4/8 2:57:33 +00:00
2023-04-08 10:57:33.105 +08:00 [arswebapiservice5197] [Information] SkyApm.Service.CLRStatsService : Report CLR Stats. CPU UsagePercent 1.5625 GenCollectCount 0 0 0 33M ThreadPool 32765 32767 1000 1000
2023-04-08 10:58:03.100 +08:00 [arswebapiservice5197] [Information] SkyApm.Service.CLRStatsService : Report CLR Stats. CPU UsagePercent 0 GenCollectCount 0 0 0 34M ThreadPool 32761 32767 1000 1000
2023-04-08 10:58:33.108 +08:00 [arswebapiservice5197] [Information] SkyApm.Service.CLRStatsService : Report CLR Stats. CPU UsagePercent 0 GenCollectCount 0 0 0 35M ThreadPool 32759 32767 1000 1000
2023-04-08 10:58:33.108 +08:00 [arswebapiservice5197] [Information] SkyApm.Service.PingService : Ping server @2023/4/8 2:58:33 +00:00
2023-04-08 10:59:44.828 +08:00 [arswebapiservice5197] [Information] SkyApm.InstrumentStartup : Initializing ...
2023-04-08 10:59:44.941 +08:00 [arswebapiservice5197] [Information] SkyApm.Service.RegisterService : Loaded instrument service [SkyApm.Service.RegisterService].
2023-04-08 10:59:44.941 +08:00 [arswebapiservice5197] [Information] SkyApm.Service.LogReportService : Loaded instrument service [SkyApm.Service.LogReportService].
2023-04-08 10:59:44.942 +08:00 [arswebapiservice5197] [Information] SkyApm.Service.PingService : Loaded instrument service [SkyApm.Service.PingService].
2023-04-08 10:59:44.942 +08:00 [arswebapiservice5197] [Information] SkyApm.Service.SegmentReportService : Loaded instrument service [SkyApm.Service.SegmentReportService].
2023-04-08 10:59:44.942 +08:00 [arswebapiservice5197] [Information] SkyApm.Service.CLRStatsService : Loaded instrument service [SkyApm.Service.CLRStatsService].
2023-04-08 10:59:44.943 +08:00 [arswebapiservice5197] [Information] SkyApm.Sampling.SimpleCountSamplingInterceptor : Loaded instrument service [SkyApm.Sampling.SimpleCountSamplingInterceptor].
2023-04-08 10:59:44.943 +08:00 [arswebapiservice5197] [Information] SkyApm.Transport.Grpc.ConnectService : Loaded instrument service [SkyApm.Transport.Grpc.ConnectService].
2023-04-08 10:59:45.125 +08:00 [arswebapiservice5197] [Information] SkyApm.Transport.Grpc.ConnectionManager : Connected server[127.0.0.1:11800].
2023-04-08 10:59:45.130 +08:00 [arswebapiservice5197] [Information] SkyApm.Diagnostics.TracingDiagnosticProcessorObserver : Loaded diagnostic listener [HttpHandlerDiagnosticListener].
2023-04-08 10:59:45.131 +08:00 [arswebapiservice5197] [Information] SkyApm.Diagnostics.TracingDiagnosticProcessorObserver : Loaded diagnostic listener [Microsoft.AspNetCore].
2023-04-08 10:59:45.131 +08:00 [arswebapiservice5197] [Information] SkyApm.InstrumentStartup : Started SkyAPM .NET Core Agent.
2023-04-08 10:59:45.827 +08:00 [arswebapiservice5197] [Information] SkyApm.Diagnostics.TracingDiagnosticProcessorObserver : Loaded diagnostic listener [Grpc.Net.Client].
2023-04-08 10:59:46.761 +08:00 [arswebapiservice5197] [Information] SkyApm.Service.RegisterService : Reported Service Instance Properties[Service=arswebapiservice5197,InstanceId=192.168.110.67@6efa87fadf3942f5b60ecb7228d9f643].
2023-04-08 10:59:51.134 +08:00 [arswebapiservice5197] [Information] SkyApm.Transport.Grpc.V8.SegmentReporter : Report 4 trace segment. cost: 00:00:00.1586314s
2023-04-08 11:00:14.982 +08:00 [arswebapiservice5197] [Information] SkyApm.Service.PingService : Ping server @2023/4/8 3:00:14 +00:00
2023-04-08 11:00:14.984 +08:00 [arswebapiservice5197] [Information] SkyApm.Service.CLRStatsService : Report CLR Stats. CPU UsagePercent 0 GenCollectCount 1 0 0 9M ThreadPool 32764 32767 1000 1000
2023-04-08 11:00:44.971 +08:00 [arswebapiservice5197] [Information] SkyApm.Service.CLRStatsService : Report CLR Stats. CPU UsagePercent 0 GenCollectCount 0 0 0 10M ThreadPool 32759 32767 1000 1000
2023-04-08 11:01:14.982 +08:00 [arswebapiservice5197] [Information] SkyApm.Service.CLRStatsService : Report CLR Stats. CPU UsagePercent 0 GenCollectCount 0 0 0 11M ThreadPool 32764 32767 1000 1000
2023-04-08 11:01:14.982 +08:00 [arswebapiservice5197] [Information] SkyApm.Service.PingService : Ping server @2023/4/8 3:01:14 +00:00
2023-04-08 11:01:44.952 +08:00 [arswebapiservice5197] [Information] SkyApm.Service.CLRStatsService : Report CLR Stats. CPU UsagePercent 0 GenCollectCount 0 0 0 12M ThreadPool 32762 32767 1000 1000
2023-04-08 11:02:26.186 +08:00 [arswebapiservice5196] [Information] SkyApm.InstrumentStartup : Initializing ...
2023-04-08 11:02:26.234 +08:00 [arswebapiservice5196] [Information] SkyApm.Service.RegisterService : Loaded instrument service [SkyApm.Service.RegisterService].
2023-04-08 11:02:26.234 +08:00 [arswebapiservice5196] [Information] SkyApm.Service.LogReportService : Loaded instrument service [SkyApm.Service.LogReportService].
2023-04-08 11:02:26.234 +08:00 [arswebapiservice5196] [Information] SkyApm.Service.PingService : Loaded instrument service [SkyApm.Service.PingService].
2023-04-08 11:02:26.234 +08:00 [arswebapiservice5196] [Information] SkyApm.Service.SegmentReportService : Loaded instrument service [SkyApm.Service.SegmentReportService].
2023-04-08 11:02:26.234 +08:00 [arswebapiservice5196] [Information] SkyApm.Service.CLRStatsService : Loaded instrument service [SkyApm.Service.CLRStatsService].
2023-04-08 11:02:26.234 +08:00 [arswebapiservice5196] [Information] SkyApm.Sampling.SimpleCountSamplingInterceptor : Loaded instrument service [SkyApm.Sampling.SimpleCountSamplingInterceptor].
2023-04-08 11:02:26.234 +08:00 [arswebapiservice5196] [Information] SkyApm.Transport.Grpc.ConnectService : Loaded instrument service [SkyApm.Transport.Grpc.ConnectService].
2023-04-08 11:02:26.318 +08:00 [arswebapiservice5196] [Information] SkyApm.Transport.Grpc.ConnectionManager : Connected server[127.0.0.1:11800].
2023-04-08 11:02:26.326 +08:00 [arswebapiservice5196] [Information] SkyApm.Diagnostics.TracingDiagnosticProcessorObserver : Loaded diagnostic listener [HttpHandlerDiagnosticListener].
2023-04-08 11:02:26.327 +08:00 [arswebapiservice5196] [Information] SkyApm.Diagnostics.TracingDiagnosticProcessorObserver : Loaded diagnostic listener [Microsoft.AspNetCore].
2023-04-08 11:02:26.327 +08:00 [arswebapiservice5196] [Information] SkyApm.InstrumentStartup : Started SkyAPM .NET Core Agent.
2023-04-08 11:02:26.938 +08:00 [arswebapiservice5196] [Information] SkyApm.Diagnostics.TracingDiagnosticProcessorObserver : Loaded diagnostic listener [Grpc.Net.Client].
2023-04-08 11:02:27.261 +08:00 [arswebapiservice5196] [Information] SkyApm.Service.RegisterService : Reported Service Instance Properties[Service=arswebapiservice5196,InstanceId=192.168.110.67@a5648d36cf204da9a4ee63c7157323bc].
2023-04-08 11:02:29.325 +08:00 [arswebapiservice5196] [Information] SkyApm.Transport.Grpc.V8.SegmentReporter : Report 4 trace segment. cost: 00:00:00.0600853s
2023-04-08 11:02:56.315 +08:00 [arswebapiservice5196] [Information] SkyApm.Service.PingService : Ping server @2023/4/8 3:02:56 +00:00
2023-04-08 11:02:56.323 +08:00 [arswebapiservice5196] [Information] SkyApm.Service.CLRStatsService : Report CLR Stats. CPU UsagePercent 0 GenCollectCount 0 0 0 26M ThreadPool 32765 32767 1000 1000
2023-04-08 11:03:26.271 +08:00 [arswebapiservice5196] [Information] SkyApm.Service.CLRStatsService : Report CLR Stats. CPU UsagePercent 0 GenCollectCount 0 0 0 27M ThreadPool 32766 32767 1000 1000
2023-04-08 11:03:38.350 +08:00 [arswebapiservice5196] [Information] SkyApm.Transport.Grpc.V8.SegmentReporter : Report 4 trace segment. cost: 00:00:00.0850801s
2023-04-08 11:03:56.261 +08:00 [arswebapiservice5196] [Information] SkyApm.Service.CLRStatsService : Report CLR Stats. CPU UsagePercent 0 GenCollectCount 0 0 0 32M ThreadPool 32758 32767 1000 1000
2023-04-08 11:03:56.268 +08:00 [arswebapiservice5196] [Information] SkyApm.Service.PingService : Ping server @2023/4/8 3:03:56 +00:00
2023-04-08 11:04:26.242 +08:00 [arswebapiservice5196] [Information] SkyApm.Service.CLRStatsService : Report CLR Stats. CPU UsagePercent 0 GenCollectCount 0 0 0 33M ThreadPool 32764 32767 1000 1000
2023-04-08 11:04:56.250 +08:00 [arswebapiservice5196] [Information] SkyApm.Service.PingService : Ping server @2023/4/8 3:04:56 +00:00
2023-04-08 11:04:56.251 +08:00 [arswebapiservice5196] [Information] SkyApm.Service.CLRStatsService : Report CLR Stats. CPU UsagePercent 0 GenCollectCount 1 1 0 7M ThreadPool 32758 32767 1000 1000
2023-04-08 11:05:26.260 +08:00 [arswebapiservice5196] [Information] SkyApm.Service.CLRStatsService : Report CLR Stats. CPU UsagePercent 0 GenCollectCount 2 2 1 7M ThreadPool 32757 32767 1000 1000
2023-04-08 11:05:56.243 +08:00 [arswebapiservice5196] [Information] SkyApm.Service.PingService : Ping server @2023/4/8 3:05:56 +00:00
2023-04-08 11:05:56.243 +08:00 [arswebapiservice5196] [Information] SkyApm.Service.CLRStatsService : Report CLR Stats. CPU UsagePercent 0 GenCollectCount 13 13 1 7M ThreadPool 32763 32767 1000 1000
2023-04-08 11:06:26.254 +08:00 [arswebapiservice5196] [Information] SkyApm.Service.CLRStatsService : Report CLR Stats. CPU UsagePercent 0 GenCollectCount 9 9 0 7M ThreadPool 32760 32767 1000 1000
2023-04-08 11:06:56.248 +08:00 [arswebapiservice5196] [Information] SkyApm.Service.PingService : Ping server @2023/4/8 3:06:56 +00:00
2023-04-08 11:06:56.248 +08:00 [arswebapiservice5196] [Information] SkyApm.Service.CLRStatsService : Report CLR Stats. CPU UsagePercent 0 GenCollectCount 2 2 0 7M ThreadPool 32759 32767 1000 1000
2023-04-08 11:07:26.261 +08:00 [arswebapiservice5196] [Information] SkyApm.Service.CLRStatsService : Report CLR Stats. CPU UsagePercent 0 GenCollectCount 2 2 0 7M ThreadPool 32757 32767 1000 1000
