2023-04-21 09:40:34.223 +08:00 [arswebapiservice5196] [Information] SkyApm.InstrumentStartup : Initializing ...
2023-04-21 09:40:34.269 +08:00 [arswebapiservice5196] [Information] SkyApm.Service.RegisterService : Loaded instrument service [SkyApm.Service.RegisterService].
2023-04-21 09:40:34.269 +08:00 [arswebapiservice5196] [Information] SkyApm.Service.LogReportService : Loaded instrument service [SkyApm.Service.LogReportService].
2023-04-21 09:40:34.269 +08:00 [arswebapiservice5196] [Information] SkyApm.Service.PingService : Loaded instrument service [SkyApm.Service.PingService].
2023-04-21 09:40:34.270 +08:00 [arswebapiservice5196] [Information] SkyApm.Service.SegmentReportService : Loaded instrument service [SkyApm.Service.SegmentReportService].
2023-04-21 09:40:34.271 +08:00 [arswebapiservice5196] [Information] SkyApm.Service.CLRStatsService : Loaded instrument service [SkyApm.Service.CLRStatsService].
2023-04-21 09:40:34.271 +08:00 [arswebapiservice5196] [Information] SkyApm.Sampling.SimpleCountSamplingInterceptor : Loaded instrument service [SkyApm.Sampling.SimpleCountSamplingInterceptor].
2023-04-21 09:40:34.271 +08:00 [arswebapiservice5196] [Information] SkyApm.Transport.Grpc.ConnectService : Loaded instrument service [SkyApm.Transport.Grpc.ConnectService].
2023-04-21 09:40:34.271 +08:00 [arswebapiservice5196] [Information] SkyApm.Service.RegisterService : Loaded instrument service [SkyApm.Service.RegisterService].
2023-04-21 09:40:34.271 +08:00 [arswebapiservice5196] [Information] SkyApm.Service.LogReportService : Loaded instrument service [SkyApm.Service.LogReportService].
2023-04-21 09:40:34.271 +08:00 [arswebapiservice5196] [Information] SkyApm.Service.PingService : Loaded instrument service [SkyApm.Service.PingService].
2023-04-21 09:40:34.271 +08:00 [arswebapiservice5196] [Information] SkyApm.Service.SegmentReportService : Loaded instrument service [SkyApm.Service.SegmentReportService].
2023-04-21 09:40:34.271 +08:00 [arswebapiservice5196] [Information] SkyApm.Service.CLRStatsService : Loaded instrument service [SkyApm.Service.CLRStatsService].
2023-04-21 09:40:34.271 +08:00 [arswebapiservice5196] [Information] SkyApm.Sampling.SimpleCountSamplingInterceptor : Loaded instrument service [SkyApm.Sampling.SimpleCountSamplingInterceptor].
2023-04-21 09:40:34.271 +08:00 [arswebapiservice5196] [Information] SkyApm.Transport.Grpc.ConnectService : Loaded instrument service [SkyApm.Transport.Grpc.ConnectService].
2023-04-21 09:40:34.501 +08:00 [arswebapiservice5196] [Information] SkyApm.Transport.Grpc.ConnectionManager : Connected server[172.20.64.1:11800].
2023-04-21 09:40:34.518 +08:00 [arswebapiservice5196] [Information] SkyApm.Diagnostics.TracingDiagnosticProcessorObserver : Loaded diagnostic listener [HttpHandlerDiagnosticListener].
2023-04-21 09:40:34.520 +08:00 [arswebapiservice5196] [Information] SkyApm.Diagnostics.TracingDiagnosticProcessorObserver : Loaded diagnostic listener [Microsoft.AspNetCore].
2023-04-21 09:40:34.520 +08:00 [arswebapiservice5196] [Information] SkyApm.InstrumentStartup : Started SkyAPM .NET Core Agent.
2023-04-21 09:40:34.520 +08:00 [arswebapiservice5196] [Information] SkyApm.InstrumentStartup : Initializing ...
2023-04-21 09:40:34.520 +08:00 [arswebapiservice5196] [Information] SkyApm.Service.RegisterService : Loaded instrument service [SkyApm.Service.RegisterService].
2023-04-21 09:40:34.520 +08:00 [arswebapiservice5196] [Information] SkyApm.Service.LogReportService : Loaded instrument service [SkyApm.Service.LogReportService].
2023-04-21 09:40:34.520 +08:00 [arswebapiservice5196] [Information] SkyApm.Service.PingService : Loaded instrument service [SkyApm.Service.PingService].
2023-04-21 09:40:34.520 +08:00 [arswebapiservice5196] [Information] SkyApm.Service.SegmentReportService : Loaded instrument service [SkyApm.Service.SegmentReportService].
2023-04-21 09:40:34.520 +08:00 [arswebapiservice5196] [Information] SkyApm.Service.CLRStatsService : Loaded instrument service [SkyApm.Service.CLRStatsService].
2023-04-21 09:40:34.520 +08:00 [arswebapiservice5196] [Information] SkyApm.Sampling.SimpleCountSamplingInterceptor : Loaded instrument service [SkyApm.Sampling.SimpleCountSamplingInterceptor].
2023-04-21 09:40:34.520 +08:00 [arswebapiservice5196] [Information] SkyApm.Transport.Grpc.ConnectService : Loaded instrument service [SkyApm.Transport.Grpc.ConnectService].
2023-04-21 09:40:34.520 +08:00 [arswebapiservice5196] [Information] SkyApm.Service.RegisterService : Loaded instrument service [SkyApm.Service.RegisterService].
2023-04-21 09:40:34.520 +08:00 [arswebapiservice5196] [Information] SkyApm.Service.LogReportService : Loaded instrument service [SkyApm.Service.LogReportService].
2023-04-21 09:40:34.520 +08:00 [arswebapiservice5196] [Information] SkyApm.Service.PingService : Loaded instrument service [SkyApm.Service.PingService].
2023-04-21 09:40:34.521 +08:00 [arswebapiservice5196] [Information] SkyApm.Service.SegmentReportService : Loaded instrument service [SkyApm.Service.SegmentReportService].
2023-04-21 09:40:34.521 +08:00 [arswebapiservice5196] [Information] SkyApm.Service.CLRStatsService : Loaded instrument service [SkyApm.Service.CLRStatsService].
2023-04-21 09:40:34.521 +08:00 [arswebapiservice5196] [Information] SkyApm.Sampling.SimpleCountSamplingInterceptor : Loaded instrument service [SkyApm.Sampling.SimpleCountSamplingInterceptor].
2023-04-21 09:40:34.521 +08:00 [arswebapiservice5196] [Information] SkyApm.Transport.Grpc.ConnectService : Loaded instrument service [SkyApm.Transport.Grpc.ConnectService].
2023-04-21 09:40:34.522 +08:00 [arswebapiservice5196] [Information] SkyApm.Diagnostics.TracingDiagnosticProcessorObserver : Loaded diagnostic listener [HttpHandlerDiagnosticListener].
2023-04-21 09:40:34.522 +08:00 [arswebapiservice5196] [Information] SkyApm.Diagnostics.TracingDiagnosticProcessorObserver : Loaded diagnostic listener [Microsoft.AspNetCore].
2023-04-21 09:40:34.522 +08:00 [arswebapiservice5196] [Information] SkyApm.InstrumentStartup : Started SkyAPM .NET Core Agent.
2023-04-21 09:40:34.600 +08:00 [arswebapiservice5196] [Information] SkyApm.Diagnostics.TracingDiagnosticProcessorObserver : Loaded diagnostic listener [Grpc.Net.Client].
2023-04-21 09:40:34.600 +08:00 [arswebapiservice5196] [Information] SkyApm.Diagnostics.TracingDiagnosticProcessorObserver : Loaded diagnostic listener [Grpc.Net.Client].
2023-04-21 09:40:34.881 +08:00 [arswebapiservice5196] [Information] SkyApm.Service.RegisterService : Reported Service Instance Properties[Service=arswebapiservice5196,InstanceId=192.168.110.63@e06990f4380745b4a2dbd7fcc371d596].
2023-04-21 09:40:34.881 +08:00 [arswebapiservice5196] [Information] SkyApm.Service.RegisterService : Reported Service Instance Properties[Service=arswebapiservice5196,InstanceId=192.168.110.63@e06990f4380745b4a2dbd7fcc371d596].
2023-04-21 09:40:34.890 +08:00 [arswebapiservice5196] [Information] SkyApm.Service.RegisterService : Reported Service Instance Properties[Service=arswebapiservice5196,InstanceId=192.168.110.63@e06990f4380745b4a2dbd7fcc371d596].
2023-04-21 09:40:34.890 +08:00 [arswebapiservice5196] [Information] SkyApm.Service.RegisterService : Reported Service Instance Properties[Service=arswebapiservice5196,InstanceId=192.168.110.63@e06990f4380745b4a2dbd7fcc371d596].
2023-04-21 09:40:37.481 +08:00 [arswebapiservice5196] [Information] SkyApm.Transport.Grpc.V8.SegmentReporter : Report 1 trace segment. cost: 00:00:00.1873890s
2023-04-21 09:40:37.481 +08:00 [arswebapiservice5196] [Information] SkyApm.Transport.Grpc.V8.SegmentReporter : Report 2 trace segment. cost: 00:00:00.1873906s
2023-04-21 09:40:37.542 +08:00 [arswebapiservice5196] [Information] SkyApm.Transport.Grpc.V8.SegmentReporter : Report 1 trace segment. cost: 00:00:00.0082768s
2023-04-21 09:41:04.310 +08:00 [arswebapiservice5196] [Information] SkyApm.Service.PingService : Ping server @2023/4/21 1:41:04 +00:00
2023-04-21 09:41:04.310 +08:00 [arswebapiservice5196] [Information] SkyApm.Service.PingService : Ping server @2023/4/21 1:41:04 +00:00
2023-04-21 09:41:04.326 +08:00 [arswebapiservice5196] [Information] SkyApm.Service.CLRStatsService : Report CLR Stats. CPU UsagePercent 0 GenCollectCount 0 0 0 28M ThreadPool 32763 32767 1000 1000
2023-04-21 09:41:04.326 +08:00 [arswebapiservice5196] [Information] SkyApm.Service.CLRStatsService : Report CLR Stats. CPU UsagePercent 0 GenCollectCount 0 0 0 28M ThreadPool 32763 32767 1000 1000
2023-04-21 09:41:04.546 +08:00 [arswebapiservice5196] [Information] SkyApm.Service.CLRStatsService : Report CLR Stats. CPU UsagePercent 0 GenCollectCount 0 0 0 28M ThreadPool 32759 32767 1000 1000
2023-04-21 09:41:04.546 +08:00 [arswebapiservice5196] [Information] SkyApm.Service.CLRStatsService : Report CLR Stats. CPU UsagePercent 0 GenCollectCount 0 0 0 28M ThreadPool 32759 32767 1000 1000
2023-04-21 09:41:04.546 +08:00 [arswebapiservice5196] [Information] SkyApm.Service.PingService : Ping server @2023/4/21 1:41:04 +00:00
2023-04-21 09:41:04.548 +08:00 [arswebapiservice5196] [Information] SkyApm.Service.PingService : Ping server @2023/4/21 1:41:04 +00:00
2023-04-21 09:42:10.997 +08:00 [arswebapiservice5196] [Information] SkyApm.InstrumentStartup : Initializing ...
2023-04-21 09:42:11.070 +08:00 [arswebapiservice5196] [Information] SkyApm.Service.RegisterService : Loaded instrument service [SkyApm.Service.RegisterService].
2023-04-21 09:42:11.070 +08:00 [arswebapiservice5196] [Information] SkyApm.Service.LogReportService : Loaded instrument service [SkyApm.Service.LogReportService].
2023-04-21 09:42:11.070 +08:00 [arswebapiservice5196] [Information] SkyApm.Service.PingService : Loaded instrument service [SkyApm.Service.PingService].
2023-04-21 09:42:11.070 +08:00 [arswebapiservice5196] [Information] SkyApm.Service.SegmentReportService : Loaded instrument service [SkyApm.Service.SegmentReportService].
2023-04-21 09:42:11.070 +08:00 [arswebapiservice5196] [Information] SkyApm.Service.CLRStatsService : Loaded instrument service [SkyApm.Service.CLRStatsService].
2023-04-21 09:42:11.070 +08:00 [arswebapiservice5196] [Information] SkyApm.Sampling.SimpleCountSamplingInterceptor : Loaded instrument service [SkyApm.Sampling.SimpleCountSamplingInterceptor].
2023-04-21 09:42:11.070 +08:00 [arswebapiservice5196] [Information] SkyApm.Transport.Grpc.ConnectService : Loaded instrument service [SkyApm.Transport.Grpc.ConnectService].
2023-04-21 09:42:11.070 +08:00 [arswebapiservice5196] [Information] SkyApm.Service.RegisterService : Loaded instrument service [SkyApm.Service.RegisterService].
2023-04-21 09:42:11.070 +08:00 [arswebapiservice5196] [Information] SkyApm.Service.LogReportService : Loaded instrument service [SkyApm.Service.LogReportService].
2023-04-21 09:42:11.070 +08:00 [arswebapiservice5196] [Information] SkyApm.Service.PingService : Loaded instrument service [SkyApm.Service.PingService].
2023-04-21 09:42:11.070 +08:00 [arswebapiservice5196] [Information] SkyApm.Service.SegmentReportService : Loaded instrument service [SkyApm.Service.SegmentReportService].
2023-04-21 09:42:11.070 +08:00 [arswebapiservice5196] [Information] SkyApm.Service.CLRStatsService : Loaded instrument service [SkyApm.Service.CLRStatsService].
2023-04-21 09:42:11.071 +08:00 [arswebapiservice5196] [Information] SkyApm.Sampling.SimpleCountSamplingInterceptor : Loaded instrument service [SkyApm.Sampling.SimpleCountSamplingInterceptor].
2023-04-21 09:42:11.071 +08:00 [arswebapiservice5196] [Information] SkyApm.Transport.Grpc.ConnectService : Loaded instrument service [SkyApm.Transport.Grpc.ConnectService].
2023-04-21 09:42:11.153 +08:00 [arswebapiservice5196] [Information] SkyApm.Transport.Grpc.ConnectionManager : Connected server[172.20.64.1:11800].
2023-04-21 09:42:11.171 +08:00 [arswebapiservice5196] [Information] SkyApm.Diagnostics.TracingDiagnosticProcessorObserver : Loaded diagnostic listener [HttpHandlerDiagnosticListener].
2023-04-21 09:42:11.172 +08:00 [arswebapiservice5196] [Information] SkyApm.Diagnostics.TracingDiagnosticProcessorObserver : Loaded diagnostic listener [Microsoft.AspNetCore].
2023-04-21 09:42:11.172 +08:00 [arswebapiservice5196] [Information] SkyApm.InstrumentStartup : Started SkyAPM .NET Core Agent.
2023-04-21 09:42:11.172 +08:00 [arswebapiservice5196] [Information] SkyApm.InstrumentStartup : Initializing ...
2023-04-21 09:42:11.172 +08:00 [arswebapiservice5196] [Information] SkyApm.Service.RegisterService : Loaded instrument service [SkyApm.Service.RegisterService].
2023-04-21 09:42:11.172 +08:00 [arswebapiservice5196] [Information] SkyApm.Service.LogReportService : Loaded instrument service [SkyApm.Service.LogReportService].
2023-04-21 09:42:11.172 +08:00 [arswebapiservice5196] [Information] SkyApm.Service.PingService : Loaded instrument service [SkyApm.Service.PingService].
2023-04-21 09:42:11.172 +08:00 [arswebapiservice5196] [Information] SkyApm.Service.SegmentReportService : Loaded instrument service [SkyApm.Service.SegmentReportService].
2023-04-21 09:42:11.172 +08:00 [arswebapiservice5196] [Information] SkyApm.Service.CLRStatsService : Loaded instrument service [SkyApm.Service.CLRStatsService].
2023-04-21 09:42:11.172 +08:00 [arswebapiservice5196] [Information] SkyApm.Sampling.SimpleCountSamplingInterceptor : Loaded instrument service [SkyApm.Sampling.SimpleCountSamplingInterceptor].
2023-04-21 09:42:11.172 +08:00 [arswebapiservice5196] [Information] SkyApm.Transport.Grpc.ConnectService : Loaded instrument service [SkyApm.Transport.Grpc.ConnectService].
2023-04-21 09:42:11.172 +08:00 [arswebapiservice5196] [Information] SkyApm.Service.RegisterService : Loaded instrument service [SkyApm.Service.RegisterService].
2023-04-21 09:42:11.172 +08:00 [arswebapiservice5196] [Information] SkyApm.Service.LogReportService : Loaded instrument service [SkyApm.Service.LogReportService].
2023-04-21 09:42:11.172 +08:00 [arswebapiservice5196] [Information] SkyApm.Service.PingService : Loaded instrument service [SkyApm.Service.PingService].
2023-04-21 09:42:11.172 +08:00 [arswebapiservice5196] [Information] SkyApm.Service.SegmentReportService : Loaded instrument service [SkyApm.Service.SegmentReportService].
2023-04-21 09:42:11.172 +08:00 [arswebapiservice5196] [Information] SkyApm.Service.CLRStatsService : Loaded instrument service [SkyApm.Service.CLRStatsService].
2023-04-21 09:42:11.172 +08:00 [arswebapiservice5196] [Information] SkyApm.Sampling.SimpleCountSamplingInterceptor : Loaded instrument service [SkyApm.Sampling.SimpleCountSamplingInterceptor].
2023-04-21 09:42:11.172 +08:00 [arswebapiservice5196] [Information] SkyApm.Transport.Grpc.ConnectService : Loaded instrument service [SkyApm.Transport.Grpc.ConnectService].
2023-04-21 09:42:11.173 +08:00 [arswebapiservice5196] [Information] SkyApm.Diagnostics.TracingDiagnosticProcessorObserver : Loaded diagnostic listener [HttpHandlerDiagnosticListener].
2023-04-21 09:42:11.173 +08:00 [arswebapiservice5196] [Information] SkyApm.Diagnostics.TracingDiagnosticProcessorObserver : Loaded diagnostic listener [Microsoft.AspNetCore].
2023-04-21 09:42:11.173 +08:00 [arswebapiservice5196] [Information] SkyApm.InstrumentStartup : Started SkyAPM .NET Core Agent.
2023-04-21 09:42:11.244 +08:00 [arswebapiservice5196] [Information] SkyApm.Diagnostics.TracingDiagnosticProcessorObserver : Loaded diagnostic listener [Grpc.Net.Client].
2023-04-21 09:42:11.245 +08:00 [arswebapiservice5196] [Information] SkyApm.Diagnostics.TracingDiagnosticProcessorObserver : Loaded diagnostic listener [Grpc.Net.Client].
2023-04-21 09:42:11.545 +08:00 [arswebapiservice5196] [Information] SkyApm.Service.RegisterService : Reported Service Instance Properties[Service=arswebapiservice5196,InstanceId=192.168.110.63@48af9b5488fb4e69a3b003ec446b64c5].
2023-04-21 09:42:11.545 +08:00 [arswebapiservice5196] [Information] SkyApm.Service.RegisterService : Reported Service Instance Properties[Service=arswebapiservice5196,InstanceId=192.168.110.63@48af9b5488fb4e69a3b003ec446b64c5].
2023-04-21 09:42:11.669 +08:00 [arswebapiservice5196] [Information] SkyApm.Service.RegisterService : Reported Service Instance Properties[Service=arswebapiservice5196,InstanceId=192.168.110.63@48af9b5488fb4e69a3b003ec446b64c5].
2023-04-21 09:42:11.669 +08:00 [arswebapiservice5196] [Information] SkyApm.Service.RegisterService : Reported Service Instance Properties[Service=arswebapiservice5196,InstanceId=192.168.110.63@48af9b5488fb4e69a3b003ec446b64c5].
2023-04-21 09:42:41.117 +08:00 [arswebapiservice5196] [Information] SkyApm.Service.PingService : Ping server @2023/4/21 1:42:41 +00:00
2023-04-21 09:42:41.117 +08:00 [arswebapiservice5196] [Information] SkyApm.Service.PingService : Ping server @2023/4/21 1:42:41 +00:00
2023-04-21 09:42:41.123 +08:00 [arswebapiservice5196] [Information] SkyApm.Service.CLRStatsService : Report CLR Stats. CPU UsagePercent 0 GenCollectCount 0 0 0 22M ThreadPool 32763 32767 1000 1000
2023-04-21 09:42:41.123 +08:00 [arswebapiservice5196] [Information] SkyApm.Service.CLRStatsService : Report CLR Stats. CPU UsagePercent 0 GenCollectCount 0 0 0 22M ThreadPool 32763 32767 1000 1000
2023-04-21 09:42:41.195 +08:00 [arswebapiservice5196] [Information] SkyApm.Service.PingService : Ping server @2023/4/21 1:42:41 +00:00
2023-04-21 09:42:41.195 +08:00 [arswebapiservice5196] [Information] SkyApm.Service.CLRStatsService : Report CLR Stats. CPU UsagePercent 0 GenCollectCount 0 0 0 22M ThreadPool 32758 32767 1000 1000
2023-04-21 09:42:41.195 +08:00 [arswebapiservice5196] [Information] SkyApm.Service.CLRStatsService : Report CLR Stats. CPU UsagePercent 0 GenCollectCount 0 0 0 23M ThreadPool 32758 32767 1000 1000
2023-04-21 09:42:41.195 +08:00 [arswebapiservice5196] [Information] SkyApm.Service.PingService : Ping server @2023/4/21 1:42:41 +00:00
2023-04-21 09:43:11.090 +08:00 [arswebapiservice5196] [Information] SkyApm.Service.CLRStatsService : Report CLR Stats. CPU UsagePercent 0 GenCollectCount 0 0 0 25M ThreadPool 32753 32767 1000 1000
2023-04-21 09:43:11.090 +08:00 [arswebapiservice5196] [Information] SkyApm.Service.CLRStatsService : Report CLR Stats. CPU UsagePercent 0 GenCollectCount 0 0 0 25M ThreadPool 32765 32767 1000 1000
2023-04-21 09:43:11.193 +08:00 [arswebapiservice5196] [Information] SkyApm.Service.CLRStatsService : Report CLR Stats. CPU UsagePercent 0 GenCollectCount 0 0 0 25M ThreadPool 32758 32767 1000 1000
2023-04-21 09:43:11.193 +08:00 [arswebapiservice5196] [Information] SkyApm.Service.CLRStatsService : Report CLR Stats. CPU UsagePercent 0 GenCollectCount 0 0 0 25M ThreadPool 32754 32767 1000 1000
2023-04-21 09:43:32.145 +08:00 [arswebapiservice5196] [Information] SkyApm.InstrumentStartup : Initializing ...
2023-04-21 09:43:32.198 +08:00 [arswebapiservice5196] [Information] SkyApm.Service.RegisterService : Loaded instrument service [SkyApm.Service.RegisterService].
2023-04-21 09:43:32.198 +08:00 [arswebapiservice5196] [Information] SkyApm.Service.LogReportService : Loaded instrument service [SkyApm.Service.LogReportService].
2023-04-21 09:43:32.198 +08:00 [arswebapiservice5196] [Information] SkyApm.Service.PingService : Loaded instrument service [SkyApm.Service.PingService].
2023-04-21 09:43:32.198 +08:00 [arswebapiservice5196] [Information] SkyApm.Service.SegmentReportService : Loaded instrument service [SkyApm.Service.SegmentReportService].
2023-04-21 09:43:32.198 +08:00 [arswebapiservice5196] [Information] SkyApm.Service.CLRStatsService : Loaded instrument service [SkyApm.Service.CLRStatsService].
2023-04-21 09:43:32.198 +08:00 [arswebapiservice5196] [Information] SkyApm.Sampling.SimpleCountSamplingInterceptor : Loaded instrument service [SkyApm.Sampling.SimpleCountSamplingInterceptor].
2023-04-21 09:43:32.198 +08:00 [arswebapiservice5196] [Information] SkyApm.Transport.Grpc.ConnectService : Loaded instrument service [SkyApm.Transport.Grpc.ConnectService].
2023-04-21 09:43:32.199 +08:00 [arswebapiservice5196] [Information] SkyApm.Service.RegisterService : Loaded instrument service [SkyApm.Service.RegisterService].
2023-04-21 09:43:32.199 +08:00 [arswebapiservice5196] [Information] SkyApm.Service.LogReportService : Loaded instrument service [SkyApm.Service.LogReportService].
2023-04-21 09:43:32.199 +08:00 [arswebapiservice5196] [Information] SkyApm.Service.PingService : Loaded instrument service [SkyApm.Service.PingService].
2023-04-21 09:43:32.199 +08:00 [arswebapiservice5196] [Information] SkyApm.Service.SegmentReportService : Loaded instrument service [SkyApm.Service.SegmentReportService].
2023-04-21 09:43:32.199 +08:00 [arswebapiservice5196] [Information] SkyApm.Service.CLRStatsService : Loaded instrument service [SkyApm.Service.CLRStatsService].
2023-04-21 09:43:32.199 +08:00 [arswebapiservice5196] [Information] SkyApm.Sampling.SimpleCountSamplingInterceptor : Loaded instrument service [SkyApm.Sampling.SimpleCountSamplingInterceptor].
2023-04-21 09:43:32.199 +08:00 [arswebapiservice5196] [Information] SkyApm.Transport.Grpc.ConnectService : Loaded instrument service [SkyApm.Transport.Grpc.ConnectService].
2023-04-21 09:43:32.283 +08:00 [arswebapiservice5196] [Information] SkyApm.Transport.Grpc.ConnectionManager : Connected server[172.20.64.1:11800].
2023-04-21 09:43:32.304 +08:00 [arswebapiservice5196] [Information] SkyApm.Diagnostics.TracingDiagnosticProcessorObserver : Loaded diagnostic listener [HttpHandlerDiagnosticListener].
2023-04-21 09:43:32.306 +08:00 [arswebapiservice5196] [Information] SkyApm.Diagnostics.TracingDiagnosticProcessorObserver : Loaded diagnostic listener [Microsoft.AspNetCore].
2023-04-21 09:43:32.306 +08:00 [arswebapiservice5196] [Information] SkyApm.InstrumentStartup : Started SkyAPM .NET Core Agent.
2023-04-21 09:43:32.306 +08:00 [arswebapiservice5196] [Information] SkyApm.InstrumentStartup : Initializing ...
2023-04-21 09:43:32.307 +08:00 [arswebapiservice5196] [Information] SkyApm.Service.RegisterService : Loaded instrument service [SkyApm.Service.RegisterService].
2023-04-21 09:43:32.307 +08:00 [arswebapiservice5196] [Information] SkyApm.Service.LogReportService : Loaded instrument service [SkyApm.Service.LogReportService].
2023-04-21 09:43:32.307 +08:00 [arswebapiservice5196] [Information] SkyApm.Service.PingService : Loaded instrument service [SkyApm.Service.PingService].
2023-04-21 09:43:32.307 +08:00 [arswebapiservice5196] [Information] SkyApm.Service.SegmentReportService : Loaded instrument service [SkyApm.Service.SegmentReportService].
2023-04-21 09:43:32.307 +08:00 [arswebapiservice5196] [Information] SkyApm.Service.CLRStatsService : Loaded instrument service [SkyApm.Service.CLRStatsService].
2023-04-21 09:43:32.308 +08:00 [arswebapiservice5196] [Information] SkyApm.Sampling.SimpleCountSamplingInterceptor : Loaded instrument service [SkyApm.Sampling.SimpleCountSamplingInterceptor].
2023-04-21 09:43:32.308 +08:00 [arswebapiservice5196] [Information] SkyApm.Transport.Grpc.ConnectService : Loaded instrument service [SkyApm.Transport.Grpc.ConnectService].
2023-04-21 09:43:32.308 +08:00 [arswebapiservice5196] [Information] SkyApm.Service.RegisterService : Loaded instrument service [SkyApm.Service.RegisterService].
2023-04-21 09:43:32.308 +08:00 [arswebapiservice5196] [Information] SkyApm.Service.LogReportService : Loaded instrument service [SkyApm.Service.LogReportService].
2023-04-21 09:43:32.308 +08:00 [arswebapiservice5196] [Information] SkyApm.Service.PingService : Loaded instrument service [SkyApm.Service.PingService].
2023-04-21 09:43:32.308 +08:00 [arswebapiservice5196] [Information] SkyApm.Service.SegmentReportService : Loaded instrument service [SkyApm.Service.SegmentReportService].
2023-04-21 09:43:32.308 +08:00 [arswebapiservice5196] [Information] SkyApm.Service.CLRStatsService : Loaded instrument service [SkyApm.Service.CLRStatsService].
2023-04-21 09:43:32.309 +08:00 [arswebapiservice5196] [Information] SkyApm.Sampling.SimpleCountSamplingInterceptor : Loaded instrument service [SkyApm.Sampling.SimpleCountSamplingInterceptor].
2023-04-21 09:43:32.309 +08:00 [arswebapiservice5196] [Information] SkyApm.Transport.Grpc.ConnectService : Loaded instrument service [SkyApm.Transport.Grpc.ConnectService].
2023-04-21 09:43:32.311 +08:00 [arswebapiservice5196] [Information] SkyApm.Diagnostics.TracingDiagnosticProcessorObserver : Loaded diagnostic listener [HttpHandlerDiagnosticListener].
2023-04-21 09:43:32.311 +08:00 [arswebapiservice5196] [Information] SkyApm.Diagnostics.TracingDiagnosticProcessorObserver : Loaded diagnostic listener [Microsoft.AspNetCore].
2023-04-21 09:43:32.311 +08:00 [arswebapiservice5196] [Information] SkyApm.InstrumentStartup : Started SkyAPM .NET Core Agent.
2023-04-21 09:43:32.407 +08:00 [arswebapiservice5196] [Information] SkyApm.Diagnostics.TracingDiagnosticProcessorObserver : Loaded diagnostic listener [Grpc.Net.Client].
2023-04-21 09:43:32.407 +08:00 [arswebapiservice5196] [Information] SkyApm.Diagnostics.TracingDiagnosticProcessorObserver : Loaded diagnostic listener [Grpc.Net.Client].
2023-04-21 09:43:32.692 +08:00 [arswebapiservice5196] [Information] SkyApm.Service.RegisterService : Reported Service Instance Properties[Service=arswebapiservice5196,InstanceId=192.168.110.63@36f94f38dd134b40b0ab6f819dbf60ff].
2023-04-21 09:43:32.692 +08:00 [arswebapiservice5196] [Information] SkyApm.Service.RegisterService : Reported Service Instance Properties[Service=arswebapiservice5196,InstanceId=192.168.110.63@36f94f38dd134b40b0ab6f819dbf60ff].
2023-04-21 09:43:32.796 +08:00 [arswebapiservice5196] [Information] SkyApm.Service.RegisterService : Reported Service Instance Properties[Service=arswebapiservice5196,InstanceId=192.168.110.63@36f94f38dd134b40b0ab6f819dbf60ff].
2023-04-21 09:43:32.805 +08:00 [arswebapiservice5196] [Information] SkyApm.Service.RegisterService : Reported Service Instance Properties[Service=arswebapiservice5196,InstanceId=192.168.110.63@36f94f38dd134b40b0ab6f819dbf60ff].
2023-04-21 09:43:35.306 +08:00 [arswebapiservice5196] [Information] SkyApm.Transport.Grpc.V8.SegmentReporter : Report 4 trace segment. cost: 00:00:00.0706278s
2023-04-21 09:44:02.257 +08:00 [arswebapiservice5196] [Information] SkyApm.Service.PingService : Ping server @2023/4/21 1:44:02 +00:00
2023-04-21 09:44:02.257 +08:00 [arswebapiservice5196] [Information] SkyApm.Service.PingService : Ping server @2023/4/21 1:44:02 +00:00
2023-04-21 09:44:02.259 +08:00 [arswebapiservice5196] [Information] SkyApm.Service.CLRStatsService : Report CLR Stats. CPU UsagePercent 0 GenCollectCount 0 0 0 28M ThreadPool 32763 32767 1000 1000
2023-04-21 09:44:02.259 +08:00 [arswebapiservice5196] [Information] SkyApm.Service.CLRStatsService : Report CLR Stats. CPU UsagePercent 0 GenCollectCount 0 0 0 28M ThreadPool 32763 32767 1000 1000
2023-04-21 09:44:02.335 +08:00 [arswebapiservice5196] [Information] SkyApm.Service.CLRStatsService : Report CLR Stats. CPU UsagePercent 0 GenCollectCount 0 0 0 28M ThreadPool 32763 32767 1000 1000
2023-04-21 09:44:02.335 +08:00 [arswebapiservice5196] [Information] SkyApm.Service.PingService : Ping server @2023/4/21 1:44:02 +00:00
2023-04-21 09:44:02.335 +08:00 [arswebapiservice5196] [Information] SkyApm.Service.CLRStatsService : Report CLR Stats. CPU UsagePercent 0 GenCollectCount 0 0 0 28M ThreadPool 32763 32767 1000 1000
2023-04-21 09:44:02.335 +08:00 [arswebapiservice5196] [Information] SkyApm.Service.PingService : Ping server @2023/4/21 1:44:02 +00:00
2023-04-21 09:44:32.216 +08:00 [arswebapiservice5196] [Information] SkyApm.Service.CLRStatsService : Report CLR Stats. CPU UsagePercent 0 GenCollectCount 0 0 0 30M ThreadPool 32753 32767 1000 1000
2023-04-21 09:44:32.216 +08:00 [arswebapiservice5196] [Information] SkyApm.Service.CLRStatsService : Report CLR Stats. CPU UsagePercent 0 GenCollectCount 0 0 0 30M ThreadPool 32754 32767 1000 1000
2023-04-21 09:44:32.340 +08:00 [arswebapiservice5196] [Information] SkyApm.Service.CLRStatsService : Report CLR Stats. CPU UsagePercent 0 GenCollectCount 0 0 0 30M ThreadPool 32755 32767 1000 1000
2023-04-21 09:44:32.340 +08:00 [arswebapiservice5196] [Information] SkyApm.Service.CLRStatsService : Report CLR Stats. CPU UsagePercent 0 GenCollectCount 0 0 0 30M ThreadPool 32755 32767 1000 1000
2023-04-21 09:45:02.227 +08:00 [arswebapiservice5196] [Information] SkyApm.Service.CLRStatsService : Report CLR Stats. CPU UsagePercent 1.5625 GenCollectCount 0 0 0 32M ThreadPool 32759 32767 1000 1000
2023-04-21 09:45:02.227 +08:00 [arswebapiservice5196] [Information] SkyApm.Service.PingService : Ping server @2023/4/21 1:45:02 +00:00
2023-04-21 09:45:02.227 +08:00 [arswebapiservice5196] [Information] SkyApm.Service.CLRStatsService : Report CLR Stats. CPU UsagePercent 1.5625 GenCollectCount 0 0 0 32M ThreadPool 32759 32767 1000 1000
2023-04-21 09:45:02.227 +08:00 [arswebapiservice5196] [Information] SkyApm.Service.PingService : Ping server @2023/4/21 1:45:02 +00:00
2023-04-21 09:45:02.314 +08:00 [arswebapiservice5196] [Information] SkyApm.Service.CLRStatsService : Report CLR Stats. CPU UsagePercent 1.5625 GenCollectCount 0 0 0 32M ThreadPool 32759 32767 1000 1000
2023-04-21 09:45:02.314 +08:00 [arswebapiservice5196] [Information] SkyApm.Service.PingService : Ping server @2023/4/21 1:45:02 +00:00
2023-04-21 09:45:02.329 +08:00 [arswebapiservice5196] [Information] SkyApm.Service.CLRStatsService : Report CLR Stats. CPU UsagePercent 1.5625 GenCollectCount 0 0 0 32M ThreadPool 32762 32767 1000 1000
2023-04-21 09:45:02.329 +08:00 [arswebapiservice5196] [Information] SkyApm.Service.PingService : Ping server @2023/4/21 1:45:02 +00:00
2023-04-21 09:47:26.234 +08:00 [arswebapiservice5196] [Information] SkyApm.InstrumentStartup : Initializing ...
2023-04-21 09:47:26.278 +08:00 [arswebapiservice5196] [Information] SkyApm.Service.RegisterService : Loaded instrument service [SkyApm.Service.RegisterService].
2023-04-21 09:47:26.283 +08:00 [arswebapiservice5196] [Information] SkyApm.Service.LogReportService : Loaded instrument service [SkyApm.Service.LogReportService].
2023-04-21 09:47:26.283 +08:00 [arswebapiservice5196] [Information] SkyApm.Service.PingService : Loaded instrument service [SkyApm.Service.PingService].
2023-04-21 09:47:26.283 +08:00 [arswebapiservice5196] [Information] SkyApm.Service.SegmentReportService : Loaded instrument service [SkyApm.Service.SegmentReportService].
2023-04-21 09:47:26.283 +08:00 [arswebapiservice5196] [Information] SkyApm.Service.CLRStatsService : Loaded instrument service [SkyApm.Service.CLRStatsService].
2023-04-21 09:47:26.283 +08:00 [arswebapiservice5196] [Information] SkyApm.Sampling.SimpleCountSamplingInterceptor : Loaded instrument service [SkyApm.Sampling.SimpleCountSamplingInterceptor].
2023-04-21 09:47:26.283 +08:00 [arswebapiservice5196] [Information] SkyApm.Transport.Grpc.ConnectService : Loaded instrument service [SkyApm.Transport.Grpc.ConnectService].
2023-04-21 09:47:26.283 +08:00 [arswebapiservice5196] [Information] SkyApm.Service.RegisterService : Loaded instrument service [SkyApm.Service.RegisterService].
2023-04-21 09:47:26.283 +08:00 [arswebapiservice5196] [Information] SkyApm.Service.LogReportService : Loaded instrument service [SkyApm.Service.LogReportService].
2023-04-21 09:47:26.284 +08:00 [arswebapiservice5196] [Information] SkyApm.Service.PingService : Loaded instrument service [SkyApm.Service.PingService].
2023-04-21 09:47:26.284 +08:00 [arswebapiservice5196] [Information] SkyApm.Service.SegmentReportService : Loaded instrument service [SkyApm.Service.SegmentReportService].
2023-04-21 09:47:26.284 +08:00 [arswebapiservice5196] [Information] SkyApm.Service.CLRStatsService : Loaded instrument service [SkyApm.Service.CLRStatsService].
2023-04-21 09:47:26.284 +08:00 [arswebapiservice5196] [Information] SkyApm.Sampling.SimpleCountSamplingInterceptor : Loaded instrument service [SkyApm.Sampling.SimpleCountSamplingInterceptor].
2023-04-21 09:47:26.284 +08:00 [arswebapiservice5196] [Information] SkyApm.Transport.Grpc.ConnectService : Loaded instrument service [SkyApm.Transport.Grpc.ConnectService].
2023-04-21 09:47:26.349 +08:00 [arswebapiservice5196] [Information] SkyApm.Transport.Grpc.ConnectionManager : Connected server[172.20.64.1:11800].
2023-04-21 09:47:26.362 +08:00 [arswebapiservice5196] [Information] SkyApm.Diagnostics.TracingDiagnosticProcessorObserver : Loaded diagnostic listener [HttpHandlerDiagnosticListener].
2023-04-21 09:47:26.365 +08:00 [arswebapiservice5196] [Information] SkyApm.Diagnostics.TracingDiagnosticProcessorObserver : Loaded diagnostic listener [Microsoft.AspNetCore].
2023-04-21 09:47:26.365 +08:00 [arswebapiservice5196] [Information] SkyApm.InstrumentStartup : Started SkyAPM .NET Core Agent.
2023-04-21 09:47:26.365 +08:00 [arswebapiservice5196] [Information] SkyApm.InstrumentStartup : Initializing ...
2023-04-21 09:47:26.365 +08:00 [arswebapiservice5196] [Information] SkyApm.Service.RegisterService : Loaded instrument service [SkyApm.Service.RegisterService].
2023-04-21 09:47:26.365 +08:00 [arswebapiservice5196] [Information] SkyApm.Service.LogReportService : Loaded instrument service [SkyApm.Service.LogReportService].
2023-04-21 09:47:26.365 +08:00 [arswebapiservice5196] [Information] SkyApm.Service.PingService : Loaded instrument service [SkyApm.Service.PingService].
2023-04-21 09:47:26.365 +08:00 [arswebapiservice5196] [Information] SkyApm.Service.SegmentReportService : Loaded instrument service [SkyApm.Service.SegmentReportService].
2023-04-21 09:47:26.365 +08:00 [arswebapiservice5196] [Information] SkyApm.Service.CLRStatsService : Loaded instrument service [SkyApm.Service.CLRStatsService].
2023-04-21 09:47:26.365 +08:00 [arswebapiservice5196] [Information] SkyApm.Sampling.SimpleCountSamplingInterceptor : Loaded instrument service [SkyApm.Sampling.SimpleCountSamplingInterceptor].
2023-04-21 09:47:26.365 +08:00 [arswebapiservice5196] [Information] SkyApm.Transport.Grpc.ConnectService : Loaded instrument service [SkyApm.Transport.Grpc.ConnectService].
2023-04-21 09:47:26.365 +08:00 [arswebapiservice5196] [Information] SkyApm.Service.RegisterService : Loaded instrument service [SkyApm.Service.RegisterService].
2023-04-21 09:47:26.365 +08:00 [arswebapiservice5196] [Information] SkyApm.Service.LogReportService : Loaded instrument service [SkyApm.Service.LogReportService].
2023-04-21 09:47:26.365 +08:00 [arswebapiservice5196] [Information] SkyApm.Service.PingService : Loaded instrument service [SkyApm.Service.PingService].
2023-04-21 09:47:26.365 +08:00 [arswebapiservice5196] [Information] SkyApm.Service.SegmentReportService : Loaded instrument service [SkyApm.Service.SegmentReportService].
2023-04-21 09:47:26.365 +08:00 [arswebapiservice5196] [Information] SkyApm.Service.CLRStatsService : Loaded instrument service [SkyApm.Service.CLRStatsService].
2023-04-21 09:47:26.365 +08:00 [arswebapiservice5196] [Information] SkyApm.Sampling.SimpleCountSamplingInterceptor : Loaded instrument service [SkyApm.Sampling.SimpleCountSamplingInterceptor].
2023-04-21 09:47:26.365 +08:00 [arswebapiservice5196] [Information] SkyApm.Transport.Grpc.ConnectService : Loaded instrument service [SkyApm.Transport.Grpc.ConnectService].
2023-04-21 09:47:26.366 +08:00 [arswebapiservice5196] [Information] SkyApm.Diagnostics.TracingDiagnosticProcessorObserver : Loaded diagnostic listener [HttpHandlerDiagnosticListener].
2023-04-21 09:47:26.366 +08:00 [arswebapiservice5196] [Information] SkyApm.Diagnostics.TracingDiagnosticProcessorObserver : Loaded diagnostic listener [Microsoft.AspNetCore].
2023-04-21 09:47:26.366 +08:00 [arswebapiservice5196] [Information] SkyApm.InstrumentStartup : Started SkyAPM .NET Core Agent.
2023-04-21 09:47:26.424 +08:00 [arswebapiservice5196] [Information] SkyApm.Diagnostics.TracingDiagnosticProcessorObserver : Loaded diagnostic listener [Grpc.Net.Client].
2023-04-21 09:47:26.424 +08:00 [arswebapiservice5196] [Information] SkyApm.Diagnostics.TracingDiagnosticProcessorObserver : Loaded diagnostic listener [Grpc.Net.Client].
2023-04-21 09:47:26.591 +08:00 [arswebapiservice5196] [Information] SkyApm.Service.RegisterService : Reported Service Instance Properties[Service=arswebapiservice5196,InstanceId=192.168.110.63@5427c38e29874bc598bfbe4ae450c4f0].
2023-04-21 09:47:26.591 +08:00 [arswebapiservice5196] [Information] SkyApm.Service.RegisterService : Reported Service Instance Properties[Service=arswebapiservice5196,InstanceId=192.168.110.63@5427c38e29874bc598bfbe4ae450c4f0].
2023-04-21 09:47:26.851 +08:00 [arswebapiservice5196] [Information] SkyApm.Service.RegisterService : Reported Service Instance Properties[Service=arswebapiservice5196,InstanceId=192.168.110.63@5427c38e29874bc598bfbe4ae450c4f0].
2023-04-21 09:47:26.851 +08:00 [arswebapiservice5196] [Information] SkyApm.Service.RegisterService : Reported Service Instance Properties[Service=arswebapiservice5196,InstanceId=192.168.110.63@5427c38e29874bc598bfbe4ae450c4f0].
2023-04-21 09:47:29.339 +08:00 [arswebapiservice5196] [Information] SkyApm.Transport.Grpc.V8.SegmentReporter : Report 5 trace segment. cost: 00:00:00.0384623s
2023-04-21 09:48:07.110 +08:00 [arswebapiservice5196] [Information] SkyApm.InstrumentStartup : Initializing ...
2023-04-21 09:48:07.150 +08:00 [arswebapiservice5196] [Information] SkyApm.Service.RegisterService : Loaded instrument service [SkyApm.Service.RegisterService].
2023-04-21 09:48:07.154 +08:00 [arswebapiservice5196] [Information] SkyApm.Service.LogReportService : Loaded instrument service [SkyApm.Service.LogReportService].
2023-04-21 09:48:07.154 +08:00 [arswebapiservice5196] [Information] SkyApm.Service.PingService : Loaded instrument service [SkyApm.Service.PingService].
2023-04-21 09:48:07.154 +08:00 [arswebapiservice5196] [Information] SkyApm.Service.SegmentReportService : Loaded instrument service [SkyApm.Service.SegmentReportService].
2023-04-21 09:48:07.155 +08:00 [arswebapiservice5196] [Information] SkyApm.Service.CLRStatsService : Loaded instrument service [SkyApm.Service.CLRStatsService].
2023-04-21 09:48:07.155 +08:00 [arswebapiservice5196] [Information] SkyApm.Sampling.SimpleCountSamplingInterceptor : Loaded instrument service [SkyApm.Sampling.SimpleCountSamplingInterceptor].
2023-04-21 09:48:07.155 +08:00 [arswebapiservice5196] [Information] SkyApm.Transport.Grpc.ConnectService : Loaded instrument service [SkyApm.Transport.Grpc.ConnectService].
2023-04-21 09:48:07.155 +08:00 [arswebapiservice5196] [Information] SkyApm.Service.RegisterService : Loaded instrument service [SkyApm.Service.RegisterService].
2023-04-21 09:48:07.155 +08:00 [arswebapiservice5196] [Information] SkyApm.Service.LogReportService : Loaded instrument service [SkyApm.Service.LogReportService].
2023-04-21 09:48:07.155 +08:00 [arswebapiservice5196] [Information] SkyApm.Service.PingService : Loaded instrument service [SkyApm.Service.PingService].
2023-04-21 09:48:07.156 +08:00 [arswebapiservice5196] [Information] SkyApm.Service.SegmentReportService : Loaded instrument service [SkyApm.Service.SegmentReportService].
2023-04-21 09:48:07.156 +08:00 [arswebapiservice5196] [Information] SkyApm.Service.CLRStatsService : Loaded instrument service [SkyApm.Service.CLRStatsService].
2023-04-21 09:48:07.159 +08:00 [arswebapiservice5196] [Information] SkyApm.Sampling.SimpleCountSamplingInterceptor : Loaded instrument service [SkyApm.Sampling.SimpleCountSamplingInterceptor].
2023-04-21 09:48:07.167 +08:00 [arswebapiservice5196] [Information] SkyApm.Transport.Grpc.ConnectService : Loaded instrument service [SkyApm.Transport.Grpc.ConnectService].
2023-04-21 09:48:07.225 +08:00 [arswebapiservice5196] [Information] SkyApm.Transport.Grpc.ConnectionManager : Connected server[172.20.64.1:11800].
2023-04-21 09:48:07.235 +08:00 [arswebapiservice5196] [Information] SkyApm.Diagnostics.TracingDiagnosticProcessorObserver : Loaded diagnostic listener [HttpHandlerDiagnosticListener].
2023-04-21 09:48:07.236 +08:00 [arswebapiservice5196] [Information] SkyApm.Diagnostics.TracingDiagnosticProcessorObserver : Loaded diagnostic listener [Microsoft.AspNetCore].
2023-04-21 09:48:07.236 +08:00 [arswebapiservice5196] [Information] SkyApm.InstrumentStartup : Started SkyAPM .NET Core Agent.
2023-04-21 09:48:07.236 +08:00 [arswebapiservice5196] [Information] SkyApm.InstrumentStartup : Initializing ...
2023-04-21 09:48:07.236 +08:00 [arswebapiservice5196] [Information] SkyApm.Service.RegisterService : Loaded instrument service [SkyApm.Service.RegisterService].
2023-04-21 09:48:07.236 +08:00 [arswebapiservice5196] [Information] SkyApm.Service.LogReportService : Loaded instrument service [SkyApm.Service.LogReportService].
2023-04-21 09:48:07.236 +08:00 [arswebapiservice5196] [Information] SkyApm.Service.PingService : Loaded instrument service [SkyApm.Service.PingService].
2023-04-21 09:48:07.236 +08:00 [arswebapiservice5196] [Information] SkyApm.Service.SegmentReportService : Loaded instrument service [SkyApm.Service.SegmentReportService].
2023-04-21 09:48:07.236 +08:00 [arswebapiservice5196] [Information] SkyApm.Service.CLRStatsService : Loaded instrument service [SkyApm.Service.CLRStatsService].
2023-04-21 09:48:07.236 +08:00 [arswebapiservice5196] [Information] SkyApm.Sampling.SimpleCountSamplingInterceptor : Loaded instrument service [SkyApm.Sampling.SimpleCountSamplingInterceptor].
2023-04-21 09:48:07.236 +08:00 [arswebapiservice5196] [Information] SkyApm.Transport.Grpc.ConnectService : Loaded instrument service [SkyApm.Transport.Grpc.ConnectService].
2023-04-21 09:48:07.236 +08:00 [arswebapiservice5196] [Information] SkyApm.Service.RegisterService : Loaded instrument service [SkyApm.Service.RegisterService].
2023-04-21 09:48:07.236 +08:00 [arswebapiservice5196] [Information] SkyApm.Service.LogReportService : Loaded instrument service [SkyApm.Service.LogReportService].
2023-04-21 09:48:07.236 +08:00 [arswebapiservice5196] [Information] SkyApm.Service.PingService : Loaded instrument service [SkyApm.Service.PingService].
2023-04-21 09:48:07.236 +08:00 [arswebapiservice5196] [Information] SkyApm.Service.SegmentReportService : Loaded instrument service [SkyApm.Service.SegmentReportService].
2023-04-21 09:48:07.236 +08:00 [arswebapiservice5196] [Information] SkyApm.Service.CLRStatsService : Loaded instrument service [SkyApm.Service.CLRStatsService].
2023-04-21 09:48:07.236 +08:00 [arswebapiservice5196] [Information] SkyApm.Sampling.SimpleCountSamplingInterceptor : Loaded instrument service [SkyApm.Sampling.SimpleCountSamplingInterceptor].
2023-04-21 09:48:07.236 +08:00 [arswebapiservice5196] [Information] SkyApm.Transport.Grpc.ConnectService : Loaded instrument service [SkyApm.Transport.Grpc.ConnectService].
2023-04-21 09:48:07.237 +08:00 [arswebapiservice5196] [Information] SkyApm.Diagnostics.TracingDiagnosticProcessorObserver : Loaded diagnostic listener [HttpHandlerDiagnosticListener].
2023-04-21 09:48:07.237 +08:00 [arswebapiservice5196] [Information] SkyApm.Diagnostics.TracingDiagnosticProcessorObserver : Loaded diagnostic listener [Microsoft.AspNetCore].
2023-04-21 09:48:07.237 +08:00 [arswebapiservice5196] [Information] SkyApm.InstrumentStartup : Started SkyAPM .NET Core Agent.
2023-04-21 09:48:07.298 +08:00 [arswebapiservice5196] [Information] SkyApm.Diagnostics.TracingDiagnosticProcessorObserver : Loaded diagnostic listener [Grpc.Net.Client].
2023-04-21 09:48:07.298 +08:00 [arswebapiservice5196] [Information] SkyApm.Diagnostics.TracingDiagnosticProcessorObserver : Loaded diagnostic listener [Grpc.Net.Client].
2023-04-21 09:48:07.493 +08:00 [arswebapiservice5196] [Information] SkyApm.Service.RegisterService : Reported Service Instance Properties[Service=arswebapiservice5196,InstanceId=192.168.110.63@7835d25ca7f549ef9cfd8674d3c2f514].
2023-04-21 09:48:07.493 +08:00 [arswebapiservice5196] [Information] SkyApm.Service.RegisterService : Reported Service Instance Properties[Service=arswebapiservice5196,InstanceId=192.168.110.63@7835d25ca7f549ef9cfd8674d3c2f514].
2023-04-21 09:48:07.744 +08:00 [arswebapiservice5196] [Information] SkyApm.Service.RegisterService : Reported Service Instance Properties[Service=arswebapiservice5196,InstanceId=192.168.110.63@7835d25ca7f549ef9cfd8674d3c2f514].
2023-04-21 09:48:07.754 +08:00 [arswebapiservice5196] [Information] SkyApm.Service.RegisterService : Reported Service Instance Properties[Service=arswebapiservice5196,InstanceId=192.168.110.63@7835d25ca7f549ef9cfd8674d3c2f514].
2023-04-21 09:50:10.083 +08:00 [arswebapiservice5196] [Information] SkyApm.InstrumentStartup : Initializing ...
2023-04-21 09:50:10.126 +08:00 [arswebapiservice5196] [Information] SkyApm.Service.RegisterService : Loaded instrument service [SkyApm.Service.RegisterService].
2023-04-21 09:50:10.130 +08:00 [arswebapiservice5196] [Information] SkyApm.Service.LogReportService : Loaded instrument service [SkyApm.Service.LogReportService].
2023-04-21 09:50:10.131 +08:00 [arswebapiservice5196] [Information] SkyApm.Service.PingService : Loaded instrument service [SkyApm.Service.PingService].
2023-04-21 09:50:10.131 +08:00 [arswebapiservice5196] [Information] SkyApm.Service.SegmentReportService : Loaded instrument service [SkyApm.Service.SegmentReportService].
2023-04-21 09:50:10.131 +08:00 [arswebapiservice5196] [Information] SkyApm.Service.CLRStatsService : Loaded instrument service [SkyApm.Service.CLRStatsService].
2023-04-21 09:50:10.131 +08:00 [arswebapiservice5196] [Information] SkyApm.Sampling.SimpleCountSamplingInterceptor : Loaded instrument service [SkyApm.Sampling.SimpleCountSamplingInterceptor].
2023-04-21 09:50:10.131 +08:00 [arswebapiservice5196] [Information] SkyApm.Transport.Grpc.ConnectService : Loaded instrument service [SkyApm.Transport.Grpc.ConnectService].
2023-04-21 09:50:10.131 +08:00 [arswebapiservice5196] [Information] SkyApm.Service.RegisterService : Loaded instrument service [SkyApm.Service.RegisterService].
2023-04-21 09:50:10.131 +08:00 [arswebapiservice5196] [Information] SkyApm.Service.LogReportService : Loaded instrument service [SkyApm.Service.LogReportService].
2023-04-21 09:50:10.131 +08:00 [arswebapiservice5196] [Information] SkyApm.Service.PingService : Loaded instrument service [SkyApm.Service.PingService].
2023-04-21 09:50:10.131 +08:00 [arswebapiservice5196] [Information] SkyApm.Service.SegmentReportService : Loaded instrument service [SkyApm.Service.SegmentReportService].
2023-04-21 09:50:10.131 +08:00 [arswebapiservice5196] [Information] SkyApm.Service.CLRStatsService : Loaded instrument service [SkyApm.Service.CLRStatsService].
2023-04-21 09:50:10.131 +08:00 [arswebapiservice5196] [Information] SkyApm.Sampling.SimpleCountSamplingInterceptor : Loaded instrument service [SkyApm.Sampling.SimpleCountSamplingInterceptor].
2023-04-21 09:50:10.131 +08:00 [arswebapiservice5196] [Information] SkyApm.Transport.Grpc.ConnectService : Loaded instrument service [SkyApm.Transport.Grpc.ConnectService].
2023-04-21 09:50:10.205 +08:00 [arswebapiservice5196] [Information] SkyApm.Transport.Grpc.ConnectionManager : Connected server[172.20.64.1:11800].
2023-04-21 09:50:10.215 +08:00 [arswebapiservice5196] [Information] SkyApm.Diagnostics.TracingDiagnosticProcessorObserver : Loaded diagnostic listener [HttpHandlerDiagnosticListener].
2023-04-21 09:50:10.216 +08:00 [arswebapiservice5196] [Information] SkyApm.Diagnostics.TracingDiagnosticProcessorObserver : Loaded diagnostic listener [Microsoft.AspNetCore].
2023-04-21 09:50:10.219 +08:00 [arswebapiservice5196] [Information] SkyApm.InstrumentStartup : Started SkyAPM .NET Core Agent.
2023-04-21 09:50:10.220 +08:00 [arswebapiservice5196] [Information] SkyApm.InstrumentStartup : Initializing ...
2023-04-21 09:50:10.220 +08:00 [arswebapiservice5196] [Information] SkyApm.Service.RegisterService : Loaded instrument service [SkyApm.Service.RegisterService].
2023-04-21 09:50:10.220 +08:00 [arswebapiservice5196] [Information] SkyApm.Service.LogReportService : Loaded instrument service [SkyApm.Service.LogReportService].
2023-04-21 09:50:10.220 +08:00 [arswebapiservice5196] [Information] SkyApm.Service.PingService : Loaded instrument service [SkyApm.Service.PingService].
2023-04-21 09:50:10.220 +08:00 [arswebapiservice5196] [Information] SkyApm.Service.SegmentReportService : Loaded instrument service [SkyApm.Service.SegmentReportService].
2023-04-21 09:50:10.220 +08:00 [arswebapiservice5196] [Information] SkyApm.Service.CLRStatsService : Loaded instrument service [SkyApm.Service.CLRStatsService].
2023-04-21 09:50:10.220 +08:00 [arswebapiservice5196] [Information] SkyApm.Sampling.SimpleCountSamplingInterceptor : Loaded instrument service [SkyApm.Sampling.SimpleCountSamplingInterceptor].
2023-04-21 09:50:10.220 +08:00 [arswebapiservice5196] [Information] SkyApm.Transport.Grpc.ConnectService : Loaded instrument service [SkyApm.Transport.Grpc.ConnectService].
2023-04-21 09:50:10.220 +08:00 [arswebapiservice5196] [Information] SkyApm.Service.RegisterService : Loaded instrument service [SkyApm.Service.RegisterService].
2023-04-21 09:50:10.220 +08:00 [arswebapiservice5196] [Information] SkyApm.Service.LogReportService : Loaded instrument service [SkyApm.Service.LogReportService].
2023-04-21 09:50:10.220 +08:00 [arswebapiservice5196] [Information] SkyApm.Service.PingService : Loaded instrument service [SkyApm.Service.PingService].
2023-04-21 09:50:10.220 +08:00 [arswebapiservice5196] [Information] SkyApm.Service.SegmentReportService : Loaded instrument service [SkyApm.Service.SegmentReportService].
2023-04-21 09:50:10.220 +08:00 [arswebapiservice5196] [Information] SkyApm.Service.CLRStatsService : Loaded instrument service [SkyApm.Service.CLRStatsService].
2023-04-21 09:50:10.220 +08:00 [arswebapiservice5196] [Information] SkyApm.Sampling.SimpleCountSamplingInterceptor : Loaded instrument service [SkyApm.Sampling.SimpleCountSamplingInterceptor].
2023-04-21 09:50:10.220 +08:00 [arswebapiservice5196] [Information] SkyApm.Transport.Grpc.ConnectService : Loaded instrument service [SkyApm.Transport.Grpc.ConnectService].
2023-04-21 09:50:10.221 +08:00 [arswebapiservice5196] [Information] SkyApm.Diagnostics.TracingDiagnosticProcessorObserver : Loaded diagnostic listener [HttpHandlerDiagnosticListener].
2023-04-21 09:50:10.221 +08:00 [arswebapiservice5196] [Information] SkyApm.Diagnostics.TracingDiagnosticProcessorObserver : Loaded diagnostic listener [Microsoft.AspNetCore].
2023-04-21 09:50:10.221 +08:00 [arswebapiservice5196] [Information] SkyApm.InstrumentStartup : Started SkyAPM .NET Core Agent.
2023-04-21 09:50:10.282 +08:00 [arswebapiservice5196] [Information] SkyApm.Diagnostics.TracingDiagnosticProcessorObserver : Loaded diagnostic listener [Grpc.Net.Client].
2023-04-21 09:50:10.283 +08:00 [arswebapiservice5196] [Information] SkyApm.Diagnostics.TracingDiagnosticProcessorObserver : Loaded diagnostic listener [Grpc.Net.Client].
2023-04-21 09:50:10.476 +08:00 [arswebapiservice5196] [Information] SkyApm.Service.RegisterService : Reported Service Instance Properties[Service=arswebapiservice5196,InstanceId=192.168.110.63@96cbff2082b24818bfadc585a8ee35e7].
2023-04-21 09:50:10.477 +08:00 [arswebapiservice5196] [Information] SkyApm.Service.RegisterService : Reported Service Instance Properties[Service=arswebapiservice5196,InstanceId=192.168.110.63@96cbff2082b24818bfadc585a8ee35e7].
2023-04-21 09:50:10.721 +08:00 [arswebapiservice5196] [Information] SkyApm.Service.RegisterService : Reported Service Instance Properties[Service=arswebapiservice5196,InstanceId=192.168.110.63@96cbff2082b24818bfadc585a8ee35e7].
2023-04-21 09:50:10.721 +08:00 [arswebapiservice5196] [Information] SkyApm.Service.RegisterService : Reported Service Instance Properties[Service=arswebapiservice5196,InstanceId=192.168.110.63@96cbff2082b24818bfadc585a8ee35e7].
2023-04-21 09:50:13.184 +08:00 [arswebapiservice5196] [Information] SkyApm.Transport.Grpc.V8.SegmentReporter : Report 4 trace segment. cost: 00:00:00.0476159s
2023-04-21 09:51:57.303 +08:00 [arswebapiservice5196] [Information] SkyApm.InstrumentStartup : Initializing ...
2023-04-21 09:51:57.340 +08:00 [arswebapiservice5196] [Information] SkyApm.Service.RegisterService : Loaded instrument service [SkyApm.Service.RegisterService].
2023-04-21 09:51:57.344 +08:00 [arswebapiservice5196] [Information] SkyApm.Service.LogReportService : Loaded instrument service [SkyApm.Service.LogReportService].
2023-04-21 09:51:57.344 +08:00 [arswebapiservice5196] [Information] SkyApm.Service.PingService : Loaded instrument service [SkyApm.Service.PingService].
2023-04-21 09:51:57.344 +08:00 [arswebapiservice5196] [Information] SkyApm.Service.SegmentReportService : Loaded instrument service [SkyApm.Service.SegmentReportService].
2023-04-21 09:51:57.345 +08:00 [arswebapiservice5196] [Information] SkyApm.Service.CLRStatsService : Loaded instrument service [SkyApm.Service.CLRStatsService].
2023-04-21 09:51:57.345 +08:00 [arswebapiservice5196] [Information] SkyApm.Sampling.SimpleCountSamplingInterceptor : Loaded instrument service [SkyApm.Sampling.SimpleCountSamplingInterceptor].
2023-04-21 09:51:57.345 +08:00 [arswebapiservice5196] [Information] SkyApm.Transport.Grpc.ConnectService : Loaded instrument service [SkyApm.Transport.Grpc.ConnectService].
2023-04-21 09:51:57.345 +08:00 [arswebapiservice5196] [Information] SkyApm.Service.RegisterService : Loaded instrument service [SkyApm.Service.RegisterService].
2023-04-21 09:51:57.345 +08:00 [arswebapiservice5196] [Information] SkyApm.Service.LogReportService : Loaded instrument service [SkyApm.Service.LogReportService].
2023-04-21 09:51:57.345 +08:00 [arswebapiservice5196] [Information] SkyApm.Service.PingService : Loaded instrument service [SkyApm.Service.PingService].
2023-04-21 09:51:57.345 +08:00 [arswebapiservice5196] [Information] SkyApm.Service.SegmentReportService : Loaded instrument service [SkyApm.Service.SegmentReportService].
2023-04-21 09:51:57.345 +08:00 [arswebapiservice5196] [Information] SkyApm.Service.CLRStatsService : Loaded instrument service [SkyApm.Service.CLRStatsService].
2023-04-21 09:51:57.345 +08:00 [arswebapiservice5196] [Information] SkyApm.Sampling.SimpleCountSamplingInterceptor : Loaded instrument service [SkyApm.Sampling.SimpleCountSamplingInterceptor].
2023-04-21 09:51:57.345 +08:00 [arswebapiservice5196] [Information] SkyApm.Transport.Grpc.ConnectService : Loaded instrument service [SkyApm.Transport.Grpc.ConnectService].
2023-04-21 09:51:57.416 +08:00 [arswebapiservice5196] [Information] SkyApm.Transport.Grpc.ConnectionManager : Connected server[172.20.64.1:11800].
2023-04-21 09:51:57.436 +08:00 [arswebapiservice5196] [Information] SkyApm.Diagnostics.TracingDiagnosticProcessorObserver : Loaded diagnostic listener [HttpHandlerDiagnosticListener].
2023-04-21 09:51:57.437 +08:00 [arswebapiservice5196] [Information] SkyApm.Diagnostics.TracingDiagnosticProcessorObserver : Loaded diagnostic listener [Microsoft.AspNetCore].
2023-04-21 09:51:57.437 +08:00 [arswebapiservice5196] [Information] SkyApm.InstrumentStartup : Started SkyAPM .NET Core Agent.
2023-04-21 09:51:57.437 +08:00 [arswebapiservice5196] [Information] SkyApm.InstrumentStartup : Initializing ...
2023-04-21 09:51:57.437 +08:00 [arswebapiservice5196] [Information] SkyApm.Service.RegisterService : Loaded instrument service [SkyApm.Service.RegisterService].
2023-04-21 09:51:57.437 +08:00 [arswebapiservice5196] [Information] SkyApm.Service.LogReportService : Loaded instrument service [SkyApm.Service.LogReportService].
2023-04-21 09:51:57.437 +08:00 [arswebapiservice5196] [Information] SkyApm.Service.PingService : Loaded instrument service [SkyApm.Service.PingService].
2023-04-21 09:51:57.438 +08:00 [arswebapiservice5196] [Information] SkyApm.Service.SegmentReportService : Loaded instrument service [SkyApm.Service.SegmentReportService].
2023-04-21 09:51:57.438 +08:00 [arswebapiservice5196] [Information] SkyApm.Service.CLRStatsService : Loaded instrument service [SkyApm.Service.CLRStatsService].
2023-04-21 09:51:57.438 +08:00 [arswebapiservice5196] [Information] SkyApm.Sampling.SimpleCountSamplingInterceptor : Loaded instrument service [SkyApm.Sampling.SimpleCountSamplingInterceptor].
2023-04-21 09:51:57.438 +08:00 [arswebapiservice5196] [Information] SkyApm.Transport.Grpc.ConnectService : Loaded instrument service [SkyApm.Transport.Grpc.ConnectService].
2023-04-21 09:51:57.438 +08:00 [arswebapiservice5196] [Information] SkyApm.Service.RegisterService : Loaded instrument service [SkyApm.Service.RegisterService].
2023-04-21 09:51:57.438 +08:00 [arswebapiservice5196] [Information] SkyApm.Service.LogReportService : Loaded instrument service [SkyApm.Service.LogReportService].
2023-04-21 09:51:57.438 +08:00 [arswebapiservice5196] [Information] SkyApm.Service.PingService : Loaded instrument service [SkyApm.Service.PingService].
2023-04-21 09:51:57.438 +08:00 [arswebapiservice5196] [Information] SkyApm.Service.SegmentReportService : Loaded instrument service [SkyApm.Service.SegmentReportService].
2023-04-21 09:51:57.438 +08:00 [arswebapiservice5196] [Information] SkyApm.Service.CLRStatsService : Loaded instrument service [SkyApm.Service.CLRStatsService].
2023-04-21 09:51:57.438 +08:00 [arswebapiservice5196] [Information] SkyApm.Sampling.SimpleCountSamplingInterceptor : Loaded instrument service [SkyApm.Sampling.SimpleCountSamplingInterceptor].
2023-04-21 09:51:57.438 +08:00 [arswebapiservice5196] [Information] SkyApm.Transport.Grpc.ConnectService : Loaded instrument service [SkyApm.Transport.Grpc.ConnectService].
2023-04-21 09:51:57.439 +08:00 [arswebapiservice5196] [Information] SkyApm.Diagnostics.TracingDiagnosticProcessorObserver : Loaded diagnostic listener [HttpHandlerDiagnosticListener].
2023-04-21 09:51:57.439 +08:00 [arswebapiservice5196] [Information] SkyApm.Diagnostics.TracingDiagnosticProcessorObserver : Loaded diagnostic listener [Microsoft.AspNetCore].
2023-04-21 09:51:57.439 +08:00 [arswebapiservice5196] [Information] SkyApm.InstrumentStartup : Started SkyAPM .NET Core Agent.
2023-04-21 09:51:57.500 +08:00 [arswebapiservice5196] [Information] SkyApm.Diagnostics.TracingDiagnosticProcessorObserver : Loaded diagnostic listener [Grpc.Net.Client].
2023-04-21 09:51:57.500 +08:00 [arswebapiservice5196] [Information] SkyApm.Diagnostics.TracingDiagnosticProcessorObserver : Loaded diagnostic listener [Grpc.Net.Client].
2023-04-21 09:51:57.665 +08:00 [arswebapiservice5196] [Information] SkyApm.Service.RegisterService : Reported Service Instance Properties[Service=arswebapiservice5196,InstanceId=192.168.110.63@20c945cc13104d6c9a5a268768f8c6dd].
2023-04-21 09:51:57.665 +08:00 [arswebapiservice5196] [Information] SkyApm.Service.RegisterService : Reported Service Instance Properties[Service=arswebapiservice5196,InstanceId=192.168.110.63@20c945cc13104d6c9a5a268768f8c6dd].
2023-04-21 09:51:57.939 +08:00 [arswebapiservice5196] [Information] SkyApm.Service.RegisterService : Reported Service Instance Properties[Service=arswebapiservice5196,InstanceId=192.168.110.63@20c945cc13104d6c9a5a268768f8c6dd].
2023-04-21 09:51:57.947 +08:00 [arswebapiservice5196] [Information] SkyApm.Service.RegisterService : Reported Service Instance Properties[Service=arswebapiservice5196,InstanceId=192.168.110.63@20c945cc13104d6c9a5a268768f8c6dd].
2023-04-21 09:52:00.397 +08:00 [arswebapiservice5196] [Information] SkyApm.Transport.Grpc.V8.SegmentReporter : Report 4 trace segment. cost: 00:00:00.0393520s
2023-04-21 09:53:21.870 +08:00 [arswebapiservice0421001] [Information] SkyApm.InstrumentStartup : Initializing ...
2023-04-21 09:53:21.910 +08:00 [arswebapiservice0421001] [Information] SkyApm.Service.RegisterService : Loaded instrument service [SkyApm.Service.RegisterService].
2023-04-21 09:53:21.910 +08:00 [arswebapiservice0421001] [Information] SkyApm.Service.LogReportService : Loaded instrument service [SkyApm.Service.LogReportService].
2023-04-21 09:53:21.910 +08:00 [arswebapiservice0421001] [Information] SkyApm.Service.PingService : Loaded instrument service [SkyApm.Service.PingService].
2023-04-21 09:53:21.910 +08:00 [arswebapiservice0421001] [Information] SkyApm.Service.SegmentReportService : Loaded instrument service [SkyApm.Service.SegmentReportService].
2023-04-21 09:53:21.910 +08:00 [arswebapiservice0421001] [Information] SkyApm.Service.CLRStatsService : Loaded instrument service [SkyApm.Service.CLRStatsService].
2023-04-21 09:53:21.910 +08:00 [arswebapiservice0421001] [Information] SkyApm.Sampling.SimpleCountSamplingInterceptor : Loaded instrument service [SkyApm.Sampling.SimpleCountSamplingInterceptor].
2023-04-21 09:53:21.911 +08:00 [arswebapiservice0421001] [Information] SkyApm.Transport.Grpc.ConnectService : Loaded instrument service [SkyApm.Transport.Grpc.ConnectService].
2023-04-21 09:53:21.911 +08:00 [arswebapiservice0421001] [Information] SkyApm.Service.RegisterService : Loaded instrument service [SkyApm.Service.RegisterService].
2023-04-21 09:53:21.911 +08:00 [arswebapiservice0421001] [Information] SkyApm.Service.LogReportService : Loaded instrument service [SkyApm.Service.LogReportService].
2023-04-21 09:53:21.911 +08:00 [arswebapiservice0421001] [Information] SkyApm.Service.PingService : Loaded instrument service [SkyApm.Service.PingService].
2023-04-21 09:53:21.911 +08:00 [arswebapiservice0421001] [Information] SkyApm.Service.SegmentReportService : Loaded instrument service [SkyApm.Service.SegmentReportService].
2023-04-21 09:53:21.911 +08:00 [arswebapiservice0421001] [Information] SkyApm.Service.CLRStatsService : Loaded instrument service [SkyApm.Service.CLRStatsService].
2023-04-21 09:53:21.911 +08:00 [arswebapiservice0421001] [Information] SkyApm.Sampling.SimpleCountSamplingInterceptor : Loaded instrument service [SkyApm.Sampling.SimpleCountSamplingInterceptor].
2023-04-21 09:53:21.911 +08:00 [arswebapiservice0421001] [Information] SkyApm.Transport.Grpc.ConnectService : Loaded instrument service [SkyApm.Transport.Grpc.ConnectService].
2023-04-21 09:53:21.986 +08:00 [arswebapiservice0421001] [Information] SkyApm.Transport.Grpc.ConnectionManager : Connected server[172.20.64.1:11800].
2023-04-21 09:53:21.999 +08:00 [arswebapiservice0421001] [Information] SkyApm.Diagnostics.TracingDiagnosticProcessorObserver : Loaded diagnostic listener [HttpHandlerDiagnosticListener].
2023-04-21 09:53:22.000 +08:00 [arswebapiservice0421001] [Information] SkyApm.Diagnostics.TracingDiagnosticProcessorObserver : Loaded diagnostic listener [Microsoft.AspNetCore].
2023-04-21 09:53:22.000 +08:00 [arswebapiservice0421001] [Information] SkyApm.InstrumentStartup : Started SkyAPM .NET Core Agent.
2023-04-21 09:53:22.000 +08:00 [arswebapiservice0421001] [Information] SkyApm.InstrumentStartup : Initializing ...
2023-04-21 09:53:22.000 +08:00 [arswebapiservice0421001] [Information] SkyApm.Service.RegisterService : Loaded instrument service [SkyApm.Service.RegisterService].
2023-04-21 09:53:22.000 +08:00 [arswebapiservice0421001] [Information] SkyApm.Service.LogReportService : Loaded instrument service [SkyApm.Service.LogReportService].
2023-04-21 09:53:22.000 +08:00 [arswebapiservice0421001] [Information] SkyApm.Service.PingService : Loaded instrument service [SkyApm.Service.PingService].
2023-04-21 09:53:22.000 +08:00 [arswebapiservice0421001] [Information] SkyApm.Service.SegmentReportService : Loaded instrument service [SkyApm.Service.SegmentReportService].
2023-04-21 09:53:22.000 +08:00 [arswebapiservice0421001] [Information] SkyApm.Service.CLRStatsService : Loaded instrument service [SkyApm.Service.CLRStatsService].
2023-04-21 09:53:22.000 +08:00 [arswebapiservice0421001] [Information] SkyApm.Sampling.SimpleCountSamplingInterceptor : Loaded instrument service [SkyApm.Sampling.SimpleCountSamplingInterceptor].
2023-04-21 09:53:22.000 +08:00 [arswebapiservice0421001] [Information] SkyApm.Transport.Grpc.ConnectService : Loaded instrument service [SkyApm.Transport.Grpc.ConnectService].
2023-04-21 09:53:22.000 +08:00 [arswebapiservice0421001] [Information] SkyApm.Service.RegisterService : Loaded instrument service [SkyApm.Service.RegisterService].
2023-04-21 09:53:22.001 +08:00 [arswebapiservice0421001] [Information] SkyApm.Service.LogReportService : Loaded instrument service [SkyApm.Service.LogReportService].
2023-04-21 09:53:22.001 +08:00 [arswebapiservice0421001] [Information] SkyApm.Service.PingService : Loaded instrument service [SkyApm.Service.PingService].
2023-04-21 09:53:22.001 +08:00 [arswebapiservice0421001] [Information] SkyApm.Service.SegmentReportService : Loaded instrument service [SkyApm.Service.SegmentReportService].
2023-04-21 09:53:22.001 +08:00 [arswebapiservice0421001] [Information] SkyApm.Service.CLRStatsService : Loaded instrument service [SkyApm.Service.CLRStatsService].
2023-04-21 09:53:22.001 +08:00 [arswebapiservice0421001] [Information] SkyApm.Sampling.SimpleCountSamplingInterceptor : Loaded instrument service [SkyApm.Sampling.SimpleCountSamplingInterceptor].
2023-04-21 09:53:22.001 +08:00 [arswebapiservice0421001] [Information] SkyApm.Transport.Grpc.ConnectService : Loaded instrument service [SkyApm.Transport.Grpc.ConnectService].
2023-04-21 09:53:22.001 +08:00 [arswebapiservice0421001] [Information] SkyApm.Diagnostics.TracingDiagnosticProcessorObserver : Loaded diagnostic listener [HttpHandlerDiagnosticListener].
2023-04-21 09:53:22.001 +08:00 [arswebapiservice0421001] [Information] SkyApm.Diagnostics.TracingDiagnosticProcessorObserver : Loaded diagnostic listener [Microsoft.AspNetCore].
2023-04-21 09:53:22.001 +08:00 [arswebapiservice0421001] [Information] SkyApm.InstrumentStartup : Started SkyAPM .NET Core Agent.
2023-04-21 09:53:22.072 +08:00 [arswebapiservice0421001] [Information] SkyApm.Diagnostics.TracingDiagnosticProcessorObserver : Loaded diagnostic listener [Grpc.Net.Client].
2023-04-21 09:53:22.072 +08:00 [arswebapiservice0421001] [Information] SkyApm.Diagnostics.TracingDiagnosticProcessorObserver : Loaded diagnostic listener [Grpc.Net.Client].
2023-04-21 09:53:22.365 +08:00 [arswebapiservice0421001] [Information] SkyApm.Service.RegisterService : Reported Service Instance Properties[Service=arswebapiservice0421001,InstanceId=192.168.110.63@3d923eda61674944806752ca6b76f691].
2023-04-21 09:53:22.365 +08:00 [arswebapiservice0421001] [Information] SkyApm.Service.RegisterService : Reported Service Instance Properties[Service=arswebapiservice0421001,InstanceId=192.168.110.63@3d923eda61674944806752ca6b76f691].
2023-04-21 09:53:22.493 +08:00 [arswebapiservice0421001] [Information] SkyApm.Service.RegisterService : Reported Service Instance Properties[Service=arswebapiservice0421001,InstanceId=192.168.110.63@3d923eda61674944806752ca6b76f691].
2023-04-21 09:53:22.493 +08:00 [arswebapiservice0421001] [Information] SkyApm.Service.RegisterService : Reported Service Instance Properties[Service=arswebapiservice0421001,InstanceId=192.168.110.63@3d923eda61674944806752ca6b76f691].
2023-04-21 09:53:24.976 +08:00 [arswebapiservice0421001] [Information] SkyApm.Transport.Grpc.V8.SegmentReporter : Report 4 trace segment. cost: 00:00:00.0408877s
2023-04-21 09:53:52.417 +08:00 [arswebapiservice0421001] [Information] SkyApm.Service.PingService : Ping server @2023/4/21 1:53:52 +00:00
2023-04-21 09:53:52.418 +08:00 [arswebapiservice0421001] [Information] SkyApm.Service.PingService : Ping server @2023/4/21 1:53:52 +00:00
2023-04-21 09:53:52.431 +08:00 [arswebapiservice0421001] [Information] SkyApm.Service.CLRStatsService : Report CLR Stats. CPU UsagePercent 0 GenCollectCount 0 0 0 7M ThreadPool 32763 32767 1000 1000
2023-04-21 09:53:52.431 +08:00 [arswebapiservice0421001] [Information] SkyApm.Service.CLRStatsService : Report CLR Stats. CPU UsagePercent 0 GenCollectCount 2 2 0 7M ThreadPool 32763 32767 1000 1000
2023-04-21 09:55:34.551 +08:00 [arswebapiservice0421001] [Information] SkyApm.InstrumentStartup : Initializing ...
2023-04-21 09:55:34.590 +08:00 [arswebapiservice0421001] [Information] SkyApm.Service.RegisterService : Loaded instrument service [SkyApm.Service.RegisterService].
2023-04-21 09:55:34.590 +08:00 [arswebapiservice0421001] [Information] SkyApm.Service.LogReportService : Loaded instrument service [SkyApm.Service.LogReportService].
2023-04-21 09:55:34.591 +08:00 [arswebapiservice0421001] [Information] SkyApm.Service.PingService : Loaded instrument service [SkyApm.Service.PingService].
2023-04-21 09:55:34.591 +08:00 [arswebapiservice0421001] [Information] SkyApm.Service.SegmentReportService : Loaded instrument service [SkyApm.Service.SegmentReportService].
2023-04-21 09:55:34.591 +08:00 [arswebapiservice0421001] [Information] SkyApm.Service.CLRStatsService : Loaded instrument service [SkyApm.Service.CLRStatsService].
2023-04-21 09:55:34.591 +08:00 [arswebapiservice0421001] [Information] SkyApm.Sampling.SimpleCountSamplingInterceptor : Loaded instrument service [SkyApm.Sampling.SimpleCountSamplingInterceptor].
2023-04-21 09:55:34.591 +08:00 [arswebapiservice0421001] [Information] SkyApm.Transport.Grpc.ConnectService : Loaded instrument service [SkyApm.Transport.Grpc.ConnectService].
2023-04-21 09:55:34.591 +08:00 [arswebapiservice0421001] [Information] SkyApm.Service.RegisterService : Loaded instrument service [SkyApm.Service.RegisterService].
2023-04-21 09:55:34.591 +08:00 [arswebapiservice0421001] [Information] SkyApm.Service.LogReportService : Loaded instrument service [SkyApm.Service.LogReportService].
2023-04-21 09:55:34.591 +08:00 [arswebapiservice0421001] [Information] SkyApm.Service.PingService : Loaded instrument service [SkyApm.Service.PingService].
2023-04-21 09:55:34.591 +08:00 [arswebapiservice0421001] [Information] SkyApm.Service.SegmentReportService : Loaded instrument service [SkyApm.Service.SegmentReportService].
2023-04-21 09:55:34.591 +08:00 [arswebapiservice0421001] [Information] SkyApm.Service.CLRStatsService : Loaded instrument service [SkyApm.Service.CLRStatsService].
2023-04-21 09:55:34.591 +08:00 [arswebapiservice0421001] [Information] SkyApm.Sampling.SimpleCountSamplingInterceptor : Loaded instrument service [SkyApm.Sampling.SimpleCountSamplingInterceptor].
2023-04-21 09:55:34.591 +08:00 [arswebapiservice0421001] [Information] SkyApm.Transport.Grpc.ConnectService : Loaded instrument service [SkyApm.Transport.Grpc.ConnectService].
2023-04-21 09:55:34.651 +08:00 [arswebapiservice0421001] [Information] SkyApm.Transport.Grpc.ConnectionManager : Connected server[172.20.64.1:11800].
2023-04-21 09:55:34.661 +08:00 [arswebapiservice0421001] [Information] SkyApm.Diagnostics.TracingDiagnosticProcessorObserver : Loaded diagnostic listener [HttpHandlerDiagnosticListener].
2023-04-21 09:55:34.662 +08:00 [arswebapiservice0421001] [Information] SkyApm.Diagnostics.TracingDiagnosticProcessorObserver : Loaded diagnostic listener [Microsoft.AspNetCore].
2023-04-21 09:55:34.662 +08:00 [arswebapiservice0421001] [Information] SkyApm.InstrumentStartup : Started SkyAPM .NET Core Agent.
2023-04-21 09:55:34.662 +08:00 [arswebapiservice0421001] [Information] SkyApm.InstrumentStartup : Initializing ...
2023-04-21 09:55:34.662 +08:00 [arswebapiservice0421001] [Information] SkyApm.Service.RegisterService : Loaded instrument service [SkyApm.Service.RegisterService].
2023-04-21 09:55:34.662 +08:00 [arswebapiservice0421001] [Information] SkyApm.Service.LogReportService : Loaded instrument service [SkyApm.Service.LogReportService].
2023-04-21 09:55:34.662 +08:00 [arswebapiservice0421001] [Information] SkyApm.Service.PingService : Loaded instrument service [SkyApm.Service.PingService].
2023-04-21 09:55:34.662 +08:00 [arswebapiservice0421001] [Information] SkyApm.Service.SegmentReportService : Loaded instrument service [SkyApm.Service.SegmentReportService].
2023-04-21 09:55:34.662 +08:00 [arswebapiservice0421001] [Information] SkyApm.Service.CLRStatsService : Loaded instrument service [SkyApm.Service.CLRStatsService].
2023-04-21 09:55:34.662 +08:00 [arswebapiservice0421001] [Information] SkyApm.Sampling.SimpleCountSamplingInterceptor : Loaded instrument service [SkyApm.Sampling.SimpleCountSamplingInterceptor].
2023-04-21 09:55:34.662 +08:00 [arswebapiservice0421001] [Information] SkyApm.Transport.Grpc.ConnectService : Loaded instrument service [SkyApm.Transport.Grpc.ConnectService].
2023-04-21 09:55:34.662 +08:00 [arswebapiservice0421001] [Information] SkyApm.Service.RegisterService : Loaded instrument service [SkyApm.Service.RegisterService].
2023-04-21 09:55:34.662 +08:00 [arswebapiservice0421001] [Information] SkyApm.Service.LogReportService : Loaded instrument service [SkyApm.Service.LogReportService].
2023-04-21 09:55:34.662 +08:00 [arswebapiservice0421001] [Information] SkyApm.Service.PingService : Loaded instrument service [SkyApm.Service.PingService].
2023-04-21 09:55:34.662 +08:00 [arswebapiservice0421001] [Information] SkyApm.Service.SegmentReportService : Loaded instrument service [SkyApm.Service.SegmentReportService].
2023-04-21 09:55:34.662 +08:00 [arswebapiservice0421001] [Information] SkyApm.Service.CLRStatsService : Loaded instrument service [SkyApm.Service.CLRStatsService].
2023-04-21 09:55:34.662 +08:00 [arswebapiservice0421001] [Information] SkyApm.Sampling.SimpleCountSamplingInterceptor : Loaded instrument service [SkyApm.Sampling.SimpleCountSamplingInterceptor].
2023-04-21 09:55:34.662 +08:00 [arswebapiservice0421001] [Information] SkyApm.Transport.Grpc.ConnectService : Loaded instrument service [SkyApm.Transport.Grpc.ConnectService].
2023-04-21 09:55:34.663 +08:00 [arswebapiservice0421001] [Information] SkyApm.Diagnostics.TracingDiagnosticProcessorObserver : Loaded diagnostic listener [HttpHandlerDiagnosticListener].
2023-04-21 09:55:34.663 +08:00 [arswebapiservice0421001] [Information] SkyApm.Diagnostics.TracingDiagnosticProcessorObserver : Loaded diagnostic listener [Microsoft.AspNetCore].
2023-04-21 09:55:34.663 +08:00 [arswebapiservice0421001] [Information] SkyApm.InstrumentStartup : Started SkyAPM .NET Core Agent.
2023-04-21 09:55:34.729 +08:00 [arswebapiservice0421001] [Information] SkyApm.Diagnostics.TracingDiagnosticProcessorObserver : Loaded diagnostic listener [Grpc.Net.Client].
2023-04-21 09:55:34.729 +08:00 [arswebapiservice0421001] [Information] SkyApm.Diagnostics.TracingDiagnosticProcessorObserver : Loaded diagnostic listener [Grpc.Net.Client].
2023-04-21 09:55:34.924 +08:00 [arswebapiservice0421001] [Information] SkyApm.Service.RegisterService : Reported Service Instance Properties[Service=arswebapiservice0421001,InstanceId=192.168.110.63@3a7c165653d8430b82a3a5ff3965b4e2].
2023-04-21 09:55:34.924 +08:00 [arswebapiservice0421001] [Information] SkyApm.Service.RegisterService : Reported Service Instance Properties[Service=arswebapiservice0421001,InstanceId=192.168.110.63@3a7c165653d8430b82a3a5ff3965b4e2].
2023-04-21 09:55:35.202 +08:00 [arswebapiservice0421001] [Information] SkyApm.Service.RegisterService : Reported Service Instance Properties[Service=arswebapiservice0421001,InstanceId=192.168.110.63@3a7c165653d8430b82a3a5ff3965b4e2].
2023-04-21 09:55:35.204 +08:00 [arswebapiservice0421001] [Information] SkyApm.Service.RegisterService : Reported Service Instance Properties[Service=arswebapiservice0421001,InstanceId=192.168.110.63@3a7c165653d8430b82a3a5ff3965b4e2].
2023-04-21 09:55:37.678 +08:00 [arswebapiservice0421001] [Information] SkyApm.Transport.Grpc.V8.SegmentReporter : Report 4 trace segment. cost: 00:00:00.0557258s
2023-04-21 09:55:56.976 +08:00 [arswebapiservice0421001] [Information] SkyApm.Diagnostics.TracingDiagnosticProcessorObserver : Loaded diagnostic listener [Microsoft.EntityFrameworkCore].
2023-04-21 09:55:56.976 +08:00 [arswebapiservice0421001] [Information] SkyApm.Diagnostics.TracingDiagnosticProcessorObserver : Loaded diagnostic listener [Microsoft.EntityFrameworkCore].
2023-04-21 09:55:57.916 +08:00 [arswebapiservice0421001] [Information] SkyApm.Diagnostics.TracingDiagnosticProcessorObserver : Loaded diagnostic listener [SqlClientDiagnosticListener].
2023-04-21 09:55:57.916 +08:00 [arswebapiservice0421001] [Information] SkyApm.Diagnostics.TracingDiagnosticProcessorObserver : Loaded diagnostic listener [SqlClientDiagnosticListener].
2023-04-21 09:55:58.365 +08:00 [arswebapiservice0421001] [Information] SkyApm.Diagnostics.TracingDiagnosticProcessorObserver : Loaded diagnostic listener [SqlClientDiagnosticListener].
2023-04-21 09:55:58.365 +08:00 [arswebapiservice0421001] [Information] SkyApm.Diagnostics.TracingDiagnosticProcessorObserver : Loaded diagnostic listener [SqlClientDiagnosticListener].
2023-04-21 09:55:58.689 +08:00 [arswebapiservice0421001] [Information] SkyApm.Transport.Grpc.SegmentReporter : Report 1 logs. cost: 00:00:00.0160092s
2023-04-21 09:55:58.689 +08:00 [arswebapiservice0421001] [Information] SkyApm.Transport.Grpc.SegmentReporter : Report 1 logs. cost: 00:00:00.0159957s
2023-04-21 09:55:58.690 +08:00 [arswebapiservice0421001] [Information] SkyApm.Transport.Grpc.V8.SegmentReporter : Report 2 trace segment. cost: 00:00:00.0249868s
2023-04-21 09:56:01.684 +08:00 [arswebapiservice0421001] [Information] SkyApm.Transport.Grpc.SegmentReporter : Report 3 logs. cost: 00:00:00.0075181s
2023-04-21 09:56:01.691 +08:00 [arswebapiservice0421001] [Information] SkyApm.Transport.Grpc.V8.SegmentReporter : Report 10 trace segment. cost: 00:00:00.0150732s
2023-04-21 09:56:04.735 +08:00 [arswebapiservice0421001] [Information] SkyApm.Service.PingService : Ping server @2023/4/21 1:56:04 +00:00
2023-04-21 09:56:04.735 +08:00 [arswebapiservice0421001] [Information] SkyApm.Service.PingService : Ping server @2023/4/21 1:56:04 +00:00
2023-04-21 09:56:04.745 +08:00 [arswebapiservice0421001] [Information] SkyApm.Service.CLRStatsService : Report CLR Stats. CPU UsagePercent 0 GenCollectCount 0 0 0 15M ThreadPool 32763 32767 1000 1000
2023-04-21 09:56:04.745 +08:00 [arswebapiservice0421001] [Information] SkyApm.Service.CLRStatsService : Report CLR Stats. CPU UsagePercent 0 GenCollectCount 1 0 0 15M ThreadPool 32763 32767 1000 1000
2023-04-21 09:56:34.672 +08:00 [arswebapiservice0421001] [Information] SkyApm.Service.CLRStatsService : Report CLR Stats. CPU UsagePercent 0 GenCollectCount 0 0 0 17M ThreadPool 32759 32767 1000 1000
2023-04-21 09:56:34.672 +08:00 [arswebapiservice0421001] [Information] SkyApm.Service.CLRStatsService : Report CLR Stats. CPU UsagePercent 0 GenCollectCount 0 0 0 17M ThreadPool 32761 32767 1000 1000
2023-04-21 09:57:04.692 +08:00 [arswebapiservice0421001] [Information] SkyApm.Service.CLRStatsService : Report CLR Stats. CPU UsagePercent 0 GenCollectCount 0 0 0 18M ThreadPool 32759 32767 1000 1000
2023-04-21 09:57:04.692 +08:00 [arswebapiservice0421001] [Information] SkyApm.Service.CLRStatsService : Report CLR Stats. CPU UsagePercent 0 GenCollectCount 0 0 0 18M ThreadPool 32759 32767 1000 1000
2023-04-21 09:57:04.692 +08:00 [arswebapiservice0421001] [Information] SkyApm.Service.PingService : Ping server @2023/4/21 1:57:04 +00:00
2023-04-21 09:57:04.692 +08:00 [arswebapiservice0421001] [Information] SkyApm.Service.PingService : Ping server @2023/4/21 1:57:04 +00:00
2023-04-21 09:57:34.694 +08:00 [arswebapiservice0421001] [Information] SkyApm.Service.CLRStatsService : Report CLR Stats. CPU UsagePercent 0 GenCollectCount 0 0 0 19M ThreadPool 32764 32767 1000 1000
2023-04-21 09:57:34.694 +08:00 [arswebapiservice0421001] [Information] SkyApm.Service.CLRStatsService : Report CLR Stats. CPU UsagePercent 0 GenCollectCount 0 0 0 19M ThreadPool 32752 32767 1000 1000
2023-04-21 09:58:04.702 +08:00 [arswebapiservice0421001] [Information] SkyApm.Service.CLRStatsService : Report CLR Stats. CPU UsagePercent 0 GenCollectCount 0 0 0 20M ThreadPool 32752 32767 1000 1000
2023-04-21 09:58:04.716 +08:00 [arswebapiservice0421001] [Information] SkyApm.Service.PingService : Ping server @2023/4/21 1:58:04 +00:00
2023-04-21 09:58:04.719 +08:00 [arswebapiservice0421001] [Information] SkyApm.Service.CLRStatsService : Report CLR Stats. CPU UsagePercent 0 GenCollectCount 0 0 0 20M ThreadPool 32744 32767 1000 1000
2023-04-21 09:58:04.719 +08:00 [arswebapiservice0421001] [Information] SkyApm.Service.PingService : Ping server @2023/4/21 1:58:04 +00:00
2023-04-21 09:58:34.683 +08:00 [arswebapiservice0421001] [Information] SkyApm.Service.CLRStatsService : Report CLR Stats. CPU UsagePercent 0 GenCollectCount 0 0 0 22M ThreadPool 32759 32767 1000 1000
2023-04-21 09:58:34.683 +08:00 [arswebapiservice0421001] [Information] SkyApm.Service.CLRStatsService : Report CLR Stats. CPU UsagePercent 0 GenCollectCount 0 0 0 22M ThreadPool 32759 32767 1000 1000
2023-04-21 09:59:04.684 +08:00 [arswebapiservice0421001] [Information] SkyApm.Service.PingService : Ping server @2023/4/21 1:59:04 +00:00
2023-04-21 09:59:04.684 +08:00 [arswebapiservice0421001] [Information] SkyApm.Service.PingService : Ping server @2023/4/21 1:59:04 +00:00
2023-04-21 09:59:04.684 +08:00 [arswebapiservice0421001] [Information] SkyApm.Service.CLRStatsService : Report CLR Stats. CPU UsagePercent 0 GenCollectCount 0 0 0 23M ThreadPool 32760 32767 1000 1000
2023-04-21 09:59:04.684 +08:00 [arswebapiservice0421001] [Information] SkyApm.Service.CLRStatsService : Report CLR Stats. CPU UsagePercent 0 GenCollectCount 0 0 0 23M ThreadPool 32759 32767 1000 1000
2023-04-21 09:59:34.706 +08:00 [arswebapiservice0421001] [Information] SkyApm.Service.CLRStatsService : Report CLR Stats. CPU UsagePercent 0 GenCollectCount 0 0 0 25M ThreadPool 32750 32767 1000 1000
2023-04-21 09:59:34.710 +08:00 [arswebapiservice0421001] [Information] SkyApm.Service.CLRStatsService : Report CLR Stats. CPU UsagePercent 0 GenCollectCount 0 0 0 25M ThreadPool 32763 32767 1000 1000
2023-04-21 10:00:04.679 +08:00 [arswebapiservice0421001] [Information] SkyApm.Service.CLRStatsService : Report CLR Stats. CPU UsagePercent 0 GenCollectCount 0 0 0 26M ThreadPool 32756 32767 1000 1000
2023-04-21 10:00:04.679 +08:00 [arswebapiservice0421001] [Information] SkyApm.Service.PingService : Ping server @2023/4/21 2:00:04 +00:00
2023-04-21 10:00:04.684 +08:00 [arswebapiservice0421001] [Information] SkyApm.Service.CLRStatsService : Report CLR Stats. CPU UsagePercent 0 GenCollectCount 0 0 0 26M ThreadPool 32756 32767 1000 1000
2023-04-21 10:00:04.684 +08:00 [arswebapiservice0421001] [Information] SkyApm.Service.PingService : Ping server @2023/4/21 2:00:04 +00:00
2023-04-21 10:00:34.700 +08:00 [arswebapiservice0421001] [Information] SkyApm.Service.CLRStatsService : Report CLR Stats. CPU UsagePercent 0 GenCollectCount 0 0 0 27M ThreadPool 32754 32767 1000 1000
2023-04-21 10:00:34.700 +08:00 [arswebapiservice0421001] [Information] SkyApm.Service.CLRStatsService : Report CLR Stats. CPU UsagePercent 0 GenCollectCount 0 0 0 27M ThreadPool 32758 32767 1000 1000
2023-04-21 10:01:04.682 +08:00 [arswebapiservice0421001] [Information] SkyApm.Service.CLRStatsService : Report CLR Stats. CPU UsagePercent 1.5625 GenCollectCount 0 0 0 28M ThreadPool 32761 32767 1000 1000
2023-04-21 10:01:04.682 +08:00 [arswebapiservice0421001] [Information] SkyApm.Service.PingService : Ping server @2023/4/21 2:01:04 +00:00
2023-04-21 10:01:04.682 +08:00 [arswebapiservice0421001] [Information] SkyApm.Service.PingService : Ping server @2023/4/21 2:01:04 +00:00
2023-04-21 10:01:04.682 +08:00 [arswebapiservice0421001] [Information] SkyApm.Service.CLRStatsService : Report CLR Stats. CPU UsagePercent 1.5625 GenCollectCount 0 0 0 28M ThreadPool 32761 32767 1000 1000
2023-04-21 10:01:34.674 +08:00 [arswebapiservice0421001] [Information] SkyApm.Service.CLRStatsService : Report CLR Stats. CPU UsagePercent 0 GenCollectCount 0 0 0 30M ThreadPool 32759 32767 1000 1000
2023-04-21 10:01:34.674 +08:00 [arswebapiservice0421001] [Information] SkyApm.Service.CLRStatsService : Report CLR Stats. CPU UsagePercent 0 GenCollectCount 0 0 0 30M ThreadPool 32759 32767 1000 1000
2023-04-21 10:02:04.698 +08:00 [arswebapiservice0421001] [Information] SkyApm.Service.PingService : Ping server @2023/4/21 2:02:04 +00:00
2023-04-21 10:02:04.710 +08:00 [arswebapiservice0421001] [Information] SkyApm.Service.PingService : Ping server @2023/4/21 2:02:04 +00:00
2023-04-21 10:02:04.710 +08:00 [arswebapiservice0421001] [Information] SkyApm.Service.CLRStatsService : Report CLR Stats. CPU UsagePercent 0 GenCollectCount 0 0 0 31M ThreadPool 32756 32767 1000 1000
2023-04-21 10:02:04.710 +08:00 [arswebapiservice0421001] [Information] SkyApm.Service.CLRStatsService : Report CLR Stats. CPU UsagePercent 0 GenCollectCount 0 0 0 31M ThreadPool 32751 32767 1000 1000
2023-04-21 10:02:34.676 +08:00 [arswebapiservice0421001] [Information] SkyApm.Service.CLRStatsService : Report CLR Stats. CPU UsagePercent 0 GenCollectCount 0 0 0 32M ThreadPool 32763 32767 1000 1000
2023-04-21 10:02:34.676 +08:00 [arswebapiservice0421001] [Information] SkyApm.Service.CLRStatsService : Report CLR Stats. CPU UsagePercent 0 GenCollectCount 0 0 0 32M ThreadPool 32763 32767 1000 1000
2023-04-21 10:03:04.712 +08:00 [arswebapiservice0421001] [Information] SkyApm.Service.PingService : Ping server @2023/4/21 2:03:04 +00:00
2023-04-21 10:03:04.716 +08:00 [arswebapiservice0421001] [Information] SkyApm.Service.PingService : Ping server @2023/4/21 2:03:04 +00:00
2023-04-21 10:03:04.719 +08:00 [arswebapiservice0421001] [Information] SkyApm.Service.CLRStatsService : Report CLR Stats. CPU UsagePercent 0 GenCollectCount 0 0 0 34M ThreadPool 32752 32767 1000 1000
2023-04-21 10:03:04.720 +08:00 [arswebapiservice0421001] [Information] SkyApm.Service.CLRStatsService : Report CLR Stats. CPU UsagePercent 0 GenCollectCount 0 0 0 34M ThreadPool 32755 32767 1000 1000
2023-04-21 10:03:34.669 +08:00 [arswebapiservice0421001] [Information] SkyApm.Service.CLRStatsService : Report CLR Stats. CPU UsagePercent 0 GenCollectCount 0 0 0 35M ThreadPool 32759 32767 1000 1000
2023-04-21 10:03:34.669 +08:00 [arswebapiservice0421001] [Information] SkyApm.Service.CLRStatsService : Report CLR Stats. CPU UsagePercent 0 GenCollectCount 0 0 0 35M ThreadPool 32759 32767 1000 1000
2023-04-21 10:04:04.688 +08:00 [arswebapiservice0421001] [Information] SkyApm.Service.PingService : Ping server @2023/4/21 2:04:04 +00:00
2023-04-21 10:04:04.693 +08:00 [arswebapiservice0421001] [Information] SkyApm.Service.PingService : Ping server @2023/4/21 2:04:04 +00:00
2023-04-21 10:04:04.694 +08:00 [arswebapiservice0421001] [Information] SkyApm.Service.CLRStatsService : Report CLR Stats. CPU UsagePercent 0 GenCollectCount 0 0 0 36M ThreadPool 32759 32767 1000 1000
2023-04-21 10:04:04.694 +08:00 [arswebapiservice0421001] [Information] SkyApm.Service.CLRStatsService : Report CLR Stats. CPU UsagePercent 0 GenCollectCount 0 0 0 36M ThreadPool 32753 32767 1000 1000
2023-04-21 10:04:34.741 +08:00 [arswebapiservice0421001] [Information] SkyApm.Service.CLRStatsService : Report CLR Stats. CPU UsagePercent 0 GenCollectCount 0 0 0 38M ThreadPool 32758 32767 1000 1000
2023-04-21 10:04:34.743 +08:00 [arswebapiservice0421001] [Information] SkyApm.Service.CLRStatsService : Report CLR Stats. CPU UsagePercent 0 GenCollectCount 0 0 0 38M ThreadPool 32757 32767 1000 1000
2023-04-21 10:05:04.698 +08:00 [arswebapiservice0421001] [Information] SkyApm.Service.CLRStatsService : Report CLR Stats. CPU UsagePercent 0 GenCollectCount 0 0 0 39M ThreadPool 32758 32767 1000 1000
2023-04-21 10:05:04.698 +08:00 [arswebapiservice0421001] [Information] SkyApm.Service.CLRStatsService : Report CLR Stats. CPU UsagePercent 0 GenCollectCount 0 0 0 39M ThreadPool 32758 32767 1000 1000
2023-04-21 10:05:04.698 +08:00 [arswebapiservice0421001] [Information] SkyApm.Service.PingService : Ping server @2023/4/21 2:05:04 +00:00
2023-04-21 10:05:04.698 +08:00 [arswebapiservice0421001] [Information] SkyApm.Service.PingService : Ping server @2023/4/21 2:05:04 +00:00
2023-04-21 10:05:34.688 +08:00 [arswebapiservice0421001] [Information] SkyApm.Service.CLRStatsService : Report CLR Stats. CPU UsagePercent 0 GenCollectCount 0 0 0 40M ThreadPool 32755 32767 1000 1000
2023-04-21 10:05:34.688 +08:00 [arswebapiservice0421001] [Information] SkyApm.Service.CLRStatsService : Report CLR Stats. CPU UsagePercent 0 GenCollectCount 0 0 0 40M ThreadPool 32760 32767 1000 1000
2023-04-21 10:06:04.693 +08:00 [arswebapiservice0421001] [Information] SkyApm.Service.PingService : Ping server @2023/4/21 2:06:04 +00:00
2023-04-21 10:06:04.694 +08:00 [arswebapiservice0421001] [Information] SkyApm.Service.CLRStatsService : Report CLR Stats. CPU UsagePercent 0 GenCollectCount 0 0 0 41M ThreadPool 32752 32767 1000 1000
2023-04-21 10:06:04.694 +08:00 [arswebapiservice0421001] [Information] SkyApm.Service.CLRStatsService : Report CLR Stats. CPU UsagePercent 0 GenCollectCount 0 0 0 41M ThreadPool 32752 32767 1000 1000
2023-04-21 10:06:04.695 +08:00 [arswebapiservice0421001] [Information] SkyApm.Service.PingService : Ping server @2023/4/21 2:06:04 +00:00
2023-04-21 10:06:34.680 +08:00 [arswebapiservice0421001] [Information] SkyApm.Service.CLRStatsService : Report CLR Stats. CPU UsagePercent 0 GenCollectCount 0 0 0 43M ThreadPool 32759 32767 1000 1000
2023-04-21 10:06:34.680 +08:00 [arswebapiservice0421001] [Information] SkyApm.Service.CLRStatsService : Report CLR Stats. CPU UsagePercent 0 GenCollectCount 0 0 0 43M ThreadPool 32759 32767 1000 1000
2023-04-21 10:07:04.696 +08:00 [arswebapiservice0421001] [Information] SkyApm.Service.CLRStatsService : Report CLR Stats. CPU UsagePercent 0 GenCollectCount 0 0 0 44M ThreadPool 32759 32767 1000 1000
2023-04-21 10:07:04.696 +08:00 [arswebapiservice0421001] [Information] SkyApm.Service.PingService : Ping server @2023/4/21 2:07:04 +00:00
2023-04-21 10:07:04.696 +08:00 [arswebapiservice0421001] [Information] SkyApm.Service.PingService : Ping server @2023/4/21 2:07:04 +00:00
2023-04-21 10:07:04.698 +08:00 [arswebapiservice0421001] [Information] SkyApm.Service.CLRStatsService : Report CLR Stats. CPU UsagePercent 0 GenCollectCount 0 0 0 44M ThreadPool 32759 32767 1000 1000
2023-04-21 10:07:34.681 +08:00 [arswebapiservice0421001] [Information] SkyApm.Service.CLRStatsService : Report CLR Stats. CPU UsagePercent 0 GenCollectCount 0 0 0 45M ThreadPool 32755 32767 1000 1000
2023-04-21 10:07:34.681 +08:00 [arswebapiservice0421001] [Information] SkyApm.Service.CLRStatsService : Report CLR Stats. CPU UsagePercent 0 GenCollectCount 0 0 0 45M ThreadPool 32755 32767 1000 1000
2023-04-21 10:08:04.692 +08:00 [arswebapiservice0421001] [Information] SkyApm.Service.PingService : Ping server @2023/4/21 2:08:04 +00:00
2023-04-21 10:08:04.692 +08:00 [arswebapiservice0421001] [Information] SkyApm.Service.PingService : Ping server @2023/4/21 2:08:04 +00:00
2023-04-21 10:08:04.692 +08:00 [arswebapiservice0421001] [Information] SkyApm.Service.CLRStatsService : Report CLR Stats. CPU UsagePercent 0 GenCollectCount 0 0 0 47M ThreadPool 32758 32767 1000 1000
2023-04-21 10:08:04.692 +08:00 [arswebapiservice0421001] [Information] SkyApm.Service.CLRStatsService : Report CLR Stats. CPU UsagePercent 0 GenCollectCount 0 0 0 47M ThreadPool 32758 32767 1000 1000
2023-04-21 10:08:34.682 +08:00 [arswebapiservice0421001] [Information] SkyApm.Service.CLRStatsService : Report CLR Stats. CPU UsagePercent 0 GenCollectCount 0 0 0 48M ThreadPool 32752 32767 1000 1000
2023-04-21 10:08:34.683 +08:00 [arswebapiservice0421001] [Information] SkyApm.Service.CLRStatsService : Report CLR Stats. CPU UsagePercent 0 GenCollectCount 0 0 0 48M ThreadPool 32752 32767 1000 1000
2023-04-21 10:09:04.679 +08:00 [arswebapiservice0421001] [Information] SkyApm.Service.PingService : Ping server @2023/4/21 2:09:04 +00:00
2023-04-21 10:09:04.679 +08:00 [arswebapiservice0421001] [Information] SkyApm.Service.PingService : Ping server @2023/4/21 2:09:04 +00:00
2023-04-21 10:09:04.680 +08:00 [arswebapiservice0421001] [Information] SkyApm.Service.CLRStatsService : Report CLR Stats. CPU UsagePercent 0 GenCollectCount 0 0 0 49M ThreadPool 32759 32767 1000 1000
2023-04-21 10:09:04.680 +08:00 [arswebapiservice0421001] [Information] SkyApm.Service.CLRStatsService : Report CLR Stats. CPU UsagePercent 0 GenCollectCount 0 0 0 49M ThreadPool 32759 32767 1000 1000
2023-04-21 10:09:34.708 +08:00 [arswebapiservice0421001] [Information] SkyApm.Service.CLRStatsService : Report CLR Stats. CPU UsagePercent 0 GenCollectCount 0 0 0 50M ThreadPool 32756 32767 1000 1000
2023-04-21 10:09:34.708 +08:00 [arswebapiservice0421001] [Information] SkyApm.Service.CLRStatsService : Report CLR Stats. CPU UsagePercent 0 GenCollectCount 0 0 0 51M ThreadPool 32760 32767 1000 1000
2023-04-21 10:10:04.684 +08:00 [arswebapiservice0421001] [Information] SkyApm.Service.CLRStatsService : Report CLR Stats. CPU UsagePercent 0 GenCollectCount 0 0 0 52M ThreadPool 32759 32767 1000 1000
2023-04-21 10:10:04.684 +08:00 [arswebapiservice0421001] [Information] SkyApm.Service.CLRStatsService : Report CLR Stats. CPU UsagePercent 0 GenCollectCount 0 0 0 52M ThreadPool 32759 32767 1000 1000
2023-04-21 10:10:04.684 +08:00 [arswebapiservice0421001] [Information] SkyApm.Service.PingService : Ping server @2023/4/21 2:10:04 +00:00
2023-04-21 10:10:04.684 +08:00 [arswebapiservice0421001] [Information] SkyApm.Service.PingService : Ping server @2023/4/21 2:10:04 +00:00
2023-04-21 10:10:34.682 +08:00 [arswebapiservice0421001] [Information] SkyApm.Service.CLRStatsService : Report CLR Stats. CPU UsagePercent 0 GenCollectCount 0 0 0 53M ThreadPool 32752 32767 1000 1000
2023-04-21 10:10:34.690 +08:00 [arswebapiservice0421001] [Information] SkyApm.Service.CLRStatsService : Report CLR Stats. CPU UsagePercent 0 GenCollectCount 0 0 0 53M ThreadPool 32751 32767 1000 1000
2023-04-21 10:11:04.669 +08:00 [arswebapiservice0421001] [Information] SkyApm.Service.CLRStatsService : Report CLR Stats. CPU UsagePercent 0 GenCollectCount 0 0 0 54M ThreadPool 32757 32767 1000 1000
2023-04-21 10:11:04.669 +08:00 [arswebapiservice0421001] [Information] SkyApm.Service.PingService : Ping server @2023/4/21 2:11:04 +00:00
2023-04-21 10:11:04.669 +08:00 [arswebapiservice0421001] [Information] SkyApm.Service.CLRStatsService : Report CLR Stats. CPU UsagePercent 0 GenCollectCount 0 0 0 54M ThreadPool 32757 32767 1000 1000
2023-04-21 10:11:04.670 +08:00 [arswebapiservice0421001] [Information] SkyApm.Service.PingService : Ping server @2023/4/21 2:11:04 +00:00
2023-04-21 10:11:34.696 +08:00 [arswebapiservice0421001] [Information] SkyApm.Service.CLRStatsService : Report CLR Stats. CPU UsagePercent 0 GenCollectCount 0 0 0 56M ThreadPool 32753 32767 1000 1000
2023-04-21 10:11:34.696 +08:00 [arswebapiservice0421001] [Information] SkyApm.Service.CLRStatsService : Report CLR Stats. CPU UsagePercent 0 GenCollectCount 0 0 0 56M ThreadPool 32754 32767 1000 1000
