2023-04-08 10:33:46.805 +08:00 [arswebapiservice1] [Information] SkyApm.InstrumentStartup : Initializing ...
2023-04-08 10:33:46.907 +08:00 [arswebapiservice1] [Information] SkyApm.Service.RegisterService : Loaded instrument service [SkyApm.Service.RegisterService].
2023-04-08 10:33:46.908 +08:00 [arswebapiservice1] [Information] SkyApm.Service.LogReportService : Loaded instrument service [SkyApm.Service.LogReportService].
2023-04-08 10:33:46.908 +08:00 [arswebapiservice1] [Information] SkyApm.Service.PingService : Loaded instrument service [SkyApm.Service.PingService].
2023-04-08 10:33:46.908 +08:00 [arswebapiservice1] [Information] SkyApm.Service.SegmentReportService : Loaded instrument service [SkyApm.Service.SegmentReportService].
2023-04-08 10:33:46.909 +08:00 [arswebapiservice1] [Information] SkyApm.Service.CLRStatsService : Loaded instrument service [SkyApm.Service.CLRStatsService].
2023-04-08 10:33:46.909 +08:00 [arswebapiservice1] [Information] SkyApm.Sampling.SimpleCountSamplingInterceptor : Loaded instrument service [SkyApm.Sampling.SimpleCountSamplingInterceptor].
2023-04-08 10:33:46.909 +08:00 [arswebapiservice1] [Information] SkyApm.Transport.Grpc.ConnectService : Loaded instrument service [SkyApm.Transport.Grpc.ConnectService].
2023-04-08 10:33:47.053 +08:00 [arswebapiservice1] [Information] SkyApm.Transport.Grpc.ConnectionManager : Connected server[127.0.0.1:11800].
2023-04-08 10:33:47.062 +08:00 [arswebapiservice1] [Information] SkyApm.Diagnostics.TracingDiagnosticProcessorObserver : Loaded diagnostic listener [HttpHandlerDiagnosticListener].
2023-04-08 10:33:47.064 +08:00 [arswebapiservice1] [Information] SkyApm.Diagnostics.TracingDiagnosticProcessorObserver : Loaded diagnostic listener [Microsoft.AspNetCore].
2023-04-08 10:33:47.064 +08:00 [arswebapiservice1] [Information] SkyApm.InstrumentStartup : Started SkyAPM .NET Core Agent.
2023-04-08 10:33:47.644 +08:00 [arswebapiservice1] [Information] SkyApm.Diagnostics.TracingDiagnosticProcessorObserver : Loaded diagnostic listener [Grpc.Net.Client].
2023-04-08 10:33:48.280 +08:00 [arswebapiservice1] [Information] SkyApm.Service.RegisterService : Reported Service Instance Properties[Service=arswebapiservice1,InstanceId=192.168.110.67@a93cf5f612b144578ee4894f2c28eab4].
2023-04-08 10:33:53.083 +08:00 [arswebapiservice1] [Information] SkyApm.Transport.Grpc.V8.SegmentReporter : Report 4 trace segment. cost: 00:00:00.1434240s
2023-04-08 10:34:16.966 +08:00 [arswebapiservice1] [Information] SkyApm.Service.PingService : Ping server @2023/4/8 2:34:16 +00:00
2023-04-08 10:34:16.966 +08:00 [arswebapiservice1] [Information] SkyApm.Service.CLRStatsService : Report CLR Stats. CPU UsagePercent 0 GenCollectCount 14 14 4 7M ThreadPool 32765 32767 1000 1000
2023-04-08 10:34:46.949 +08:00 [arswebapiservice1] [Information] SkyApm.Service.CLRStatsService : Report CLR Stats. CPU UsagePercent 0 GenCollectCount 12 12 0 7M ThreadPool 32764 32767 1000 1000
2023-04-08 10:35:16.927 +08:00 [arswebapiservice1] [Information] SkyApm.Service.PingService : Ping server @2023/4/8 2:35:16 +00:00
2023-04-08 10:35:16.928 +08:00 [arswebapiservice1] [Information] SkyApm.Service.CLRStatsService : Report CLR Stats. CPU UsagePercent 0 GenCollectCount 14 14 0 7M ThreadPool 32759 32767 1000 1000
2023-04-08 10:35:46.928 +08:00 [arswebapiservice1] [Information] SkyApm.Service.CLRStatsService : Report CLR Stats. CPU UsagePercent 0 GenCollectCount 14 14 0 7M ThreadPool 32758 32767 1000 1000
2023-04-08 10:41:09.065 +08:00 [arswebapiservice5196] [Information] SkyApm.InstrumentStartup : Initializing ...
2023-04-08 10:41:09.121 +08:00 [arswebapiservice5196] [Information] SkyApm.Service.RegisterService : Loaded instrument service [SkyApm.Service.RegisterService].
2023-04-08 10:41:09.121 +08:00 [arswebapiservice5196] [Information] SkyApm.Service.LogReportService : Loaded instrument service [SkyApm.Service.LogReportService].
2023-04-08 10:41:09.121 +08:00 [arswebapiservice5196] [Information] SkyApm.Service.PingService : Loaded instrument service [SkyApm.Service.PingService].
2023-04-08 10:41:09.121 +08:00 [arswebapiservice5196] [Information] SkyApm.Service.SegmentReportService : Loaded instrument service [SkyApm.Service.SegmentReportService].
2023-04-08 10:41:09.121 +08:00 [arswebapiservice5196] [Information] SkyApm.Service.CLRStatsService : Loaded instrument service [SkyApm.Service.CLRStatsService].
2023-04-08 10:41:09.121 +08:00 [arswebapiservice5196] [Information] SkyApm.Sampling.SimpleCountSamplingInterceptor : Loaded instrument service [SkyApm.Sampling.SimpleCountSamplingInterceptor].
2023-04-08 10:41:09.122 +08:00 [arswebapiservice5196] [Information] SkyApm.Transport.Grpc.ConnectService : Loaded instrument service [SkyApm.Transport.Grpc.ConnectService].
2023-04-08 10:41:09.212 +08:00 [arswebapiservice5196] [Information] SkyApm.Transport.Grpc.ConnectionManager : Connected server[127.0.0.1:11800].
2023-04-08 10:41:09.215 +08:00 [arswebapiservice5196] [Information] SkyApm.Diagnostics.TracingDiagnosticProcessorObserver : Loaded diagnostic listener [HttpHandlerDiagnosticListener].
2023-04-08 10:41:09.216 +08:00 [arswebapiservice5196] [Information] SkyApm.Diagnostics.TracingDiagnosticProcessorObserver : Loaded diagnostic listener [Microsoft.AspNetCore].
2023-04-08 10:41:09.216 +08:00 [arswebapiservice5196] [Information] SkyApm.InstrumentStartup : Started SkyAPM .NET Core Agent.
2023-04-08 10:41:10.059 +08:00 [arswebapiservice5196] [Information] SkyApm.Diagnostics.TracingDiagnosticProcessorObserver : Loaded diagnostic listener [Grpc.Net.Client].
2023-04-08 10:41:10.427 +08:00 [arswebapiservice5196] [Information] SkyApm.Service.RegisterService : Reported Service Instance Properties[Service=arswebapiservice5196,InstanceId=192.168.110.67@540afc65608b4199afcc95be85571491].
2023-04-08 10:41:12.230 +08:00 [arswebapiservice5196] [Information] SkyApm.Transport.Grpc.V8.SegmentReporter : Report 4 trace segment. cost: 00:00:00.0925073s
2023-04-08 10:41:39.194 +08:00 [arswebapiservice5196] [Information] SkyApm.Service.PingService : Ping server @2023/4/8 2:41:39 +00:00
2023-04-08 10:41:39.196 +08:00 [arswebapiservice5196] [Information] SkyApm.Service.CLRStatsService : Report CLR Stats. CPU UsagePercent 0 GenCollectCount 1 1 0 8M ThreadPool 32765 32767 1000 1000
2023-04-08 10:42:09.154 +08:00 [arswebapiservice5196] [Information] SkyApm.Service.CLRStatsService : Report CLR Stats. CPU UsagePercent 0 GenCollectCount 8 8 1 7M ThreadPool 32756 32767 1000 1000
2023-04-08 10:42:39.144 +08:00 [arswebapiservice5196] [Information] SkyApm.Service.CLRStatsService : Report CLR Stats. CPU UsagePercent 0 GenCollectCount 2 2 0 7M ThreadPool 32759 32767 1000 1000
2023-04-08 10:42:39.144 +08:00 [arswebapiservice5196] [Information] SkyApm.Service.PingService : Ping server @2023/4/8 2:42:39 +00:00
2023-04-08 10:43:09.162 +08:00 [arswebapiservice5196] [Information] SkyApm.Service.CLRStatsService : Report CLR Stats. CPU UsagePercent 0 GenCollectCount 1 1 0 7M ThreadPool 32764 32767 1000 1000
2023-04-08 10:43:39.141 +08:00 [arswebapiservice5196] [Information] SkyApm.Service.PingService : Ping server @2023/4/8 2:43:39 +00:00
2023-04-08 10:43:39.141 +08:00 [arswebapiservice5196] [Information] SkyApm.Service.CLRStatsService : Report CLR Stats. CPU UsagePercent 0 GenCollectCount 1 1 0 7M ThreadPool 32759 32767 1000 1000
2023-04-08 10:44:09.143 +08:00 [arswebapiservice5196] [Information] SkyApm.Service.CLRStatsService : Report CLR Stats. CPU UsagePercent 0 GenCollectCount 0 0 0 8M ThreadPool 32759 32767 1000 1000
2023-04-08 10:44:39.167 +08:00 [arswebapiservice5196] [Information] SkyApm.Service.CLRStatsService : Report CLR Stats. CPU UsagePercent 0 GenCollectCount 0 0 0 9M ThreadPool 32762 32767 1000 1000
2023-04-08 10:44:39.167 +08:00 [arswebapiservice5196] [Information] SkyApm.Service.PingService : Ping server @2023/4/8 2:44:39 +00:00
2023-04-08 10:45:09.137 +08:00 [arswebapiservice5196] [Information] SkyApm.Service.CLRStatsService : Report CLR Stats. CPU UsagePercent 0 GenCollectCount 1 1 0 7M ThreadPool 32759 32767 1000 1000
2023-04-08 10:45:39.174 +08:00 [arswebapiservice5196] [Information] SkyApm.Service.PingService : Ping server @2023/4/8 2:45:39 +00:00
2023-04-08 10:45:39.177 +08:00 [arswebapiservice5196] [Information] SkyApm.Service.CLRStatsService : Report CLR Stats. CPU UsagePercent 0 GenCollectCount 3 3 1 7M ThreadPool 32763 32767 1000 1000
2023-04-08 10:45:48.137 +08:00 [arswebapiservice5196] [Information] SkyApm.Transport.Grpc.V8.SegmentReporter : Report 1 trace segment. cost: 00:00:00.0087094s
2023-04-08 10:45:48.362 +08:00 [arswebapiservice5196] [Information] SkyApm.Transport.Grpc.SegmentReporter : Report 1 logs. cost: 00:00:00.2225073s
2023-04-08 10:46:09.128 +08:00 [arswebapiservice5196] [Information] SkyApm.Service.CLRStatsService : Report CLR Stats. CPU UsagePercent 0 GenCollectCount 1 1 0 8M ThreadPool 32759 32767 1000 1000
2023-04-08 10:46:38.540 +08:00 [arswebapiservice5196] [Information] SkyApm.Diagnostics.TracingDiagnosticProcessorObserver : Loaded diagnostic listener [Microsoft.EntityFrameworkCore].
2023-04-08 10:46:39.137 +08:00 [arswebapiservice5196] [Information] SkyApm.Service.PingService : Ping server @2023/4/8 2:46:39 +00:00
2023-04-08 10:46:39.138 +08:00 [arswebapiservice5196] [Information] SkyApm.Service.CLRStatsService : Report CLR Stats. CPU UsagePercent 12.5 GenCollectCount 3 3 2 10M ThreadPool 32758 32767 999 1000
2023-04-08 10:46:39.162 +08:00 [arswebapiservice5196] [Information] SkyApm.Transport.Grpc.V8.SegmentReporter : Report 2 trace segment. cost: 00:00:00.0384501s
2023-04-08 10:46:40.110 +08:00 [arswebapiservice5196] [Information] SkyApm.Diagnostics.TracingDiagnosticProcessorObserver : Loaded diagnostic listener [SqlClientDiagnosticListener].
2023-04-08 10:46:40.841 +08:00 [arswebapiservice5196] [Information] SkyApm.Diagnostics.TracingDiagnosticProcessorObserver : Loaded diagnostic listener [SqlClientDiagnosticListener].
2023-04-08 10:46:51.366 +08:00 [arswebapiservice5196] [Information] SkyApm.Transport.Grpc.V8.SegmentReporter : Report 2 trace segment. cost: 00:00:03.1394048s
2023-04-08 10:46:51.375 +08:00 [arswebapiservice5196] [Information] SkyApm.Transport.Grpc.SegmentReporter : Report 3 logs. cost: 00:00:03.1485137s
2023-04-08 10:46:51.405 +08:00 [arswebapiservice5196] [Information] SkyApm.Diagnostics.TracingDiagnosticProcessorObserver : Loaded diagnostic listener [SqlClientDiagnosticListener].
2023-04-08 10:46:54.241 +08:00 [arswebapiservice5196] [Information] SkyApm.Transport.Grpc.SegmentReporter : Report 1 logs. cost: 00:00:00.0121150s
2023-04-08 10:46:54.242 +08:00 [arswebapiservice5196] [Information] SkyApm.Transport.Grpc.V8.SegmentReporter : Report 3 trace segment. cost: 00:00:00.0132088s
2023-04-08 10:47:09.128 +08:00 [arswebapiservice5196] [Information] SkyApm.Service.CLRStatsService : Report CLR Stats. CPU UsagePercent 0 GenCollectCount 7 7 1 9M ThreadPool 32764 32767 1000 1000
