2023-04-14 14:04:37.573 +08:00 [arswebapiservice5197] [Information] SkyApm.InstrumentStartup : Initializing ...
2023-04-14 14:04:37.634 +08:00 [arswebapiservice5197] [Information] SkyApm.Service.RegisterService : Loaded instrument service [SkyApm.Service.RegisterService].
2023-04-14 14:04:37.635 +08:00 [arswebapiservice5197] [Information] SkyApm.Service.LogReportService : Loaded instrument service [SkyApm.Service.LogReportService].
2023-04-14 14:04:37.635 +08:00 [arswebapiservice5197] [Information] SkyApm.Service.PingService : Loaded instrument service [SkyApm.Service.PingService].
2023-04-14 14:04:37.636 +08:00 [arswebapiservice5197] [Information] SkyApm.Service.SegmentReportService : Loaded instrument service [SkyApm.Service.SegmentReportService].
2023-04-14 14:04:37.636 +08:00 [arswebapiservice5197] [Information] SkyApm.Service.CLRStatsService : Loaded instrument service [SkyApm.Service.CLRStatsService].
2023-04-14 14:04:37.636 +08:00 [arswebapiservice5197] [Information] SkyApm.Sampling.SimpleCountSamplingInterceptor : Loaded instrument service [SkyApm.Sampling.SimpleCountSamplingInterceptor].
2023-04-14 14:04:37.636 +08:00 [arswebapiservice5197] [Information] SkyApm.Transport.Grpc.ConnectService : Loaded instrument service [SkyApm.Transport.Grpc.ConnectService].
2023-04-14 14:04:37.717 +08:00 [arswebapiservice5197] [Information] SkyApm.Transport.Grpc.ConnectionManager : Connected server[127.0.0.1:11800].
2023-04-14 14:04:37.737 +08:00 [arswebapiservice5197] [Information] SkyApm.Diagnostics.TracingDiagnosticProcessorObserver : Loaded diagnostic listener [HttpHandlerDiagnosticListener].
2023-04-14 14:04:37.738 +08:00 [arswebapiservice5197] [Information] SkyApm.Diagnostics.TracingDiagnosticProcessorObserver : Loaded diagnostic listener [Microsoft.AspNetCore].
2023-04-14 14:04:37.739 +08:00 [arswebapiservice5197] [Information] SkyApm.InstrumentStartup : Started SkyAPM .NET Core Agent.
2023-04-14 14:04:38.434 +08:00 [arswebapiservice5197] [Information] SkyApm.Diagnostics.TracingDiagnosticProcessorObserver : Loaded diagnostic listener [Grpc.Net.Client].
2023-04-14 14:04:38.695 +08:00 [arswebapiservice5197] [Information] SkyApm.Service.RegisterService : Reported Service Instance Properties[Service=arswebapiservice5197,InstanceId=172.20.64.1@8ca0b635069e4371ab21c8dbbace6396].
2023-04-14 14:04:40.755 +08:00 [arswebapiservice5197] [Information] SkyApm.Transport.Grpc.V8.SegmentReporter : Report 3 trace segment. cost: 00:00:00.0887007s
2023-04-14 14:04:43.653 +08:00 [arswebapiservice5197] [Information] SkyApm.Transport.Grpc.V8.SegmentReporter : Report 1 trace segment. cost: 00:00:00.0049616s
2023-04-14 14:05:07.698 +08:00 [arswebapiservice5197] [Information] SkyApm.Service.PingService : Ping server @2023/4/14 6:05:07 +00:00
2023-04-14 14:05:07.700 +08:00 [arswebapiservice5197] [Information] SkyApm.Service.CLRStatsService : Report CLR Stats. CPU UsagePercent 0 GenCollectCount 13 13 2 7M ThreadPool 32765 32767 1000 1000
2023-04-14 14:05:16.660 +08:00 [arswebapiservice5197] [Information] SkyApm.Transport.Grpc.V8.SegmentReporter : Report 2 trace segment. cost: 00:00:00.0108738s
2023-04-14 14:05:16.691 +08:00 [arswebapiservice5197] [Information] SkyApm.Diagnostics.TracingDiagnosticProcessorObserver : Loaded diagnostic listener [Microsoft.EntityFrameworkCore].
2023-04-14 14:05:17.808 +08:00 [arswebapiservice5197] [Information] SkyApm.Diagnostics.TracingDiagnosticProcessorObserver : Loaded diagnostic listener [SqlClientDiagnosticListener].
2023-04-14 14:05:22.764 +08:00 [arswebapiservice5197] [Information] SkyApm.Transport.Grpc.SegmentReporter : Report 2 logs. cost: 00:00:00.0528931s
2023-04-14 14:05:23.901 +08:00 [arswebapiservice5197] [Information] SkyApm.Diagnostics.TracingDiagnosticProcessorObserver : Loaded diagnostic listener [SqlClientDiagnosticListener].
2023-04-14 14:05:25.801 +08:00 [arswebapiservice5197] [Information] SkyApm.Transport.Grpc.V8.SegmentReporter : Report 2 trace segment. cost: 00:00:00.0975255s
2023-04-14 14:05:25.812 +08:00 [arswebapiservice5197] [Information] SkyApm.Transport.Grpc.SegmentReporter : Report 1 logs. cost: 00:00:00.1090411s
2023-04-14 14:05:28.756 +08:00 [arswebapiservice5197] [Information] SkyApm.Transport.Grpc.SegmentReporter : Report 2 logs. cost: 00:00:00.0589235s
2023-04-14 14:05:28.811 +08:00 [arswebapiservice5197] [Information] SkyApm.Transport.Grpc.V8.SegmentReporter : Report 5 trace segment. cost: 00:00:00.1111340s
2023-04-14 14:05:37.656 +08:00 [arswebapiservice5197] [Information] SkyApm.Service.CLRStatsService : Report CLR Stats. CPU UsagePercent 0 GenCollectCount 13 13 2 10M ThreadPool 32766 32767 1000 1000
2023-04-14 14:06:07.641 +08:00 [arswebapiservice5197] [Information] SkyApm.Service.PingService : Ping server @2023/4/14 6:06:07 +00:00
2023-04-14 14:06:07.654 +08:00 [arswebapiservice5197] [Information] SkyApm.Service.CLRStatsService : Report CLR Stats. CPU UsagePercent 0 GenCollectCount 15 15 3 9M ThreadPool 32766 32767 1000 1000
2023-04-14 14:06:37.652 +08:00 [arswebapiservice5197] [Information] SkyApm.Service.CLRStatsService : Report CLR Stats. CPU UsagePercent 0 GenCollectCount 12 12 1 9M ThreadPool 32761 32767 1000 1000
2023-04-14 14:07:07.669 +08:00 [arswebapiservice5197] [Information] SkyApm.Service.PingService : Ping server @2023/4/14 6:07:07 +00:00
2023-04-14 14:07:07.673 +08:00 [arswebapiservice5197] [Information] SkyApm.Service.CLRStatsService : Report CLR Stats. CPU UsagePercent 0 GenCollectCount 15 15 0 10M ThreadPool 32762 32767 1000 1000
2023-04-14 14:07:13.755 +08:00 [arswebapiservice5197] [Information] SkyApm.Transport.Grpc.SegmentReporter : Report 1 logs. cost: 00:00:00.0265519s
2023-04-14 14:07:16.713 +08:00 [arswebapiservice5197] [Information] SkyApm.Transport.Grpc.SegmentReporter : Report 3 logs. cost: 00:00:00.0088085s
2023-04-14 14:07:16.716 +08:00 [arswebapiservice5197] [Information] SkyApm.Transport.Grpc.V8.SegmentReporter : Report 7 trace segment. cost: 00:00:00.0120337s
2023-04-14 14:07:37.647 +08:00 [arswebapiservice5197] [Information] SkyApm.Service.CLRStatsService : Report CLR Stats. CPU UsagePercent 0 GenCollectCount 12 12 3 10M ThreadPool 32764 32767 1000 1000
2023-04-14 14:08:07.642 +08:00 [arswebapiservice5197] [Information] SkyApm.Service.CLRStatsService : Report CLR Stats. CPU UsagePercent 0 GenCollectCount 15 15 0 10M ThreadPool 32765 32767 1000 1000
2023-04-14 14:08:07.659 +08:00 [arswebapiservice5197] [Information] SkyApm.Service.PingService : Ping server @2023/4/14 6:08:07 +00:00
2023-04-14 14:08:37.654 +08:00 [arswebapiservice5197] [Information] SkyApm.Service.CLRStatsService : Report CLR Stats. CPU UsagePercent 0 GenCollectCount 14 14 0 10M ThreadPool 32761 32767 1000 1000
2023-04-14 14:23:17.926 +08:00 [arswebapiservice5197] [Information] SkyApm.InstrumentStartup : Initializing ...
2023-04-14 14:23:17.978 +08:00 [arswebapiservice5197] [Information] SkyApm.Service.RegisterService : Loaded instrument service [SkyApm.Service.RegisterService].
2023-04-14 14:23:17.978 +08:00 [arswebapiservice5197] [Information] SkyApm.Service.LogReportService : Loaded instrument service [SkyApm.Service.LogReportService].
2023-04-14 14:23:17.979 +08:00 [arswebapiservice5197] [Information] SkyApm.Service.PingService : Loaded instrument service [SkyApm.Service.PingService].
2023-04-14 14:23:17.979 +08:00 [arswebapiservice5197] [Information] SkyApm.Service.SegmentReportService : Loaded instrument service [SkyApm.Service.SegmentReportService].
2023-04-14 14:23:17.979 +08:00 [arswebapiservice5197] [Information] SkyApm.Service.CLRStatsService : Loaded instrument service [SkyApm.Service.CLRStatsService].
2023-04-14 14:23:17.979 +08:00 [arswebapiservice5197] [Information] SkyApm.Sampling.SimpleCountSamplingInterceptor : Loaded instrument service [SkyApm.Sampling.SimpleCountSamplingInterceptor].
2023-04-14 14:23:17.979 +08:00 [arswebapiservice5197] [Information] SkyApm.Transport.Grpc.ConnectService : Loaded instrument service [SkyApm.Transport.Grpc.ConnectService].
2023-04-14 14:23:18.060 +08:00 [arswebapiservice5197] [Information] SkyApm.Transport.Grpc.ConnectionManager : Connected server[127.0.0.1:11800].
2023-04-14 14:23:18.070 +08:00 [arswebapiservice5197] [Information] SkyApm.Diagnostics.TracingDiagnosticProcessorObserver : Loaded diagnostic listener [HttpHandlerDiagnosticListener].
2023-04-14 14:23:18.071 +08:00 [arswebapiservice5197] [Information] SkyApm.Diagnostics.TracingDiagnosticProcessorObserver : Loaded diagnostic listener [Microsoft.AspNetCore].
2023-04-14 14:23:18.071 +08:00 [arswebapiservice5197] [Information] SkyApm.InstrumentStartup : Started SkyAPM .NET Core Agent.
2023-04-14 14:23:18.626 +08:00 [arswebapiservice5197] [Information] SkyApm.Diagnostics.TracingDiagnosticProcessorObserver : Loaded diagnostic listener [Grpc.Net.Client].
2023-04-14 14:23:18.987 +08:00 [arswebapiservice5197] [Information] SkyApm.Service.RegisterService : Reported Service Instance Properties[Service=arswebapiservice5197,InstanceId=172.20.64.1@bf5f6cdda5504ab3b9d81d3790f9ab1e].
2023-04-14 14:23:21.020 +08:00 [arswebapiservice5197] [Information] SkyApm.Transport.Grpc.V8.SegmentReporter : Report 4 trace segment. cost: 00:00:00.0340795s
2023-04-14 14:23:40.998 +08:00 [arswebapiservice5197] [Information] SkyApm.Diagnostics.TracingDiagnosticProcessorObserver : Loaded diagnostic listener [Microsoft.EntityFrameworkCore].
2023-04-14 14:23:41.844 +08:00 [arswebapiservice5197] [Information] SkyApm.Diagnostics.TracingDiagnosticProcessorObserver : Loaded diagnostic listener [SqlClientDiagnosticListener].
2023-04-14 14:23:41.991 +08:00 [arswebapiservice5197] [Information] SkyApm.Transport.Grpc.V8.SegmentReporter : Report 2 trace segment. cost: 00:00:00.0088208s
2023-04-14 14:23:42.005 +08:00 [arswebapiservice5197] [Information] SkyApm.Transport.Grpc.SegmentReporter : Report 2 logs. cost: 00:00:00.0158062s
2023-04-14 14:23:42.288 +08:00 [arswebapiservice5197] [Information] SkyApm.Diagnostics.TracingDiagnosticProcessorObserver : Loaded diagnostic listener [SqlClientDiagnosticListener].
2023-04-14 14:23:45.000 +08:00 [arswebapiservice5197] [Information] SkyApm.Transport.Grpc.SegmentReporter : Report 3 logs. cost: 00:00:00.0142860s
2023-04-14 14:23:45.000 +08:00 [arswebapiservice5197] [Information] SkyApm.Transport.Grpc.V8.SegmentReporter : Report 7 trace segment. cost: 00:00:00.0144202s
2023-04-14 14:23:48.002 +08:00 [arswebapiservice5197] [Information] SkyApm.Transport.Grpc.SegmentReporter : Report 4 logs. cost: 00:00:00.0118060s
2023-04-14 14:23:48.008 +08:00 [arswebapiservice5197] [Information] SkyApm.Transport.Grpc.V8.SegmentReporter : Report 7 trace segment. cost: 00:00:00.0177565s
2023-04-14 14:23:48.037 +08:00 [arswebapiservice5197] [Information] SkyApm.Service.PingService : Ping server @2023/4/14 6:23:48 +00:00
2023-04-14 14:23:48.038 +08:00 [arswebapiservice5197] [Information] SkyApm.Service.CLRStatsService : Report CLR Stats. CPU UsagePercent 0 GenCollectCount 1 0 0 13M ThreadPool 32765 32767 1000 1000
2023-04-14 14:24:18.003 +08:00 [arswebapiservice5197] [Information] SkyApm.Service.CLRStatsService : Report CLR Stats. CPU UsagePercent 0 GenCollectCount 0 0 0 13M ThreadPool 32766 32767 1000 1000
2023-04-14 14:24:48.009 +08:00 [arswebapiservice5197] [Information] SkyApm.Service.CLRStatsService : Report CLR Stats. CPU UsagePercent 0 GenCollectCount 0 0 0 14M ThreadPool 32765 32767 1000 1000
2023-04-14 14:24:48.009 +08:00 [arswebapiservice5197] [Information] SkyApm.Service.PingService : Ping server @2023/4/14 6:24:48 +00:00
2023-04-14 14:25:17.999 +08:00 [arswebapiservice5197] [Information] SkyApm.Service.CLRStatsService : Report CLR Stats. CPU UsagePercent 0 GenCollectCount 0 0 0 15M ThreadPool 32766 32767 1000 1000
2023-04-14 14:25:47.991 +08:00 [arswebapiservice5197] [Information] SkyApm.Service.PingService : Ping server @2023/4/14 6:25:47 +00:00
2023-04-14 14:25:47.991 +08:00 [arswebapiservice5197] [Information] SkyApm.Service.CLRStatsService : Report CLR Stats. CPU UsagePercent 0 GenCollectCount 0 0 0 16M ThreadPool 32762 32767 1000 1000
2023-04-14 14:26:18.006 +08:00 [arswebapiservice5197] [Information] SkyApm.Service.CLRStatsService : Report CLR Stats. CPU UsagePercent 0 GenCollectCount 0 0 0 16M ThreadPool 32762 32767 1000 1000
2023-04-14 14:26:48.000 +08:00 [arswebapiservice5197] [Information] SkyApm.Service.CLRStatsService : Report CLR Stats. CPU UsagePercent 0 GenCollectCount 0 0 0 17M ThreadPool 32758 32767 1000 1000
2023-04-14 14:26:48.000 +08:00 [arswebapiservice5197] [Information] SkyApm.Service.PingService : Ping server @2023/4/14 6:26:48 +00:00
2023-04-14 14:27:17.994 +08:00 [arswebapiservice5197] [Information] SkyApm.Service.CLRStatsService : Report CLR Stats. CPU UsagePercent 0 GenCollectCount 0 0 0 18M ThreadPool 32759 32767 1000 1000
2023-04-14 14:27:48.014 +08:00 [arswebapiservice5197] [Information] SkyApm.Service.CLRStatsService : Report CLR Stats. CPU UsagePercent 0 GenCollectCount 0 0 0 19M ThreadPool 32764 32767 1000 1000
2023-04-14 14:27:48.014 +08:00 [arswebapiservice5197] [Information] SkyApm.Service.PingService : Ping server @2023/4/14 6:27:48 +00:00
2023-04-14 14:28:17.990 +08:00 [arswebapiservice5197] [Information] SkyApm.Service.CLRStatsService : Report CLR Stats. CPU UsagePercent 0 GenCollectCount 0 0 0 19M ThreadPool 32759 32767 1000 1000
2023-04-14 14:28:48.001 +08:00 [arswebapiservice5197] [Information] SkyApm.Service.CLRStatsService : Report CLR Stats. CPU UsagePercent 0 GenCollectCount 0 0 0 20M ThreadPool 32757 32767 1000 1000
2023-04-14 14:28:48.001 +08:00 [arswebapiservice5197] [Information] SkyApm.Service.PingService : Ping server @2023/4/14 6:28:48 +00:00
2023-04-14 14:29:18.009 +08:00 [arswebapiservice5197] [Information] SkyApm.Service.CLRStatsService : Report CLR Stats. CPU UsagePercent 0 GenCollectCount 0 0 0 21M ThreadPool 32766 32767 1000 1000
2023-04-14 14:29:47.996 +08:00 [arswebapiservice5197] [Information] SkyApm.Service.CLRStatsService : Report CLR Stats. CPU UsagePercent 0 GenCollectCount 0 0 0 22M ThreadPool 32759 32767 1000 1000
2023-04-14 14:29:47.996 +08:00 [arswebapiservice5197] [Information] SkyApm.Service.PingService : Ping server @2023/4/14 6:29:47 +00:00
2023-04-14 14:30:18.079 +08:00 [arswebapiservice5197] [Information] SkyApm.Service.CLRStatsService : Report CLR Stats. CPU UsagePercent 0 GenCollectCount 0 0 0 23M ThreadPool 32760 32767 1000 1000
2023-04-14 14:30:18.086 +08:00 [arswebapiservice5197] [Information] SkyApm.Transport.Grpc.SegmentReporter : Report 4 logs. cost: 00:00:00.0873956s
2023-04-14 14:30:18.086 +08:00 [arswebapiservice5197] [Information] SkyApm.Transport.Grpc.V8.SegmentReporter : Report 7 trace segment. cost: 00:00:00.0878728s
2023-04-14 14:30:23.996 +08:00 [arswebapiservice5197] [Information] SkyApm.Transport.Grpc.SegmentReporter : Report 4 logs. cost: 00:00:00.0099724s
2023-04-14 14:30:23.998 +08:00 [arswebapiservice5197] [Information] SkyApm.Transport.Grpc.V8.SegmentReporter : Report 7 trace segment. cost: 00:00:00.0114555s
