2023-04-08 10:46:17.379 +08:00 [arsidentityserver4] [Information] SkyApm.InstrumentStartup : Initializing ...
2023-04-08 10:46:17.423 +08:00 [arsidentityserver4] [Information] SkyApm.Service.RegisterService : Loaded instrument service [SkyApm.Service.RegisterService].
2023-04-08 10:46:17.428 +08:00 [arsidentityserver4] [Information] SkyApm.Service.LogReportService : Loaded instrument service [SkyApm.Service.LogReportService].
2023-04-08 10:46:17.428 +08:00 [arsidentityserver4] [Information] SkyApm.Service.PingService : Loaded instrument service [SkyApm.Service.PingService].
2023-04-08 10:46:17.428 +08:00 [arsidentityserver4] [Information] SkyApm.Service.SegmentReportService : Loaded instrument service [SkyApm.Service.SegmentReportService].
2023-04-08 10:46:17.429 +08:00 [arsidentityserver4] [Information] SkyApm.Service.CLRStatsService : Loaded instrument service [SkyApm.Service.CLRStatsService].
2023-04-08 10:46:17.429 +08:00 [arsidentityserver4] [Information] SkyApm.Sampling.SimpleCountSamplingInterceptor : Loaded instrument service [SkyApm.Sampling.SimpleCountSamplingInterceptor].
2023-04-08 10:46:17.429 +08:00 [arsidentityserver4] [Information] SkyApm.Transport.Grpc.ConnectService : Loaded instrument service [SkyApm.Transport.Grpc.ConnectService].
2023-04-08 10:46:17.429 +08:00 [arsidentityserver4] [Information] SkyApm.Service.RegisterService : Loaded instrument service [SkyApm.Service.RegisterService].
2023-04-08 10:46:17.429 +08:00 [arsidentityserver4] [Information] SkyApm.Service.LogReportService : Loaded instrument service [SkyApm.Service.LogReportService].
2023-04-08 10:46:17.429 +08:00 [arsidentityserver4] [Information] SkyApm.Service.PingService : Loaded instrument service [SkyApm.Service.PingService].
2023-04-08 10:46:17.429 +08:00 [arsidentityserver4] [Information] SkyApm.Service.SegmentReportService : Loaded instrument service [SkyApm.Service.SegmentReportService].
2023-04-08 10:46:17.429 +08:00 [arsidentityserver4] [Information] SkyApm.Service.CLRStatsService : Loaded instrument service [SkyApm.Service.CLRStatsService].
2023-04-08 10:46:17.429 +08:00 [arsidentityserver4] [Information] SkyApm.Sampling.SimpleCountSamplingInterceptor : Loaded instrument service [SkyApm.Sampling.SimpleCountSamplingInterceptor].
2023-04-08 10:46:17.429 +08:00 [arsidentityserver4] [Information] SkyApm.Transport.Grpc.ConnectService : Loaded instrument service [SkyApm.Transport.Grpc.ConnectService].
2023-04-08 10:46:17.668 +08:00 [arsidentityserver4] [Information] SkyApm.Transport.Grpc.ConnectionManager : Connected server[127.0.0.1:11800].
2023-04-08 10:46:17.685 +08:00 [arsidentityserver4] [Information] SkyApm.Diagnostics.TracingDiagnosticProcessorObserver : Loaded diagnostic listener [Microsoft.AspNetCore].
2023-04-08 10:46:17.686 +08:00 [arsidentityserver4] [Information] SkyApm.InstrumentStartup : Started SkyAPM .NET Core Agent.
2023-04-08 10:46:17.686 +08:00 [arsidentityserver4] [Information] SkyApm.InstrumentStartup : Initializing ...
2023-04-08 10:46:17.686 +08:00 [arsidentityserver4] [Information] SkyApm.Service.RegisterService : Loaded instrument service [SkyApm.Service.RegisterService].
2023-04-08 10:46:17.686 +08:00 [arsidentityserver4] [Information] SkyApm.Service.LogReportService : Loaded instrument service [SkyApm.Service.LogReportService].
2023-04-08 10:46:17.686 +08:00 [arsidentityserver4] [Information] SkyApm.Service.PingService : Loaded instrument service [SkyApm.Service.PingService].
2023-04-08 10:46:17.686 +08:00 [arsidentityserver4] [Information] SkyApm.Service.SegmentReportService : Loaded instrument service [SkyApm.Service.SegmentReportService].
2023-04-08 10:46:17.686 +08:00 [arsidentityserver4] [Information] SkyApm.Service.CLRStatsService : Loaded instrument service [SkyApm.Service.CLRStatsService].
2023-04-08 10:46:17.686 +08:00 [arsidentityserver4] [Information] SkyApm.Sampling.SimpleCountSamplingInterceptor : Loaded instrument service [SkyApm.Sampling.SimpleCountSamplingInterceptor].
2023-04-08 10:46:17.686 +08:00 [arsidentityserver4] [Information] SkyApm.Transport.Grpc.ConnectService : Loaded instrument service [SkyApm.Transport.Grpc.ConnectService].
2023-04-08 10:46:17.686 +08:00 [arsidentityserver4] [Information] SkyApm.Service.RegisterService : Loaded instrument service [SkyApm.Service.RegisterService].
2023-04-08 10:46:17.687 +08:00 [arsidentityserver4] [Information] SkyApm.Service.LogReportService : Loaded instrument service [SkyApm.Service.LogReportService].
2023-04-08 10:46:17.687 +08:00 [arsidentityserver4] [Information] SkyApm.Service.PingService : Loaded instrument service [SkyApm.Service.PingService].
2023-04-08 10:46:17.687 +08:00 [arsidentityserver4] [Information] SkyApm.Service.SegmentReportService : Loaded instrument service [SkyApm.Service.SegmentReportService].
2023-04-08 10:46:17.687 +08:00 [arsidentityserver4] [Information] SkyApm.Service.CLRStatsService : Loaded instrument service [SkyApm.Service.CLRStatsService].
2023-04-08 10:46:17.687 +08:00 [arsidentityserver4] [Information] SkyApm.Sampling.SimpleCountSamplingInterceptor : Loaded instrument service [SkyApm.Sampling.SimpleCountSamplingInterceptor].
2023-04-08 10:46:17.687 +08:00 [arsidentityserver4] [Information] SkyApm.Transport.Grpc.ConnectService : Loaded instrument service [SkyApm.Transport.Grpc.ConnectService].
2023-04-08 10:46:17.688 +08:00 [arsidentityserver4] [Information] SkyApm.Diagnostics.TracingDiagnosticProcessorObserver : Loaded diagnostic listener [Microsoft.AspNetCore].
2023-04-08 10:46:17.689 +08:00 [arsidentityserver4] [Information] SkyApm.InstrumentStartup : Started SkyAPM .NET Core Agent.
2023-04-08 10:46:17.794 +08:00 [arsidentityserver4] [Information] SkyApm.Diagnostics.TracingDiagnosticProcessorObserver : Loaded diagnostic listener [Grpc.Net.Client].
2023-04-08 10:46:17.794 +08:00 [arsidentityserver4] [Information] SkyApm.Diagnostics.TracingDiagnosticProcessorObserver : Loaded diagnostic listener [Grpc.Net.Client].
2023-04-08 10:46:18.006 +08:00 [arsidentityserver4] [Information] SkyApm.Diagnostics.TracingDiagnosticProcessorObserver : Loaded diagnostic listener [HttpHandlerDiagnosticListener].
2023-04-08 10:46:18.006 +08:00 [arsidentityserver4] [Information] SkyApm.Diagnostics.TracingDiagnosticProcessorObserver : Loaded diagnostic listener [HttpHandlerDiagnosticListener].
2023-04-08 10:46:18.307 +08:00 [arsidentityserver4] [Information] SkyApm.Service.RegisterService : Reported Service Instance Properties[Service=arsidentityserver4,InstanceId=192.168.110.67@72eb851c45824e8cb64550925af1f31d].
2023-04-08 10:46:18.307 +08:00 [arsidentityserver4] [Information] SkyApm.Service.RegisterService : Reported Service Instance Properties[Service=arsidentityserver4,InstanceId=192.168.110.67@72eb851c45824e8cb64550925af1f31d].
2023-04-08 10:46:18.307 +08:00 [arsidentityserver4] [Information] SkyApm.Service.RegisterService : Reported Service Instance Properties[Service=arsidentityserver4,InstanceId=192.168.110.67@72eb851c45824e8cb64550925af1f31d].
2023-04-08 10:46:18.307 +08:00 [arsidentityserver4] [Information] SkyApm.Service.RegisterService : Reported Service Instance Properties[Service=arsidentityserver4,InstanceId=192.168.110.67@72eb851c45824e8cb64550925af1f31d].
2023-04-08 10:46:35.761 +08:00 [arsidentityserver4] [Information] SkyApm.Transport.Grpc.SegmentReporter : Report 3 logs. cost: 00:00:00.0570489s
2023-04-08 10:46:35.763 +08:00 [arsidentityserver4] [Information] SkyApm.Transport.Grpc.V8.SegmentReporter : Report 2 trace segment. cost: 00:00:00.0583398s
2023-04-08 10:46:38.708 +08:00 [arsidentityserver4] [Information] SkyApm.Transport.Grpc.SegmentReporter : Report 2 logs. cost: 00:00:00.0083008s
2023-04-08 10:46:38.728 +08:00 [arsidentityserver4] [Information] SkyApm.Transport.Grpc.V8.SegmentReporter : Report 2 trace segment. cost: 00:00:00.0275044s
2023-04-08 10:46:51.313 +08:00 [arsidentityserver4] [Information] SkyApm.Service.PingService : Ping server @2023/4/8 2:46:51 +00:00
2023-04-08 10:46:51.313 +08:00 [arsidentityserver4] [Information] SkyApm.Service.PingService : Ping server @2023/4/8 2:46:51 +00:00
2023-04-08 10:46:51.333 +08:00 [arsidentityserver4] [Information] SkyApm.Service.CLRStatsService : Report CLR Stats. CPU UsagePercent 0 GenCollectCount 0 0 0 8M ThreadPool 32763 32767 1000 1000
2023-04-08 10:46:51.333 +08:00 [arsidentityserver4] [Information] SkyApm.Service.CLRStatsService : Report CLR Stats. CPU UsagePercent 0 GenCollectCount 4 4 1 8M ThreadPool 32763 32767 1000 1000
2023-04-08 10:47:15.243 +08:00 [arsidentityserver4] [Information] SkyApm.Transport.Grpc.SegmentReporter : Report 1 logs. cost: 00:00:00.0064181s
2023-04-08 10:47:15.248 +08:00 [arsidentityserver4] [Information] SkyApm.Transport.Grpc.V8.SegmentReporter : Report 1 trace segment. cost: 00:00:00.0114950s
2023-04-08 10:47:17.740 +08:00 [arsidentityserver4] [Information] SkyApm.Service.CLRStatsService : Report CLR Stats. CPU UsagePercent 0 GenCollectCount 8 8 1 8M ThreadPool 32756 32767 1000 1000
2023-04-08 10:47:17.740 +08:00 [arsidentityserver4] [Information] SkyApm.Service.CLRStatsService : Report CLR Stats. CPU UsagePercent 0 GenCollectCount 0 0 0 8M ThreadPool 32764 32767 1000 1000
2023-04-08 10:47:21.233 +08:00 [arsidentityserver4] [Information] SkyApm.Transport.Grpc.V8.SegmentReporter : Report 1 trace segment. cost: 00:00:00.0085410s
2023-04-08 10:47:21.235 +08:00 [arsidentityserver4] [Information] SkyApm.Transport.Grpc.SegmentReporter : Report 1 logs. cost: 00:00:00.0105468s
2023-04-08 10:48:11.841 +08:00 [arsidentityserver4] [Information] SkyApm.InstrumentStartup : Initializing ...
2023-04-08 10:48:11.918 +08:00 [arsidentityserver4] [Information] SkyApm.Service.RegisterService : Loaded instrument service [SkyApm.Service.RegisterService].
2023-04-08 10:48:11.918 +08:00 [arsidentityserver4] [Information] SkyApm.Service.LogReportService : Loaded instrument service [SkyApm.Service.LogReportService].
2023-04-08 10:48:11.918 +08:00 [arsidentityserver4] [Information] SkyApm.Service.PingService : Loaded instrument service [SkyApm.Service.PingService].
2023-04-08 10:48:11.918 +08:00 [arsidentityserver4] [Information] SkyApm.Service.SegmentReportService : Loaded instrument service [SkyApm.Service.SegmentReportService].
2023-04-08 10:48:11.919 +08:00 [arsidentityserver4] [Information] SkyApm.Service.CLRStatsService : Loaded instrument service [SkyApm.Service.CLRStatsService].
2023-04-08 10:48:11.919 +08:00 [arsidentityserver4] [Information] SkyApm.Sampling.SimpleCountSamplingInterceptor : Loaded instrument service [SkyApm.Sampling.SimpleCountSamplingInterceptor].
2023-04-08 10:48:11.919 +08:00 [arsidentityserver4] [Information] SkyApm.Transport.Grpc.ConnectService : Loaded instrument service [SkyApm.Transport.Grpc.ConnectService].
2023-04-08 10:48:11.919 +08:00 [arsidentityserver4] [Information] SkyApm.Service.RegisterService : Loaded instrument service [SkyApm.Service.RegisterService].
2023-04-08 10:48:11.919 +08:00 [arsidentityserver4] [Information] SkyApm.Service.LogReportService : Loaded instrument service [SkyApm.Service.LogReportService].
2023-04-08 10:48:11.919 +08:00 [arsidentityserver4] [Information] SkyApm.Service.PingService : Loaded instrument service [SkyApm.Service.PingService].
2023-04-08 10:48:11.919 +08:00 [arsidentityserver4] [Information] SkyApm.Service.SegmentReportService : Loaded instrument service [SkyApm.Service.SegmentReportService].
2023-04-08 10:48:11.919 +08:00 [arsidentityserver4] [Information] SkyApm.Service.CLRStatsService : Loaded instrument service [SkyApm.Service.CLRStatsService].
2023-04-08 10:48:11.919 +08:00 [arsidentityserver4] [Information] SkyApm.Sampling.SimpleCountSamplingInterceptor : Loaded instrument service [SkyApm.Sampling.SimpleCountSamplingInterceptor].
2023-04-08 10:48:11.919 +08:00 [arsidentityserver4] [Information] SkyApm.Transport.Grpc.ConnectService : Loaded instrument service [SkyApm.Transport.Grpc.ConnectService].
2023-04-08 10:48:12.038 +08:00 [arsidentityserver4] [Information] SkyApm.Transport.Grpc.ConnectionManager : Connected server[127.0.0.1:11800].
2023-04-08 10:48:12.052 +08:00 [arsidentityserver4] [Information] SkyApm.Diagnostics.TracingDiagnosticProcessorObserver : Loaded diagnostic listener [Microsoft.AspNetCore].
2023-04-08 10:48:12.053 +08:00 [arsidentityserver4] [Information] SkyApm.InstrumentStartup : Started SkyAPM .NET Core Agent.
2023-04-08 10:48:12.053 +08:00 [arsidentityserver4] [Information] SkyApm.InstrumentStartup : Initializing ...
2023-04-08 10:48:12.053 +08:00 [arsidentityserver4] [Information] SkyApm.Service.RegisterService : Loaded instrument service [SkyApm.Service.RegisterService].
2023-04-08 10:48:12.053 +08:00 [arsidentityserver4] [Information] SkyApm.Service.LogReportService : Loaded instrument service [SkyApm.Service.LogReportService].
2023-04-08 10:48:12.053 +08:00 [arsidentityserver4] [Information] SkyApm.Service.PingService : Loaded instrument service [SkyApm.Service.PingService].
2023-04-08 10:48:12.053 +08:00 [arsidentityserver4] [Information] SkyApm.Service.SegmentReportService : Loaded instrument service [SkyApm.Service.SegmentReportService].
2023-04-08 10:48:12.053 +08:00 [arsidentityserver4] [Information] SkyApm.Service.CLRStatsService : Loaded instrument service [SkyApm.Service.CLRStatsService].
2023-04-08 10:48:12.053 +08:00 [arsidentityserver4] [Information] SkyApm.Sampling.SimpleCountSamplingInterceptor : Loaded instrument service [SkyApm.Sampling.SimpleCountSamplingInterceptor].
2023-04-08 10:48:12.053 +08:00 [arsidentityserver4] [Information] SkyApm.Transport.Grpc.ConnectService : Loaded instrument service [SkyApm.Transport.Grpc.ConnectService].
2023-04-08 10:48:12.053 +08:00 [arsidentityserver4] [Information] SkyApm.Service.RegisterService : Loaded instrument service [SkyApm.Service.RegisterService].
2023-04-08 10:48:12.053 +08:00 [arsidentityserver4] [Information] SkyApm.Service.LogReportService : Loaded instrument service [SkyApm.Service.LogReportService].
2023-04-08 10:48:12.053 +08:00 [arsidentityserver4] [Information] SkyApm.Service.PingService : Loaded instrument service [SkyApm.Service.PingService].
2023-04-08 10:48:12.053 +08:00 [arsidentityserver4] [Information] SkyApm.Service.SegmentReportService : Loaded instrument service [SkyApm.Service.SegmentReportService].
2023-04-08 10:48:12.053 +08:00 [arsidentityserver4] [Information] SkyApm.Service.CLRStatsService : Loaded instrument service [SkyApm.Service.CLRStatsService].
2023-04-08 10:48:12.053 +08:00 [arsidentityserver4] [Information] SkyApm.Sampling.SimpleCountSamplingInterceptor : Loaded instrument service [SkyApm.Sampling.SimpleCountSamplingInterceptor].
2023-04-08 10:48:12.053 +08:00 [arsidentityserver4] [Information] SkyApm.Transport.Grpc.ConnectService : Loaded instrument service [SkyApm.Transport.Grpc.ConnectService].
2023-04-08 10:48:12.055 +08:00 [arsidentityserver4] [Information] SkyApm.Diagnostics.TracingDiagnosticProcessorObserver : Loaded diagnostic listener [Microsoft.AspNetCore].
2023-04-08 10:48:12.055 +08:00 [arsidentityserver4] [Information] SkyApm.InstrumentStartup : Started SkyAPM .NET Core Agent.
2023-04-08 10:48:12.165 +08:00 [arsidentityserver4] [Information] SkyApm.Diagnostics.TracingDiagnosticProcessorObserver : Loaded diagnostic listener [Grpc.Net.Client].
2023-04-08 10:48:12.165 +08:00 [arsidentityserver4] [Information] SkyApm.Diagnostics.TracingDiagnosticProcessorObserver : Loaded diagnostic listener [Grpc.Net.Client].
2023-04-08 10:48:12.339 +08:00 [arsidentityserver4] [Information] SkyApm.Diagnostics.TracingDiagnosticProcessorObserver : Loaded diagnostic listener [HttpHandlerDiagnosticListener].
2023-04-08 10:48:12.340 +08:00 [arsidentityserver4] [Information] SkyApm.Diagnostics.TracingDiagnosticProcessorObserver : Loaded diagnostic listener [HttpHandlerDiagnosticListener].
2023-04-08 10:48:12.821 +08:00 [arsidentityserver4] [Information] SkyApm.Service.RegisterService : Reported Service Instance Properties[Service=arsidentityserver4,InstanceId=192.168.110.67@b66fda549537442784ac5a779209e393].
2023-04-08 10:48:12.821 +08:00 [arsidentityserver4] [Information] SkyApm.Service.RegisterService : Reported Service Instance Properties[Service=arsidentityserver4,InstanceId=192.168.110.67@b66fda549537442784ac5a779209e393].
2023-04-08 10:48:12.821 +08:00 [arsidentityserver4] [Information] SkyApm.Service.RegisterService : Reported Service Instance Properties[Service=arsidentityserver4,InstanceId=192.168.110.67@b66fda549537442784ac5a779209e393].
2023-04-08 10:48:12.821 +08:00 [arsidentityserver4] [Information] SkyApm.Service.RegisterService : Reported Service Instance Properties[Service=arsidentityserver4,InstanceId=192.168.110.67@b66fda549537442784ac5a779209e393].
2023-04-08 10:48:26.987 +08:00 [arsidentityserver4] [Information] SkyApm.Transport.Grpc.SegmentReporter : Report 1 logs. cost: 00:00:00.0614941s
2023-04-08 10:48:26.988 +08:00 [arsidentityserver4] [Information] SkyApm.Transport.Grpc.V8.SegmentReporter : Report 1 trace segment. cost: 00:00:00.0607472s
2023-04-08 10:48:27.075 +08:00 [arsidentityserver4] [Information] SkyApm.Transport.Grpc.SegmentReporter : Report 2 logs. cost: 00:00:00.0189425s
2023-04-08 10:48:29.927 +08:00 [arsidentityserver4] [Information] SkyApm.Transport.Grpc.V8.SegmentReporter : Report 1 trace segment. cost: 00:00:00.0075798s
2023-04-08 10:48:41.965 +08:00 [arsidentityserver4] [Information] SkyApm.Transport.Grpc.SegmentReporter : Report 2 logs. cost: 00:00:00.0234685s
2023-04-08 10:48:41.969 +08:00 [arsidentityserver4] [Information] SkyApm.Transport.Grpc.V8.SegmentReporter : Report 2 trace segment. cost: 00:00:00.0270431s
2023-04-08 10:48:41.999 +08:00 [arsidentityserver4] [Information] SkyApm.Service.PingService : Ping server @2023/4/8 2:48:41 +00:00
2023-04-08 10:48:41.999 +08:00 [arsidentityserver4] [Information] SkyApm.Service.PingService : Ping server @2023/4/8 2:48:41 +00:00
2023-04-08 10:48:42.006 +08:00 [arsidentityserver4] [Information] SkyApm.Service.CLRStatsService : Report CLR Stats. CPU UsagePercent 0 GenCollectCount 0 0 0 27M ThreadPool 32762 32767 1000 1000
2023-04-08 10:48:42.006 +08:00 [arsidentityserver4] [Information] SkyApm.Service.CLRStatsService : Report CLR Stats. CPU UsagePercent 0 GenCollectCount 0 0 0 27M ThreadPool 32762 32767 1000 1000
2023-04-08 10:48:42.090 +08:00 [arsidentityserver4] [Information] SkyApm.Service.PingService : Ping server @2023/4/8 2:48:42 +00:00
2023-04-08 10:48:42.090 +08:00 [arsidentityserver4] [Information] SkyApm.Service.PingService : Ping server @2023/4/8 2:48:42 +00:00
2023-04-08 10:48:42.090 +08:00 [arsidentityserver4] [Information] SkyApm.Service.CLRStatsService : Report CLR Stats. CPU UsagePercent 0 GenCollectCount 0 0 0 27M ThreadPool 32759 32767 1000 1000
2023-04-08 10:48:42.093 +08:00 [arsidentityserver4] [Information] SkyApm.Service.CLRStatsService : Report CLR Stats. CPU UsagePercent 0 GenCollectCount 0 0 0 27M ThreadPool 32759 32767 1000 1000
2023-04-08 10:49:11.938 +08:00 [arsidentityserver4] [Information] SkyApm.Service.CLRStatsService : Report CLR Stats. CPU UsagePercent 0 GenCollectCount 0 0 0 29M ThreadPool 32760 32767 1000 1000
2023-04-08 10:49:11.938 +08:00 [arsidentityserver4] [Information] SkyApm.Service.CLRStatsService : Report CLR Stats. CPU UsagePercent 0 GenCollectCount 0 0 0 29M ThreadPool 32751 32767 1000 1000
2023-04-08 10:49:12.080 +08:00 [arsidentityserver4] [Information] SkyApm.Service.CLRStatsService : Report CLR Stats. CPU UsagePercent 0 GenCollectCount 0 0 0 29M ThreadPool 32753 32767 1000 1000
2023-04-08 10:49:12.080 +08:00 [arsidentityserver4] [Information] SkyApm.Service.CLRStatsService : Report CLR Stats. CPU UsagePercent 0 GenCollectCount 0 0 0 29M ThreadPool 32753 32767 1000 1000
2023-04-08 10:49:41.940 +08:00 [arsidentityserver4] [Information] SkyApm.Service.PingService : Ping server @2023/4/8 2:49:41 +00:00
2023-04-08 10:49:41.940 +08:00 [arsidentityserver4] [Information] SkyApm.Service.CLRStatsService : Report CLR Stats. CPU UsagePercent 0 GenCollectCount 0 0 0 31M ThreadPool 32759 32767 1000 1000
2023-04-08 10:49:41.940 +08:00 [arsidentityserver4] [Information] SkyApm.Service.PingService : Ping server @2023/4/8 2:49:41 +00:00
2023-04-08 10:49:41.940 +08:00 [arsidentityserver4] [Information] SkyApm.Service.CLRStatsService : Report CLR Stats. CPU UsagePercent 0 GenCollectCount 0 0 0 31M ThreadPool 32761 32767 1000 1000
2023-04-08 10:49:42.075 +08:00 [arsidentityserver4] [Information] SkyApm.Service.CLRStatsService : Report CLR Stats. CPU UsagePercent 0 GenCollectCount 0 0 0 31M ThreadPool 32759 32767 1000 1000
2023-04-08 10:49:42.075 +08:00 [arsidentityserver4] [Information] SkyApm.Service.PingService : Ping server @2023/4/8 2:49:42 +00:00
2023-04-08 10:49:42.075 +08:00 [arsidentityserver4] [Information] SkyApm.Service.PingService : Ping server @2023/4/8 2:49:42 +00:00
2023-04-08 10:49:42.077 +08:00 [arsidentityserver4] [Information] SkyApm.Service.CLRStatsService : Report CLR Stats. CPU UsagePercent 0 GenCollectCount 0 0 0 31M ThreadPool 32759 32767 1000 1000
2023-04-08 10:50:12.078 +08:00 [arsidentityserver4] [Information] SkyApm.Service.CLRStatsService : Report CLR Stats. CPU UsagePercent 0 GenCollectCount 1 0 0 9M ThreadPool 32760 32767 1000 1000
2023-04-08 10:50:12.078 +08:00 [arsidentityserver4] [Information] SkyApm.Service.CLRStatsService : Report CLR Stats. CPU UsagePercent 0 GenCollectCount 1 0 0 9M ThreadPool 32759 32767 1000 1000
2023-04-08 10:50:42.067 +08:00 [arsidentityserver4] [Information] SkyApm.Service.CLRStatsService : Report CLR Stats. CPU UsagePercent 0 GenCollectCount 0 0 0 10M ThreadPool 32759 32767 1000 1000
2023-04-08 10:50:42.067 +08:00 [arsidentityserver4] [Information] SkyApm.Service.PingService : Ping server @2023/4/8 2:50:42 +00:00
2023-04-08 10:50:42.067 +08:00 [arsidentityserver4] [Information] SkyApm.Service.PingService : Ping server @2023/4/8 2:50:42 +00:00
2023-04-08 10:50:42.067 +08:00 [arsidentityserver4] [Information] SkyApm.Service.CLRStatsService : Report CLR Stats. CPU UsagePercent 0 GenCollectCount 0 0 0 10M ThreadPool 32759 32767 1000 1000
2023-04-08 10:51:12.078 +08:00 [arsidentityserver4] [Information] SkyApm.Service.CLRStatsService : Report CLR Stats. CPU UsagePercent 0 GenCollectCount 0 0 0 11M ThreadPool 32754 32767 1000 1000
2023-04-08 10:51:12.078 +08:00 [arsidentityserver4] [Information] SkyApm.Service.CLRStatsService : Report CLR Stats. CPU UsagePercent 0 GenCollectCount 0 0 0 11M ThreadPool 32754 32767 1000 1000
2023-04-08 10:51:47.910 +08:00 [arsidentityserver4] [Information] SkyApm.Service.PingService : Ping server @2023/4/8 2:51:47 +00:00
2023-04-08 10:51:47.910 +08:00 [arsidentityserver4] [Information] SkyApm.Service.CLRStatsService : Report CLR Stats. CPU UsagePercent 0 GenCollectCount 0 0 0 12M ThreadPool 32753 32767 1000 1000
2023-04-08 10:51:47.910 +08:00 [arsidentityserver4] [Information] SkyApm.Service.CLRStatsService : Report CLR Stats. CPU UsagePercent 0 GenCollectCount 0 0 0 12M ThreadPool 32763 32767 1000 1000
2023-04-08 10:51:47.910 +08:00 [arsidentityserver4] [Information] SkyApm.Service.PingService : Ping server @2023/4/8 2:51:47 +00:00
2023-04-08 10:52:12.074 +08:00 [arsidentityserver4] [Information] SkyApm.Service.CLRStatsService : Report CLR Stats. CPU UsagePercent 0 GenCollectCount 0 0 0 13M ThreadPool 32757 32767 1000 1000
2023-04-08 10:52:12.074 +08:00 [arsidentityserver4] [Information] SkyApm.Service.CLRStatsService : Report CLR Stats. CPU UsagePercent 0 GenCollectCount 0 0 0 13M ThreadPool 32757 32767 1000 1000
2023-04-08 10:52:42.083 +08:00 [arsidentityserver4] [Information] SkyApm.Service.PingService : Ping server @2023/4/8 2:52:42 +00:00
2023-04-08 10:52:42.083 +08:00 [arsidentityserver4] [Information] SkyApm.Service.PingService : Ping server @2023/4/8 2:52:42 +00:00
2023-04-08 10:52:42.083 +08:00 [arsidentityserver4] [Information] SkyApm.Service.CLRStatsService : Report CLR Stats. CPU UsagePercent 0 GenCollectCount 0 0 0 14M ThreadPool 32758 32767 1000 1000
2023-04-08 10:52:42.083 +08:00 [arsidentityserver4] [Information] SkyApm.Service.CLRStatsService : Report CLR Stats. CPU UsagePercent 0 GenCollectCount 0 0 0 14M ThreadPool 32758 32767 1000 1000
2023-04-08 10:53:12.066 +08:00 [arsidentityserver4] [Information] SkyApm.Service.CLRStatsService : Report CLR Stats. CPU UsagePercent 0 GenCollectCount 0 0 0 15M ThreadPool 32765 32767 1000 1000
2023-04-08 10:53:12.066 +08:00 [arsidentityserver4] [Information] SkyApm.Service.CLRStatsService : Report CLR Stats. CPU UsagePercent 0 GenCollectCount 0 0 0 15M ThreadPool 32757 32767 1000 1000
2023-04-08 10:53:42.067 +08:00 [arsidentityserver4] [Information] SkyApm.Service.CLRStatsService : Report CLR Stats. CPU UsagePercent 0 GenCollectCount 0 0 0 16M ThreadPool 32759 32767 1000 1000
2023-04-08 10:53:42.067 +08:00 [arsidentityserver4] [Information] SkyApm.Service.CLRStatsService : Report CLR Stats. CPU UsagePercent 0 GenCollectCount 0 0 0 16M ThreadPool 32759 32767 1000 1000
2023-04-08 10:53:42.067 +08:00 [arsidentityserver4] [Information] SkyApm.Service.PingService : Ping server @2023/4/8 2:53:42 +00:00
2023-04-08 10:53:42.067 +08:00 [arsidentityserver4] [Information] SkyApm.Service.PingService : Ping server @2023/4/8 2:53:42 +00:00
2023-04-08 10:54:12.066 +08:00 [arsidentityserver4] [Information] SkyApm.Service.CLRStatsService : Report CLR Stats. CPU UsagePercent 0 GenCollectCount 0 0 0 17M ThreadPool 32756 32767 1000 1000
2023-04-08 10:54:12.066 +08:00 [arsidentityserver4] [Information] SkyApm.Service.CLRStatsService : Report CLR Stats. CPU UsagePercent 0 GenCollectCount 0 0 0 17M ThreadPool 32755 32767 1000 1000
2023-04-08 10:54:42.078 +08:00 [arsidentityserver4] [Information] SkyApm.Service.CLRStatsService : Report CLR Stats. CPU UsagePercent 0 GenCollectCount 0 0 0 18M ThreadPool 32755 32767 1000 1000
2023-04-08 10:54:42.081 +08:00 [arsidentityserver4] [Information] SkyApm.Service.PingService : Ping server @2023/4/8 2:54:42 +00:00
2023-04-08 10:54:42.083 +08:00 [arsidentityserver4] [Information] SkyApm.Service.PingService : Ping server @2023/4/8 2:54:42 +00:00
2023-04-08 10:54:42.088 +08:00 [arsidentityserver4] [Information] SkyApm.Service.CLRStatsService : Report CLR Stats. CPU UsagePercent 0 GenCollectCount 0 0 0 18M ThreadPool 32756 32767 1000 1000
2023-04-08 10:55:12.065 +08:00 [arsidentityserver4] [Information] SkyApm.Service.CLRStatsService : Report CLR Stats. CPU UsagePercent 0 GenCollectCount 0 0 0 19M ThreadPool 32761 32767 1000 1000
2023-04-08 10:55:12.065 +08:00 [arsidentityserver4] [Information] SkyApm.Service.CLRStatsService : Report CLR Stats. CPU UsagePercent 0 GenCollectCount 0 0 0 19M ThreadPool 32765 32767 1000 1000
2023-04-08 10:55:42.077 +08:00 [arsidentityserver4] [Information] SkyApm.Service.PingService : Ping server @2023/4/8 2:55:42 +00:00
2023-04-08 10:55:42.077 +08:00 [arsidentityserver4] [Information] SkyApm.Service.CLRStatsService : Report CLR Stats. CPU UsagePercent 0 GenCollectCount 0 0 0 20M ThreadPool 32758 32767 1000 1000
2023-04-08 10:55:42.077 +08:00 [arsidentityserver4] [Information] SkyApm.Service.PingService : Ping server @2023/4/8 2:55:42 +00:00
2023-04-08 10:55:42.082 +08:00 [arsidentityserver4] [Information] SkyApm.Service.CLRStatsService : Report CLR Stats. CPU UsagePercent 0 GenCollectCount 0 0 0 20M ThreadPool 32758 32767 1000 1000
2023-04-08 10:56:12.074 +08:00 [arsidentityserver4] [Information] SkyApm.Service.CLRStatsService : Report CLR Stats. CPU UsagePercent 0 GenCollectCount 0 0 0 21M ThreadPool 32765 32767 1000 1000
2023-04-08 10:56:12.074 +08:00 [arsidentityserver4] [Information] SkyApm.Service.CLRStatsService : Report CLR Stats. CPU UsagePercent 0 GenCollectCount 0 0 0 21M ThreadPool 32765 32767 1000 1000
2023-04-08 10:56:42.164 +08:00 [arsidentityserver4] [Information] SkyApm.Service.CLRStatsService : Report CLR Stats. CPU UsagePercent 0 GenCollectCount 0 0 0 22M ThreadPool 32758 32767 1000 1000
2023-04-08 10:56:42.164 +08:00 [arsidentityserver4] [Information] SkyApm.Service.PingService : Ping server @2023/4/8 2:56:42 +00:00
2023-04-08 10:56:42.164 +08:00 [arsidentityserver4] [Information] SkyApm.Service.PingService : Ping server @2023/4/8 2:56:42 +00:00
2023-04-08 10:56:42.164 +08:00 [arsidentityserver4] [Information] SkyApm.Service.CLRStatsService : Report CLR Stats. CPU UsagePercent 0 GenCollectCount 0 0 0 22M ThreadPool 32758 32767 1000 1000
2023-04-08 10:57:12.069 +08:00 [arsidentityserver4] [Information] SkyApm.Service.CLRStatsService : Report CLR Stats. CPU UsagePercent 0 GenCollectCount 0 0 0 24M ThreadPool 32756 32767 1000 1000
2023-04-08 10:57:12.069 +08:00 [arsidentityserver4] [Information] SkyApm.Service.CLRStatsService : Report CLR Stats. CPU UsagePercent 0 GenCollectCount 0 0 0 24M ThreadPool 32757 32767 1000 1000
2023-04-08 10:57:42.072 +08:00 [arsidentityserver4] [Information] SkyApm.Service.CLRStatsService : Report CLR Stats. CPU UsagePercent 0 GenCollectCount 0 0 0 25M ThreadPool 32756 32767 1000 1000
2023-04-08 10:57:42.072 +08:00 [arsidentityserver4] [Information] SkyApm.Service.PingService : Ping server @2023/4/8 2:57:42 +00:00
2023-04-08 10:57:42.072 +08:00 [arsidentityserver4] [Information] SkyApm.Service.PingService : Ping server @2023/4/8 2:57:42 +00:00
2023-04-08 10:57:42.072 +08:00 [arsidentityserver4] [Information] SkyApm.Service.CLRStatsService : Report CLR Stats. CPU UsagePercent 0 GenCollectCount 0 0 0 25M ThreadPool 32761 32767 1000 1000
2023-04-08 10:58:12.065 +08:00 [arsidentityserver4] [Information] SkyApm.Service.CLRStatsService : Report CLR Stats. CPU UsagePercent 0 GenCollectCount 0 0 0 26M ThreadPool 32755 32767 1000 1000
2023-04-08 10:58:12.068 +08:00 [arsidentityserver4] [Information] SkyApm.Service.CLRStatsService : Report CLR Stats. CPU UsagePercent 0 GenCollectCount 0 0 0 26M ThreadPool 32755 32767 1000 1000
2023-04-08 11:05:26.945 +08:00 [arsidentityserver4] [Information] SkyApm.InstrumentStartup : Initializing ...
2023-04-08 11:05:26.991 +08:00 [arsidentityserver4] [Information] SkyApm.Service.RegisterService : Loaded instrument service [SkyApm.Service.RegisterService].
2023-04-08 11:05:26.996 +08:00 [arsidentityserver4] [Information] SkyApm.Service.LogReportService : Loaded instrument service [SkyApm.Service.LogReportService].
2023-04-08 11:05:26.996 +08:00 [arsidentityserver4] [Information] SkyApm.Service.PingService : Loaded instrument service [SkyApm.Service.PingService].
2023-04-08 11:05:26.997 +08:00 [arsidentityserver4] [Information] SkyApm.Service.SegmentReportService : Loaded instrument service [SkyApm.Service.SegmentReportService].
2023-04-08 11:05:26.997 +08:00 [arsidentityserver4] [Information] SkyApm.Service.CLRStatsService : Loaded instrument service [SkyApm.Service.CLRStatsService].
2023-04-08 11:05:26.997 +08:00 [arsidentityserver4] [Information] SkyApm.Sampling.SimpleCountSamplingInterceptor : Loaded instrument service [SkyApm.Sampling.SimpleCountSamplingInterceptor].
2023-04-08 11:05:26.997 +08:00 [arsidentityserver4] [Information] SkyApm.Transport.Grpc.ConnectService : Loaded instrument service [SkyApm.Transport.Grpc.ConnectService].
2023-04-08 11:05:26.997 +08:00 [arsidentityserver4] [Information] SkyApm.Service.RegisterService : Loaded instrument service [SkyApm.Service.RegisterService].
2023-04-08 11:05:26.997 +08:00 [arsidentityserver4] [Information] SkyApm.Service.LogReportService : Loaded instrument service [SkyApm.Service.LogReportService].
2023-04-08 11:05:26.997 +08:00 [arsidentityserver4] [Information] SkyApm.Service.PingService : Loaded instrument service [SkyApm.Service.PingService].
2023-04-08 11:05:26.997 +08:00 [arsidentityserver4] [Information] SkyApm.Service.SegmentReportService : Loaded instrument service [SkyApm.Service.SegmentReportService].
2023-04-08 11:05:26.997 +08:00 [arsidentityserver4] [Information] SkyApm.Service.CLRStatsService : Loaded instrument service [SkyApm.Service.CLRStatsService].
2023-04-08 11:05:26.997 +08:00 [arsidentityserver4] [Information] SkyApm.Sampling.SimpleCountSamplingInterceptor : Loaded instrument service [SkyApm.Sampling.SimpleCountSamplingInterceptor].
2023-04-08 11:05:26.997 +08:00 [arsidentityserver4] [Information] SkyApm.Transport.Grpc.ConnectService : Loaded instrument service [SkyApm.Transport.Grpc.ConnectService].
2023-04-08 11:05:27.096 +08:00 [arsidentityserver4] [Information] SkyApm.Transport.Grpc.ConnectionManager : Connected server[127.0.0.1:11800].
2023-04-08 11:05:27.116 +08:00 [arsidentityserver4] [Information] SkyApm.Diagnostics.TracingDiagnosticProcessorObserver : Loaded diagnostic listener [Microsoft.AspNetCore].
2023-04-08 11:05:27.117 +08:00 [arsidentityserver4] [Information] SkyApm.InstrumentStartup : Started SkyAPM .NET Core Agent.
2023-04-08 11:05:27.117 +08:00 [arsidentityserver4] [Information] SkyApm.InstrumentStartup : Initializing ...
2023-04-08 11:05:27.117 +08:00 [arsidentityserver4] [Information] SkyApm.Service.RegisterService : Loaded instrument service [SkyApm.Service.RegisterService].
2023-04-08 11:05:27.117 +08:00 [arsidentityserver4] [Information] SkyApm.Service.LogReportService : Loaded instrument service [SkyApm.Service.LogReportService].
2023-04-08 11:05:27.118 +08:00 [arsidentityserver4] [Information] SkyApm.Service.PingService : Loaded instrument service [SkyApm.Service.PingService].
2023-04-08 11:05:27.118 +08:00 [arsidentityserver4] [Information] SkyApm.Service.SegmentReportService : Loaded instrument service [SkyApm.Service.SegmentReportService].
2023-04-08 11:05:27.118 +08:00 [arsidentityserver4] [Information] SkyApm.Service.CLRStatsService : Loaded instrument service [SkyApm.Service.CLRStatsService].
2023-04-08 11:05:27.118 +08:00 [arsidentityserver4] [Information] SkyApm.Sampling.SimpleCountSamplingInterceptor : Loaded instrument service [SkyApm.Sampling.SimpleCountSamplingInterceptor].
2023-04-08 11:05:27.118 +08:00 [arsidentityserver4] [Information] SkyApm.Transport.Grpc.ConnectService : Loaded instrument service [SkyApm.Transport.Grpc.ConnectService].
2023-04-08 11:05:27.118 +08:00 [arsidentityserver4] [Information] SkyApm.Service.RegisterService : Loaded instrument service [SkyApm.Service.RegisterService].
2023-04-08 11:05:27.119 +08:00 [arsidentityserver4] [Information] SkyApm.Service.LogReportService : Loaded instrument service [SkyApm.Service.LogReportService].
2023-04-08 11:05:27.119 +08:00 [arsidentityserver4] [Information] SkyApm.Service.PingService : Loaded instrument service [SkyApm.Service.PingService].
2023-04-08 11:05:27.119 +08:00 [arsidentityserver4] [Information] SkyApm.Service.SegmentReportService : Loaded instrument service [SkyApm.Service.SegmentReportService].
2023-04-08 11:05:27.119 +08:00 [arsidentityserver4] [Information] SkyApm.Service.CLRStatsService : Loaded instrument service [SkyApm.Service.CLRStatsService].
2023-04-08 11:05:27.119 +08:00 [arsidentityserver4] [Information] SkyApm.Sampling.SimpleCountSamplingInterceptor : Loaded instrument service [SkyApm.Sampling.SimpleCountSamplingInterceptor].
2023-04-08 11:05:27.119 +08:00 [arsidentityserver4] [Information] SkyApm.Transport.Grpc.ConnectService : Loaded instrument service [SkyApm.Transport.Grpc.ConnectService].
2023-04-08 11:05:27.123 +08:00 [arsidentityserver4] [Information] SkyApm.Diagnostics.TracingDiagnosticProcessorObserver : Loaded diagnostic listener [Microsoft.AspNetCore].
2023-04-08 11:05:27.123 +08:00 [arsidentityserver4] [Information] SkyApm.InstrumentStartup : Started SkyAPM .NET Core Agent.
2023-04-08 11:05:27.206 +08:00 [arsidentityserver4] [Information] SkyApm.Diagnostics.TracingDiagnosticProcessorObserver : Loaded diagnostic listener [Grpc.Net.Client].
2023-04-08 11:05:27.206 +08:00 [arsidentityserver4] [Information] SkyApm.Diagnostics.TracingDiagnosticProcessorObserver : Loaded diagnostic listener [Grpc.Net.Client].
2023-04-08 11:05:27.328 +08:00 [arsidentityserver4] [Information] SkyApm.Diagnostics.TracingDiagnosticProcessorObserver : Loaded diagnostic listener [HttpHandlerDiagnosticListener].
2023-04-08 11:05:27.328 +08:00 [arsidentityserver4] [Information] SkyApm.Diagnostics.TracingDiagnosticProcessorObserver : Loaded diagnostic listener [HttpHandlerDiagnosticListener].
2023-04-08 11:05:27.508 +08:00 [arsidentityserver4] [Information] SkyApm.Service.RegisterService : Reported Service Instance Properties[Service=arsidentityserver4,InstanceId=192.168.110.67@a2ef4dc331ea48bfba3c5b402e0d4a7f].
2023-04-08 11:05:27.508 +08:00 [arsidentityserver4] [Information] SkyApm.Service.RegisterService : Reported Service Instance Properties[Service=arsidentityserver4,InstanceId=192.168.110.67@a2ef4dc331ea48bfba3c5b402e0d4a7f].
2023-04-08 11:05:27.602 +08:00 [arsidentityserver4] [Information] SkyApm.Service.RegisterService : Reported Service Instance Properties[Service=arsidentityserver4,InstanceId=192.168.110.67@a2ef4dc331ea48bfba3c5b402e0d4a7f].
2023-04-08 11:05:27.602 +08:00 [arsidentityserver4] [Information] SkyApm.Service.RegisterService : Reported Service Instance Properties[Service=arsidentityserver4,InstanceId=192.168.110.67@a2ef4dc331ea48bfba3c5b402e0d4a7f].
2023-04-08 11:05:33.182 +08:00 [arsidentityserver4] [Information] SkyApm.Transport.Grpc.SegmentReporter : Report 3 logs. cost: 00:00:00.0473924s
2023-04-08 11:05:33.182 +08:00 [arsidentityserver4] [Information] SkyApm.Transport.Grpc.V8.SegmentReporter : Report 2 trace segment. cost: 00:00:00.0475380s
2023-04-08 11:05:39.152 +08:00 [arsidentityserver4] [Information] SkyApm.Transport.Grpc.SegmentReporter : Report 1 logs. cost: 00:00:00.0306955s
2023-04-08 11:05:39.161 +08:00 [arsidentityserver4] [Information] SkyApm.Transport.Grpc.V8.SegmentReporter : Report 1 trace segment. cost: 00:00:00.0160386s
2023-04-08 11:05:42.135 +08:00 [arsidentityserver4] [Information] SkyApm.Transport.Grpc.SegmentReporter : Report 1 logs. cost: 00:00:00.0075682s
2023-04-08 11:05:42.139 +08:00 [arsidentityserver4] [Information] SkyApm.Transport.Grpc.V8.SegmentReporter : Report 1 trace segment. cost: 00:00:00.0115207s
2023-04-08 11:05:57.179 +08:00 [arsidentityserver4] [Information] SkyApm.Service.PingService : Ping server @2023/4/8 3:05:57 +00:00
2023-04-08 11:05:57.179 +08:00 [arsidentityserver4] [Information] SkyApm.Service.PingService : Ping server @2023/4/8 3:05:57 +00:00
2023-04-08 11:05:57.182 +08:00 [arsidentityserver4] [Information] SkyApm.Service.CLRStatsService : Report CLR Stats. CPU UsagePercent 0 GenCollectCount 0 0 0 7M ThreadPool 32763 32767 1000 1000
2023-04-08 11:05:57.182 +08:00 [arsidentityserver4] [Information] SkyApm.Service.CLRStatsService : Report CLR Stats. CPU UsagePercent 0 GenCollectCount 7 7 2 7M ThreadPool 32763 32767 1000 1000
2023-04-08 11:06:27.133 +08:00 [arsidentityserver4] [Information] SkyApm.Service.CLRStatsService : Report CLR Stats. CPU UsagePercent 0 GenCollectCount 8 8 3 7M ThreadPool 32766 32767 1000 1000
2023-04-08 11:06:27.145 +08:00 [arsidentityserver4] [Information] SkyApm.Service.CLRStatsService : Report CLR Stats. CPU UsagePercent 0 GenCollectCount 0 0 0 7M ThreadPool 32761 32767 1000 1000
2023-04-08 11:06:57.144 +08:00 [arsidentityserver4] [Information] SkyApm.Service.CLRStatsService : Report CLR Stats. CPU UsagePercent 0 GenCollectCount 0 0 0 8M ThreadPool 32762 32767 1000 1000
2023-04-08 11:06:57.144 +08:00 [arsidentityserver4] [Information] SkyApm.Service.PingService : Ping server @2023/4/8 3:06:57 +00:00
2023-04-08 11:06:57.144 +08:00 [arsidentityserver4] [Information] SkyApm.Service.CLRStatsService : Report CLR Stats. CPU UsagePercent 0 GenCollectCount 3 3 1 8M ThreadPool 32756 32767 1000 1000
2023-04-08 11:06:57.144 +08:00 [arsidentityserver4] [Information] SkyApm.Service.PingService : Ping server @2023/4/8 3:06:57 +00:00
2023-04-08 11:07:27.127 +08:00 [arsidentityserver4] [Information] SkyApm.Service.CLRStatsService : Report CLR Stats. CPU UsagePercent 0 GenCollectCount 1 1 0 8M ThreadPool 32765 32767 1000 1000
2023-04-08 11:07:27.138 +08:00 [arsidentityserver4] [Information] SkyApm.Service.CLRStatsService : Report CLR Stats. CPU UsagePercent 0 GenCollectCount 0 0 0 8M ThreadPool 32765 32767 1000 1000
2023-04-08 15:35:44.386 +08:00 [arsidentityserver4] [Information] SkyApm.InstrumentStartup : Initializing ...
2023-04-08 15:35:44.512 +08:00 [arsidentityserver4] [Information] SkyApm.Service.RegisterService : Loaded instrument service [SkyApm.Service.RegisterService].
2023-04-08 15:35:44.513 +08:00 [arsidentityserver4] [Information] SkyApm.Service.LogReportService : Loaded instrument service [SkyApm.Service.LogReportService].
2023-04-08 15:35:44.513 +08:00 [arsidentityserver4] [Information] SkyApm.Service.PingService : Loaded instrument service [SkyApm.Service.PingService].
2023-04-08 15:35:44.513 +08:00 [arsidentityserver4] [Information] SkyApm.Service.SegmentReportService : Loaded instrument service [SkyApm.Service.SegmentReportService].
2023-04-08 15:35:44.514 +08:00 [arsidentityserver4] [Information] SkyApm.Service.CLRStatsService : Loaded instrument service [SkyApm.Service.CLRStatsService].
2023-04-08 15:35:44.514 +08:00 [arsidentityserver4] [Information] SkyApm.Sampling.SimpleCountSamplingInterceptor : Loaded instrument service [SkyApm.Sampling.SimpleCountSamplingInterceptor].
2023-04-08 15:35:44.515 +08:00 [arsidentityserver4] [Information] SkyApm.Transport.Grpc.ConnectService : Loaded instrument service [SkyApm.Transport.Grpc.ConnectService].
2023-04-08 15:35:44.515 +08:00 [arsidentityserver4] [Information] SkyApm.Service.RegisterService : Loaded instrument service [SkyApm.Service.RegisterService].
2023-04-08 15:35:44.515 +08:00 [arsidentityserver4] [Information] SkyApm.Service.LogReportService : Loaded instrument service [SkyApm.Service.LogReportService].
2023-04-08 15:35:44.515 +08:00 [arsidentityserver4] [Information] SkyApm.Service.PingService : Loaded instrument service [SkyApm.Service.PingService].
2023-04-08 15:35:44.515 +08:00 [arsidentityserver4] [Information] SkyApm.Service.SegmentReportService : Loaded instrument service [SkyApm.Service.SegmentReportService].
2023-04-08 15:35:44.515 +08:00 [arsidentityserver4] [Information] SkyApm.Service.CLRStatsService : Loaded instrument service [SkyApm.Service.CLRStatsService].
2023-04-08 15:35:44.515 +08:00 [arsidentityserver4] [Information] SkyApm.Sampling.SimpleCountSamplingInterceptor : Loaded instrument service [SkyApm.Sampling.SimpleCountSamplingInterceptor].
2023-04-08 15:35:44.515 +08:00 [arsidentityserver4] [Information] SkyApm.Transport.Grpc.ConnectService : Loaded instrument service [SkyApm.Transport.Grpc.ConnectService].
2023-04-08 15:35:45.100 +08:00 [arsidentityserver4] [Information] SkyApm.Transport.Grpc.ConnectionManager : Connected server[127.0.0.1:11800].
2023-04-08 15:35:45.111 +08:00 [arsidentityserver4] [Information] SkyApm.Diagnostics.TracingDiagnosticProcessorObserver : Loaded diagnostic listener [Microsoft.AspNetCore].
2023-04-08 15:35:45.112 +08:00 [arsidentityserver4] [Information] SkyApm.InstrumentStartup : Started SkyAPM .NET Core Agent.
2023-04-08 15:35:45.113 +08:00 [arsidentityserver4] [Information] SkyApm.InstrumentStartup : Initializing ...
2023-04-08 15:35:45.113 +08:00 [arsidentityserver4] [Information] SkyApm.Service.RegisterService : Loaded instrument service [SkyApm.Service.RegisterService].
2023-04-08 15:35:45.113 +08:00 [arsidentityserver4] [Information] SkyApm.Service.LogReportService : Loaded instrument service [SkyApm.Service.LogReportService].
2023-04-08 15:35:45.113 +08:00 [arsidentityserver4] [Information] SkyApm.Service.PingService : Loaded instrument service [SkyApm.Service.PingService].
2023-04-08 15:35:45.113 +08:00 [arsidentityserver4] [Information] SkyApm.Service.SegmentReportService : Loaded instrument service [SkyApm.Service.SegmentReportService].
2023-04-08 15:35:45.113 +08:00 [arsidentityserver4] [Information] SkyApm.Service.CLRStatsService : Loaded instrument service [SkyApm.Service.CLRStatsService].
2023-04-08 15:35:45.113 +08:00 [arsidentityserver4] [Information] SkyApm.Sampling.SimpleCountSamplingInterceptor : Loaded instrument service [SkyApm.Sampling.SimpleCountSamplingInterceptor].
2023-04-08 15:35:45.113 +08:00 [arsidentityserver4] [Information] SkyApm.Transport.Grpc.ConnectService : Loaded instrument service [SkyApm.Transport.Grpc.ConnectService].
2023-04-08 15:35:45.113 +08:00 [arsidentityserver4] [Information] SkyApm.Service.RegisterService : Loaded instrument service [SkyApm.Service.RegisterService].
2023-04-08 15:35:45.113 +08:00 [arsidentityserver4] [Information] SkyApm.Service.LogReportService : Loaded instrument service [SkyApm.Service.LogReportService].
2023-04-08 15:35:45.113 +08:00 [arsidentityserver4] [Information] SkyApm.Service.PingService : Loaded instrument service [SkyApm.Service.PingService].
2023-04-08 15:35:45.113 +08:00 [arsidentityserver4] [Information] SkyApm.Service.SegmentReportService : Loaded instrument service [SkyApm.Service.SegmentReportService].
2023-04-08 15:35:45.113 +08:00 [arsidentityserver4] [Information] SkyApm.Service.CLRStatsService : Loaded instrument service [SkyApm.Service.CLRStatsService].
2023-04-08 15:35:45.114 +08:00 [arsidentityserver4] [Information] SkyApm.Sampling.SimpleCountSamplingInterceptor : Loaded instrument service [SkyApm.Sampling.SimpleCountSamplingInterceptor].
2023-04-08 15:35:45.114 +08:00 [arsidentityserver4] [Information] SkyApm.Transport.Grpc.ConnectService : Loaded instrument service [SkyApm.Transport.Grpc.ConnectService].
2023-04-08 15:35:45.118 +08:00 [arsidentityserver4] [Information] SkyApm.Diagnostics.TracingDiagnosticProcessorObserver : Loaded diagnostic listener [Microsoft.AspNetCore].
2023-04-08 15:35:45.118 +08:00 [arsidentityserver4] [Information] SkyApm.InstrumentStartup : Started SkyAPM .NET Core Agent.
2023-04-08 15:35:45.262 +08:00 [arsidentityserver4] [Information] SkyApm.Diagnostics.TracingDiagnosticProcessorObserver : Loaded diagnostic listener [Grpc.Net.Client].
2023-04-08 15:35:45.263 +08:00 [arsidentityserver4] [Information] SkyApm.Diagnostics.TracingDiagnosticProcessorObserver : Loaded diagnostic listener [Grpc.Net.Client].
2023-04-08 15:35:45.524 +08:00 [arsidentityserver4] [Information] SkyApm.Diagnostics.TracingDiagnosticProcessorObserver : Loaded diagnostic listener [HttpHandlerDiagnosticListener].
2023-04-08 15:35:45.524 +08:00 [arsidentityserver4] [Information] SkyApm.Diagnostics.TracingDiagnosticProcessorObserver : Loaded diagnostic listener [HttpHandlerDiagnosticListener].
2023-04-08 15:35:51.809 +08:00 [arsidentityserver4] [Information] SkyApm.Service.RegisterService : Reported Service Instance Properties[Service=arsidentityserver4,InstanceId=192.168.110.67@9c9e0382d9304826860bb10102e54350].
2023-04-08 15:35:51.809 +08:00 [arsidentityserver4] [Information] SkyApm.Service.RegisterService : Reported Service Instance Properties[Service=arsidentityserver4,InstanceId=192.168.110.67@9c9e0382d9304826860bb10102e54350].
2023-04-08 15:35:51.809 +08:00 [arsidentityserver4] [Information] SkyApm.Service.RegisterService : Reported Service Instance Properties[Service=arsidentityserver4,InstanceId=192.168.110.67@9c9e0382d9304826860bb10102e54350].
2023-04-08 15:35:51.810 +08:00 [arsidentityserver4] [Information] SkyApm.Service.RegisterService : Reported Service Instance Properties[Service=arsidentityserver4,InstanceId=192.168.110.67@9c9e0382d9304826860bb10102e54350].
2023-04-08 15:36:15.318 +08:00 [arsidentityserver4] [Information] SkyApm.Service.PingService : Ping server @2023/4/8 7:36:15 +00:00
2023-04-08 15:36:15.318 +08:00 [arsidentityserver4] [Information] SkyApm.Service.PingService : Ping server @2023/4/8 7:36:15 +00:00
2023-04-08 15:36:15.380 +08:00 [arsidentityserver4] [Information] SkyApm.Service.CLRStatsService : Report CLR Stats. CPU UsagePercent 0 GenCollectCount 0 2 0 7M ThreadPool 32758 32767 1000 1000
2023-04-08 15:36:15.380 +08:00 [arsidentityserver4] [Information] SkyApm.Service.CLRStatsService : Report CLR Stats. CPU UsagePercent 0 GenCollectCount 2 2 0 7M ThreadPool 32758 32767 1000 1000
2023-04-08 15:36:45.143 +08:00 [arsidentityserver4] [Information] SkyApm.Service.CLRStatsService : Report CLR Stats. CPU UsagePercent 0 GenCollectCount 0 0 0 8M ThreadPool 32765 32767 1000 1000
2023-04-08 15:36:45.143 +08:00 [arsidentityserver4] [Information] SkyApm.Service.CLRStatsService : Report CLR Stats. CPU UsagePercent 0 GenCollectCount 0 0 0 8M ThreadPool 32755 32767 1000 1000
2023-04-08 15:37:15.926 +08:00 [arsidentityserver4] [Information] SkyApm.Service.PingService : Ping server @2023/4/8 7:37:15 +00:00
2023-04-08 15:37:15.926 +08:00 [arsidentityserver4] [Information] SkyApm.Service.PingService : Ping server @2023/4/8 7:37:15 +00:00
2023-04-08 15:37:15.926 +08:00 [arsidentityserver4] [Information] SkyApm.Service.CLRStatsService : Report CLR Stats. CPU UsagePercent 0 GenCollectCount 0 0 0 6M ThreadPool 32759 32767 1000 1000
2023-04-08 15:37:15.926 +08:00 [arsidentityserver4] [Information] SkyApm.Service.CLRStatsService : Report CLR Stats. CPU UsagePercent 0 GenCollectCount 1 1 1 6M ThreadPool 32759 32767 1000 1000
2023-04-08 15:38:03.719 +08:00 [arsidentityserver4] [Information] SkyApm.Service.CLRStatsService : Report CLR Stats. CPU UsagePercent 0 GenCollectCount 1 1 0 6M ThreadPool 32759 32767 1000 1000
2023-04-08 15:38:03.719 +08:00 [arsidentityserver4] [Information] SkyApm.Service.CLRStatsService : Report CLR Stats. CPU UsagePercent 0 GenCollectCount 0 0 0 6M ThreadPool 32759 32767 1000 1000
2023-04-08 15:38:15.128 +08:00 [arsidentityserver4] [Information] SkyApm.Service.PingService : Ping server @2023/4/8 7:38:15 +00:00
2023-04-08 15:38:15.128 +08:00 [arsidentityserver4] [Information] SkyApm.Service.PingService : Ping server @2023/4/8 7:38:15 +00:00
2023-04-08 15:38:15.128 +08:00 [arsidentityserver4] [Information] SkyApm.Service.CLRStatsService : Report CLR Stats. CPU UsagePercent 0 GenCollectCount 0 0 0 7M ThreadPool 32759 32767 1000 1000
2023-04-08 15:38:15.128 +08:00 [arsidentityserver4] [Information] SkyApm.Service.CLRStatsService : Report CLR Stats. CPU UsagePercent 0 GenCollectCount 0 0 0 7M ThreadPool 32762 32767 1000 1000
2023-04-08 15:38:45.128 +08:00 [arsidentityserver4] [Information] SkyApm.Service.CLRStatsService : Report CLR Stats. CPU UsagePercent 0 GenCollectCount 2 2 0 7M ThreadPool 32765 32767 1000 1000
2023-04-08 15:38:45.128 +08:00 [arsidentityserver4] [Information] SkyApm.Service.CLRStatsService : Report CLR Stats. CPU UsagePercent 0 GenCollectCount 0 0 0 7M ThreadPool 32759 32767 1000 1000
2023-04-08 15:39:15.139 +08:00 [arsidentityserver4] [Information] SkyApm.Service.PingService : Ping server @2023/4/8 7:39:15 +00:00
2023-04-08 15:39:15.145 +08:00 [arsidentityserver4] [Information] SkyApm.Service.CLRStatsService : Report CLR Stats. CPU UsagePercent 0 GenCollectCount 0 0 0 8M ThreadPool 32757 32767 1000 1000
2023-04-08 15:39:15.145 +08:00 [arsidentityserver4] [Information] SkyApm.Service.CLRStatsService : Report CLR Stats. CPU UsagePercent 0 GenCollectCount 0 0 0 8M ThreadPool 32756 32767 1000 1000
2023-04-08 15:39:15.145 +08:00 [arsidentityserver4] [Information] SkyApm.Service.PingService : Ping server @2023/4/8 7:39:15 +00:00
2023-04-08 16:24:35.932 +08:00 [arsidentityserver4] [Information] SkyApm.InstrumentStartup : Initializing ...
2023-04-08 16:24:36.061 +08:00 [arsidentityserver4] [Information] SkyApm.Service.RegisterService : Loaded instrument service [SkyApm.Service.RegisterService].
2023-04-08 16:24:36.062 +08:00 [arsidentityserver4] [Information] SkyApm.Service.LogReportService : Loaded instrument service [SkyApm.Service.LogReportService].
2023-04-08 16:24:36.062 +08:00 [arsidentityserver4] [Information] SkyApm.Service.PingService : Loaded instrument service [SkyApm.Service.PingService].
2023-04-08 16:24:36.062 +08:00 [arsidentityserver4] [Information] SkyApm.Service.SegmentReportService : Loaded instrument service [SkyApm.Service.SegmentReportService].
2023-04-08 16:24:36.062 +08:00 [arsidentityserver4] [Information] SkyApm.Service.CLRStatsService : Loaded instrument service [SkyApm.Service.CLRStatsService].
2023-04-08 16:24:36.063 +08:00 [arsidentityserver4] [Information] SkyApm.Sampling.SimpleCountSamplingInterceptor : Loaded instrument service [SkyApm.Sampling.SimpleCountSamplingInterceptor].
2023-04-08 16:24:36.063 +08:00 [arsidentityserver4] [Information] SkyApm.Transport.Grpc.ConnectService : Loaded instrument service [SkyApm.Transport.Grpc.ConnectService].
2023-04-08 16:24:36.063 +08:00 [arsidentityserver4] [Information] SkyApm.Service.RegisterService : Loaded instrument service [SkyApm.Service.RegisterService].
2023-04-08 16:24:36.063 +08:00 [arsidentityserver4] [Information] SkyApm.Service.LogReportService : Loaded instrument service [SkyApm.Service.LogReportService].
2023-04-08 16:24:36.064 +08:00 [arsidentityserver4] [Information] SkyApm.Service.PingService : Loaded instrument service [SkyApm.Service.PingService].
2023-04-08 16:24:36.064 +08:00 [arsidentityserver4] [Information] SkyApm.Service.SegmentReportService : Loaded instrument service [SkyApm.Service.SegmentReportService].
2023-04-08 16:24:36.064 +08:00 [arsidentityserver4] [Information] SkyApm.Service.CLRStatsService : Loaded instrument service [SkyApm.Service.CLRStatsService].
2023-04-08 16:24:36.064 +08:00 [arsidentityserver4] [Information] SkyApm.Sampling.SimpleCountSamplingInterceptor : Loaded instrument service [SkyApm.Sampling.SimpleCountSamplingInterceptor].
2023-04-08 16:24:36.064 +08:00 [arsidentityserver4] [Information] SkyApm.Transport.Grpc.ConnectService : Loaded instrument service [SkyApm.Transport.Grpc.ConnectService].
2023-04-08 16:24:36.356 +08:00 [arsidentityserver4] [Information] SkyApm.Transport.Grpc.ConnectionManager : Connected server[127.0.0.1:11800].
2023-04-08 16:24:36.374 +08:00 [arsidentityserver4] [Information] SkyApm.Diagnostics.TracingDiagnosticProcessorObserver : Loaded diagnostic listener [Microsoft.AspNetCore].
2023-04-08 16:24:36.375 +08:00 [arsidentityserver4] [Information] SkyApm.InstrumentStartup : Started SkyAPM .NET Core Agent.
2023-04-08 16:24:36.375 +08:00 [arsidentityserver4] [Information] SkyApm.InstrumentStartup : Initializing ...
2023-04-08 16:24:36.375 +08:00 [arsidentityserver4] [Information] SkyApm.Service.RegisterService : Loaded instrument service [SkyApm.Service.RegisterService].
2023-04-08 16:24:36.375 +08:00 [arsidentityserver4] [Information] SkyApm.Service.LogReportService : Loaded instrument service [SkyApm.Service.LogReportService].
2023-04-08 16:24:36.376 +08:00 [arsidentityserver4] [Information] SkyApm.Service.PingService : Loaded instrument service [SkyApm.Service.PingService].
2023-04-08 16:24:36.376 +08:00 [arsidentityserver4] [Information] SkyApm.Service.SegmentReportService : Loaded instrument service [SkyApm.Service.SegmentReportService].
2023-04-08 16:24:36.376 +08:00 [arsidentityserver4] [Information] SkyApm.Service.CLRStatsService : Loaded instrument service [SkyApm.Service.CLRStatsService].
2023-04-08 16:24:36.376 +08:00 [arsidentityserver4] [Information] SkyApm.Sampling.SimpleCountSamplingInterceptor : Loaded instrument service [SkyApm.Sampling.SimpleCountSamplingInterceptor].
2023-04-08 16:24:36.376 +08:00 [arsidentityserver4] [Information] SkyApm.Transport.Grpc.ConnectService : Loaded instrument service [SkyApm.Transport.Grpc.ConnectService].
2023-04-08 16:24:36.376 +08:00 [arsidentityserver4] [Information] SkyApm.Service.RegisterService : Loaded instrument service [SkyApm.Service.RegisterService].
2023-04-08 16:24:36.376 +08:00 [arsidentityserver4] [Information] SkyApm.Service.LogReportService : Loaded instrument service [SkyApm.Service.LogReportService].
2023-04-08 16:24:36.378 +08:00 [arsidentityserver4] [Information] SkyApm.Service.PingService : Loaded instrument service [SkyApm.Service.PingService].
2023-04-08 16:24:36.382 +08:00 [arsidentityserver4] [Information] SkyApm.Service.SegmentReportService : Loaded instrument service [SkyApm.Service.SegmentReportService].
2023-04-08 16:24:36.382 +08:00 [arsidentityserver4] [Information] SkyApm.Service.CLRStatsService : Loaded instrument service [SkyApm.Service.CLRStatsService].
2023-04-08 16:24:36.382 +08:00 [arsidentityserver4] [Information] SkyApm.Sampling.SimpleCountSamplingInterceptor : Loaded instrument service [SkyApm.Sampling.SimpleCountSamplingInterceptor].
2023-04-08 16:24:36.382 +08:00 [arsidentityserver4] [Information] SkyApm.Transport.Grpc.ConnectService : Loaded instrument service [SkyApm.Transport.Grpc.ConnectService].
2023-04-08 16:24:36.386 +08:00 [arsidentityserver4] [Information] SkyApm.Diagnostics.TracingDiagnosticProcessorObserver : Loaded diagnostic listener [Microsoft.AspNetCore].
2023-04-08 16:24:36.386 +08:00 [arsidentityserver4] [Information] SkyApm.InstrumentStartup : Started SkyAPM .NET Core Agent.
2023-04-08 16:24:36.556 +08:00 [arsidentityserver4] [Information] SkyApm.Diagnostics.TracingDiagnosticProcessorObserver : Loaded diagnostic listener [Grpc.Net.Client].
2023-04-08 16:24:36.557 +08:00 [arsidentityserver4] [Information] SkyApm.Diagnostics.TracingDiagnosticProcessorObserver : Loaded diagnostic listener [Grpc.Net.Client].
2023-04-08 16:24:36.775 +08:00 [arsidentityserver4] [Information] SkyApm.Diagnostics.TracingDiagnosticProcessorObserver : Loaded diagnostic listener [HttpHandlerDiagnosticListener].
2023-04-08 16:24:36.775 +08:00 [arsidentityserver4] [Information] SkyApm.Diagnostics.TracingDiagnosticProcessorObserver : Loaded diagnostic listener [HttpHandlerDiagnosticListener].
2023-04-08 16:24:37.302 +08:00 [arsidentityserver4] [Information] SkyApm.Service.RegisterService : Reported Service Instance Properties[Service=arsidentityserver4,InstanceId=192.168.110.67@e414eba4d6464b73b5995ccb73a8db3a].
2023-04-08 16:24:37.302 +08:00 [arsidentityserver4] [Information] SkyApm.Service.RegisterService : Reported Service Instance Properties[Service=arsidentityserver4,InstanceId=192.168.110.67@e414eba4d6464b73b5995ccb73a8db3a].
2023-04-08 16:24:37.302 +08:00 [arsidentityserver4] [Information] SkyApm.Service.RegisterService : Reported Service Instance Properties[Service=arsidentityserver4,InstanceId=192.168.110.67@e414eba4d6464b73b5995ccb73a8db3a].
2023-04-08 16:24:37.302 +08:00 [arsidentityserver4] [Information] SkyApm.Service.RegisterService : Reported Service Instance Properties[Service=arsidentityserver4,InstanceId=192.168.110.67@e414eba4d6464b73b5995ccb73a8db3a].
2023-04-08 16:25:04.849 +08:00 [arsidentityserver4] [Information] SkyApm.Transport.Grpc.SegmentReporter : Report 5 logs. cost: 00:00:00.0820909s
2023-04-08 16:25:04.854 +08:00 [arsidentityserver4] [Information] SkyApm.Transport.Grpc.V8.SegmentReporter : Report 3 trace segment. cost: 00:00:00.0868863s
2023-04-08 16:25:06.417 +08:00 [arsidentityserver4] [Information] SkyApm.Service.PingService : Ping server @2023/4/8 8:25:06 +00:00
2023-04-08 16:25:06.417 +08:00 [arsidentityserver4] [Information] SkyApm.Service.PingService : Ping server @2023/4/8 8:25:06 +00:00
2023-04-08 16:25:06.435 +08:00 [arsidentityserver4] [Information] SkyApm.Service.CLRStatsService : Report CLR Stats. CPU UsagePercent 0 GenCollectCount 1 0 0 10M ThreadPool 32760 32767 1000 1000
2023-04-08 16:25:06.435 +08:00 [arsidentityserver4] [Information] SkyApm.Service.CLRStatsService : Report CLR Stats. CPU UsagePercent 0 GenCollectCount 0 0 0 10M ThreadPool 32760 32767 1000 1000
2023-04-08 16:25:36.408 +08:00 [arsidentityserver4] [Information] SkyApm.Service.CLRStatsService : Report CLR Stats. CPU UsagePercent 0 GenCollectCount 0 0 0 11M ThreadPool 32765 32767 1000 1000
2023-04-08 16:25:36.408 +08:00 [arsidentityserver4] [Information] SkyApm.Service.CLRStatsService : Report CLR Stats. CPU UsagePercent 0 GenCollectCount 0 0 0 11M ThreadPool 32764 32767 1000 1000
2023-04-08 16:26:13.904 +08:00 [arsidentityserver4] [Information] SkyApm.Service.CLRStatsService : Report CLR Stats. CPU UsagePercent 0 GenCollectCount 0 0 0 12M ThreadPool 32753 32767 1000 1000
2023-04-08 16:26:13.904 +08:00 [arsidentityserver4] [Information] SkyApm.Service.PingService : Ping server @2023/4/8 8:26:13 +00:00
2023-04-08 16:26:13.904 +08:00 [arsidentityserver4] [Information] SkyApm.Service.PingService : Ping server @2023/4/8 8:26:13 +00:00
2023-04-08 16:26:13.904 +08:00 [arsidentityserver4] [Information] SkyApm.Service.CLRStatsService : Report CLR Stats. CPU UsagePercent 0 GenCollectCount 0 0 0 12M ThreadPool 32753 32767 1000 1000
2023-04-08 16:28:00.047 +08:00 [arsidentityserver4] [Information] SkyApm.InstrumentStartup : Initializing ...
2023-04-08 16:28:00.186 +08:00 [arsidentityserver4] [Information] SkyApm.Service.RegisterService : Loaded instrument service [SkyApm.Service.RegisterService].
2023-04-08 16:28:00.187 +08:00 [arsidentityserver4] [Information] SkyApm.Service.LogReportService : Loaded instrument service [SkyApm.Service.LogReportService].
2023-04-08 16:28:00.187 +08:00 [arsidentityserver4] [Information] SkyApm.Service.PingService : Loaded instrument service [SkyApm.Service.PingService].
2023-04-08 16:28:00.187 +08:00 [arsidentityserver4] [Information] SkyApm.Service.SegmentReportService : Loaded instrument service [SkyApm.Service.SegmentReportService].
2023-04-08 16:28:00.187 +08:00 [arsidentityserver4] [Information] SkyApm.Service.CLRStatsService : Loaded instrument service [SkyApm.Service.CLRStatsService].
2023-04-08 16:28:00.188 +08:00 [arsidentityserver4] [Information] SkyApm.Sampling.SimpleCountSamplingInterceptor : Loaded instrument service [SkyApm.Sampling.SimpleCountSamplingInterceptor].
2023-04-08 16:28:00.188 +08:00 [arsidentityserver4] [Information] SkyApm.Transport.Grpc.ConnectService : Loaded instrument service [SkyApm.Transport.Grpc.ConnectService].
2023-04-08 16:28:00.188 +08:00 [arsidentityserver4] [Information] SkyApm.Service.RegisterService : Loaded instrument service [SkyApm.Service.RegisterService].
2023-04-08 16:28:00.189 +08:00 [arsidentityserver4] [Information] SkyApm.Service.LogReportService : Loaded instrument service [SkyApm.Service.LogReportService].
2023-04-08 16:28:00.189 +08:00 [arsidentityserver4] [Information] SkyApm.Service.PingService : Loaded instrument service [SkyApm.Service.PingService].
2023-04-08 16:28:00.189 +08:00 [arsidentityserver4] [Information] SkyApm.Service.SegmentReportService : Loaded instrument service [SkyApm.Service.SegmentReportService].
2023-04-08 16:28:00.189 +08:00 [arsidentityserver4] [Information] SkyApm.Service.CLRStatsService : Loaded instrument service [SkyApm.Service.CLRStatsService].
2023-04-08 16:28:00.189 +08:00 [arsidentityserver4] [Information] SkyApm.Sampling.SimpleCountSamplingInterceptor : Loaded instrument service [SkyApm.Sampling.SimpleCountSamplingInterceptor].
2023-04-08 16:28:00.189 +08:00 [arsidentityserver4] [Information] SkyApm.Transport.Grpc.ConnectService : Loaded instrument service [SkyApm.Transport.Grpc.ConnectService].
2023-04-08 16:28:00.629 +08:00 [arsidentityserver4] [Information] SkyApm.Transport.Grpc.ConnectionManager : Connected server[127.0.0.1:11800].
2023-04-08 16:28:00.673 +08:00 [arsidentityserver4] [Information] SkyApm.Diagnostics.TracingDiagnosticProcessorObserver : Loaded diagnostic listener [Microsoft.AspNetCore].
2023-04-08 16:28:00.674 +08:00 [arsidentityserver4] [Information] SkyApm.InstrumentStartup : Started SkyAPM .NET Core Agent.
2023-04-08 16:28:00.674 +08:00 [arsidentityserver4] [Information] SkyApm.InstrumentStartup : Initializing ...
2023-04-08 16:28:00.674 +08:00 [arsidentityserver4] [Information] SkyApm.Service.RegisterService : Loaded instrument service [SkyApm.Service.RegisterService].
2023-04-08 16:28:00.674 +08:00 [arsidentityserver4] [Information] SkyApm.Service.LogReportService : Loaded instrument service [SkyApm.Service.LogReportService].
2023-04-08 16:28:00.674 +08:00 [arsidentityserver4] [Information] SkyApm.Service.PingService : Loaded instrument service [SkyApm.Service.PingService].
2023-04-08 16:28:00.674 +08:00 [arsidentityserver4] [Information] SkyApm.Service.SegmentReportService : Loaded instrument service [SkyApm.Service.SegmentReportService].
2023-04-08 16:28:00.674 +08:00 [arsidentityserver4] [Information] SkyApm.Service.CLRStatsService : Loaded instrument service [SkyApm.Service.CLRStatsService].
2023-04-08 16:28:00.674 +08:00 [arsidentityserver4] [Information] SkyApm.Sampling.SimpleCountSamplingInterceptor : Loaded instrument service [SkyApm.Sampling.SimpleCountSamplingInterceptor].
2023-04-08 16:28:00.674 +08:00 [arsidentityserver4] [Information] SkyApm.Transport.Grpc.ConnectService : Loaded instrument service [SkyApm.Transport.Grpc.ConnectService].
2023-04-08 16:28:00.674 +08:00 [arsidentityserver4] [Information] SkyApm.Service.RegisterService : Loaded instrument service [SkyApm.Service.RegisterService].
2023-04-08 16:28:00.674 +08:00 [arsidentityserver4] [Information] SkyApm.Service.LogReportService : Loaded instrument service [SkyApm.Service.LogReportService].
2023-04-08 16:28:00.674 +08:00 [arsidentityserver4] [Information] SkyApm.Service.PingService : Loaded instrument service [SkyApm.Service.PingService].
2023-04-08 16:28:00.674 +08:00 [arsidentityserver4] [Information] SkyApm.Service.SegmentReportService : Loaded instrument service [SkyApm.Service.SegmentReportService].
2023-04-08 16:28:00.674 +08:00 [arsidentityserver4] [Information] SkyApm.Service.CLRStatsService : Loaded instrument service [SkyApm.Service.CLRStatsService].
2023-04-08 16:28:00.675 +08:00 [arsidentityserver4] [Information] SkyApm.Sampling.SimpleCountSamplingInterceptor : Loaded instrument service [SkyApm.Sampling.SimpleCountSamplingInterceptor].
2023-04-08 16:28:00.675 +08:00 [arsidentityserver4] [Information] SkyApm.Transport.Grpc.ConnectService : Loaded instrument service [SkyApm.Transport.Grpc.ConnectService].
2023-04-08 16:28:00.678 +08:00 [arsidentityserver4] [Information] SkyApm.Diagnostics.TracingDiagnosticProcessorObserver : Loaded diagnostic listener [Microsoft.AspNetCore].
2023-04-08 16:28:00.679 +08:00 [arsidentityserver4] [Information] SkyApm.InstrumentStartup : Started SkyAPM .NET Core Agent.
2023-04-08 16:28:00.908 +08:00 [arsidentityserver4] [Information] SkyApm.Diagnostics.TracingDiagnosticProcessorObserver : Loaded diagnostic listener [Grpc.Net.Client].
2023-04-08 16:28:00.908 +08:00 [arsidentityserver4] [Information] SkyApm.Diagnostics.TracingDiagnosticProcessorObserver : Loaded diagnostic listener [Grpc.Net.Client].
2023-04-08 16:28:01.866 +08:00 [arsidentityserver4] [Information] SkyApm.Diagnostics.TracingDiagnosticProcessorObserver : Loaded diagnostic listener [HttpHandlerDiagnosticListener].
2023-04-08 16:28:01.867 +08:00 [arsidentityserver4] [Information] SkyApm.Diagnostics.TracingDiagnosticProcessorObserver : Loaded diagnostic listener [HttpHandlerDiagnosticListener].
2023-04-08 16:28:03.101 +08:00 [arsidentityserver4] [Information] SkyApm.Service.RegisterService : Reported Service Instance Properties[Service=arsidentityserver4,InstanceId=192.168.110.67@979038306fe346dc9821d8d04a8ccc59].
2023-04-08 16:28:03.101 +08:00 [arsidentityserver4] [Information] SkyApm.Service.RegisterService : Reported Service Instance Properties[Service=arsidentityserver4,InstanceId=192.168.110.67@979038306fe346dc9821d8d04a8ccc59].
2023-04-08 16:28:03.102 +08:00 [arsidentityserver4] [Information] SkyApm.Service.RegisterService : Reported Service Instance Properties[Service=arsidentityserver4,InstanceId=192.168.110.67@979038306fe346dc9821d8d04a8ccc59].
2023-04-08 16:28:03.117 +08:00 [arsidentityserver4] [Information] SkyApm.Service.RegisterService : Reported Service Instance Properties[Service=arsidentityserver4,InstanceId=192.168.110.67@979038306fe346dc9821d8d04a8ccc59].
2023-04-08 16:28:30.748 +08:00 [arsidentityserver4] [Information] SkyApm.Service.PingService : Ping server @2023/4/8 8:28:30 +00:00
2023-04-08 16:28:30.748 +08:00 [arsidentityserver4] [Information] SkyApm.Service.PingService : Ping server @2023/4/8 8:28:30 +00:00
2023-04-08 16:28:30.758 +08:00 [arsidentityserver4] [Information] SkyApm.Service.CLRStatsService : Report CLR Stats. CPU UsagePercent 0 GenCollectCount 2 2 0 7M ThreadPool 32763 32767 1000 1000
2023-04-08 16:28:30.758 +08:00 [arsidentityserver4] [Information] SkyApm.Service.CLRStatsService : Report CLR Stats. CPU UsagePercent 0 GenCollectCount 0 0 0 7M ThreadPool 32763 32767 1000 1000
