2023-04-21 09:40:34.194 +08:00 [arsidentityserver4] [Information] SkyApm.InstrumentStartup : Initializing ...
2023-04-21 09:40:34.237 +08:00 [arsidentityserver4] [Information] SkyApm.Service.RegisterService : Loaded instrument service [SkyApm.Service.RegisterService].
2023-04-21 09:40:34.242 +08:00 [arsidentityserver4] [Information] SkyApm.Service.LogReportService : Loaded instrument service [SkyApm.Service.LogReportService].
2023-04-21 09:40:34.242 +08:00 [arsidentityserver4] [Information] SkyApm.Service.PingService : Loaded instrument service [SkyApm.Service.PingService].
2023-04-21 09:40:34.242 +08:00 [arsidentityserver4] [Information] SkyApm.Service.SegmentReportService : Loaded instrument service [SkyApm.Service.SegmentReportService].
2023-04-21 09:40:34.243 +08:00 [arsidentityserver4] [Information] SkyApm.Service.CLRStatsService : Loaded instrument service [SkyApm.Service.CLRStatsService].
2023-04-21 09:40:34.243 +08:00 [arsidentityserver4] [Information] SkyApm.Sampling.SimpleCountSamplingInterceptor : Loaded instrument service [SkyApm.Sampling.SimpleCountSamplingInterceptor].
2023-04-21 09:40:34.243 +08:00 [arsidentityserver4] [Information] SkyApm.Transport.Grpc.ConnectService : Loaded instrument service [SkyApm.Transport.Grpc.ConnectService].
2023-04-21 09:40:34.244 +08:00 [arsidentityserver4] [Information] SkyApm.Service.RegisterService : Loaded instrument service [SkyApm.Service.RegisterService].
2023-04-21 09:40:34.244 +08:00 [arsidentityserver4] [Information] SkyApm.Service.LogReportService : Loaded instrument service [SkyApm.Service.LogReportService].
2023-04-21 09:40:34.244 +08:00 [arsidentityserver4] [Information] SkyApm.Service.PingService : Loaded instrument service [SkyApm.Service.PingService].
2023-04-21 09:40:34.244 +08:00 [arsidentityserver4] [Information] SkyApm.Service.SegmentReportService : Loaded instrument service [SkyApm.Service.SegmentReportService].
2023-04-21 09:40:34.244 +08:00 [arsidentityserver4] [Information] SkyApm.Service.CLRStatsService : Loaded instrument service [SkyApm.Service.CLRStatsService].
2023-04-21 09:40:34.244 +08:00 [arsidentityserver4] [Information] SkyApm.Sampling.SimpleCountSamplingInterceptor : Loaded instrument service [SkyApm.Sampling.SimpleCountSamplingInterceptor].
2023-04-21 09:40:34.244 +08:00 [arsidentityserver4] [Information] SkyApm.Transport.Grpc.ConnectService : Loaded instrument service [SkyApm.Transport.Grpc.ConnectService].
2023-04-21 09:40:34.419 +08:00 [arsidentityserver4] [Information] SkyApm.Transport.Grpc.ConnectionManager : Connected server[172.20.64.1:11800].
2023-04-21 09:40:34.428 +08:00 [arsidentityserver4] [Information] SkyApm.Diagnostics.TracingDiagnosticProcessorObserver : Loaded diagnostic listener [Microsoft.AspNetCore].
2023-04-21 09:40:34.428 +08:00 [arsidentityserver4] [Information] SkyApm.InstrumentStartup : Started SkyAPM .NET Core Agent.
2023-04-21 09:40:34.429 +08:00 [arsidentityserver4] [Information] SkyApm.InstrumentStartup : Initializing ...
2023-04-21 09:40:34.429 +08:00 [arsidentityserver4] [Information] SkyApm.Service.RegisterService : Loaded instrument service [SkyApm.Service.RegisterService].
2023-04-21 09:40:34.429 +08:00 [arsidentityserver4] [Information] SkyApm.Service.LogReportService : Loaded instrument service [SkyApm.Service.LogReportService].
2023-04-21 09:40:34.429 +08:00 [arsidentityserver4] [Information] SkyApm.Service.PingService : Loaded instrument service [SkyApm.Service.PingService].
2023-04-21 09:40:34.429 +08:00 [arsidentityserver4] [Information] SkyApm.Service.SegmentReportService : Loaded instrument service [SkyApm.Service.SegmentReportService].
2023-04-21 09:40:34.429 +08:00 [arsidentityserver4] [Information] SkyApm.Service.CLRStatsService : Loaded instrument service [SkyApm.Service.CLRStatsService].
2023-04-21 09:40:34.429 +08:00 [arsidentityserver4] [Information] SkyApm.Sampling.SimpleCountSamplingInterceptor : Loaded instrument service [SkyApm.Sampling.SimpleCountSamplingInterceptor].
2023-04-21 09:40:34.429 +08:00 [arsidentityserver4] [Information] SkyApm.Transport.Grpc.ConnectService : Loaded instrument service [SkyApm.Transport.Grpc.ConnectService].
2023-04-21 09:40:34.429 +08:00 [arsidentityserver4] [Information] SkyApm.Service.RegisterService : Loaded instrument service [SkyApm.Service.RegisterService].
2023-04-21 09:40:34.429 +08:00 [arsidentityserver4] [Information] SkyApm.Service.LogReportService : Loaded instrument service [SkyApm.Service.LogReportService].
2023-04-21 09:40:34.429 +08:00 [arsidentityserver4] [Information] SkyApm.Service.PingService : Loaded instrument service [SkyApm.Service.PingService].
2023-04-21 09:40:34.429 +08:00 [arsidentityserver4] [Information] SkyApm.Service.SegmentReportService : Loaded instrument service [SkyApm.Service.SegmentReportService].
2023-04-21 09:40:34.429 +08:00 [arsidentityserver4] [Information] SkyApm.Service.CLRStatsService : Loaded instrument service [SkyApm.Service.CLRStatsService].
2023-04-21 09:40:34.429 +08:00 [arsidentityserver4] [Information] SkyApm.Sampling.SimpleCountSamplingInterceptor : Loaded instrument service [SkyApm.Sampling.SimpleCountSamplingInterceptor].
2023-04-21 09:40:34.429 +08:00 [arsidentityserver4] [Information] SkyApm.Transport.Grpc.ConnectService : Loaded instrument service [SkyApm.Transport.Grpc.ConnectService].
2023-04-21 09:40:34.430 +08:00 [arsidentityserver4] [Information] SkyApm.Diagnostics.TracingDiagnosticProcessorObserver : Loaded diagnostic listener [Microsoft.AspNetCore].
2023-04-21 09:40:34.430 +08:00 [arsidentityserver4] [Information] SkyApm.InstrumentStartup : Started SkyAPM .NET Core Agent.
2023-04-21 09:40:34.494 +08:00 [arsidentityserver4] [Information] SkyApm.Diagnostics.TracingDiagnosticProcessorObserver : Loaded diagnostic listener [Grpc.Net.Client].
2023-04-21 09:40:34.494 +08:00 [arsidentityserver4] [Information] SkyApm.Diagnostics.TracingDiagnosticProcessorObserver : Loaded diagnostic listener [Grpc.Net.Client].
2023-04-21 09:40:34.659 +08:00 [arsidentityserver4] [Information] SkyApm.Diagnostics.TracingDiagnosticProcessorObserver : Loaded diagnostic listener [HttpHandlerDiagnosticListener].
2023-04-21 09:40:34.659 +08:00 [arsidentityserver4] [Information] SkyApm.Diagnostics.TracingDiagnosticProcessorObserver : Loaded diagnostic listener [HttpHandlerDiagnosticListener].
2023-04-21 09:40:34.881 +08:00 [arsidentityserver4] [Information] SkyApm.Service.RegisterService : Reported Service Instance Properties[Service=arsidentityserver4,InstanceId=192.168.110.63@5826faff013d4558bd952377e8f0a45b].
2023-04-21 09:40:34.881 +08:00 [arsidentityserver4] [Information] SkyApm.Service.RegisterService : Reported Service Instance Properties[Service=arsidentityserver4,InstanceId=192.168.110.63@5826faff013d4558bd952377e8f0a45b].
2023-04-21 09:40:34.881 +08:00 [arsidentityserver4] [Information] SkyApm.Service.RegisterService : Reported Service Instance Properties[Service=arsidentityserver4,InstanceId=192.168.110.63@5826faff013d4558bd952377e8f0a45b].
2023-04-21 09:40:34.881 +08:00 [arsidentityserver4] [Information] SkyApm.Service.RegisterService : Reported Service Instance Properties[Service=arsidentityserver4,InstanceId=192.168.110.63@5826faff013d4558bd952377e8f0a45b].
2023-04-21 09:40:37.497 +08:00 [arsidentityserver4] [Information] SkyApm.Transport.Grpc.V8.SegmentReporter : Report 2 trace segment. cost: 00:00:00.2334285s
2023-04-21 09:40:37.600 +08:00 [arsidentityserver4] [Information] SkyApm.Transport.Grpc.SegmentReporter : Report 1 logs. cost: 00:00:00.3378426s
2023-04-21 09:41:04.287 +08:00 [arsidentityserver4] [Information] SkyApm.Service.PingService : Ping server @2023/4/21 1:41:04 +00:00
2023-04-21 09:41:04.287 +08:00 [arsidentityserver4] [Information] SkyApm.Service.PingService : Ping server @2023/4/21 1:41:04 +00:00
2023-04-21 09:41:04.306 +08:00 [arsidentityserver4] [Information] SkyApm.Service.CLRStatsService : Report CLR Stats. CPU UsagePercent 0 GenCollectCount 0 0 0 25M ThreadPool 32763 32767 1000 1000
2023-04-21 09:41:04.306 +08:00 [arsidentityserver4] [Information] SkyApm.Service.CLRStatsService : Report CLR Stats. CPU UsagePercent 0 GenCollectCount 0 0 0 25M ThreadPool 32763 32767 1000 1000
2023-04-21 09:41:04.464 +08:00 [arsidentityserver4] [Information] SkyApm.Service.CLRStatsService : Report CLR Stats. CPU UsagePercent 0 GenCollectCount 0 0 0 25M ThreadPool 32759 32767 1000 1000
2023-04-21 09:41:04.464 +08:00 [arsidentityserver4] [Information] SkyApm.Service.PingService : Ping server @2023/4/21 1:41:04 +00:00
2023-04-21 09:41:04.464 +08:00 [arsidentityserver4] [Information] SkyApm.Service.PingService : Ping server @2023/4/21 1:41:04 +00:00
2023-04-21 09:41:04.464 +08:00 [arsidentityserver4] [Information] SkyApm.Service.CLRStatsService : Report CLR Stats. CPU UsagePercent 0 GenCollectCount 0 0 0 25M ThreadPool 32750 32767 1000 1000
2023-04-21 09:42:10.770 +08:00 [arsidentityserver4] [Information] SkyApm.InstrumentStartup : Initializing ...
2023-04-21 09:42:10.813 +08:00 [arsidentityserver4] [Information] SkyApm.Service.RegisterService : Loaded instrument service [SkyApm.Service.RegisterService].
2023-04-21 09:42:10.817 +08:00 [arsidentityserver4] [Information] SkyApm.Service.LogReportService : Loaded instrument service [SkyApm.Service.LogReportService].
2023-04-21 09:42:10.817 +08:00 [arsidentityserver4] [Information] SkyApm.Service.PingService : Loaded instrument service [SkyApm.Service.PingService].
2023-04-21 09:42:10.817 +08:00 [arsidentityserver4] [Information] SkyApm.Service.SegmentReportService : Loaded instrument service [SkyApm.Service.SegmentReportService].
2023-04-21 09:42:10.817 +08:00 [arsidentityserver4] [Information] SkyApm.Service.CLRStatsService : Loaded instrument service [SkyApm.Service.CLRStatsService].
2023-04-21 09:42:10.817 +08:00 [arsidentityserver4] [Information] SkyApm.Sampling.SimpleCountSamplingInterceptor : Loaded instrument service [SkyApm.Sampling.SimpleCountSamplingInterceptor].
2023-04-21 09:42:10.817 +08:00 [arsidentityserver4] [Information] SkyApm.Transport.Grpc.ConnectService : Loaded instrument service [SkyApm.Transport.Grpc.ConnectService].
2023-04-21 09:42:10.817 +08:00 [arsidentityserver4] [Information] SkyApm.Service.RegisterService : Loaded instrument service [SkyApm.Service.RegisterService].
2023-04-21 09:42:10.817 +08:00 [arsidentityserver4] [Information] SkyApm.Service.LogReportService : Loaded instrument service [SkyApm.Service.LogReportService].
2023-04-21 09:42:10.817 +08:00 [arsidentityserver4] [Information] SkyApm.Service.PingService : Loaded instrument service [SkyApm.Service.PingService].
2023-04-21 09:42:10.817 +08:00 [arsidentityserver4] [Information] SkyApm.Service.SegmentReportService : Loaded instrument service [SkyApm.Service.SegmentReportService].
2023-04-21 09:42:10.817 +08:00 [arsidentityserver4] [Information] SkyApm.Service.CLRStatsService : Loaded instrument service [SkyApm.Service.CLRStatsService].
2023-04-21 09:42:10.817 +08:00 [arsidentityserver4] [Information] SkyApm.Sampling.SimpleCountSamplingInterceptor : Loaded instrument service [SkyApm.Sampling.SimpleCountSamplingInterceptor].
2023-04-21 09:42:10.817 +08:00 [arsidentityserver4] [Information] SkyApm.Transport.Grpc.ConnectService : Loaded instrument service [SkyApm.Transport.Grpc.ConnectService].
2023-04-21 09:42:10.887 +08:00 [arsidentityserver4] [Information] SkyApm.Transport.Grpc.ConnectionManager : Connected server[172.20.64.1:11800].
2023-04-21 09:42:10.894 +08:00 [arsidentityserver4] [Information] SkyApm.Diagnostics.TracingDiagnosticProcessorObserver : Loaded diagnostic listener [Microsoft.AspNetCore].
2023-04-21 09:42:10.894 +08:00 [arsidentityserver4] [Information] SkyApm.InstrumentStartup : Started SkyAPM .NET Core Agent.
2023-04-21 09:42:10.894 +08:00 [arsidentityserver4] [Information] SkyApm.InstrumentStartup : Initializing ...
2023-04-21 09:42:10.894 +08:00 [arsidentityserver4] [Information] SkyApm.Service.RegisterService : Loaded instrument service [SkyApm.Service.RegisterService].
2023-04-21 09:42:10.894 +08:00 [arsidentityserver4] [Information] SkyApm.Service.LogReportService : Loaded instrument service [SkyApm.Service.LogReportService].
2023-04-21 09:42:10.894 +08:00 [arsidentityserver4] [Information] SkyApm.Service.PingService : Loaded instrument service [SkyApm.Service.PingService].
2023-04-21 09:42:10.894 +08:00 [arsidentityserver4] [Information] SkyApm.Service.SegmentReportService : Loaded instrument service [SkyApm.Service.SegmentReportService].
2023-04-21 09:42:10.894 +08:00 [arsidentityserver4] [Information] SkyApm.Service.CLRStatsService : Loaded instrument service [SkyApm.Service.CLRStatsService].
2023-04-21 09:42:10.894 +08:00 [arsidentityserver4] [Information] SkyApm.Sampling.SimpleCountSamplingInterceptor : Loaded instrument service [SkyApm.Sampling.SimpleCountSamplingInterceptor].
2023-04-21 09:42:10.894 +08:00 [arsidentityserver4] [Information] SkyApm.Transport.Grpc.ConnectService : Loaded instrument service [SkyApm.Transport.Grpc.ConnectService].
2023-04-21 09:42:10.894 +08:00 [arsidentityserver4] [Information] SkyApm.Service.RegisterService : Loaded instrument service [SkyApm.Service.RegisterService].
2023-04-21 09:42:10.894 +08:00 [arsidentityserver4] [Information] SkyApm.Service.LogReportService : Loaded instrument service [SkyApm.Service.LogReportService].
2023-04-21 09:42:10.894 +08:00 [arsidentityserver4] [Information] SkyApm.Service.PingService : Loaded instrument service [SkyApm.Service.PingService].
2023-04-21 09:42:10.894 +08:00 [arsidentityserver4] [Information] SkyApm.Service.SegmentReportService : Loaded instrument service [SkyApm.Service.SegmentReportService].
2023-04-21 09:42:10.894 +08:00 [arsidentityserver4] [Information] SkyApm.Service.CLRStatsService : Loaded instrument service [SkyApm.Service.CLRStatsService].
2023-04-21 09:42:10.894 +08:00 [arsidentityserver4] [Information] SkyApm.Sampling.SimpleCountSamplingInterceptor : Loaded instrument service [SkyApm.Sampling.SimpleCountSamplingInterceptor].
2023-04-21 09:42:10.894 +08:00 [arsidentityserver4] [Information] SkyApm.Transport.Grpc.ConnectService : Loaded instrument service [SkyApm.Transport.Grpc.ConnectService].
2023-04-21 09:42:10.895 +08:00 [arsidentityserver4] [Information] SkyApm.Diagnostics.TracingDiagnosticProcessorObserver : Loaded diagnostic listener [Microsoft.AspNetCore].
2023-04-21 09:42:10.895 +08:00 [arsidentityserver4] [Information] SkyApm.InstrumentStartup : Started SkyAPM .NET Core Agent.
2023-04-21 09:42:10.947 +08:00 [arsidentityserver4] [Information] SkyApm.Diagnostics.TracingDiagnosticProcessorObserver : Loaded diagnostic listener [Grpc.Net.Client].
2023-04-21 09:42:10.947 +08:00 [arsidentityserver4] [Information] SkyApm.Diagnostics.TracingDiagnosticProcessorObserver : Loaded diagnostic listener [Grpc.Net.Client].
2023-04-21 09:42:11.063 +08:00 [arsidentityserver4] [Information] SkyApm.Diagnostics.TracingDiagnosticProcessorObserver : Loaded diagnostic listener [HttpHandlerDiagnosticListener].
2023-04-21 09:42:11.063 +08:00 [arsidentityserver4] [Information] SkyApm.Diagnostics.TracingDiagnosticProcessorObserver : Loaded diagnostic listener [HttpHandlerDiagnosticListener].
2023-04-21 09:42:11.273 +08:00 [arsidentityserver4] [Information] SkyApm.Service.RegisterService : Reported Service Instance Properties[Service=arsidentityserver4,InstanceId=192.168.110.63@a478b9ea61064d8aa9312fc401cd396f].
2023-04-21 09:42:11.273 +08:00 [arsidentityserver4] [Information] SkyApm.Service.RegisterService : Reported Service Instance Properties[Service=arsidentityserver4,InstanceId=192.168.110.63@a478b9ea61064d8aa9312fc401cd396f].
2023-04-21 09:42:11.403 +08:00 [arsidentityserver4] [Information] SkyApm.Service.RegisterService : Reported Service Instance Properties[Service=arsidentityserver4,InstanceId=192.168.110.63@a478b9ea61064d8aa9312fc401cd396f].
2023-04-21 09:42:11.419 +08:00 [arsidentityserver4] [Information] SkyApm.Service.RegisterService : Reported Service Instance Properties[Service=arsidentityserver4,InstanceId=192.168.110.63@a478b9ea61064d8aa9312fc401cd396f].
2023-04-21 09:42:13.873 +08:00 [arsidentityserver4] [Information] SkyApm.Transport.Grpc.SegmentReporter : Report 1 logs. cost: 00:00:00.0372345s
2023-04-21 09:42:13.874 +08:00 [arsidentityserver4] [Information] SkyApm.Transport.Grpc.V8.SegmentReporter : Report 2 trace segment. cost: 00:00:00.0382260s
2023-04-21 09:42:40.871 +08:00 [arsidentityserver4] [Information] SkyApm.Service.PingService : Ping server @2023/4/21 1:42:40 +00:00
2023-04-21 09:42:40.871 +08:00 [arsidentityserver4] [Information] SkyApm.Service.PingService : Ping server @2023/4/21 1:42:40 +00:00
2023-04-21 09:42:40.872 +08:00 [arsidentityserver4] [Information] SkyApm.Service.CLRStatsService : Report CLR Stats. CPU UsagePercent 0 GenCollectCount 0 0 0 25M ThreadPool 32763 32767 1000 1000
2023-04-21 09:42:40.872 +08:00 [arsidentityserver4] [Information] SkyApm.Service.CLRStatsService : Report CLR Stats. CPU UsagePercent 0 GenCollectCount 0 0 0 25M ThreadPool 32763 32767 1000 1000
2023-04-21 09:42:40.916 +08:00 [arsidentityserver4] [Information] SkyApm.Service.CLRStatsService : Report CLR Stats. CPU UsagePercent 0 GenCollectCount 0 0 0 25M ThreadPool 32759 32767 1000 1000
2023-04-21 09:42:40.916 +08:00 [arsidentityserver4] [Information] SkyApm.Service.PingService : Ping server @2023/4/21 1:42:40 +00:00
2023-04-21 09:42:40.916 +08:00 [arsidentityserver4] [Information] SkyApm.Service.PingService : Ping server @2023/4/21 1:42:40 +00:00
2023-04-21 09:42:40.916 +08:00 [arsidentityserver4] [Information] SkyApm.Service.CLRStatsService : Report CLR Stats. CPU UsagePercent 0 GenCollectCount 0 0 0 25M ThreadPool 32759 32767 1000 1000
2023-04-21 09:43:10.863 +08:00 [arsidentityserver4] [Information] SkyApm.Service.CLRStatsService : Report CLR Stats. CPU UsagePercent 0 GenCollectCount 0 0 0 27M ThreadPool 32757 32767 1000 1000
2023-04-21 09:43:10.863 +08:00 [arsidentityserver4] [Information] SkyApm.Service.CLRStatsService : Report CLR Stats. CPU UsagePercent 0 GenCollectCount 0 0 0 27M ThreadPool 32757 32767 1000 1000
2023-04-21 09:43:10.917 +08:00 [arsidentityserver4] [Information] SkyApm.Service.CLRStatsService : Report CLR Stats. CPU UsagePercent 0 GenCollectCount 0 0 0 27M ThreadPool 32753 32767 1000 1000
2023-04-21 09:43:10.917 +08:00 [arsidentityserver4] [Information] SkyApm.Service.CLRStatsService : Report CLR Stats. CPU UsagePercent 0 GenCollectCount 0 0 0 27M ThreadPool 32754 32767 1000 1000
2023-04-21 09:43:32.205 +08:00 [arsidentityserver4] [Information] SkyApm.InstrumentStartup : Initializing ...
2023-04-21 09:43:32.261 +08:00 [arsidentityserver4] [Information] SkyApm.Service.RegisterService : Loaded instrument service [SkyApm.Service.RegisterService].
2023-04-21 09:43:32.265 +08:00 [arsidentityserver4] [Information] SkyApm.Service.LogReportService : Loaded instrument service [SkyApm.Service.LogReportService].
2023-04-21 09:43:32.265 +08:00 [arsidentityserver4] [Information] SkyApm.Service.PingService : Loaded instrument service [SkyApm.Service.PingService].
2023-04-21 09:43:32.265 +08:00 [arsidentityserver4] [Information] SkyApm.Service.SegmentReportService : Loaded instrument service [SkyApm.Service.SegmentReportService].
2023-04-21 09:43:32.266 +08:00 [arsidentityserver4] [Information] SkyApm.Service.CLRStatsService : Loaded instrument service [SkyApm.Service.CLRStatsService].
2023-04-21 09:43:32.266 +08:00 [arsidentityserver4] [Information] SkyApm.Sampling.SimpleCountSamplingInterceptor : Loaded instrument service [SkyApm.Sampling.SimpleCountSamplingInterceptor].
2023-04-21 09:43:32.266 +08:00 [arsidentityserver4] [Information] SkyApm.Transport.Grpc.ConnectService : Loaded instrument service [SkyApm.Transport.Grpc.ConnectService].
2023-04-21 09:43:32.266 +08:00 [arsidentityserver4] [Information] SkyApm.Service.RegisterService : Loaded instrument service [SkyApm.Service.RegisterService].
2023-04-21 09:43:32.266 +08:00 [arsidentityserver4] [Information] SkyApm.Service.LogReportService : Loaded instrument service [SkyApm.Service.LogReportService].
2023-04-21 09:43:32.266 +08:00 [arsidentityserver4] [Information] SkyApm.Service.PingService : Loaded instrument service [SkyApm.Service.PingService].
2023-04-21 09:43:32.266 +08:00 [arsidentityserver4] [Information] SkyApm.Service.SegmentReportService : Loaded instrument service [SkyApm.Service.SegmentReportService].
2023-04-21 09:43:32.266 +08:00 [arsidentityserver4] [Information] SkyApm.Service.CLRStatsService : Loaded instrument service [SkyApm.Service.CLRStatsService].
2023-04-21 09:43:32.266 +08:00 [arsidentityserver4] [Information] SkyApm.Sampling.SimpleCountSamplingInterceptor : Loaded instrument service [SkyApm.Sampling.SimpleCountSamplingInterceptor].
2023-04-21 09:43:32.266 +08:00 [arsidentityserver4] [Information] SkyApm.Transport.Grpc.ConnectService : Loaded instrument service [SkyApm.Transport.Grpc.ConnectService].
2023-04-21 09:43:32.366 +08:00 [arsidentityserver4] [Information] SkyApm.Transport.Grpc.ConnectionManager : Connected server[172.20.64.1:11800].
2023-04-21 09:43:32.379 +08:00 [arsidentityserver4] [Information] SkyApm.Diagnostics.TracingDiagnosticProcessorObserver : Loaded diagnostic listener [Microsoft.AspNetCore].
2023-04-21 09:43:32.380 +08:00 [arsidentityserver4] [Information] SkyApm.InstrumentStartup : Started SkyAPM .NET Core Agent.
2023-04-21 09:43:32.380 +08:00 [arsidentityserver4] [Information] SkyApm.InstrumentStartup : Initializing ...
2023-04-21 09:43:32.380 +08:00 [arsidentityserver4] [Information] SkyApm.Service.RegisterService : Loaded instrument service [SkyApm.Service.RegisterService].
2023-04-21 09:43:32.380 +08:00 [arsidentityserver4] [Information] SkyApm.Service.LogReportService : Loaded instrument service [SkyApm.Service.LogReportService].
2023-04-21 09:43:32.380 +08:00 [arsidentityserver4] [Information] SkyApm.Service.PingService : Loaded instrument service [SkyApm.Service.PingService].
2023-04-21 09:43:32.380 +08:00 [arsidentityserver4] [Information] SkyApm.Service.SegmentReportService : Loaded instrument service [SkyApm.Service.SegmentReportService].
2023-04-21 09:43:32.380 +08:00 [arsidentityserver4] [Information] SkyApm.Service.CLRStatsService : Loaded instrument service [SkyApm.Service.CLRStatsService].
2023-04-21 09:43:32.380 +08:00 [arsidentityserver4] [Information] SkyApm.Sampling.SimpleCountSamplingInterceptor : Loaded instrument service [SkyApm.Sampling.SimpleCountSamplingInterceptor].
2023-04-21 09:43:32.380 +08:00 [arsidentityserver4] [Information] SkyApm.Transport.Grpc.ConnectService : Loaded instrument service [SkyApm.Transport.Grpc.ConnectService].
2023-04-21 09:43:32.380 +08:00 [arsidentityserver4] [Information] SkyApm.Service.RegisterService : Loaded instrument service [SkyApm.Service.RegisterService].
2023-04-21 09:43:32.380 +08:00 [arsidentityserver4] [Information] SkyApm.Service.LogReportService : Loaded instrument service [SkyApm.Service.LogReportService].
2023-04-21 09:43:32.380 +08:00 [arsidentityserver4] [Information] SkyApm.Service.PingService : Loaded instrument service [SkyApm.Service.PingService].
2023-04-21 09:43:32.380 +08:00 [arsidentityserver4] [Information] SkyApm.Service.SegmentReportService : Loaded instrument service [SkyApm.Service.SegmentReportService].
2023-04-21 09:43:32.380 +08:00 [arsidentityserver4] [Information] SkyApm.Service.CLRStatsService : Loaded instrument service [SkyApm.Service.CLRStatsService].
2023-04-21 09:43:32.380 +08:00 [arsidentityserver4] [Information] SkyApm.Sampling.SimpleCountSamplingInterceptor : Loaded instrument service [SkyApm.Sampling.SimpleCountSamplingInterceptor].
2023-04-21 09:43:32.381 +08:00 [arsidentityserver4] [Information] SkyApm.Transport.Grpc.ConnectService : Loaded instrument service [SkyApm.Transport.Grpc.ConnectService].
2023-04-21 09:43:32.382 +08:00 [arsidentityserver4] [Information] SkyApm.Diagnostics.TracingDiagnosticProcessorObserver : Loaded diagnostic listener [Microsoft.AspNetCore].
2023-04-21 09:43:32.382 +08:00 [arsidentityserver4] [Information] SkyApm.InstrumentStartup : Started SkyAPM .NET Core Agent.
2023-04-21 09:43:32.470 +08:00 [arsidentityserver4] [Information] SkyApm.Diagnostics.TracingDiagnosticProcessorObserver : Loaded diagnostic listener [Grpc.Net.Client].
2023-04-21 09:43:32.471 +08:00 [arsidentityserver4] [Information] SkyApm.Diagnostics.TracingDiagnosticProcessorObserver : Loaded diagnostic listener [Grpc.Net.Client].
2023-04-21 09:43:32.613 +08:00 [arsidentityserver4] [Information] SkyApm.Diagnostics.TracingDiagnosticProcessorObserver : Loaded diagnostic listener [HttpHandlerDiagnosticListener].
2023-04-21 09:43:32.614 +08:00 [arsidentityserver4] [Information] SkyApm.Diagnostics.TracingDiagnosticProcessorObserver : Loaded diagnostic listener [HttpHandlerDiagnosticListener].
2023-04-21 09:43:32.793 +08:00 [arsidentityserver4] [Information] SkyApm.Service.RegisterService : Reported Service Instance Properties[Service=arsidentityserver4,InstanceId=192.168.110.63@5ffb28dabc454b23b0f398039d6c7bd8].
2023-04-21 09:43:32.793 +08:00 [arsidentityserver4] [Information] SkyApm.Service.RegisterService : Reported Service Instance Properties[Service=arsidentityserver4,InstanceId=192.168.110.63@5ffb28dabc454b23b0f398039d6c7bd8].
2023-04-21 09:43:32.879 +08:00 [arsidentityserver4] [Information] SkyApm.Service.RegisterService : Reported Service Instance Properties[Service=arsidentityserver4,InstanceId=192.168.110.63@5ffb28dabc454b23b0f398039d6c7bd8].
2023-04-21 09:43:32.888 +08:00 [arsidentityserver4] [Information] SkyApm.Service.RegisterService : Reported Service Instance Properties[Service=arsidentityserver4,InstanceId=192.168.110.63@5ffb28dabc454b23b0f398039d6c7bd8].
2023-04-21 09:43:35.364 +08:00 [arsidentityserver4] [Information] SkyApm.Transport.Grpc.SegmentReporter : Report 1 logs. cost: 00:00:00.0705707s
2023-04-21 09:43:35.367 +08:00 [arsidentityserver4] [Information] SkyApm.Transport.Grpc.V8.SegmentReporter : Report 2 trace segment. cost: 00:00:00.0730306s
2023-04-21 09:44:02.319 +08:00 [arsidentityserver4] [Information] SkyApm.Service.PingService : Ping server @2023/4/21 1:44:02 +00:00
2023-04-21 09:44:02.319 +08:00 [arsidentityserver4] [Information] SkyApm.Service.PingService : Ping server @2023/4/21 1:44:02 +00:00
2023-04-21 09:44:02.319 +08:00 [arsidentityserver4] [Information] SkyApm.Service.CLRStatsService : Report CLR Stats. CPU UsagePercent 0 GenCollectCount 0 0 0 25M ThreadPool 32763 32767 1000 1000
2023-04-21 09:44:02.319 +08:00 [arsidentityserver4] [Information] SkyApm.Service.CLRStatsService : Report CLR Stats. CPU UsagePercent 0 GenCollectCount 0 0 0 25M ThreadPool 32763 32767 1000 1000
2023-04-21 09:44:02.400 +08:00 [arsidentityserver4] [Information] SkyApm.Service.CLRStatsService : Report CLR Stats. CPU UsagePercent 0 GenCollectCount 0 0 0 25M ThreadPool 32759 32767 1000 1000
2023-04-21 09:44:02.400 +08:00 [arsidentityserver4] [Information] SkyApm.Service.CLRStatsService : Report CLR Stats. CPU UsagePercent 0 GenCollectCount 0 0 0 25M ThreadPool 32759 32767 1000 1000
2023-04-21 09:44:02.400 +08:00 [arsidentityserver4] [Information] SkyApm.Service.PingService : Ping server @2023/4/21 1:44:02 +00:00
2023-04-21 09:44:02.400 +08:00 [arsidentityserver4] [Information] SkyApm.Service.PingService : Ping server @2023/4/21 1:44:02 +00:00
2023-04-21 09:44:32.402 +08:00 [arsidentityserver4] [Information] SkyApm.Service.CLRStatsService : Report CLR Stats. CPU UsagePercent 0 GenCollectCount 1 0 0 8M ThreadPool 32756 32767 1000 1000
2023-04-21 09:44:32.402 +08:00 [arsidentityserver4] [Information] SkyApm.Service.CLRStatsService : Report CLR Stats. CPU UsagePercent 0 GenCollectCount 0 0 0 8M ThreadPool 32756 32767 1000 1000
2023-04-21 09:45:02.411 +08:00 [arsidentityserver4] [Information] SkyApm.Service.PingService : Ping server @2023/4/21 1:45:02 +00:00
2023-04-21 09:45:02.411 +08:00 [arsidentityserver4] [Information] SkyApm.Service.CLRStatsService : Report CLR Stats. CPU UsagePercent 0 GenCollectCount 0 0 0 9M ThreadPool 32763 32767 1000 1000
2023-04-21 09:45:02.411 +08:00 [arsidentityserver4] [Information] SkyApm.Service.CLRStatsService : Report CLR Stats. CPU UsagePercent 0 GenCollectCount 0 0 0 9M ThreadPool 32758 32767 1000 1000
2023-04-21 09:45:02.411 +08:00 [arsidentityserver4] [Information] SkyApm.Service.PingService : Ping server @2023/4/21 1:45:02 +00:00
2023-04-21 09:53:20.792 +08:00 [arsidentityserver0421001] [Information] SkyApm.InstrumentStartup : Initializing ...
2023-04-21 09:53:20.825 +08:00 [arsidentityserver0421001] [Information] SkyApm.Service.RegisterService : Loaded instrument service [SkyApm.Service.RegisterService].
2023-04-21 09:53:20.829 +08:00 [arsidentityserver0421001] [Information] SkyApm.Service.LogReportService : Loaded instrument service [SkyApm.Service.LogReportService].
2023-04-21 09:53:20.829 +08:00 [arsidentityserver0421001] [Information] SkyApm.Service.PingService : Loaded instrument service [SkyApm.Service.PingService].
2023-04-21 09:53:20.829 +08:00 [arsidentityserver0421001] [Information] SkyApm.Service.SegmentReportService : Loaded instrument service [SkyApm.Service.SegmentReportService].
2023-04-21 09:53:20.829 +08:00 [arsidentityserver0421001] [Information] SkyApm.Service.CLRStatsService : Loaded instrument service [SkyApm.Service.CLRStatsService].
2023-04-21 09:53:20.829 +08:00 [arsidentityserver0421001] [Information] SkyApm.Sampling.SimpleCountSamplingInterceptor : Loaded instrument service [SkyApm.Sampling.SimpleCountSamplingInterceptor].
2023-04-21 09:53:20.829 +08:00 [arsidentityserver0421001] [Information] SkyApm.Transport.Grpc.ConnectService : Loaded instrument service [SkyApm.Transport.Grpc.ConnectService].
2023-04-21 09:53:20.829 +08:00 [arsidentityserver0421001] [Information] SkyApm.Service.RegisterService : Loaded instrument service [SkyApm.Service.RegisterService].
2023-04-21 09:53:20.829 +08:00 [arsidentityserver0421001] [Information] SkyApm.Service.LogReportService : Loaded instrument service [SkyApm.Service.LogReportService].
2023-04-21 09:53:20.829 +08:00 [arsidentityserver0421001] [Information] SkyApm.Service.PingService : Loaded instrument service [SkyApm.Service.PingService].
2023-04-21 09:53:20.829 +08:00 [arsidentityserver0421001] [Information] SkyApm.Service.SegmentReportService : Loaded instrument service [SkyApm.Service.SegmentReportService].
2023-04-21 09:53:20.829 +08:00 [arsidentityserver0421001] [Information] SkyApm.Service.CLRStatsService : Loaded instrument service [SkyApm.Service.CLRStatsService].
2023-04-21 09:53:20.829 +08:00 [arsidentityserver0421001] [Information] SkyApm.Sampling.SimpleCountSamplingInterceptor : Loaded instrument service [SkyApm.Sampling.SimpleCountSamplingInterceptor].
2023-04-21 09:53:20.829 +08:00 [arsidentityserver0421001] [Information] SkyApm.Transport.Grpc.ConnectService : Loaded instrument service [SkyApm.Transport.Grpc.ConnectService].
2023-04-21 09:53:20.888 +08:00 [arsidentityserver0421001] [Information] SkyApm.Transport.Grpc.ConnectionManager : Connected server[172.20.64.1:11800].
2023-04-21 09:53:20.895 +08:00 [arsidentityserver0421001] [Information] SkyApm.Diagnostics.TracingDiagnosticProcessorObserver : Loaded diagnostic listener [Microsoft.AspNetCore].
2023-04-21 09:53:20.896 +08:00 [arsidentityserver0421001] [Information] SkyApm.InstrumentStartup : Started SkyAPM .NET Core Agent.
2023-04-21 09:53:20.896 +08:00 [arsidentityserver0421001] [Information] SkyApm.InstrumentStartup : Initializing ...
2023-04-21 09:53:20.896 +08:00 [arsidentityserver0421001] [Information] SkyApm.Service.RegisterService : Loaded instrument service [SkyApm.Service.RegisterService].
2023-04-21 09:53:20.896 +08:00 [arsidentityserver0421001] [Information] SkyApm.Service.LogReportService : Loaded instrument service [SkyApm.Service.LogReportService].
2023-04-21 09:53:20.896 +08:00 [arsidentityserver0421001] [Information] SkyApm.Service.PingService : Loaded instrument service [SkyApm.Service.PingService].
2023-04-21 09:53:20.896 +08:00 [arsidentityserver0421001] [Information] SkyApm.Service.SegmentReportService : Loaded instrument service [SkyApm.Service.SegmentReportService].
2023-04-21 09:53:20.896 +08:00 [arsidentityserver0421001] [Information] SkyApm.Service.CLRStatsService : Loaded instrument service [SkyApm.Service.CLRStatsService].
2023-04-21 09:53:20.896 +08:00 [arsidentityserver0421001] [Information] SkyApm.Sampling.SimpleCountSamplingInterceptor : Loaded instrument service [SkyApm.Sampling.SimpleCountSamplingInterceptor].
2023-04-21 09:53:20.896 +08:00 [arsidentityserver0421001] [Information] SkyApm.Transport.Grpc.ConnectService : Loaded instrument service [SkyApm.Transport.Grpc.ConnectService].
2023-04-21 09:53:20.896 +08:00 [arsidentityserver0421001] [Information] SkyApm.Service.RegisterService : Loaded instrument service [SkyApm.Service.RegisterService].
2023-04-21 09:53:20.896 +08:00 [arsidentityserver0421001] [Information] SkyApm.Service.LogReportService : Loaded instrument service [SkyApm.Service.LogReportService].
2023-04-21 09:53:20.896 +08:00 [arsidentityserver0421001] [Information] SkyApm.Service.PingService : Loaded instrument service [SkyApm.Service.PingService].
2023-04-21 09:53:20.896 +08:00 [arsidentityserver0421001] [Information] SkyApm.Service.SegmentReportService : Loaded instrument service [SkyApm.Service.SegmentReportService].
2023-04-21 09:53:20.896 +08:00 [arsidentityserver0421001] [Information] SkyApm.Service.CLRStatsService : Loaded instrument service [SkyApm.Service.CLRStatsService].
2023-04-21 09:53:20.896 +08:00 [arsidentityserver0421001] [Information] SkyApm.Sampling.SimpleCountSamplingInterceptor : Loaded instrument service [SkyApm.Sampling.SimpleCountSamplingInterceptor].
2023-04-21 09:53:20.896 +08:00 [arsidentityserver0421001] [Information] SkyApm.Transport.Grpc.ConnectService : Loaded instrument service [SkyApm.Transport.Grpc.ConnectService].
2023-04-21 09:53:20.897 +08:00 [arsidentityserver0421001] [Information] SkyApm.Diagnostics.TracingDiagnosticProcessorObserver : Loaded diagnostic listener [Microsoft.AspNetCore].
2023-04-21 09:53:20.897 +08:00 [arsidentityserver0421001] [Information] SkyApm.InstrumentStartup : Started SkyAPM .NET Core Agent.
2023-04-21 09:53:20.948 +08:00 [arsidentityserver0421001] [Information] SkyApm.Diagnostics.TracingDiagnosticProcessorObserver : Loaded diagnostic listener [Grpc.Net.Client].
2023-04-21 09:53:20.948 +08:00 [arsidentityserver0421001] [Information] SkyApm.Diagnostics.TracingDiagnosticProcessorObserver : Loaded diagnostic listener [Grpc.Net.Client].
2023-04-21 09:53:21.027 +08:00 [arsidentityserver0421001] [Information] SkyApm.Diagnostics.TracingDiagnosticProcessorObserver : Loaded diagnostic listener [HttpHandlerDiagnosticListener].
2023-04-21 09:53:21.027 +08:00 [arsidentityserver0421001] [Information] SkyApm.Diagnostics.TracingDiagnosticProcessorObserver : Loaded diagnostic listener [HttpHandlerDiagnosticListener].
2023-04-21 09:53:21.168 +08:00 [arsidentityserver0421001] [Information] SkyApm.Service.RegisterService : Reported Service Instance Properties[Service=arsidentityserver0421001,InstanceId=192.168.110.63@1134487eef5f4319ade195e71dd6cdd1].
2023-04-21 09:53:21.168 +08:00 [arsidentityserver0421001] [Information] SkyApm.Service.RegisterService : Reported Service Instance Properties[Service=arsidentityserver0421001,InstanceId=192.168.110.63@1134487eef5f4319ade195e71dd6cdd1].
2023-04-21 09:53:21.405 +08:00 [arsidentityserver0421001] [Information] SkyApm.Service.RegisterService : Reported Service Instance Properties[Service=arsidentityserver0421001,InstanceId=192.168.110.63@1134487eef5f4319ade195e71dd6cdd1].
2023-04-21 09:53:21.405 +08:00 [arsidentityserver0421001] [Information] SkyApm.Service.RegisterService : Reported Service Instance Properties[Service=arsidentityserver0421001,InstanceId=192.168.110.63@1134487eef5f4319ade195e71dd6cdd1].
2023-04-21 09:53:23.924 +08:00 [arsidentityserver0421001] [Information] SkyApm.Transport.Grpc.SegmentReporter : Report 1 logs. cost: 00:00:00.0725762s
2023-04-21 09:53:23.925 +08:00 [arsidentityserver0421001] [Information] SkyApm.Transport.Grpc.V8.SegmentReporter : Report 2 trace segment. cost: 00:00:00.0738002s
2023-04-21 09:53:50.982 +08:00 [arsidentityserver0421001] [Information] SkyApm.Service.PingService : Ping server @2023/4/21 1:53:50 +00:00
2023-04-21 09:53:50.982 +08:00 [arsidentityserver0421001] [Information] SkyApm.Service.PingService : Ping server @2023/4/21 1:53:50 +00:00
2023-04-21 09:53:51.011 +08:00 [arsidentityserver0421001] [Information] SkyApm.Service.CLRStatsService : Report CLR Stats. CPU UsagePercent 0 GenCollectCount 1 1 0 8M ThreadPool 32763 32767 1000 1000
2023-04-21 09:53:51.011 +08:00 [arsidentityserver0421001] [Information] SkyApm.Service.CLRStatsService : Report CLR Stats. CPU UsagePercent 0 GenCollectCount 0 0 0 8M ThreadPool 32763 32767 1000 1000
2023-04-21 09:54:20.939 +08:00 [arsidentityserver0421001] [Information] SkyApm.Service.CLRStatsService : Report CLR Stats. CPU UsagePercent 0 GenCollectCount 0 0 0 9M ThreadPool 32763 32767 1000 1000
2023-04-21 09:54:20.939 +08:00 [arsidentityserver0421001] [Information] SkyApm.Service.CLRStatsService : Report CLR Stats. CPU UsagePercent 0 GenCollectCount 0 0 0 9M ThreadPool 32761 32767 1000 1000
2023-04-21 09:55:34.691 +08:00 [arsidentityserver0421001] [Information] SkyApm.InstrumentStartup : Initializing ...
2023-04-21 09:55:34.732 +08:00 [arsidentityserver0421001] [Information] SkyApm.Service.RegisterService : Loaded instrument service [SkyApm.Service.RegisterService].
2023-04-21 09:55:34.735 +08:00 [arsidentityserver0421001] [Information] SkyApm.Service.LogReportService : Loaded instrument service [SkyApm.Service.LogReportService].
2023-04-21 09:55:34.736 +08:00 [arsidentityserver0421001] [Information] SkyApm.Service.PingService : Loaded instrument service [SkyApm.Service.PingService].
2023-04-21 09:55:34.736 +08:00 [arsidentityserver0421001] [Information] SkyApm.Service.SegmentReportService : Loaded instrument service [SkyApm.Service.SegmentReportService].
2023-04-21 09:55:34.736 +08:00 [arsidentityserver0421001] [Information] SkyApm.Service.CLRStatsService : Loaded instrument service [SkyApm.Service.CLRStatsService].
2023-04-21 09:55:34.736 +08:00 [arsidentityserver0421001] [Information] SkyApm.Sampling.SimpleCountSamplingInterceptor : Loaded instrument service [SkyApm.Sampling.SimpleCountSamplingInterceptor].
2023-04-21 09:55:34.736 +08:00 [arsidentityserver0421001] [Information] SkyApm.Transport.Grpc.ConnectService : Loaded instrument service [SkyApm.Transport.Grpc.ConnectService].
2023-04-21 09:55:34.736 +08:00 [arsidentityserver0421001] [Information] SkyApm.Service.RegisterService : Loaded instrument service [SkyApm.Service.RegisterService].
2023-04-21 09:55:34.736 +08:00 [arsidentityserver0421001] [Information] SkyApm.Service.LogReportService : Loaded instrument service [SkyApm.Service.LogReportService].
2023-04-21 09:55:34.736 +08:00 [arsidentityserver0421001] [Information] SkyApm.Service.PingService : Loaded instrument service [SkyApm.Service.PingService].
2023-04-21 09:55:34.736 +08:00 [arsidentityserver0421001] [Information] SkyApm.Service.SegmentReportService : Loaded instrument service [SkyApm.Service.SegmentReportService].
2023-04-21 09:55:34.736 +08:00 [arsidentityserver0421001] [Information] SkyApm.Service.CLRStatsService : Loaded instrument service [SkyApm.Service.CLRStatsService].
2023-04-21 09:55:34.736 +08:00 [arsidentityserver0421001] [Information] SkyApm.Sampling.SimpleCountSamplingInterceptor : Loaded instrument service [SkyApm.Sampling.SimpleCountSamplingInterceptor].
2023-04-21 09:55:34.737 +08:00 [arsidentityserver0421001] [Information] SkyApm.Transport.Grpc.ConnectService : Loaded instrument service [SkyApm.Transport.Grpc.ConnectService].
2023-04-21 09:55:34.824 +08:00 [arsidentityserver0421001] [Information] SkyApm.Transport.Grpc.ConnectionManager : Connected server[172.20.64.1:11800].
2023-04-21 09:55:34.834 +08:00 [arsidentityserver0421001] [Information] SkyApm.Diagnostics.TracingDiagnosticProcessorObserver : Loaded diagnostic listener [Microsoft.AspNetCore].
2023-04-21 09:55:34.834 +08:00 [arsidentityserver0421001] [Information] SkyApm.InstrumentStartup : Started SkyAPM .NET Core Agent.
2023-04-21 09:55:34.834 +08:00 [arsidentityserver0421001] [Information] SkyApm.InstrumentStartup : Initializing ...
2023-04-21 09:55:34.835 +08:00 [arsidentityserver0421001] [Information] SkyApm.Service.RegisterService : Loaded instrument service [SkyApm.Service.RegisterService].
2023-04-21 09:55:34.835 +08:00 [arsidentityserver0421001] [Information] SkyApm.Service.LogReportService : Loaded instrument service [SkyApm.Service.LogReportService].
2023-04-21 09:55:34.835 +08:00 [arsidentityserver0421001] [Information] SkyApm.Service.PingService : Loaded instrument service [SkyApm.Service.PingService].
2023-04-21 09:55:34.835 +08:00 [arsidentityserver0421001] [Information] SkyApm.Service.SegmentReportService : Loaded instrument service [SkyApm.Service.SegmentReportService].
2023-04-21 09:55:34.835 +08:00 [arsidentityserver0421001] [Information] SkyApm.Service.CLRStatsService : Loaded instrument service [SkyApm.Service.CLRStatsService].
2023-04-21 09:55:34.835 +08:00 [arsidentityserver0421001] [Information] SkyApm.Sampling.SimpleCountSamplingInterceptor : Loaded instrument service [SkyApm.Sampling.SimpleCountSamplingInterceptor].
2023-04-21 09:55:34.835 +08:00 [arsidentityserver0421001] [Information] SkyApm.Transport.Grpc.ConnectService : Loaded instrument service [SkyApm.Transport.Grpc.ConnectService].
2023-04-21 09:55:34.835 +08:00 [arsidentityserver0421001] [Information] SkyApm.Service.RegisterService : Loaded instrument service [SkyApm.Service.RegisterService].
2023-04-21 09:55:34.835 +08:00 [arsidentityserver0421001] [Information] SkyApm.Service.LogReportService : Loaded instrument service [SkyApm.Service.LogReportService].
2023-04-21 09:55:34.835 +08:00 [arsidentityserver0421001] [Information] SkyApm.Service.PingService : Loaded instrument service [SkyApm.Service.PingService].
2023-04-21 09:55:34.835 +08:00 [arsidentityserver0421001] [Information] SkyApm.Service.SegmentReportService : Loaded instrument service [SkyApm.Service.SegmentReportService].
2023-04-21 09:55:34.835 +08:00 [arsidentityserver0421001] [Information] SkyApm.Service.CLRStatsService : Loaded instrument service [SkyApm.Service.CLRStatsService].
2023-04-21 09:55:34.835 +08:00 [arsidentityserver0421001] [Information] SkyApm.Sampling.SimpleCountSamplingInterceptor : Loaded instrument service [SkyApm.Sampling.SimpleCountSamplingInterceptor].
2023-04-21 09:55:34.835 +08:00 [arsidentityserver0421001] [Information] SkyApm.Transport.Grpc.ConnectService : Loaded instrument service [SkyApm.Transport.Grpc.ConnectService].
2023-04-21 09:55:34.837 +08:00 [arsidentityserver0421001] [Information] SkyApm.Diagnostics.TracingDiagnosticProcessorObserver : Loaded diagnostic listener [Microsoft.AspNetCore].
2023-04-21 09:55:34.837 +08:00 [arsidentityserver0421001] [Information] SkyApm.InstrumentStartup : Started SkyAPM .NET Core Agent.
2023-04-21 09:55:34.894 +08:00 [arsidentityserver0421001] [Information] SkyApm.Diagnostics.TracingDiagnosticProcessorObserver : Loaded diagnostic listener [Grpc.Net.Client].
2023-04-21 09:55:34.895 +08:00 [arsidentityserver0421001] [Information] SkyApm.Diagnostics.TracingDiagnosticProcessorObserver : Loaded diagnostic listener [Grpc.Net.Client].
2023-04-21 09:55:34.976 +08:00 [arsidentityserver0421001] [Information] SkyApm.Diagnostics.TracingDiagnosticProcessorObserver : Loaded diagnostic listener [HttpHandlerDiagnosticListener].
2023-04-21 09:55:34.976 +08:00 [arsidentityserver0421001] [Information] SkyApm.Diagnostics.TracingDiagnosticProcessorObserver : Loaded diagnostic listener [HttpHandlerDiagnosticListener].
2023-04-21 09:55:35.121 +08:00 [arsidentityserver0421001] [Information] SkyApm.Service.RegisterService : Reported Service Instance Properties[Service=arsidentityserver0421001,InstanceId=192.168.110.63@bec2e29c33e7455a9cc604eafa123df3].
2023-04-21 09:55:35.121 +08:00 [arsidentityserver0421001] [Information] SkyApm.Service.RegisterService : Reported Service Instance Properties[Service=arsidentityserver0421001,InstanceId=192.168.110.63@bec2e29c33e7455a9cc604eafa123df3].
2023-04-21 09:55:35.346 +08:00 [arsidentityserver0421001] [Information] SkyApm.Service.RegisterService : Reported Service Instance Properties[Service=arsidentityserver0421001,InstanceId=192.168.110.63@bec2e29c33e7455a9cc604eafa123df3].
2023-04-21 09:55:35.346 +08:00 [arsidentityserver0421001] [Information] SkyApm.Service.RegisterService : Reported Service Instance Properties[Service=arsidentityserver0421001,InstanceId=192.168.110.63@bec2e29c33e7455a9cc604eafa123df3].
2023-04-21 09:55:37.799 +08:00 [arsidentityserver0421001] [Information] SkyApm.Transport.Grpc.SegmentReporter : Report 1 logs. cost: 00:00:00.0458282s
2023-04-21 09:55:37.801 +08:00 [arsidentityserver0421001] [Information] SkyApm.Transport.Grpc.V8.SegmentReporter : Report 3 trace segment. cost: 00:00:00.0473415s
2023-04-21 09:55:52.753 +08:00 [arsidentityserver0421001] [Information] SkyApm.Transport.Grpc.SegmentReporter : Report 3 logs. cost: 00:00:00.0075535s
2023-04-21 09:55:52.756 +08:00 [arsidentityserver0421001] [Information] SkyApm.Transport.Grpc.V8.SegmentReporter : Report 2 trace segment. cost: 00:00:00.0108868s
2023-04-21 09:55:58.749 +08:00 [arsidentityserver0421001] [Information] SkyApm.Transport.Grpc.SegmentReporter : Report 2 logs. cost: 00:00:00.0066654s
2023-04-21 09:55:58.754 +08:00 [arsidentityserver0421001] [Information] SkyApm.Transport.Grpc.V8.SegmentReporter : Report 2 trace segment. cost: 00:00:00.0118017s
2023-04-21 09:56:04.790 +08:00 [arsidentityserver0421001] [Information] SkyApm.Service.PingService : Ping server @2023/4/21 1:56:04 +00:00
2023-04-21 09:56:04.790 +08:00 [arsidentityserver0421001] [Information] SkyApm.Service.PingService : Ping server @2023/4/21 1:56:04 +00:00
2023-04-21 09:56:04.791 +08:00 [arsidentityserver0421001] [Information] SkyApm.Service.CLRStatsService : Report CLR Stats. CPU UsagePercent 0 GenCollectCount 0 0 0 28M ThreadPool 32763 32767 1000 1000
2023-04-21 09:56:04.791 +08:00 [arsidentityserver0421001] [Information] SkyApm.Service.CLRStatsService : Report CLR Stats. CPU UsagePercent 0 GenCollectCount 0 0 0 28M ThreadPool 32763 32767 1000 1000
2023-04-21 09:56:04.860 +08:00 [arsidentityserver0421001] [Information] SkyApm.Service.PingService : Ping server @2023/4/21 1:56:04 +00:00
2023-04-21 09:56:04.860 +08:00 [arsidentityserver0421001] [Information] SkyApm.Service.PingService : Ping server @2023/4/21 1:56:04 +00:00
2023-04-21 09:56:04.860 +08:00 [arsidentityserver0421001] [Information] SkyApm.Service.CLRStatsService : Report CLR Stats. CPU UsagePercent 0 GenCollectCount 0 0 0 28M ThreadPool 32755 32767 1000 1000
2023-04-21 09:56:04.860 +08:00 [arsidentityserver0421001] [Information] SkyApm.Service.CLRStatsService : Report CLR Stats. CPU UsagePercent 0 GenCollectCount 0 0 0 28M ThreadPool 32755 32767 1000 1000
2023-04-21 09:56:34.756 +08:00 [arsidentityserver0421001] [Information] SkyApm.Service.CLRStatsService : Report CLR Stats. CPU UsagePercent 0 GenCollectCount 0 0 0 30M ThreadPool 32752 32767 1000 1000
2023-04-21 09:56:34.763 +08:00 [arsidentityserver0421001] [Information] SkyApm.Service.CLRStatsService : Report CLR Stats. CPU UsagePercent 0 GenCollectCount 0 0 0 30M ThreadPool 32752 32767 1000 1000
2023-04-21 09:56:34.861 +08:00 [arsidentityserver0421001] [Information] SkyApm.Service.CLRStatsService : Report CLR Stats. CPU UsagePercent 0 GenCollectCount 1 0 0 8M ThreadPool 32751 32767 1000 1000
2023-04-21 09:56:34.861 +08:00 [arsidentityserver0421001] [Information] SkyApm.Service.CLRStatsService : Report CLR Stats. CPU UsagePercent 0 GenCollectCount 1 0 0 8M ThreadPool 32751 32767 1000 1000
2023-04-21 09:57:04.864 +08:00 [arsidentityserver0421001] [Information] SkyApm.Service.CLRStatsService : Report CLR Stats. CPU UsagePercent 0 GenCollectCount 0 0 0 9M ThreadPool 32763 32767 1000 1000
2023-04-21 09:57:04.864 +08:00 [arsidentityserver0421001] [Information] SkyApm.Service.PingService : Ping server @2023/4/21 1:57:04 +00:00
2023-04-21 09:57:04.864 +08:00 [arsidentityserver0421001] [Information] SkyApm.Service.CLRStatsService : Report CLR Stats. CPU UsagePercent 0 GenCollectCount 0 0 0 9M ThreadPool 32763 32767 1000 1000
2023-04-21 09:57:04.864 +08:00 [arsidentityserver0421001] [Information] SkyApm.Service.PingService : Ping server @2023/4/21 1:57:04 +00:00
2023-04-21 09:57:34.864 +08:00 [arsidentityserver0421001] [Information] SkyApm.Service.CLRStatsService : Report CLR Stats. CPU UsagePercent 0 GenCollectCount 0 0 0 10M ThreadPool 32753 32767 1000 1000
2023-04-21 09:57:34.868 +08:00 [arsidentityserver0421001] [Information] SkyApm.Service.CLRStatsService : Report CLR Stats. CPU UsagePercent 0 GenCollectCount 0 0 0 10M ThreadPool 32763 32767 1000 1000
2023-04-21 09:58:04.851 +08:00 [arsidentityserver0421001] [Information] SkyApm.Service.CLRStatsService : Report CLR Stats. CPU UsagePercent 0 GenCollectCount 0 0 0 11M ThreadPool 32759 32767 1000 1000
2023-04-21 09:58:04.851 +08:00 [arsidentityserver0421001] [Information] SkyApm.Service.PingService : Ping server @2023/4/21 1:58:04 +00:00
2023-04-21 09:58:04.851 +08:00 [arsidentityserver0421001] [Information] SkyApm.Service.PingService : Ping server @2023/4/21 1:58:04 +00:00
2023-04-21 09:58:04.851 +08:00 [arsidentityserver0421001] [Information] SkyApm.Service.CLRStatsService : Report CLR Stats. CPU UsagePercent 0 GenCollectCount 0 0 0 11M ThreadPool 32759 32767 1000 1000
2023-04-21 09:58:34.856 +08:00 [arsidentityserver0421001] [Information] SkyApm.Service.CLRStatsService : Report CLR Stats. CPU UsagePercent 0 GenCollectCount 0 0 0 12M ThreadPool 32759 32767 1000 1000
2023-04-21 09:58:34.856 +08:00 [arsidentityserver0421001] [Information] SkyApm.Service.CLRStatsService : Report CLR Stats. CPU UsagePercent 0 GenCollectCount 0 0 0 12M ThreadPool 32761 32767 1000 1000
2023-04-21 09:59:04.858 +08:00 [arsidentityserver0421001] [Information] SkyApm.Service.CLRStatsService : Report CLR Stats. CPU UsagePercent 0 GenCollectCount 0 0 0 13M ThreadPool 32756 32767 1000 1000
2023-04-21 09:59:04.858 +08:00 [arsidentityserver0421001] [Information] SkyApm.Service.CLRStatsService : Report CLR Stats. CPU UsagePercent 0 GenCollectCount 0 0 0 13M ThreadPool 32755 32767 1000 1000
2023-04-21 09:59:04.859 +08:00 [arsidentityserver0421001] [Information] SkyApm.Service.PingService : Ping server @2023/4/21 1:59:04 +00:00
2023-04-21 09:59:04.858 +08:00 [arsidentityserver0421001] [Information] SkyApm.Service.PingService : Ping server @2023/4/21 1:59:04 +00:00
2023-04-21 09:59:34.847 +08:00 [arsidentityserver0421001] [Information] SkyApm.Service.CLRStatsService : Report CLR Stats. CPU UsagePercent 0 GenCollectCount 0 0 0 15M ThreadPool 32765 32767 1000 1000
2023-04-21 09:59:34.847 +08:00 [arsidentityserver0421001] [Information] SkyApm.Service.CLRStatsService : Report CLR Stats. CPU UsagePercent 0 GenCollectCount 0 0 0 15M ThreadPool 32764 32767 1000 1000
2023-04-21 10:00:04.899 +08:00 [arsidentityserver0421001] [Information] SkyApm.Service.CLRStatsService : Report CLR Stats. CPU UsagePercent 0 GenCollectCount 0 0 0 16M ThreadPool 32752 32767 1000 1000
2023-04-21 10:00:04.899 +08:00 [arsidentityserver0421001] [Information] SkyApm.Service.PingService : Ping server @2023/4/21 2:00:04 +00:00
2023-04-21 10:00:04.906 +08:00 [arsidentityserver0421001] [Information] SkyApm.Service.CLRStatsService : Report CLR Stats. CPU UsagePercent 0 GenCollectCount 0 0 0 16M ThreadPool 32752 32767 1000 1000
2023-04-21 10:00:04.913 +08:00 [arsidentityserver0421001] [Information] SkyApm.Service.PingService : Ping server @2023/4/21 2:00:04 +00:00
2023-04-21 10:00:34.863 +08:00 [arsidentityserver0421001] [Information] SkyApm.Service.CLRStatsService : Report CLR Stats. CPU UsagePercent 0 GenCollectCount 0 0 0 17M ThreadPool 32752 32767 1000 1000
2023-04-21 10:00:34.863 +08:00 [arsidentityserver0421001] [Information] SkyApm.Service.CLRStatsService : Report CLR Stats. CPU UsagePercent 0 GenCollectCount 0 0 0 17M ThreadPool 32752 32767 1000 1000
2023-04-21 10:01:04.855 +08:00 [arsidentityserver0421001] [Information] SkyApm.Service.CLRStatsService : Report CLR Stats. CPU UsagePercent 0 GenCollectCount 0 0 0 18M ThreadPool 32763 32767 1000 1000
2023-04-21 10:01:04.855 +08:00 [arsidentityserver0421001] [Information] SkyApm.Service.PingService : Ping server @2023/4/21 2:01:04 +00:00
2023-04-21 10:01:04.855 +08:00 [arsidentityserver0421001] [Information] SkyApm.Service.PingService : Ping server @2023/4/21 2:01:04 +00:00
2023-04-21 10:01:04.856 +08:00 [arsidentityserver0421001] [Information] SkyApm.Service.CLRStatsService : Report CLR Stats. CPU UsagePercent 0 GenCollectCount 0 0 0 18M ThreadPool 32759 32767 1000 1000
2023-04-21 10:01:34.851 +08:00 [arsidentityserver0421001] [Information] SkyApm.Service.CLRStatsService : Report CLR Stats. CPU UsagePercent 0 GenCollectCount 0 0 0 19M ThreadPool 32759 32767 1000 1000
2023-04-21 10:01:34.851 +08:00 [arsidentityserver0421001] [Information] SkyApm.Service.CLRStatsService : Report CLR Stats. CPU UsagePercent 0 GenCollectCount 0 0 0 19M ThreadPool 32759 32767 1000 1000
2023-04-21 10:02:04.854 +08:00 [arsidentityserver0421001] [Information] SkyApm.Service.CLRStatsService : Report CLR Stats. CPU UsagePercent 0 GenCollectCount 0 0 0 20M ThreadPool 32759 32767 1000 1000
2023-04-21 10:02:04.854 +08:00 [arsidentityserver0421001] [Information] SkyApm.Service.PingService : Ping server @2023/4/21 2:02:04 +00:00
2023-04-21 10:02:04.854 +08:00 [arsidentityserver0421001] [Information] SkyApm.Service.PingService : Ping server @2023/4/21 2:02:04 +00:00
2023-04-21 10:02:04.854 +08:00 [arsidentityserver0421001] [Information] SkyApm.Service.CLRStatsService : Report CLR Stats. CPU UsagePercent 0 GenCollectCount 0 0 0 20M ThreadPool 32759 32767 1000 1000
2023-04-21 10:02:34.888 +08:00 [arsidentityserver0421001] [Information] SkyApm.Service.CLRStatsService : Report CLR Stats. CPU UsagePercent 0 GenCollectCount 0 0 0 21M ThreadPool 32754 32767 1000 1000
2023-04-21 10:02:34.888 +08:00 [arsidentityserver0421001] [Information] SkyApm.Service.CLRStatsService : Report CLR Stats. CPU UsagePercent 0 GenCollectCount 0 0 0 21M ThreadPool 32763 32767 1000 1000
2023-04-21 10:03:04.864 +08:00 [arsidentityserver0421001] [Information] SkyApm.Service.CLRStatsService : Report CLR Stats. CPU UsagePercent 0 GenCollectCount 0 0 0 22M ThreadPool 32759 32767 1000 1000
2023-04-21 10:03:04.864 +08:00 [arsidentityserver0421001] [Information] SkyApm.Service.PingService : Ping server @2023/4/21 2:03:04 +00:00
2023-04-21 10:03:04.864 +08:00 [arsidentityserver0421001] [Information] SkyApm.Service.PingService : Ping server @2023/4/21 2:03:04 +00:00
2023-04-21 10:03:04.869 +08:00 [arsidentityserver0421001] [Information] SkyApm.Service.CLRStatsService : Report CLR Stats. CPU UsagePercent 0 GenCollectCount 0 0 0 22M ThreadPool 32759 32767 1000 1000
2023-04-21 10:03:34.844 +08:00 [arsidentityserver0421001] [Information] SkyApm.Service.CLRStatsService : Report CLR Stats. CPU UsagePercent 0 GenCollectCount 0 0 0 23M ThreadPool 32755 32767 1000 1000
2023-04-21 10:03:34.844 +08:00 [arsidentityserver0421001] [Information] SkyApm.Service.CLRStatsService : Report CLR Stats. CPU UsagePercent 0 GenCollectCount 0 0 0 23M ThreadPool 32759 32767 1000 1000
2023-04-21 10:04:04.897 +08:00 [arsidentityserver0421001] [Information] SkyApm.Service.PingService : Ping server @2023/4/21 2:04:04 +00:00
2023-04-21 10:04:04.897 +08:00 [arsidentityserver0421001] [Information] SkyApm.Service.PingService : Ping server @2023/4/21 2:04:04 +00:00
2023-04-21 10:04:04.897 +08:00 [arsidentityserver0421001] [Information] SkyApm.Service.CLRStatsService : Report CLR Stats. CPU UsagePercent 0 GenCollectCount 0 0 0 24M ThreadPool 32753 32767 1000 1000
2023-04-21 10:04:04.897 +08:00 [arsidentityserver0421001] [Information] SkyApm.Service.CLRStatsService : Report CLR Stats. CPU UsagePercent 0 GenCollectCount 0 0 0 24M ThreadPool 32753 32767 1000 1000
2023-04-21 10:04:34.916 +08:00 [arsidentityserver0421001] [Information] SkyApm.Service.CLRStatsService : Report CLR Stats. CPU UsagePercent 1.5625 GenCollectCount 0 0 0 25M ThreadPool 32756 32767 1000 1000
2023-04-21 10:04:34.916 +08:00 [arsidentityserver0421001] [Information] SkyApm.Service.CLRStatsService : Report CLR Stats. CPU UsagePercent 1.5625 GenCollectCount 0 0 0 25M ThreadPool 32756 32767 1000 1000
2023-04-21 10:05:04.868 +08:00 [arsidentityserver0421001] [Information] SkyApm.Service.CLRStatsService : Report CLR Stats. CPU UsagePercent 0 GenCollectCount 0 0 0 26M ThreadPool 32759 32767 1000 1000
2023-04-21 10:05:04.868 +08:00 [arsidentityserver0421001] [Information] SkyApm.Service.PingService : Ping server @2023/4/21 2:05:04 +00:00
2023-04-21 10:05:04.868 +08:00 [arsidentityserver0421001] [Information] SkyApm.Service.PingService : Ping server @2023/4/21 2:05:04 +00:00
2023-04-21 10:05:04.868 +08:00 [arsidentityserver0421001] [Information] SkyApm.Service.CLRStatsService : Report CLR Stats. CPU UsagePercent 0 GenCollectCount 0 0 0 26M ThreadPool 32763 32767 1000 1000
2023-04-21 10:05:34.848 +08:00 [arsidentityserver0421001] [Information] SkyApm.Service.CLRStatsService : Report CLR Stats. CPU UsagePercent 0 GenCollectCount 0 0 0 27M ThreadPool 32754 32767 1000 1000
2023-04-21 10:05:34.848 +08:00 [arsidentityserver0421001] [Information] SkyApm.Service.CLRStatsService : Report CLR Stats. CPU UsagePercent 0 GenCollectCount 0 0 0 27M ThreadPool 32759 32767 1000 1000
2023-04-21 10:06:04.856 +08:00 [arsidentityserver0421001] [Information] SkyApm.Service.CLRStatsService : Report CLR Stats. CPU UsagePercent 0 GenCollectCount 0 0 0 28M ThreadPool 32759 32767 1000 1000
2023-04-21 10:06:04.856 +08:00 [arsidentityserver0421001] [Information] SkyApm.Service.PingService : Ping server @2023/4/21 2:06:04 +00:00
2023-04-21 10:06:04.856 +08:00 [arsidentityserver0421001] [Information] SkyApm.Service.PingService : Ping server @2023/4/21 2:06:04 +00:00
2023-04-21 10:06:04.856 +08:00 [arsidentityserver0421001] [Information] SkyApm.Service.CLRStatsService : Report CLR Stats. CPU UsagePercent 0 GenCollectCount 0 0 0 28M ThreadPool 32759 32767 1000 1000
2023-04-21 10:06:34.858 +08:00 [arsidentityserver0421001] [Information] SkyApm.Service.CLRStatsService : Report CLR Stats. CPU UsagePercent 0 GenCollectCount 0 0 0 29M ThreadPool 32749 32767 1000 1000
2023-04-21 10:06:34.866 +08:00 [arsidentityserver0421001] [Information] SkyApm.Service.CLRStatsService : Report CLR Stats. CPU UsagePercent 0 GenCollectCount 0 0 0 29M ThreadPool 32749 32767 1000 1000
2023-04-21 10:07:04.868 +08:00 [arsidentityserver0421001] [Information] SkyApm.Service.CLRStatsService : Report CLR Stats. CPU UsagePercent 0 GenCollectCount 0 0 0 31M ThreadPool 32758 32767 1000 1000
2023-04-21 10:07:04.868 +08:00 [arsidentityserver0421001] [Information] SkyApm.Service.PingService : Ping server @2023/4/21 2:07:04 +00:00
2023-04-21 10:07:04.868 +08:00 [arsidentityserver0421001] [Information] SkyApm.Service.CLRStatsService : Report CLR Stats. CPU UsagePercent 0 GenCollectCount 0 0 0 31M ThreadPool 32758 32767 1000 1000
2023-04-21 10:07:04.868 +08:00 [arsidentityserver0421001] [Information] SkyApm.Service.PingService : Ping server @2023/4/21 2:07:04 +00:00
2023-04-21 10:07:34.854 +08:00 [arsidentityserver0421001] [Information] SkyApm.Service.CLRStatsService : Report CLR Stats. CPU UsagePercent 0 GenCollectCount 0 0 0 32M ThreadPool 32756 32767 1000 1000
2023-04-21 10:07:34.866 +08:00 [arsidentityserver0421001] [Information] SkyApm.Service.CLRStatsService : Report CLR Stats. CPU UsagePercent 0 GenCollectCount 0 0 0 32M ThreadPool 32762 32767 1000 1000
2023-04-21 10:08:04.885 +08:00 [arsidentityserver0421001] [Information] SkyApm.Service.CLRStatsService : Report CLR Stats. CPU UsagePercent 0 GenCollectCount 0 0 0 33M ThreadPool 32754 32767 1000 1000
2023-04-21 10:08:04.901 +08:00 [arsidentityserver0421001] [Information] SkyApm.Service.PingService : Ping server @2023/4/21 2:08:04 +00:00
2023-04-21 10:08:04.912 +08:00 [arsidentityserver0421001] [Information] SkyApm.Service.CLRStatsService : Report CLR Stats. CPU UsagePercent 0 GenCollectCount 0 0 0 33M ThreadPool 32756 32767 1000 1000
2023-04-21 10:08:04.912 +08:00 [arsidentityserver0421001] [Information] SkyApm.Service.PingService : Ping server @2023/4/21 2:08:04 +00:00
2023-04-21 10:08:34.856 +08:00 [arsidentityserver0421001] [Information] SkyApm.Service.CLRStatsService : Report CLR Stats. CPU UsagePercent 0 GenCollectCount 0 0 0 34M ThreadPool 32759 32767 1000 1000
2023-04-21 10:08:34.856 +08:00 [arsidentityserver0421001] [Information] SkyApm.Service.CLRStatsService : Report CLR Stats. CPU UsagePercent 0 GenCollectCount 0 0 0 34M ThreadPool 32759 32767 1000 1000
2023-04-21 10:09:04.876 +08:00 [arsidentityserver0421001] [Information] SkyApm.Service.PingService : Ping server @2023/4/21 2:09:04 +00:00
2023-04-21 10:09:04.876 +08:00 [arsidentityserver0421001] [Information] SkyApm.Service.CLRStatsService : Report CLR Stats. CPU UsagePercent 0 GenCollectCount 0 0 0 35M ThreadPool 32753 32767 1000 1000
2023-04-21 10:09:04.877 +08:00 [arsidentityserver0421001] [Information] SkyApm.Service.PingService : Ping server @2023/4/21 2:09:04 +00:00
2023-04-21 10:09:04.878 +08:00 [arsidentityserver0421001] [Information] SkyApm.Service.CLRStatsService : Report CLR Stats. CPU UsagePercent 0 GenCollectCount 0 0 0 35M ThreadPool 32750 32767 1000 1000
2023-04-21 10:09:34.854 +08:00 [arsidentityserver0421001] [Information] SkyApm.Service.CLRStatsService : Report CLR Stats. CPU UsagePercent 0 GenCollectCount 0 0 0 36M ThreadPool 32759 32767 1000 1000
2023-04-21 10:09:34.854 +08:00 [arsidentityserver0421001] [Information] SkyApm.Service.CLRStatsService : Report CLR Stats. CPU UsagePercent 0 GenCollectCount 0 0 0 36M ThreadPool 32759 32767 1000 1000
2023-04-21 10:10:04.858 +08:00 [arsidentityserver0421001] [Information] SkyApm.Service.PingService : Ping server @2023/4/21 2:10:04 +00:00
2023-04-21 10:10:04.858 +08:00 [arsidentityserver0421001] [Information] SkyApm.Service.CLRStatsService : Report CLR Stats. CPU UsagePercent 0 GenCollectCount 0 0 0 37M ThreadPool 32759 32767 1000 1000
2023-04-21 10:10:04.858 +08:00 [arsidentityserver0421001] [Information] SkyApm.Service.PingService : Ping server @2023/4/21 2:10:04 +00:00
2023-04-21 10:10:04.858 +08:00 [arsidentityserver0421001] [Information] SkyApm.Service.CLRStatsService : Report CLR Stats. CPU UsagePercent 0 GenCollectCount 0 0 0 37M ThreadPool 32759 32767 1000 1000
2023-04-21 10:10:34.887 +08:00 [arsidentityserver0421001] [Information] SkyApm.Service.CLRStatsService : Report CLR Stats. CPU UsagePercent 0 GenCollectCount 0 0 0 38M ThreadPool 32763 32767 1000 1000
2023-04-21 10:10:34.887 +08:00 [arsidentityserver0421001] [Information] SkyApm.Service.CLRStatsService : Report CLR Stats. CPU UsagePercent 0 GenCollectCount 0 0 0 38M ThreadPool 32750 32767 1000 1000
2023-04-21 10:11:04.863 +08:00 [arsidentityserver0421001] [Information] SkyApm.Service.PingService : Ping server @2023/4/21 2:11:04 +00:00
2023-04-21 10:11:04.863 +08:00 [arsidentityserver0421001] [Information] SkyApm.Service.CLRStatsService : Report CLR Stats. CPU UsagePercent 0 GenCollectCount 0 0 0 39M ThreadPool 32758 32767 1000 1000
2023-04-21 10:11:04.863 +08:00 [arsidentityserver0421001] [Information] SkyApm.Service.CLRStatsService : Report CLR Stats. CPU UsagePercent 0 GenCollectCount 0 0 0 39M ThreadPool 32758 32767 1000 1000
2023-04-21 10:11:04.863 +08:00 [arsidentityserver0421001] [Information] SkyApm.Service.PingService : Ping server @2023/4/21 2:11:04 +00:00
2023-04-21 10:11:34.850 +08:00 [arsidentityserver0421001] [Information] SkyApm.Service.CLRStatsService : Report CLR Stats. CPU UsagePercent 0 GenCollectCount 0 0 0 40M ThreadPool 32754 32767 1000 1000
2023-04-21 10:11:34.850 +08:00 [arsidentityserver0421001] [Information] SkyApm.Service.CLRStatsService : Report CLR Stats. CPU UsagePercent 0 GenCollectCount 0 0 0 40M ThreadPool 32754 32767 1000 1000
2023-04-21 20:48:21.674 +08:00 [arsidentityserver0421001] [Information] SkyApm.InstrumentStartup : Initializing ...
2023-04-21 20:48:21.713 +08:00 [arsidentityserver0421001] [Information] SkyApm.Service.RegisterService : Loaded instrument service [SkyApm.Service.RegisterService].
2023-04-21 20:48:21.717 +08:00 [arsidentityserver0421001] [Information] SkyApm.Service.LogReportService : Loaded instrument service [SkyApm.Service.LogReportService].
2023-04-21 20:48:21.717 +08:00 [arsidentityserver0421001] [Information] SkyApm.Service.PingService : Loaded instrument service [SkyApm.Service.PingService].
2023-04-21 20:48:21.718 +08:00 [arsidentityserver0421001] [Information] SkyApm.Service.SegmentReportService : Loaded instrument service [SkyApm.Service.SegmentReportService].
2023-04-21 20:48:21.718 +08:00 [arsidentityserver0421001] [Information] SkyApm.Service.CLRStatsService : Loaded instrument service [SkyApm.Service.CLRStatsService].
2023-04-21 20:48:21.718 +08:00 [arsidentityserver0421001] [Information] SkyApm.Sampling.SimpleCountSamplingInterceptor : Loaded instrument service [SkyApm.Sampling.SimpleCountSamplingInterceptor].
2023-04-21 20:48:21.718 +08:00 [arsidentityserver0421001] [Information] SkyApm.Transport.Grpc.ConnectService : Loaded instrument service [SkyApm.Transport.Grpc.ConnectService].
2023-04-21 20:48:21.718 +08:00 [arsidentityserver0421001] [Information] SkyApm.Service.RegisterService : Loaded instrument service [SkyApm.Service.RegisterService].
2023-04-21 20:48:21.723 +08:00 [arsidentityserver0421001] [Information] SkyApm.Service.LogReportService : Loaded instrument service [SkyApm.Service.LogReportService].
2023-04-21 20:48:21.729 +08:00 [arsidentityserver0421001] [Information] SkyApm.Service.PingService : Loaded instrument service [SkyApm.Service.PingService].
2023-04-21 20:48:21.729 +08:00 [arsidentityserver0421001] [Information] SkyApm.Service.SegmentReportService : Loaded instrument service [SkyApm.Service.SegmentReportService].
2023-04-21 20:48:21.729 +08:00 [arsidentityserver0421001] [Information] SkyApm.Service.CLRStatsService : Loaded instrument service [SkyApm.Service.CLRStatsService].
2023-04-21 20:48:21.729 +08:00 [arsidentityserver0421001] [Information] SkyApm.Sampling.SimpleCountSamplingInterceptor : Loaded instrument service [SkyApm.Sampling.SimpleCountSamplingInterceptor].
2023-04-21 20:48:21.729 +08:00 [arsidentityserver0421001] [Information] SkyApm.Transport.Grpc.ConnectService : Loaded instrument service [SkyApm.Transport.Grpc.ConnectService].
2023-04-21 20:48:21.865 +08:00 [arsidentityserver0421001] [Information] SkyApm.Transport.Grpc.ConnectionManager : Connected server[172.20.64.1:11800].
2023-04-21 20:48:21.875 +08:00 [arsidentityserver0421001] [Information] SkyApm.Diagnostics.TracingDiagnosticProcessorObserver : Loaded diagnostic listener [Microsoft.AspNetCore].
2023-04-21 20:48:21.877 +08:00 [arsidentityserver0421001] [Information] SkyApm.InstrumentStartup : Started SkyAPM .NET Core Agent.
2023-04-21 20:48:21.877 +08:00 [arsidentityserver0421001] [Information] SkyApm.InstrumentStartup : Initializing ...
2023-04-21 20:48:21.877 +08:00 [arsidentityserver0421001] [Information] SkyApm.Service.RegisterService : Loaded instrument service [SkyApm.Service.RegisterService].
2023-04-21 20:48:21.877 +08:00 [arsidentityserver0421001] [Information] SkyApm.Service.LogReportService : Loaded instrument service [SkyApm.Service.LogReportService].
2023-04-21 20:48:21.877 +08:00 [arsidentityserver0421001] [Information] SkyApm.Service.PingService : Loaded instrument service [SkyApm.Service.PingService].
2023-04-21 20:48:21.877 +08:00 [arsidentityserver0421001] [Information] SkyApm.Service.SegmentReportService : Loaded instrument service [SkyApm.Service.SegmentReportService].
2023-04-21 20:48:21.877 +08:00 [arsidentityserver0421001] [Information] SkyApm.Service.CLRStatsService : Loaded instrument service [SkyApm.Service.CLRStatsService].
2023-04-21 20:48:21.877 +08:00 [arsidentityserver0421001] [Information] SkyApm.Sampling.SimpleCountSamplingInterceptor : Loaded instrument service [SkyApm.Sampling.SimpleCountSamplingInterceptor].
2023-04-21 20:48:21.877 +08:00 [arsidentityserver0421001] [Information] SkyApm.Transport.Grpc.ConnectService : Loaded instrument service [SkyApm.Transport.Grpc.ConnectService].
2023-04-21 20:48:21.877 +08:00 [arsidentityserver0421001] [Information] SkyApm.Service.RegisterService : Loaded instrument service [SkyApm.Service.RegisterService].
2023-04-21 20:48:21.877 +08:00 [arsidentityserver0421001] [Information] SkyApm.Service.LogReportService : Loaded instrument service [SkyApm.Service.LogReportService].
2023-04-21 20:48:21.878 +08:00 [arsidentityserver0421001] [Information] SkyApm.Service.PingService : Loaded instrument service [SkyApm.Service.PingService].
2023-04-21 20:48:21.878 +08:00 [arsidentityserver0421001] [Information] SkyApm.Service.SegmentReportService : Loaded instrument service [SkyApm.Service.SegmentReportService].
2023-04-21 20:48:21.878 +08:00 [arsidentityserver0421001] [Information] SkyApm.Service.CLRStatsService : Loaded instrument service [SkyApm.Service.CLRStatsService].
2023-04-21 20:48:21.878 +08:00 [arsidentityserver0421001] [Information] SkyApm.Sampling.SimpleCountSamplingInterceptor : Loaded instrument service [SkyApm.Sampling.SimpleCountSamplingInterceptor].
2023-04-21 20:48:21.878 +08:00 [arsidentityserver0421001] [Information] SkyApm.Transport.Grpc.ConnectService : Loaded instrument service [SkyApm.Transport.Grpc.ConnectService].
2023-04-21 20:48:21.885 +08:00 [arsidentityserver0421001] [Information] SkyApm.Diagnostics.TracingDiagnosticProcessorObserver : Loaded diagnostic listener [Microsoft.AspNetCore].
2023-04-21 20:48:21.886 +08:00 [arsidentityserver0421001] [Information] SkyApm.InstrumentStartup : Started SkyAPM .NET Core Agent.
2023-04-21 20:48:21.946 +08:00 [arsidentityserver0421001] [Information] SkyApm.Diagnostics.TracingDiagnosticProcessorObserver : Loaded diagnostic listener [Grpc.Net.Client].
2023-04-21 20:48:21.946 +08:00 [arsidentityserver0421001] [Information] SkyApm.Diagnostics.TracingDiagnosticProcessorObserver : Loaded diagnostic listener [Grpc.Net.Client].
2023-04-21 20:48:24.183 +08:00 [arsidentityserver0421001] [Error] SkyApm.Transport.Grpc.V8.ServiceRegister : Report service instance properties fail.
Grpc.Core.RpcException: Status(StatusCode="Unavailable", Detail="Error connecting to subchannel.", DebugException="System.Net.Sockets.SocketException (10061): 
   at System.Net.Sockets.Socket.AwaitableSocketAsyncEventArgs.ThrowException(SocketError error, CancellationToken cancellationToken)
   at System.Net.Sockets.Socket.AwaitableSocketAsyncEventArgs.System.Threading.Tasks.Sources.IValueTaskSource.GetResult(Int16 token)
   at System.Net.Sockets.Socket.<ConnectAsync>g__WaitForConnectWithCancellation|277_0(AwaitableSocketAsyncEventArgs saea, ValueTask connectTask, CancellationToken cancellationToken)
   at Grpc.Net.Client.Balancer.Internal.SocketConnectivitySubchannelTransport.TryConnectAsync(CancellationToken cancellationToken)")
   at Grpc.Net.Client.Balancer.Internal.ConnectionManager.PickAsync(PickContext context, Boolean waitForReady, CancellationToken cancellationToken)
   at Grpc.Net.Client.Balancer.Internal.BalancerHttpHandler.SendAsync(HttpRequestMessage request, CancellationToken cancellationToken)
   at Grpc.Net.Client.Internal.GrpcCall`2.RunCall(HttpRequestMessage request, Nullable`1 timeout)
   at SkyApm.Transport.Grpc.V8.ServiceRegister.<>c__DisplayClass9_0.<<ReportInstancePropertiesAsync>b__0>d.MoveNext()
--- End of stack trace from previous location ---
   at SkyApm.Transport.Grpc.Common.Call.Execute[T](Func`1 task, Func`1 errCallback, Func`1 errMessage)
2023-04-21 20:48:24.183 +08:00 [arsidentityserver0421001] [Error] SkyApm.Transport.Grpc.V8.ServiceRegister : Report service instance properties fail.
Grpc.Core.RpcException: Status(StatusCode="Unavailable", Detail="Error connecting to subchannel.", DebugException="System.Net.Sockets.SocketException (10061): 
   at System.Net.Sockets.Socket.AwaitableSocketAsyncEventArgs.ThrowException(SocketError error, CancellationToken cancellationToken)
   at System.Net.Sockets.Socket.AwaitableSocketAsyncEventArgs.System.Threading.Tasks.Sources.IValueTaskSource.GetResult(Int16 token)
   at System.Net.Sockets.Socket.<ConnectAsync>g__WaitForConnectWithCancellation|277_0(AwaitableSocketAsyncEventArgs saea, ValueTask connectTask, CancellationToken cancellationToken)
   at Grpc.Net.Client.Balancer.Internal.SocketConnectivitySubchannelTransport.TryConnectAsync(CancellationToken cancellationToken)")
   at Grpc.Net.Client.Balancer.Internal.ConnectionManager.PickAsync(PickContext context, Boolean waitForReady, CancellationToken cancellationToken)
   at Grpc.Net.Client.Balancer.Internal.BalancerHttpHandler.SendAsync(HttpRequestMessage request, CancellationToken cancellationToken)
   at Grpc.Net.Client.Internal.GrpcCall`2.RunCall(HttpRequestMessage request, Nullable`1 timeout)
   at SkyApm.Transport.Grpc.V8.ServiceRegister.<>c__DisplayClass9_0.<<ReportInstancePropertiesAsync>b__0>d.MoveNext()
--- End of stack trace from previous location ---
   at SkyApm.Transport.Grpc.Common.Call.Execute[T](Func`1 task, Func`1 errCallback, Func`1 errMessage)
2023-04-21 20:48:24.183 +08:00 [arsidentityserver0421001] [Error] SkyApm.Transport.Grpc.V8.ServiceRegister : Report service instance properties fail.
Grpc.Core.RpcException: Status(StatusCode="Unavailable", Detail="Error connecting to subchannel.", DebugException="System.Net.Sockets.SocketException (10061): 
   at System.Net.Sockets.Socket.AwaitableSocketAsyncEventArgs.ThrowException(SocketError error, CancellationToken cancellationToken)
   at System.Net.Sockets.Socket.AwaitableSocketAsyncEventArgs.System.Threading.Tasks.Sources.IValueTaskSource.GetResult(Int16 token)
   at System.Net.Sockets.Socket.<ConnectAsync>g__WaitForConnectWithCancellation|277_0(AwaitableSocketAsyncEventArgs saea, ValueTask connectTask, CancellationToken cancellationToken)
   at Grpc.Net.Client.Balancer.Internal.SocketConnectivitySubchannelTransport.TryConnectAsync(CancellationToken cancellationToken)")
   at Grpc.Net.Client.Balancer.Internal.ConnectionManager.PickAsync(PickContext context, Boolean waitForReady, CancellationToken cancellationToken)
   at Grpc.Net.Client.Balancer.Internal.BalancerHttpHandler.SendAsync(HttpRequestMessage request, CancellationToken cancellationToken)
   at Grpc.Net.Client.Internal.GrpcCall`2.RunCall(HttpRequestMessage request, Nullable`1 timeout)
   at SkyApm.Transport.Grpc.V8.ServiceRegister.<>c__DisplayClass9_0.<<ReportInstancePropertiesAsync>b__0>d.MoveNext()
--- End of stack trace from previous location ---
   at SkyApm.Transport.Grpc.Common.Call.Execute[T](Func`1 task, Func`1 errCallback, Func`1 errMessage)
2023-04-21 20:48:24.183 +08:00 [arsidentityserver0421001] [Error] SkyApm.Transport.Grpc.V8.ServiceRegister : Report service instance properties fail.
Grpc.Core.RpcException: Status(StatusCode="Unavailable", Detail="Error connecting to subchannel.", DebugException="System.Net.Sockets.SocketException (10061): 
   at System.Net.Sockets.Socket.AwaitableSocketAsyncEventArgs.ThrowException(SocketError error, CancellationToken cancellationToken)
   at System.Net.Sockets.Socket.AwaitableSocketAsyncEventArgs.System.Threading.Tasks.Sources.IValueTaskSource.GetResult(Int16 token)
   at System.Net.Sockets.Socket.<ConnectAsync>g__WaitForConnectWithCancellation|277_0(AwaitableSocketAsyncEventArgs saea, ValueTask connectTask, CancellationToken cancellationToken)
   at Grpc.Net.Client.Balancer.Internal.SocketConnectivitySubchannelTransport.TryConnectAsync(CancellationToken cancellationToken)")
   at Grpc.Net.Client.Balancer.Internal.ConnectionManager.PickAsync(PickContext context, Boolean waitForReady, CancellationToken cancellationToken)
   at Grpc.Net.Client.Balancer.Internal.BalancerHttpHandler.SendAsync(HttpRequestMessage request, CancellationToken cancellationToken)
   at Grpc.Net.Client.Internal.GrpcCall`2.RunCall(HttpRequestMessage request, Nullable`1 timeout)
   at SkyApm.Transport.Grpc.V8.ServiceRegister.<>c__DisplayClass9_0.<<ReportInstancePropertiesAsync>b__0>d.MoveNext()
--- End of stack trace from previous location ---
   at SkyApm.Transport.Grpc.Common.Call.Execute[T](Func`1 task, Func`1 errCallback, Func`1 errMessage)
2023-04-21 20:48:24.184 +08:00 [arsidentityserver0421001] [Warning] SkyApm.Transport.Grpc.ConnectionManager : Connection state changed. Status(StatusCode="Unavailable", Detail="Error connecting to subchannel.", DebugException="System.Net.Sockets.SocketException (10061): 
   at System.Net.Sockets.Socket.AwaitableSocketAsyncEventArgs.ThrowException(SocketError error, CancellationToken cancellationToken)
   at System.Net.Sockets.Socket.AwaitableSocketAsyncEventArgs.System.Threading.Tasks.Sources.IValueTaskSource.GetResult(Int16 token)
   at System.Net.Sockets.Socket.<ConnectAsync>g__WaitForConnectWithCancellation|277_0(AwaitableSocketAsyncEventArgs saea, ValueTask connectTask, CancellationToken cancellationToken)
   at Grpc.Net.Client.Balancer.Internal.SocketConnectivitySubchannelTransport.TryConnectAsync(CancellationToken cancellationToken)")
2023-04-21 20:48:24.184 +08:00 [arsidentityserver0421001] [Warning] SkyApm.Transport.Grpc.ConnectionManager : Connection state changed. Status(StatusCode="Unavailable", Detail="Error connecting to subchannel.", DebugException="System.Net.Sockets.SocketException (10061): 
   at System.Net.Sockets.Socket.AwaitableSocketAsyncEventArgs.ThrowException(SocketError error, CancellationToken cancellationToken)
   at System.Net.Sockets.Socket.AwaitableSocketAsyncEventArgs.System.Threading.Tasks.Sources.IValueTaskSource.GetResult(Int16 token)
   at System.Net.Sockets.Socket.<ConnectAsync>g__WaitForConnectWithCancellation|277_0(AwaitableSocketAsyncEventArgs saea, ValueTask connectTask, CancellationToken cancellationToken)
   at Grpc.Net.Client.Balancer.Internal.SocketConnectivitySubchannelTransport.TryConnectAsync(CancellationToken cancellationToken)")
2023-04-21 20:48:24.184 +08:00 [arsidentityserver0421001] [Warning] SkyApm.Transport.Grpc.ConnectionManager : Connection state changed. Status(StatusCode="Unavailable", Detail="Error connecting to subchannel.", DebugException="System.Net.Sockets.SocketException (10061): 
   at System.Net.Sockets.Socket.AwaitableSocketAsyncEventArgs.ThrowException(SocketError error, CancellationToken cancellationToken)
   at System.Net.Sockets.Socket.AwaitableSocketAsyncEventArgs.System.Threading.Tasks.Sources.IValueTaskSource.GetResult(Int16 token)
   at System.Net.Sockets.Socket.<ConnectAsync>g__WaitForConnectWithCancellation|277_0(AwaitableSocketAsyncEventArgs saea, ValueTask connectTask, CancellationToken cancellationToken)
   at Grpc.Net.Client.Balancer.Internal.SocketConnectivitySubchannelTransport.TryConnectAsync(CancellationToken cancellationToken)")
2023-04-21 20:48:24.184 +08:00 [arsidentityserver0421001] [Warning] SkyApm.Transport.Grpc.ConnectionManager : Connection state changed. Status(StatusCode="Unavailable", Detail="Error connecting to subchannel.", DebugException="System.Net.Sockets.SocketException (10061): 
   at System.Net.Sockets.Socket.AwaitableSocketAsyncEventArgs.ThrowException(SocketError error, CancellationToken cancellationToken)
   at System.Net.Sockets.Socket.AwaitableSocketAsyncEventArgs.System.Threading.Tasks.Sources.IValueTaskSource.GetResult(Int16 token)
   at System.Net.Sockets.Socket.<ConnectAsync>g__WaitForConnectWithCancellation|277_0(AwaitableSocketAsyncEventArgs saea, ValueTask connectTask, CancellationToken cancellationToken)
   at Grpc.Net.Client.Balancer.Internal.SocketConnectivitySubchannelTransport.TryConnectAsync(CancellationToken cancellationToken)")
