2023-08-02 11:43:16.569 +08:00 [docker-arsidentityserver0421001] [Information] SkyApm.InstrumentStartup : Initializing ...
2023-08-02 11:43:16.709 +08:00 [docker-arsidentityserver0421001] [Information] SkyApm.Service.RegisterService : Loaded instrument service [SkyApm.Service.RegisterService].
2023-08-02 11:43:16.709 +08:00 [docker-arsidentityserver0421001] [Information] SkyApm.Service.LogReportService : Loaded instrument service [SkyApm.Service.LogReportService].
2023-08-02 11:43:16.710 +08:00 [docker-arsidentityserver0421001] [Information] SkyApm.Service.PingService : Loaded instrument service [SkyApm.Service.PingService].
2023-08-02 11:43:16.716 +08:00 [docker-arsidentityserver0421001] [Information] SkyApm.Service.SegmentReportService : Loaded instrument service [SkyApm.Service.SegmentReportService].
2023-08-02 11:43:16.716 +08:00 [docker-arsidentityserver0421001] [Information] SkyApm.Service.CLRStatsService : Loaded instrument service [SkyApm.Service.CLRStatsService].
2023-08-02 11:43:16.717 +08:00 [docker-arsidentityserver0421001] [Information] SkyApm.Sampling.SimpleCountSamplingInterceptor : Loaded instrument service [SkyApm.Sampling.SimpleCountSamplingInterceptor].
2023-08-02 11:43:16.717 +08:00 [docker-arsidentityserver0421001] [Information] SkyApm.Transport.Grpc.ConnectService : Loaded instrument service [SkyApm.Transport.Grpc.ConnectService].
2023-08-02 11:43:16.726 +08:00 [docker-arsidentityserver0421001] [Information] SkyApm.InstrumentStartup : Started SkyAPM .NET Core Agent.
2023-08-02 11:43:17.467 +08:00 [docker-arsidentityserver0421001] [Information] SkyApm.Transport.Grpc.ConnectionManager : Connected server[172.20.64.1:11800].
2023-08-02 11:43:18.458 +08:00 [docker-arsidentityserver0421001] [Information] SkyApm.Diagnostics.TracingDiagnosticProcessorObserver : Loaded diagnostic listener [Grpc.Net.Client].
2023-08-02 11:43:18.800 +08:00 [docker-arsidentityserver0421001] [Information] SkyApm.Diagnostics.TracingDiagnosticProcessorObserver : Loaded diagnostic listener [HttpHandlerDiagnosticListener].
2023-08-02 11:43:22.426 +08:00 [docker-arsidentityserver0421001] [Information] SkyApm.Service.RegisterService : Reported Service Instance Properties[Service=docker-arsidentityserver0421001,InstanceId=192.168.110.65@f72f1904a3ce4db9bb804c5232fe6355].
2023-08-02 11:43:46.763 +08:00 [docker-arsidentityserver0421001] [Information] SkyApm.Service.PingService : Ping server @2023/8/2 3:43:46 +00:00
2023-08-02 11:43:46.764 +08:00 [docker-arsidentityserver0421001] [Information] SkyApm.Service.CLRStatsService : Report CLR Stats. CPU UsagePercent 0 GenCollectCount 15 15 3 6M ThreadPool 32765 32767 1000 1000
2023-08-02 11:44:16.739 +08:00 [docker-arsidentityserver0421001] [Information] SkyApm.Service.CLRStatsService : Report CLR Stats. CPU UsagePercent 0 GenCollectCount 11 11 2 6M ThreadPool 32766 32767 1000 1000
2023-08-02 11:44:46.721 +08:00 [docker-arsidentityserver0421001] [Information] SkyApm.Service.PingService : Ping server @2023/8/2 3:44:46 +00:00
2023-08-02 11:44:46.738 +08:00 [docker-arsidentityserver0421001] [Information] SkyApm.Service.CLRStatsService : Report CLR Stats. CPU UsagePercent 0 GenCollectCount 11 11 0 6M ThreadPool 32760 32767 1000 1000
2023-08-02 11:45:16.747 +08:00 [docker-arsidentityserver0421001] [Information] SkyApm.Service.CLRStatsService : Report CLR Stats. CPU UsagePercent 0 GenCollectCount 6 6 0 6M ThreadPool 32759 32767 1000 1000
2023-08-02 11:45:25.772 +08:00 [docker-arsidentityserver0421001] [Information] SkyApm.Transport.Grpc.SegmentReporter : Report 2 logs. cost: 00:00:00.0468175s
2023-08-02 11:45:28.719 +08:00 [docker-arsidentityserver0421001] [Information] SkyApm.Transport.Grpc.SegmentReporter : Report 3 logs. cost: 00:00:00.0096596s
2023-08-02 11:45:46.731 +08:00 [docker-arsidentityserver0421001] [Information] SkyApm.Service.PingService : Ping server @2023/8/2 3:45:46 +00:00
2023-08-02 11:45:46.731 +08:00 [docker-arsidentityserver0421001] [Information] SkyApm.Service.CLRStatsService : Report CLR Stats. CPU UsagePercent 0 GenCollectCount 0 0 0 11M ThreadPool 32758 32767 1000 1000
2023-08-02 11:46:16.763 +08:00 [docker-arsidentityserver0421001] [Information] SkyApm.Service.CLRStatsService : Report CLR Stats. CPU UsagePercent 0 GenCollectCount 0 0 0 11M ThreadPool 32761 32767 1000 1000
2023-08-02 11:46:46.789 +08:00 [docker-arsidentityserver0421001] [Information] SkyApm.Service.CLRStatsService : Report CLR Stats. CPU UsagePercent 0 GenCollectCount 0 0 0 12M ThreadPool 32764 32767 1000 1000
2023-08-02 11:46:46.789 +08:00 [docker-arsidentityserver0421001] [Information] SkyApm.Service.PingService : Ping server @2023/8/2 3:46:46 +00:00
2023-08-02 11:47:16.782 +08:00 [docker-arsidentityserver0421001] [Information] SkyApm.Service.CLRStatsService : Report CLR Stats. CPU UsagePercent 0 GenCollectCount 0 0 0 12M ThreadPool 32761 32767 1000 1000
2023-08-02 11:47:46.771 +08:00 [docker-arsidentityserver0421001] [Information] SkyApm.Service.PingService : Ping server @2023/8/2 3:47:46 +00:00
2023-08-02 11:47:46.771 +08:00 [docker-arsidentityserver0421001] [Information] SkyApm.Service.CLRStatsService : Report CLR Stats. CPU UsagePercent 0 GenCollectCount 0 0 0 13M ThreadPool 32759 32767 1000 1000
2023-08-02 11:48:16.826 +08:00 [docker-arsidentityserver0421001] [Information] SkyApm.Service.CLRStatsService : Report CLR Stats. CPU UsagePercent 0 GenCollectCount 0 0 0 13M ThreadPool 32766 32767 1000 1000
2023-08-02 11:48:46.772 +08:00 [docker-arsidentityserver0421001] [Information] SkyApm.Service.PingService : Ping server @2023/8/2 3:48:46 +00:00
2023-08-02 11:48:46.772 +08:00 [docker-arsidentityserver0421001] [Information] SkyApm.Service.CLRStatsService : Report CLR Stats. CPU UsagePercent 0 GenCollectCount 1 1 0 7M ThreadPool 32759 32767 1000 1000
2023-08-02 11:49:16.838 +08:00 [docker-arsidentityserver0421001] [Information] SkyApm.Service.CLRStatsService : Report CLR Stats. CPU UsagePercent 0 GenCollectCount 0 0 0 8M ThreadPool 32762 32767 1000 1000
2023-08-02 11:49:46.874 +08:00 [docker-arsidentityserver0421001] [Information] SkyApm.Service.CLRStatsService : Report CLR Stats. CPU UsagePercent 0 GenCollectCount 5 5 1 7M ThreadPool 32755 32767 1000 1000
2023-08-02 11:49:46.874 +08:00 [docker-arsidentityserver0421001] [Information] SkyApm.Service.PingService : Ping server @2023/8/2 3:49:46 +00:00
2023-08-02 11:50:16.820 +08:00 [docker-arsidentityserver0421001] [Information] SkyApm.Service.CLRStatsService : Report CLR Stats. CPU UsagePercent 0 GenCollectCount 0 0 0 8M ThreadPool 32766 32767 1000 1000
2023-08-02 11:50:46.825 +08:00 [docker-arsidentityserver0421001] [Information] SkyApm.Service.PingService : Ping server @2023/8/2 3:50:46 +00:00
2023-08-02 11:50:46.825 +08:00 [docker-arsidentityserver0421001] [Information] SkyApm.Service.CLRStatsService : Report CLR Stats. CPU UsagePercent 0 GenCollectCount 0 0 0 8M ThreadPool 32760 32767 1000 1000
2023-08-02 11:51:26.859 +08:00 [docker-arsidentityserver0421001] [Warning] SkyApm.Transport.Grpc.V8.CLRStatsReporter : Report CLR Stats error. Grpc.Core.RpcException: Status(StatusCode="DeadlineExceeded", Detail="")
   at SkyApm.Transport.Grpc.V8.CLRStatsReporter.ReportAsync(CLRStatsRequest statsRequest, CancellationToken cancellationToken)
2023-08-02 11:51:26.859 +08:00 [docker-arsidentityserver0421001] [Information] SkyApm.Service.CLRStatsService : Report CLR Stats. CPU UsagePercent 0 GenCollectCount 0 0 0 9M ThreadPool 32764 32767 1000 1000
2023-08-02 11:51:56.740 +08:00 [docker-arsidentityserver0421001] [Error] SkyApm.Transport.Grpc.V8.PingCaller : Ping server fail.
Grpc.Core.RpcException: Status(StatusCode="DeadlineExceeded", Detail="")
   at SkyApm.Transport.Grpc.V8.PingCaller.<>c__DisplayClass4_0.<<PingAsync>b__0>d.MoveNext()
--- End of stack trace from previous location ---
   at SkyApm.Transport.Grpc.Common.Call.Execute(Func`1 task, Func`1 errMessage)
2023-08-02 11:51:56.740 +08:00 [docker-arsidentityserver0421001] [Warning] SkyApm.Transport.Grpc.ConnectionManager : Connection state changed. Status(StatusCode="DeadlineExceeded", Detail="")
2023-08-02 11:51:56.740 +08:00 [docker-arsidentityserver0421001] [Information] SkyApm.Service.PingService : Ping server @2023/8/2 3:51:56 +00:00
2023-08-02 11:51:56.753 +08:00 [docker-arsidentityserver0421001] [Warning] SkyApm.Transport.Grpc.V8.CLRStatsReporter : Report CLR Stats error. Grpc.Core.RpcException: Status(StatusCode="DeadlineExceeded", Detail="")
   at SkyApm.Transport.Grpc.V8.CLRStatsReporter.ReportAsync(CLRStatsRequest statsRequest, CancellationToken cancellationToken)
2023-08-02 11:51:58.097 +08:00 [docker-arsidentityserver0421001] [Information] SkyApm.Service.CLRStatsService : Report CLR Stats. CPU UsagePercent 0 GenCollectCount 0 0 0 9M ThreadPool 32759 32767 1000 1000
2023-08-02 11:52:01.739 +08:00 [docker-arsidentityserver0421001] [Information] SkyApm.Transport.Grpc.ConnectionManager : Shutdown connection[172.20.64.1:11800].
2023-08-02 11:52:02.190 +08:00 [docker-arsidentityserver0421001] [Information] SkyApm.Transport.Grpc.ConnectionManager : Connected server[172.20.64.1:11800].
2023-08-02 11:52:26.748 +08:00 [docker-arsidentityserver0421001] [Warning] SkyApm.Transport.Grpc.V8.CLRStatsReporter : Report CLR Stats error. Grpc.Core.RpcException: Status(StatusCode="DeadlineExceeded", Detail="")
   at SkyApm.Transport.Grpc.V8.CLRStatsReporter.ReportAsync(CLRStatsRequest statsRequest, CancellationToken cancellationToken)
2023-08-02 11:52:26.749 +08:00 [docker-arsidentityserver0421001] [Information] SkyApm.Service.CLRStatsService : Report CLR Stats. CPU UsagePercent 0 GenCollectCount 0 0 0 10M ThreadPool 32759 32767 1000 1000
2023-08-02 11:52:56.740 +08:00 [docker-arsidentityserver0421001] [Warning] SkyApm.Transport.Grpc.V8.CLRStatsReporter : Report CLR Stats error. Grpc.Core.RpcException: Status(StatusCode="DeadlineExceeded", Detail="")
   at SkyApm.Transport.Grpc.V8.CLRStatsReporter.ReportAsync(CLRStatsRequest statsRequest, CancellationToken cancellationToken)
2023-08-02 11:52:56.740 +08:00 [docker-arsidentityserver0421001] [Information] SkyApm.Service.CLRStatsService : Report CLR Stats. CPU UsagePercent 0 GenCollectCount 0 0 0 11M ThreadPool 32759 32767 1000 1000
2023-08-02 11:52:56.740 +08:00 [docker-arsidentityserver0421001] [Error] SkyApm.Transport.Grpc.V8.PingCaller : Ping server fail.
Grpc.Core.RpcException: Status(StatusCode="DeadlineExceeded", Detail="")
   at SkyApm.Transport.Grpc.V8.PingCaller.<>c__DisplayClass4_0.<<PingAsync>b__0>d.MoveNext()
--- End of stack trace from previous location ---
   at SkyApm.Transport.Grpc.Common.Call.Execute(Func`1 task, Func`1 errMessage)
2023-08-02 11:52:56.740 +08:00 [docker-arsidentityserver0421001] [Warning] SkyApm.Transport.Grpc.ConnectionManager : Connection state changed. Status(StatusCode="DeadlineExceeded", Detail="")
2023-08-02 11:52:56.741 +08:00 [docker-arsidentityserver0421001] [Information] SkyApm.Service.PingService : Ping server @2023/8/2 3:52:56 +00:00
2023-08-02 11:53:01.730 +08:00 [docker-arsidentityserver0421001] [Information] SkyApm.Transport.Grpc.ConnectionManager : Shutdown connection[172.20.64.1:11800].
2023-08-02 11:53:01.730 +08:00 [docker-arsidentityserver0421001] [Information] SkyApm.Transport.Grpc.ConnectionManager : Connected server[172.20.64.1:11800].
2023-08-02 11:53:26.751 +08:00 [docker-arsidentityserver0421001] [Warning] SkyApm.Transport.Grpc.V8.CLRStatsReporter : Report CLR Stats error. Grpc.Core.RpcException: Status(StatusCode="DeadlineExceeded", Detail="")
   at SkyApm.Transport.Grpc.V8.CLRStatsReporter.ReportAsync(CLRStatsRequest statsRequest, CancellationToken cancellationToken)
2023-08-02 11:53:26.751 +08:00 [docker-arsidentityserver0421001] [Information] SkyApm.Service.CLRStatsService : Report CLR Stats. CPU UsagePercent 0 GenCollectCount 0 0 0 11M ThreadPool 32762 32767 1000 1000
2023-08-02 11:53:56.760 +08:00 [docker-arsidentityserver0421001] [Warning] SkyApm.Transport.Grpc.V8.CLRStatsReporter : Report CLR Stats error. Grpc.Core.RpcException: Status(StatusCode="DeadlineExceeded", Detail="")
   at SkyApm.Transport.Grpc.V8.CLRStatsReporter.ReportAsync(CLRStatsRequest statsRequest, CancellationToken cancellationToken)
2023-08-02 11:53:56.760 +08:00 [docker-arsidentityserver0421001] [Error] SkyApm.Transport.Grpc.V8.PingCaller : Ping server fail.
Grpc.Core.RpcException: Status(StatusCode="DeadlineExceeded", Detail="")
   at SkyApm.Transport.Grpc.V8.PingCaller.<>c__DisplayClass4_0.<<PingAsync>b__0>d.MoveNext()
--- End of stack trace from previous location ---
   at SkyApm.Transport.Grpc.Common.Call.Execute(Func`1 task, Func`1 errMessage)
2023-08-02 11:53:56.760 +08:00 [docker-arsidentityserver0421001] [Information] SkyApm.Service.CLRStatsService : Report CLR Stats. CPU UsagePercent 0 GenCollectCount 0 0 0 12M ThreadPool 32763 32767 1000 1000
2023-08-02 11:53:56.760 +08:00 [docker-arsidentityserver0421001] [Warning] SkyApm.Transport.Grpc.ConnectionManager : Connection state changed. Status(StatusCode="DeadlineExceeded", Detail="")
2023-08-02 11:53:56.760 +08:00 [docker-arsidentityserver0421001] [Information] SkyApm.Service.PingService : Ping server @2023/8/2 3:53:56 +00:00
2023-08-02 11:54:01.729 +08:00 [docker-arsidentityserver0421001] [Information] SkyApm.Transport.Grpc.ConnectionManager : Shutdown connection[172.20.64.1:11800].
2023-08-02 11:54:01.729 +08:00 [docker-arsidentityserver0421001] [Information] SkyApm.Transport.Grpc.ConnectionManager : Connected server[172.20.64.1:11800].
2023-08-02 11:54:26.754 +08:00 [docker-arsidentityserver0421001] [Warning] SkyApm.Transport.Grpc.V8.CLRStatsReporter : Report CLR Stats error. Grpc.Core.RpcException: Status(StatusCode="DeadlineExceeded", Detail="")
   at SkyApm.Transport.Grpc.V8.CLRStatsReporter.ReportAsync(CLRStatsRequest statsRequest, CancellationToken cancellationToken)
2023-08-02 11:54:26.754 +08:00 [docker-arsidentityserver0421001] [Information] SkyApm.Service.CLRStatsService : Report CLR Stats. CPU UsagePercent 0 GenCollectCount 0 0 0 13M ThreadPool 32760 32767 1000 1000
2023-08-02 11:54:56.742 +08:00 [docker-arsidentityserver0421001] [Warning] SkyApm.Transport.Grpc.V8.CLRStatsReporter : Report CLR Stats error. Grpc.Core.RpcException: Status(StatusCode="DeadlineExceeded", Detail="")
   at SkyApm.Transport.Grpc.V8.CLRStatsReporter.ReportAsync(CLRStatsRequest statsRequest, CancellationToken cancellationToken)
2023-08-02 11:54:56.742 +08:00 [docker-arsidentityserver0421001] [Error] SkyApm.Transport.Grpc.V8.PingCaller : Ping server fail.
Grpc.Core.RpcException: Status(StatusCode="DeadlineExceeded", Detail="")
   at SkyApm.Transport.Grpc.V8.PingCaller.<>c__DisplayClass4_0.<<PingAsync>b__0>d.MoveNext()
--- End of stack trace from previous location ---
   at SkyApm.Transport.Grpc.Common.Call.Execute(Func`1 task, Func`1 errMessage)
2023-08-02 11:54:56.742 +08:00 [docker-arsidentityserver0421001] [Information] SkyApm.Service.CLRStatsService : Report CLR Stats. CPU UsagePercent 0 GenCollectCount 0 0 0 13M ThreadPool 32763 32767 1000 1000
2023-08-02 11:54:56.742 +08:00 [docker-arsidentityserver0421001] [Warning] SkyApm.Transport.Grpc.ConnectionManager : Connection state changed. Status(StatusCode="DeadlineExceeded", Detail="")
2023-08-02 11:54:56.742 +08:00 [docker-arsidentityserver0421001] [Information] SkyApm.Service.PingService : Ping server @2023/8/2 3:54:56 +00:00
2023-08-02 11:55:01.732 +08:00 [docker-arsidentityserver0421001] [Information] SkyApm.Transport.Grpc.ConnectionManager : Shutdown connection[172.20.64.1:11800].
2023-08-02 11:55:01.733 +08:00 [docker-arsidentityserver0421001] [Information] SkyApm.Transport.Grpc.ConnectionManager : Connected server[172.20.64.1:11800].
2023-08-02 11:55:26.754 +08:00 [docker-arsidentityserver0421001] [Warning] SkyApm.Transport.Grpc.V8.CLRStatsReporter : Report CLR Stats error. Grpc.Core.RpcException: Status(StatusCode="DeadlineExceeded", Detail="")
   at SkyApm.Transport.Grpc.V8.CLRStatsReporter.ReportAsync(CLRStatsRequest statsRequest, CancellationToken cancellationToken)
2023-08-02 11:55:26.754 +08:00 [docker-arsidentityserver0421001] [Information] SkyApm.Service.CLRStatsService : Report CLR Stats. CPU UsagePercent 0 GenCollectCount 0 0 0 14M ThreadPool 32766 32767 1000 1000
2023-08-02 11:55:56.769 +08:00 [docker-arsidentityserver0421001] [Warning] SkyApm.Transport.Grpc.V8.CLRStatsReporter : Report CLR Stats error. Grpc.Core.RpcException: Status(StatusCode="DeadlineExceeded", Detail="")
   at SkyApm.Transport.Grpc.V8.CLRStatsReporter.ReportAsync(CLRStatsRequest statsRequest, CancellationToken cancellationToken)
2023-08-02 11:55:56.769 +08:00 [docker-arsidentityserver0421001] [Error] SkyApm.Transport.Grpc.V8.PingCaller : Ping server fail.
Grpc.Core.RpcException: Status(StatusCode="DeadlineExceeded", Detail="")
   at SkyApm.Transport.Grpc.V8.PingCaller.<>c__DisplayClass4_0.<<PingAsync>b__0>d.MoveNext()
--- End of stack trace from previous location ---
   at SkyApm.Transport.Grpc.Common.Call.Execute(Func`1 task, Func`1 errMessage)
2023-08-02 11:55:58.634 +08:00 [docker-arsidentityserver0421001] [Information] SkyApm.Service.CLRStatsService : Report CLR Stats. CPU UsagePercent 0 GenCollectCount 0 0 0 14M ThreadPool 32759 32767 1000 1000
2023-08-02 11:55:58.634 +08:00 [docker-arsidentityserver0421001] [Warning] SkyApm.Transport.Grpc.ConnectionManager : Connection state changed. Status(StatusCode="DeadlineExceeded", Detail="")
2023-08-02 11:55:58.634 +08:00 [docker-arsidentityserver0421001] [Information] SkyApm.Service.PingService : Ping server @2023/8/2 3:55:58 +00:00
2023-08-02 11:56:01.725 +08:00 [docker-arsidentityserver0421001] [Information] SkyApm.Transport.Grpc.ConnectionManager : Shutdown connection[172.20.64.1:11800].
2023-08-02 11:56:02.721 +08:00 [docker-arsidentityserver0421001] [Information] SkyApm.Transport.Grpc.ConnectionManager : Connected server[172.20.64.1:11800].
2023-08-02 11:56:26.757 +08:00 [docker-arsidentityserver0421001] [Warning] SkyApm.Transport.Grpc.V8.CLRStatsReporter : Report CLR Stats error. Grpc.Core.RpcException: Status(StatusCode="DeadlineExceeded", Detail="")
   at SkyApm.Transport.Grpc.V8.CLRStatsReporter.ReportAsync(CLRStatsRequest statsRequest, CancellationToken cancellationToken)
2023-08-02 11:56:26.757 +08:00 [docker-arsidentityserver0421001] [Information] SkyApm.Service.CLRStatsService : Report CLR Stats. CPU UsagePercent 0 GenCollectCount 0 0 0 15M ThreadPool 32762 32767 1000 1000
2023-08-02 11:56:48.117 +08:00 [docker-arsidentityserver0421001] [Warning] SkyApm.Transport.Grpc.V8.CLRStatsReporter : Report CLR Stats error. Grpc.Core.RpcException: Status(StatusCode="Unavailable", Detail="Error starting gRPC call. HttpRequestException: An error occurred while sending the request. IOException: The request was aborted. IOException: An HTTP/2 connection could not be established because the server did not complete the HTTP/2 handshake. IOException: The response ended prematurely while waiting for the next frame from the server.", DebugException="System.Net.Http.HttpRequestException: An error occurred while sending the request.
 ---> System.IO.IOException: The request was aborted.
 ---> System.IO.IOException: An HTTP/2 connection could not be established because the server did not complete the HTTP/2 handshake.
 ---> System.IO.IOException: The response ended prematurely while waiting for the next frame from the server.
   at System.Net.Http.Http2Connection.<ReadFrameAsync>g__ThrowMissingFrame|58_1()
   at System.Net.Http.Http2Connection.ReadFrameAsync(Boolean initialFrame)
   at System.Net.Http.Http2Connection.ProcessIncomingFramesAsync()
   --- End of inner exception stack trace ---
   at System.Net.Http.Http2Connection.ProcessIncomingFramesAsync()
   --- End of inner exception stack trace ---
   at System.Net.Http.Http2Connection.ThrowRequestAborted(Exception innerException)
   at System.Net.Http.Http2Connection.Http2Stream.CheckResponseBodyState()
   at System.Net.Http.Http2Connection.Http2Stream.TryEnsureHeaders()
   at System.Net.Http.Http2Connection.Http2Stream.ReadResponseHeadersAsync(CancellationToken cancellationToken)
   at System.Net.Http.Http2Connection.SendAsync(HttpRequestMessage request, Boolean async, CancellationToken cancellationToken)
   --- End of inner exception stack trace ---
   at System.Net.Http.Http2Connection.SendAsync(HttpRequestMessage request, Boolean async, CancellationToken cancellationToken)
   at System.Net.Http.HttpConnectionPool.SendWithVersionDetectionAndRetryAsync(HttpRequestMessage request, Boolean async, Boolean doRequestAuth, CancellationToken cancellationToken)
   at System.Net.Http.DiagnosticsHandler.SendAsyncCore(HttpRequestMessage request, Boolean async, CancellationToken cancellationToken)
   at System.Net.Http.RedirectHandler.SendAsync(HttpRequestMessage request, Boolean async, CancellationToken cancellationToken)
   at Grpc.Net.Client.Balancer.Internal.BalancerHttpHandler.SendAsync(HttpRequestMessage request, CancellationToken cancellationToken)
   at Grpc.Net.Client.Internal.GrpcCall`2.RunCall(HttpRequestMessage request, Nullable`1 timeout)")
   at SkyApm.Transport.Grpc.V8.CLRStatsReporter.ReportAsync(CLRStatsRequest statsRequest, CancellationToken cancellationToken)
2023-08-02 11:56:48.117 +08:00 [docker-arsidentityserver0421001] [Information] SkyApm.Service.CLRStatsService : Report CLR Stats. CPU UsagePercent 0 GenCollectCount 0 0 0 16M ThreadPool 32765 32767 1000 1000
2023-08-02 11:56:48.119 +08:00 [docker-arsidentityserver0421001] [Error] SkyApm.Transport.Grpc.V8.PingCaller : Ping server fail.
Grpc.Core.RpcException: Status(StatusCode="Unavailable", Detail="Error starting gRPC call. HttpRequestException: An error occurred while sending the request. IOException: The request was aborted. IOException: An HTTP/2 connection could not be established because the server did not complete the HTTP/2 handshake. IOException: The response ended prematurely while waiting for the next frame from the server.", DebugException="System.Net.Http.HttpRequestException: An error occurred while sending the request.
 ---> System.IO.IOException: The request was aborted.
 ---> System.IO.IOException: An HTTP/2 connection could not be established because the server did not complete the HTTP/2 handshake.
 ---> System.IO.IOException: The response ended prematurely while waiting for the next frame from the server.
   at System.Net.Http.Http2Connection.<ReadFrameAsync>g__ThrowMissingFrame|58_1()
   at System.Net.Http.Http2Connection.ReadFrameAsync(Boolean initialFrame)
   at System.Net.Http.Http2Connection.ProcessIncomingFramesAsync()
   --- End of inner exception stack trace ---
   at System.Net.Http.Http2Connection.ProcessIncomingFramesAsync()
   --- End of inner exception stack trace ---
   at System.Net.Http.Http2Connection.ThrowRequestAborted(Exception innerException)
   at System.Net.Http.Http2Connection.Http2Stream.CheckResponseBodyState()
   at System.Net.Http.Http2Connection.Http2Stream.TryEnsureHeaders()
   at System.Net.Http.Http2Connection.Http2Stream.ReadResponseHeadersAsync(CancellationToken cancellationToken)
   at System.Net.Http.Http2Connection.SendAsync(HttpRequestMessage request, Boolean async, CancellationToken cancellationToken)
   --- End of inner exception stack trace ---
   at System.Net.Http.Http2Connection.SendAsync(HttpRequestMessage request, Boolean async, CancellationToken cancellationToken)
   at System.Net.Http.HttpConnectionPool.SendWithVersionDetectionAndRetryAsync(HttpRequestMessage request, Boolean async, Boolean doRequestAuth, CancellationToken cancellationToken)
   at System.Net.Http.DiagnosticsHandler.SendAsyncCore(HttpRequestMessage request, Boolean async, CancellationToken cancellationToken)
   at System.Net.Http.RedirectHandler.SendAsync(HttpRequestMessage request, Boolean async, CancellationToken cancellationToken)
   at Grpc.Net.Client.Balancer.Internal.BalancerHttpHandler.SendAsync(HttpRequestMessage request, CancellationToken cancellationToken)
   at Grpc.Net.Client.Internal.GrpcCall`2.RunCall(HttpRequestMessage request, Nullable`1 timeout)")
   at SkyApm.Transport.Grpc.V8.PingCaller.<>c__DisplayClass4_0.<<PingAsync>b__0>d.MoveNext()
--- End of stack trace from previous location ---
   at SkyApm.Transport.Grpc.Common.Call.Execute(Func`1 task, Func`1 errMessage)
2023-08-02 11:56:48.119 +08:00 [docker-arsidentityserver0421001] [Warning] SkyApm.Transport.Grpc.ConnectionManager : Connection state changed. Status(StatusCode="Unavailable", Detail="Error starting gRPC call. HttpRequestException: An error occurred while sending the request. IOException: The request was aborted. IOException: An HTTP/2 connection could not be established because the server did not complete the HTTP/2 handshake. IOException: The response ended prematurely while waiting for the next frame from the server.", DebugException="System.Net.Http.HttpRequestException: An error occurred while sending the request.
 ---> System.IO.IOException: The request was aborted.
 ---> System.IO.IOException: An HTTP/2 connection could not be established because the server did not complete the HTTP/2 handshake.
 ---> System.IO.IOException: The response ended prematurely while waiting for the next frame from the server.
   at System.Net.Http.Http2Connection.<ReadFrameAsync>g__ThrowMissingFrame|58_1()
   at System.Net.Http.Http2Connection.ReadFrameAsync(Boolean initialFrame)
   at System.Net.Http.Http2Connection.ProcessIncomingFramesAsync()
   --- End of inner exception stack trace ---
   at System.Net.Http.Http2Connection.ProcessIncomingFramesAsync()
   --- End of inner exception stack trace ---
   at System.Net.Http.Http2Connection.ThrowRequestAborted(Exception innerException)
   at System.Net.Http.Http2Connection.Http2Stream.CheckResponseBodyState()
   at System.Net.Http.Http2Connection.Http2Stream.TryEnsureHeaders()
   at System.Net.Http.Http2Connection.Http2Stream.ReadResponseHeadersAsync(CancellationToken cancellationToken)
   at System.Net.Http.Http2Connection.SendAsync(HttpRequestMessage request, Boolean async, CancellationToken cancellationToken)
   --- End of inner exception stack trace ---
   at System.Net.Http.Http2Connection.SendAsync(HttpRequestMessage request, Boolean async, CancellationToken cancellationToken)
   at System.Net.Http.HttpConnectionPool.SendWithVersionDetectionAndRetryAsync(HttpRequestMessage request, Boolean async, Boolean doRequestAuth, CancellationToken cancellationToken)
   at System.Net.Http.DiagnosticsHandler.SendAsyncCore(HttpRequestMessage request, Boolean async, CancellationToken cancellationToken)
   at System.Net.Http.RedirectHandler.SendAsync(HttpRequestMessage request, Boolean async, CancellationToken cancellationToken)
   at Grpc.Net.Client.Balancer.Internal.BalancerHttpHandler.SendAsync(HttpRequestMessage request, CancellationToken cancellationToken)
   at Grpc.Net.Client.Internal.GrpcCall`2.RunCall(HttpRequestMessage request, Nullable`1 timeout)")
2023-08-02 11:56:48.120 +08:00 [docker-arsidentityserver0421001] [Information] SkyApm.Service.PingService : Ping server @2023/8/2 3:56:48 +00:00
2023-08-02 11:57:01.731 +08:00 [docker-arsidentityserver0421001] [Information] SkyApm.Transport.Grpc.ConnectionManager : Shutdown connection[172.20.64.1:11800].
2023-08-02 11:57:01.731 +08:00 [docker-arsidentityserver0421001] [Information] SkyApm.Transport.Grpc.ConnectionManager : Connected server[172.20.64.1:11800].
2023-08-02 11:57:16.738 +08:00 [docker-arsidentityserver0421001] [Information] SkyApm.Service.CLRStatsService : Report CLR Stats. CPU UsagePercent 0 GenCollectCount 0 0 0 17M ThreadPool 32759 32767 1000 1000
2023-08-02 11:57:46.730 +08:00 [docker-arsidentityserver0421001] [Information] SkyApm.Service.PingService : Ping server @2023/8/2 3:57:46 +00:00
2023-08-02 11:57:46.730 +08:00 [docker-arsidentityserver0421001] [Information] SkyApm.Service.CLRStatsService : Report CLR Stats. CPU UsagePercent 0 GenCollectCount 0 0 0 17M ThreadPool 32759 32767 1000 1000
2023-08-02 11:58:16.737 +08:00 [docker-arsidentityserver0421001] [Information] SkyApm.Service.CLRStatsService : Report CLR Stats. CPU UsagePercent 0 GenCollectCount 0 0 0 18M ThreadPool 32759 32767 1000 1000
2023-08-02 11:58:46.726 +08:00 [docker-arsidentityserver0421001] [Information] SkyApm.Service.PingService : Ping server @2023/8/2 3:58:46 +00:00
2023-08-02 11:58:46.742 +08:00 [docker-arsidentityserver0421001] [Information] SkyApm.Service.CLRStatsService : Report CLR Stats. CPU UsagePercent 0 GenCollectCount 0 0 0 18M ThreadPool 32766 32767 1000 1000
2023-08-02 11:59:16.736 +08:00 [docker-arsidentityserver0421001] [Information] SkyApm.Service.CLRStatsService : Report CLR Stats. CPU UsagePercent 0 GenCollectCount 0 0 0 19M ThreadPool 32759 32767 1000 1000
2023-08-02 11:59:46.725 +08:00 [docker-arsidentityserver0421001] [Information] SkyApm.Service.PingService : Ping server @2023/8/2 3:59:46 +00:00
2023-08-02 11:59:46.743 +08:00 [docker-arsidentityserver0421001] [Information] SkyApm.Service.CLRStatsService : Report CLR Stats. CPU UsagePercent 0 GenCollectCount 0 0 0 19M ThreadPool 32766 32767 1000 1000
2023-08-02 12:00:16.748 +08:00 [docker-arsidentityserver0421001] [Information] SkyApm.Service.CLRStatsService : Report CLR Stats. CPU UsagePercent 0 GenCollectCount 0 0 0 20M ThreadPool 32759 32767 1000 1000
2023-08-02 12:00:46.733 +08:00 [docker-arsidentityserver0421001] [Information] SkyApm.Service.CLRStatsService : Report CLR Stats. CPU UsagePercent 0 GenCollectCount 0 0 0 20M ThreadPool 32759 32767 1000 1000
2023-08-02 12:00:46.733 +08:00 [docker-arsidentityserver0421001] [Information] SkyApm.Service.PingService : Ping server @2023/8/2 4:00:46 +00:00
2023-08-02 12:01:16.753 +08:00 [docker-arsidentityserver0421001] [Information] SkyApm.Service.CLRStatsService : Report CLR Stats. CPU UsagePercent 0 GenCollectCount 0 0 0 21M ThreadPool 32766 32767 1000 1000
2023-08-02 12:01:46.721 +08:00 [docker-arsidentityserver0421001] [Information] SkyApm.Service.PingService : Ping server @2023/8/2 4:01:46 +00:00
2023-08-02 12:01:46.730 +08:00 [docker-arsidentityserver0421001] [Information] SkyApm.Service.CLRStatsService : Report CLR Stats. CPU UsagePercent 0 GenCollectCount 0 0 0 22M ThreadPool 32761 32767 1000 1000
2023-08-02 12:02:16.752 +08:00 [docker-arsidentityserver0421001] [Information] SkyApm.Service.CLRStatsService : Report CLR Stats. CPU UsagePercent 0 GenCollectCount 0 0 0 22M ThreadPool 32766 32767 1000 1000
2023-08-02 12:02:46.725 +08:00 [docker-arsidentityserver0421001] [Information] SkyApm.Service.PingService : Ping server @2023/8/2 4:02:46 +00:00
2023-08-02 12:02:46.735 +08:00 [docker-arsidentityserver0421001] [Information] SkyApm.Service.CLRStatsService : Report CLR Stats. CPU UsagePercent 0 GenCollectCount 0 0 0 23M ThreadPool 32759 32767 1000 1000
2023-08-02 12:03:16.735 +08:00 [docker-arsidentityserver0421001] [Information] SkyApm.Service.CLRStatsService : Report CLR Stats. CPU UsagePercent 0 GenCollectCount 0 0 0 23M ThreadPool 32759 32767 1000 1000
2023-08-02 12:03:46.724 +08:00 [docker-arsidentityserver0421001] [Information] SkyApm.Service.PingService : Ping server @2023/8/2 4:03:46 +00:00
2023-08-02 12:03:46.733 +08:00 [docker-arsidentityserver0421001] [Information] SkyApm.Service.CLRStatsService : Report CLR Stats. CPU UsagePercent 0 GenCollectCount 0 0 0 24M ThreadPool 32764 32767 1000 1000
2023-08-02 12:04:16.734 +08:00 [docker-arsidentityserver0421001] [Information] SkyApm.Service.CLRStatsService : Report CLR Stats. CPU UsagePercent 0 GenCollectCount 0 0 0 24M ThreadPool 32759 32767 1000 1000
2023-08-02 12:04:46.733 +08:00 [docker-arsidentityserver0421001] [Information] SkyApm.Service.CLRStatsService : Report CLR Stats. CPU UsagePercent 0 GenCollectCount 0 0 0 25M ThreadPool 32759 32767 1000 1000
2023-08-02 12:04:46.733 +08:00 [docker-arsidentityserver0421001] [Information] SkyApm.Service.PingService : Ping server @2023/8/2 4:04:46 +00:00
2023-08-02 12:05:16.738 +08:00 [docker-arsidentityserver0421001] [Information] SkyApm.Service.CLRStatsService : Report CLR Stats. CPU UsagePercent 0 GenCollectCount 0 0 0 25M ThreadPool 32760 32767 1000 1000
2023-08-02 12:05:46.749 +08:00 [docker-arsidentityserver0421001] [Information] SkyApm.Service.CLRStatsService : Report CLR Stats. CPU UsagePercent 0 GenCollectCount 0 0 0 26M ThreadPool 32756 32767 1000 1000
2023-08-02 12:05:46.757 +08:00 [docker-arsidentityserver0421001] [Information] SkyApm.Service.PingService : Ping server @2023/8/2 4:05:46 +00:00
2023-08-02 12:06:16.740 +08:00 [docker-arsidentityserver0421001] [Information] SkyApm.Service.CLRStatsService : Report CLR Stats. CPU UsagePercent 0 GenCollectCount 0 0 0 26M ThreadPool 32764 32767 1000 1000
2023-08-02 12:06:46.720 +08:00 [docker-arsidentityserver0421001] [Information] SkyApm.Service.PingService : Ping server @2023/8/2 4:06:46 +00:00
2023-08-02 12:06:46.730 +08:00 [docker-arsidentityserver0421001] [Information] SkyApm.Service.CLRStatsService : Report CLR Stats. CPU UsagePercent 0 GenCollectCount 0 0 0 27M ThreadPool 32764 32767 1000 1000
2023-08-02 12:07:16.734 +08:00 [docker-arsidentityserver0421001] [Information] SkyApm.Service.CLRStatsService : Report CLR Stats. CPU UsagePercent 0 GenCollectCount 0 0 0 27M ThreadPool 32759 32767 1000 1000
2023-08-02 12:07:46.724 +08:00 [docker-arsidentityserver0421001] [Information] SkyApm.Service.PingService : Ping server @2023/8/2 4:07:46 +00:00
2023-08-02 12:07:46.732 +08:00 [docker-arsidentityserver0421001] [Information] SkyApm.Service.CLRStatsService : Report CLR Stats. CPU UsagePercent 0 GenCollectCount 0 0 0 28M ThreadPool 32760 32767 1000 1000
2023-08-02 12:08:16.735 +08:00 [docker-arsidentityserver0421001] [Information] SkyApm.Service.CLRStatsService : Report CLR Stats. CPU UsagePercent 0 GenCollectCount 0 0 0 29M ThreadPool 32762 32767 1000 1000
2023-08-02 12:08:46.732 +08:00 [docker-arsidentityserver0421001] [Information] SkyApm.Service.PingService : Ping server @2023/8/2 4:08:46 +00:00
2023-08-02 12:08:46.743 +08:00 [docker-arsidentityserver0421001] [Information] SkyApm.Service.CLRStatsService : Report CLR Stats. CPU UsagePercent 0 GenCollectCount 0 0 0 29M ThreadPool 32763 32767 998 1000
2023-08-02 15:47:33.851 +08:00 [docker-arsidentityserver0421001] [Information] SkyApm.InstrumentStartup : Initializing ...
2023-08-02 15:47:33.912 +08:00 [docker-arsidentityserver0421001] [Information] SkyApm.Service.RegisterService : Loaded instrument service [SkyApm.Service.RegisterService].
2023-08-02 15:47:33.912 +08:00 [docker-arsidentityserver0421001] [Information] SkyApm.Service.LogReportService : Loaded instrument service [SkyApm.Service.LogReportService].
2023-08-02 15:47:33.912 +08:00 [docker-arsidentityserver0421001] [Information] SkyApm.Service.PingService : Loaded instrument service [SkyApm.Service.PingService].
2023-08-02 15:47:33.913 +08:00 [docker-arsidentityserver0421001] [Information] SkyApm.Service.SegmentReportService : Loaded instrument service [SkyApm.Service.SegmentReportService].
2023-08-02 15:47:33.913 +08:00 [docker-arsidentityserver0421001] [Information] SkyApm.Service.CLRStatsService : Loaded instrument service [SkyApm.Service.CLRStatsService].
2023-08-02 15:47:33.913 +08:00 [docker-arsidentityserver0421001] [Information] SkyApm.Sampling.SimpleCountSamplingInterceptor : Loaded instrument service [SkyApm.Sampling.SimpleCountSamplingInterceptor].
2023-08-02 15:47:33.913 +08:00 [docker-arsidentityserver0421001] [Information] SkyApm.Transport.Grpc.ConnectService : Loaded instrument service [SkyApm.Transport.Grpc.ConnectService].
2023-08-02 15:47:33.936 +08:00 [docker-arsidentityserver0421001] [Information] SkyApm.InstrumentStartup : Started SkyAPM .NET Core Agent.
2023-08-02 15:47:34.373 +08:00 [docker-arsidentityserver0421001] [Information] SkyApm.Transport.Grpc.ConnectionManager : Connected server[172.20.64.1:11800].
2023-08-02 15:47:35.346 +08:00 [docker-arsidentityserver0421001] [Information] SkyApm.Diagnostics.TracingDiagnosticProcessorObserver : Loaded diagnostic listener [Grpc.Net.Client].
2023-08-02 15:47:35.538 +08:00 [docker-arsidentityserver0421001] [Information] SkyApm.Diagnostics.TracingDiagnosticProcessorObserver : Loaded diagnostic listener [HttpHandlerDiagnosticListener].
2023-08-02 15:47:35.851 +08:00 [docker-arsidentityserver0421001] [Information] SkyApm.Service.RegisterService : Reported Service Instance Properties[Service=docker-arsidentityserver0421001,InstanceId=192.168.110.65@e9fb5733979b444e80f8f09afe6f61e2].
2023-08-02 15:48:03.963 +08:00 [docker-arsidentityserver0421001] [Information] SkyApm.Service.CLRStatsService : Report CLR Stats. CPU UsagePercent 0 GenCollectCount 11 11 2 6M ThreadPool 32765 32767 1000 1000
2023-08-02 15:48:03.965 +08:00 [docker-arsidentityserver0421001] [Information] SkyApm.Service.PingService : Ping server @2023/8/2 7:48:03 +00:00
2023-08-02 15:48:33.936 +08:00 [docker-arsidentityserver0421001] [Information] SkyApm.Service.CLRStatsService : Report CLR Stats. CPU UsagePercent 0 GenCollectCount 8 8 2 6M ThreadPool 32758 32767 1000 1000
2023-08-02 15:49:03.945 +08:00 [docker-arsidentityserver0421001] [Information] SkyApm.Service.CLRStatsService : Report CLR Stats. CPU UsagePercent 0 GenCollectCount 8 8 0 6M ThreadPool 32761 32767 1000 1000
2023-08-02 15:49:03.945 +08:00 [docker-arsidentityserver0421001] [Information] SkyApm.Service.PingService : Ping server @2023/8/2 7:49:03 +00:00
2023-08-02 15:49:33.946 +08:00 [docker-arsidentityserver0421001] [Information] SkyApm.Service.CLRStatsService : Report CLR Stats. CPU UsagePercent 0 GenCollectCount 9 9 0 6M ThreadPool 32758 32767 1000 1000
2023-08-02 15:50:03.961 +08:00 [docker-arsidentityserver0421001] [Information] SkyApm.Service.PingService : Ping server @2023/8/2 7:50:03 +00:00
2023-08-02 15:50:03.961 +08:00 [docker-arsidentityserver0421001] [Information] SkyApm.Service.CLRStatsService : Report CLR Stats. CPU UsagePercent 0 GenCollectCount 7 7 0 6M ThreadPool 32764 32767 1000 1000
2023-08-02 15:50:33.943 +08:00 [docker-arsidentityserver0421001] [Information] SkyApm.Service.CLRStatsService : Report CLR Stats. CPU UsagePercent 0 GenCollectCount 8 8 4 6M ThreadPool 32756 32767 1000 1000
2023-08-02 15:51:03.927 +08:00 [docker-arsidentityserver0421001] [Information] SkyApm.Service.PingService : Ping server @2023/8/2 7:51:03 +00:00
2023-08-02 15:51:03.927 +08:00 [docker-arsidentityserver0421001] [Information] SkyApm.Service.CLRStatsService : Report CLR Stats. CPU UsagePercent 0 GenCollectCount 8 8 3 6M ThreadPool 32759 32767 1000 1000
2023-08-02 15:51:33.945 +08:00 [docker-arsidentityserver0421001] [Information] SkyApm.Service.CLRStatsService : Report CLR Stats. CPU UsagePercent 0 GenCollectCount 15 15 0 6M ThreadPool 32765 32767 1000 1000
2023-08-02 15:52:03.930 +08:00 [docker-arsidentityserver0421001] [Information] SkyApm.Service.PingService : Ping server @2023/8/2 7:52:03 +00:00
2023-08-02 15:52:03.930 +08:00 [docker-arsidentityserver0421001] [Information] SkyApm.Service.CLRStatsService : Report CLR Stats. CPU UsagePercent 0 GenCollectCount 13 13 0 6M ThreadPool 32757 32767 1000 1000
2023-08-02 15:52:33.954 +08:00 [docker-arsidentityserver0421001] [Information] SkyApm.Service.CLRStatsService : Report CLR Stats. CPU UsagePercent 0 GenCollectCount 14 14 0 6M ThreadPool 32764 32767 1000 1000
2023-08-02 15:53:03.940 +08:00 [docker-arsidentityserver0421001] [Information] SkyApm.Service.PingService : Ping server @2023/8/2 7:53:03 +00:00
2023-08-02 15:53:03.940 +08:00 [docker-arsidentityserver0421001] [Information] SkyApm.Service.CLRStatsService : Report CLR Stats. CPU UsagePercent 0 GenCollectCount 13 13 0 6M ThreadPool 32757 32767 1000 1000
2023-08-02 15:53:33.938 +08:00 [docker-arsidentityserver0421001] [Information] SkyApm.Service.CLRStatsService : Report CLR Stats. CPU UsagePercent 0 GenCollectCount 14 14 0 6M ThreadPool 32766 32767 1000 1000
2023-08-02 15:54:03.920 +08:00 [docker-arsidentityserver0421001] [Information] SkyApm.Service.PingService : Ping server @2023/8/2 7:54:03 +00:00
2023-08-02 15:54:03.926 +08:00 [docker-arsidentityserver0421001] [Information] SkyApm.Service.CLRStatsService : Report CLR Stats. CPU UsagePercent 0 GenCollectCount 0 0 0 7M ThreadPool 32763 32767 1000 1000
2023-08-02 15:54:33.928 +08:00 [docker-arsidentityserver0421001] [Information] SkyApm.Service.CLRStatsService : Report CLR Stats. CPU UsagePercent 0 GenCollectCount 0 0 0 7M ThreadPool 32760 32767 1000 1000
2023-08-02 15:55:03.936 +08:00 [docker-arsidentityserver0421001] [Information] SkyApm.Service.PingService : Ping server @2023/8/2 7:55:03 +00:00
2023-08-02 15:55:03.943 +08:00 [docker-arsidentityserver0421001] [Information] SkyApm.Service.CLRStatsService : Report CLR Stats. CPU UsagePercent 0 GenCollectCount 0 0 0 8M ThreadPool 32763 32767 1000 1000
2023-08-02 15:55:33.920 +08:00 [docker-arsidentityserver0421001] [Information] SkyApm.Service.CLRStatsService : Report CLR Stats. CPU UsagePercent 0 GenCollectCount 0 0 0 8M ThreadPool 32759 32767 1000 1000
2023-08-02 15:56:03.926 +08:00 [docker-arsidentityserver0421001] [Information] SkyApm.Service.CLRStatsService : Report CLR Stats. CPU UsagePercent 0 GenCollectCount 0 0 0 9M ThreadPool 32759 32767 1000 1000
2023-08-02 15:56:03.926 +08:00 [docker-arsidentityserver0421001] [Information] SkyApm.Service.PingService : Ping server @2023/8/2 7:56:03 +00:00
2023-08-02 15:56:33.932 +08:00 [docker-arsidentityserver0421001] [Information] SkyApm.Service.CLRStatsService : Report CLR Stats. CPU UsagePercent 0 GenCollectCount 0 0 0 9M ThreadPool 32766 32767 1000 1000
2023-08-02 15:57:03.946 +08:00 [docker-arsidentityserver0421001] [Information] SkyApm.Service.CLRStatsService : Report CLR Stats. CPU UsagePercent 0 GenCollectCount 0 0 0 10M ThreadPool 32762 32767 1000 1000
2023-08-02 15:57:03.946 +08:00 [docker-arsidentityserver0421001] [Information] SkyApm.Service.PingService : Ping server @2023/8/2 7:57:03 +00:00
2023-08-02 15:57:33.944 +08:00 [docker-arsidentityserver0421001] [Information] SkyApm.Service.CLRStatsService : Report CLR Stats. CPU UsagePercent 0 GenCollectCount 0 0 0 11M ThreadPool 32766 32767 1000 1000
2023-08-02 15:58:03.929 +08:00 [docker-arsidentityserver0421001] [Information] SkyApm.Service.CLRStatsService : Report CLR Stats. CPU UsagePercent 0 GenCollectCount 0 0 0 11M ThreadPool 32759 32767 1000 1000
2023-08-02 15:58:03.929 +08:00 [docker-arsidentityserver0421001] [Information] SkyApm.Service.PingService : Ping server @2023/8/2 7:58:03 +00:00
2023-08-02 15:58:33.920 +08:00 [docker-arsidentityserver0421001] [Information] SkyApm.Service.CLRStatsService : Report CLR Stats. CPU UsagePercent 0 GenCollectCount 0 0 0 12M ThreadPool 32759 32767 1000 1000
2023-08-02 15:59:03.939 +08:00 [docker-arsidentityserver0421001] [Information] SkyApm.Service.PingService : Ping server @2023/8/2 7:59:03 +00:00
2023-08-02 15:59:03.939 +08:00 [docker-arsidentityserver0421001] [Information] SkyApm.Service.CLRStatsService : Report CLR Stats. CPU UsagePercent 0 GenCollectCount 0 0 0 12M ThreadPool 32764 32767 1000 1000
2023-08-02 15:59:33.933 +08:00 [docker-arsidentityserver0421001] [Information] SkyApm.Service.CLRStatsService : Report CLR Stats. CPU UsagePercent 0 GenCollectCount 0 0 0 13M ThreadPool 32766 32767 1000 1000
2023-08-02 16:00:03.922 +08:00 [docker-arsidentityserver0421001] [Information] SkyApm.Service.PingService : Ping server @2023/8/2 8:00:03 +00:00
2023-08-02 16:00:03.926 +08:00 [docker-arsidentityserver0421001] [Information] SkyApm.Service.CLRStatsService : Report CLR Stats. CPU UsagePercent 0 GenCollectCount 0 0 0 13M ThreadPool 32759 32767 1000 1000
2023-08-02 16:00:33.928 +08:00 [docker-arsidentityserver0421001] [Information] SkyApm.Service.CLRStatsService : Report CLR Stats. CPU UsagePercent 0 GenCollectCount 0 0 0 14M ThreadPool 32759 32767 1000 1000
2023-08-02 16:01:03.930 +08:00 [docker-arsidentityserver0421001] [Information] SkyApm.Service.PingService : Ping server @2023/8/2 8:01:03 +00:00
2023-08-02 16:01:03.938 +08:00 [docker-arsidentityserver0421001] [Information] SkyApm.Service.CLRStatsService : Report CLR Stats. CPU UsagePercent 0 GenCollectCount 0 0 0 14M ThreadPool 32763 32767 1000 1000
2023-08-02 16:01:33.955 +08:00 [docker-arsidentityserver0421001] [Information] SkyApm.Service.CLRStatsService : Report CLR Stats. CPU UsagePercent 0 GenCollectCount 0 0 0 15M ThreadPool 32757 32767 1000 1000
2023-08-02 16:02:03.925 +08:00 [docker-arsidentityserver0421001] [Information] SkyApm.Service.CLRStatsService : Report CLR Stats. CPU UsagePercent 0 GenCollectCount 0 0 0 15M ThreadPool 32763 32767 1000 1000
2023-08-02 16:02:03.925 +08:00 [docker-arsidentityserver0421001] [Information] SkyApm.Service.PingService : Ping server @2023/8/2 8:02:03 +00:00
2023-08-02 16:02:33.936 +08:00 [docker-arsidentityserver0421001] [Information] SkyApm.Service.CLRStatsService : Report CLR Stats. CPU UsagePercent 0 GenCollectCount 0 0 0 16M ThreadPool 32763 32767 1000 1000
2023-08-02 16:03:03.925 +08:00 [docker-arsidentityserver0421001] [Information] SkyApm.Service.PingService : Ping server @2023/8/2 8:03:03 +00:00
2023-08-02 16:03:03.925 +08:00 [docker-arsidentityserver0421001] [Information] SkyApm.Service.CLRStatsService : Report CLR Stats. CPU UsagePercent 0 GenCollectCount 0 0 0 16M ThreadPool 32759 32767 1000 1000
2023-08-02 16:03:33.942 +08:00 [docker-arsidentityserver0421001] [Information] SkyApm.Service.CLRStatsService : Report CLR Stats. CPU UsagePercent 0 GenCollectCount 0 0 0 17M ThreadPool 32766 32767 1000 1000
2023-08-02 16:04:03.926 +08:00 [docker-arsidentityserver0421001] [Information] SkyApm.Service.PingService : Ping server @2023/8/2 8:04:03 +00:00
2023-08-02 16:04:03.932 +08:00 [docker-arsidentityserver0421001] [Information] SkyApm.Service.CLRStatsService : Report CLR Stats. CPU UsagePercent 0 GenCollectCount 0 0 0 18M ThreadPool 32764 32767 1000 1000
2023-08-02 16:04:33.927 +08:00 [docker-arsidentityserver0421001] [Information] SkyApm.Service.CLRStatsService : Report CLR Stats. CPU UsagePercent 0 GenCollectCount 0 0 0 18M ThreadPool 32758 32767 1000 1000
2023-08-02 16:05:03.932 +08:00 [docker-arsidentityserver0421001] [Information] SkyApm.Service.PingService : Ping server @2023/8/2 8:05:03 +00:00
2023-08-02 16:05:03.932 +08:00 [docker-arsidentityserver0421001] [Information] SkyApm.Service.CLRStatsService : Report CLR Stats. CPU UsagePercent 0 GenCollectCount 0 0 0 19M ThreadPool 32759 32767 1000 1000
2023-08-02 16:05:09.966 +08:00 [docker-arsidentityserver0421001] [Information] SkyApm.Transport.Grpc.SegmentReporter : Report 5 logs. cost: 00:00:00.0309041s
2023-08-02 16:05:33.947 +08:00 [docker-arsidentityserver0421001] [Information] SkyApm.Service.CLRStatsService : Report CLR Stats. CPU UsagePercent 0 GenCollectCount 0 0 0 23M ThreadPool 32759 32767 1000 1000
2023-08-02 16:06:03.927 +08:00 [docker-arsidentityserver0421001] [Information] SkyApm.Service.PingService : Ping server @2023/8/2 8:06:03 +00:00
2023-08-02 16:06:03.932 +08:00 [docker-arsidentityserver0421001] [Information] SkyApm.Service.CLRStatsService : Report CLR Stats. CPU UsagePercent 0 GenCollectCount 0 0 0 23M ThreadPool 32759 32767 1000 1000
2023-08-02 16:06:33.933 +08:00 [docker-arsidentityserver0421001] [Information] SkyApm.Service.CLRStatsService : Report CLR Stats. CPU UsagePercent 0 GenCollectCount 0 0 0 24M ThreadPool 32766 32767 1000 1000
2023-08-02 16:07:03.927 +08:00 [docker-arsidentityserver0421001] [Information] SkyApm.Service.PingService : Ping server @2023/8/2 8:07:03 +00:00
2023-08-02 16:07:03.932 +08:00 [docker-arsidentityserver0421001] [Information] SkyApm.Service.CLRStatsService : Report CLR Stats. CPU UsagePercent 0 GenCollectCount 0 0 0 25M ThreadPool 32757 32767 1000 1000
2023-08-02 16:07:33.950 +08:00 [docker-arsidentityserver0421001] [Information] SkyApm.Service.CLRStatsService : Report CLR Stats. CPU UsagePercent 0 GenCollectCount 0 0 0 25M ThreadPool 32760 32767 1000 1000
2023-08-02 16:08:03.927 +08:00 [docker-arsidentityserver0421001] [Information] SkyApm.Service.PingService : Ping server @2023/8/2 8:08:03 +00:00
2023-08-02 16:08:03.927 +08:00 [docker-arsidentityserver0421001] [Information] SkyApm.Service.CLRStatsService : Report CLR Stats. CPU UsagePercent 0 GenCollectCount 0 0 0 26M ThreadPool 32758 32767 1000 1000
2023-08-02 16:08:33.931 +08:00 [docker-arsidentityserver0421001] [Information] SkyApm.Service.CLRStatsService : Report CLR Stats. CPU UsagePercent 0 GenCollectCount 0 0 0 26M ThreadPool 32759 32767 1000 1000
2023-08-02 16:09:03.936 +08:00 [docker-arsidentityserver0421001] [Information] SkyApm.Service.CLRStatsService : Report CLR Stats. CPU UsagePercent 0 GenCollectCount 0 0 0 27M ThreadPool 32762 32767 1000 1000
2023-08-02 16:09:03.936 +08:00 [docker-arsidentityserver0421001] [Information] SkyApm.Service.PingService : Ping server @2023/8/2 8:09:03 +00:00
2023-08-02 16:09:33.929 +08:00 [docker-arsidentityserver0421001] [Information] SkyApm.Service.CLRStatsService : Report CLR Stats. CPU UsagePercent 0 GenCollectCount 0 0 0 27M ThreadPool 32757 32767 1000 1000
2023-08-02 16:10:03.934 +08:00 [docker-arsidentityserver0421001] [Information] SkyApm.Service.PingService : Ping server @2023/8/2 8:10:03 +00:00
2023-08-02 16:10:03.948 +08:00 [docker-arsidentityserver0421001] [Information] SkyApm.Service.CLRStatsService : Report CLR Stats. CPU UsagePercent 0 GenCollectCount 0 0 0 28M ThreadPool 32763 32767 1000 1000
2023-08-02 16:10:33.941 +08:00 [docker-arsidentityserver0421001] [Information] SkyApm.Service.CLRStatsService : Report CLR Stats. CPU UsagePercent 0 GenCollectCount 0 0 0 28M ThreadPool 32759 32767 1000 1000
2023-08-02 16:11:03.924 +08:00 [docker-arsidentityserver0421001] [Information] SkyApm.Service.PingService : Ping server @2023/8/2 8:11:03 +00:00
2023-08-02 16:11:03.924 +08:00 [docker-arsidentityserver0421001] [Information] SkyApm.Service.CLRStatsService : Report CLR Stats. CPU UsagePercent 0 GenCollectCount 0 0 0 29M ThreadPool 32760 32767 1000 1000
2023-08-02 16:11:33.931 +08:00 [docker-arsidentityserver0421001] [Information] SkyApm.Service.CLRStatsService : Report CLR Stats. CPU UsagePercent 0 GenCollectCount 0 0 0 30M ThreadPool 32766 32767 1000 1000
2023-08-02 16:12:03.941 +08:00 [docker-arsidentityserver0421001] [Information] SkyApm.Service.CLRStatsService : Report CLR Stats. CPU UsagePercent 0 GenCollectCount 0 0 0 30M ThreadPool 32757 32767 1000 1000
2023-08-02 16:12:03.944 +08:00 [docker-arsidentityserver0421001] [Information] SkyApm.Service.PingService : Ping server @2023/8/2 8:12:03 +00:00
2023-08-02 16:12:33.929 +08:00 [docker-arsidentityserver0421001] [Information] SkyApm.Service.CLRStatsService : Report CLR Stats. CPU UsagePercent 0 GenCollectCount 0 0 0 31M ThreadPool 32757 32767 1000 1000
2023-08-02 16:13:03.927 +08:00 [docker-arsidentityserver0421001] [Information] SkyApm.Service.CLRStatsService : Report CLR Stats. CPU UsagePercent 0 GenCollectCount 0 0 0 31M ThreadPool 32759 32767 1000 1000
2023-08-02 16:13:03.927 +08:00 [docker-arsidentityserver0421001] [Information] SkyApm.Service.PingService : Ping server @2023/8/2 8:13:03 +00:00
2023-08-02 16:13:33.927 +08:00 [docker-arsidentityserver0421001] [Information] SkyApm.Service.CLRStatsService : Report CLR Stats. CPU UsagePercent 0 GenCollectCount 0 0 0 32M ThreadPool 32759 32767 1000 1000
2023-08-02 16:14:03.934 +08:00 [docker-arsidentityserver0421001] [Information] SkyApm.Service.CLRStatsService : Report CLR Stats. CPU UsagePercent 0 GenCollectCount 0 0 0 32M ThreadPool 32764 32767 1000 1000
2023-08-02 16:14:03.934 +08:00 [docker-arsidentityserver0421001] [Information] SkyApm.Service.PingService : Ping server @2023/8/2 8:14:03 +00:00
2023-08-02 16:14:33.927 +08:00 [docker-arsidentityserver0421001] [Information] SkyApm.Service.CLRStatsService : Report CLR Stats. CPU UsagePercent 0 GenCollectCount 0 0 0 33M ThreadPool 32758 32767 1000 1000
2023-08-02 16:15:03.924 +08:00 [docker-arsidentityserver0421001] [Information] SkyApm.Service.CLRStatsService : Report CLR Stats. CPU UsagePercent 0 GenCollectCount 0 0 0 33M ThreadPool 32758 32767 1000 1000
2023-08-02 16:15:03.924 +08:00 [docker-arsidentityserver0421001] [Information] SkyApm.Service.PingService : Ping server @2023/8/2 8:15:03 +00:00
