2023-04-14 13:32:56.970 +08:00 [arsidentityserver4] [Information] SkyApm.InstrumentStartup : Initializing ...
2023-04-14 13:32:57.079 +08:00 [arsidentityserver4] [Information] SkyApm.Service.RegisterService : Loaded instrument service [SkyApm.Service.RegisterService].
2023-04-14 13:32:57.079 +08:00 [arsidentityserver4] [Information] SkyApm.Service.LogReportService : Loaded instrument service [SkyApm.Service.LogReportService].
2023-04-14 13:32:57.080 +08:00 [arsidentityserver4] [Information] SkyApm.Service.PingService : Loaded instrument service [SkyApm.Service.PingService].
2023-04-14 13:32:57.080 +08:00 [arsidentityserver4] [Information] SkyApm.Service.SegmentReportService : Loaded instrument service [SkyApm.Service.SegmentReportService].
2023-04-14 13:32:57.081 +08:00 [arsidentityserver4] [Information] SkyApm.Service.CLRStatsService : Loaded instrument service [SkyApm.Service.CLRStatsService].
2023-04-14 13:32:57.081 +08:00 [arsidentityserver4] [Information] SkyApm.Sampling.SimpleCountSamplingInterceptor : Loaded instrument service [SkyApm.Sampling.SimpleCountSamplingInterceptor].
2023-04-14 13:32:57.081 +08:00 [arsidentityserver4] [Information] SkyApm.Transport.Grpc.ConnectService : Loaded instrument service [SkyApm.Transport.Grpc.ConnectService].
2023-04-14 13:32:57.081 +08:00 [arsidentityserver4] [Information] SkyApm.Service.RegisterService : Loaded instrument service [SkyApm.Service.RegisterService].
2023-04-14 13:32:57.081 +08:00 [arsidentityserver4] [Information] SkyApm.Service.LogReportService : Loaded instrument service [SkyApm.Service.LogReportService].
2023-04-14 13:32:57.081 +08:00 [arsidentityserver4] [Information] SkyApm.Service.PingService : Loaded instrument service [SkyApm.Service.PingService].
2023-04-14 13:32:57.081 +08:00 [arsidentityserver4] [Information] SkyApm.Service.SegmentReportService : Loaded instrument service [SkyApm.Service.SegmentReportService].
2023-04-14 13:32:57.081 +08:00 [arsidentityserver4] [Information] SkyApm.Service.CLRStatsService : Loaded instrument service [SkyApm.Service.CLRStatsService].
2023-04-14 13:32:57.081 +08:00 [arsidentityserver4] [Information] SkyApm.Sampling.SimpleCountSamplingInterceptor : Loaded instrument service [SkyApm.Sampling.SimpleCountSamplingInterceptor].
2023-04-14 13:32:57.081 +08:00 [arsidentityserver4] [Information] SkyApm.Transport.Grpc.ConnectService : Loaded instrument service [SkyApm.Transport.Grpc.ConnectService].
2023-04-14 13:32:58.177 +08:00 [arsidentityserver4] [Information] SkyApm.Diagnostics.TracingDiagnosticProcessorObserver : Loaded diagnostic listener [Microsoft.AspNetCore].
2023-04-14 13:32:58.218 +08:00 [arsidentityserver4] [Information] SkyApm.InstrumentStartup : Started SkyAPM .NET Core Agent.
2023-04-14 13:32:58.218 +08:00 [arsidentityserver4] [Information] SkyApm.InstrumentStartup : Initializing ...
2023-04-14 13:32:58.218 +08:00 [arsidentityserver4] [Information] SkyApm.Service.RegisterService : Loaded instrument service [SkyApm.Service.RegisterService].
2023-04-14 13:32:58.218 +08:00 [arsidentityserver4] [Information] SkyApm.Service.LogReportService : Loaded instrument service [SkyApm.Service.LogReportService].
2023-04-14 13:32:58.218 +08:00 [arsidentityserver4] [Information] SkyApm.Service.PingService : Loaded instrument service [SkyApm.Service.PingService].
2023-04-14 13:32:58.218 +08:00 [arsidentityserver4] [Information] SkyApm.Service.SegmentReportService : Loaded instrument service [SkyApm.Service.SegmentReportService].
2023-04-14 13:32:58.218 +08:00 [arsidentityserver4] [Information] SkyApm.Service.CLRStatsService : Loaded instrument service [SkyApm.Service.CLRStatsService].
2023-04-14 13:32:58.218 +08:00 [arsidentityserver4] [Information] SkyApm.Sampling.SimpleCountSamplingInterceptor : Loaded instrument service [SkyApm.Sampling.SimpleCountSamplingInterceptor].
2023-04-14 13:32:58.218 +08:00 [arsidentityserver4] [Information] SkyApm.Transport.Grpc.ConnectService : Loaded instrument service [SkyApm.Transport.Grpc.ConnectService].
2023-04-14 13:32:58.218 +08:00 [arsidentityserver4] [Information] SkyApm.Service.RegisterService : Loaded instrument service [SkyApm.Service.RegisterService].
2023-04-14 13:32:58.218 +08:00 [arsidentityserver4] [Information] SkyApm.Service.LogReportService : Loaded instrument service [SkyApm.Service.LogReportService].
2023-04-14 13:32:58.218 +08:00 [arsidentityserver4] [Information] SkyApm.Service.PingService : Loaded instrument service [SkyApm.Service.PingService].
2023-04-14 13:32:58.218 +08:00 [arsidentityserver4] [Information] SkyApm.Service.SegmentReportService : Loaded instrument service [SkyApm.Service.SegmentReportService].
2023-04-14 13:32:58.218 +08:00 [arsidentityserver4] [Information] SkyApm.Service.CLRStatsService : Loaded instrument service [SkyApm.Service.CLRStatsService].
2023-04-14 13:32:58.218 +08:00 [arsidentityserver4] [Information] SkyApm.Sampling.SimpleCountSamplingInterceptor : Loaded instrument service [SkyApm.Sampling.SimpleCountSamplingInterceptor].
2023-04-14 13:32:58.218 +08:00 [arsidentityserver4] [Information] SkyApm.Transport.Grpc.ConnectService : Loaded instrument service [SkyApm.Transport.Grpc.ConnectService].
2023-04-14 13:32:58.219 +08:00 [arsidentityserver4] [Information] SkyApm.Diagnostics.TracingDiagnosticProcessorObserver : Loaded diagnostic listener [Microsoft.AspNetCore].
2023-04-14 13:32:58.219 +08:00 [arsidentityserver4] [Information] SkyApm.InstrumentStartup : Started SkyAPM .NET Core Agent.
2023-04-14 13:32:58.302 +08:00 [arsidentityserver4] [Information] SkyApm.Transport.Grpc.ConnectionManager : Connected server[127.0.0.1:11800].
2023-04-14 13:32:58.722 +08:00 [arsidentityserver4] [Information] SkyApm.Diagnostics.TracingDiagnosticProcessorObserver : Loaded diagnostic listener [Grpc.Net.Client].
2023-04-14 13:32:58.722 +08:00 [arsidentityserver4] [Information] SkyApm.Diagnostics.TracingDiagnosticProcessorObserver : Loaded diagnostic listener [Grpc.Net.Client].
2023-04-14 13:32:58.917 +08:00 [arsidentityserver4] [Information] SkyApm.Diagnostics.TracingDiagnosticProcessorObserver : Loaded diagnostic listener [HttpHandlerDiagnosticListener].
2023-04-14 13:32:58.918 +08:00 [arsidentityserver4] [Information] SkyApm.Diagnostics.TracingDiagnosticProcessorObserver : Loaded diagnostic listener [HttpHandlerDiagnosticListener].
2023-04-14 13:32:59.646 +08:00 [arsidentityserver4] [Information] SkyApm.Service.RegisterService : Reported Service Instance Properties[Service=arsidentityserver4,InstanceId=172.20.64.1@4156705e80fc4b5faf6d9f795d5ebb4f].
2023-04-14 13:32:59.646 +08:00 [arsidentityserver4] [Information] SkyApm.Service.RegisterService : Reported Service Instance Properties[Service=arsidentityserver4,InstanceId=172.20.64.1@4156705e80fc4b5faf6d9f795d5ebb4f].
2023-04-14 13:32:59.648 +08:00 [arsidentityserver4] [Information] SkyApm.Service.RegisterService : Reported Service Instance Properties[Service=arsidentityserver4,InstanceId=172.20.64.1@4156705e80fc4b5faf6d9f795d5ebb4f].
2023-04-14 13:32:59.648 +08:00 [arsidentityserver4] [Information] SkyApm.Service.RegisterService : Reported Service Instance Properties[Service=arsidentityserver4,InstanceId=172.20.64.1@4156705e80fc4b5faf6d9f795d5ebb4f].
2023-04-14 13:33:30.042 +08:00 [arsidentityserver4] [Information] SkyApm.Service.PingService : Ping server @2023/4/14 5:33:30 +00:00
2023-04-14 13:33:30.042 +08:00 [arsidentityserver4] [Information] SkyApm.Service.PingService : Ping server @2023/4/14 5:33:30 +00:00
2023-04-14 13:33:30.083 +08:00 [arsidentityserver4] [Information] SkyApm.Service.CLRStatsService : Report CLR Stats. CPU UsagePercent 0 GenCollectCount 0 0 0 7M ThreadPool 32761 32767 1000 1000
2023-04-14 13:33:30.083 +08:00 [arsidentityserver4] [Information] SkyApm.Service.CLRStatsService : Report CLR Stats. CPU UsagePercent 0 GenCollectCount 9 9 2 7M ThreadPool 32761 32767 1000 1000
2023-04-14 13:33:30.090 +08:00 [arsidentityserver4] [Information] SkyApm.Transport.Grpc.V8.SegmentReporter : Report 1 trace segment. cost: 00:00:00.1402527s
2023-04-14 13:33:30.090 +08:00 [arsidentityserver4] [Information] SkyApm.Transport.Grpc.SegmentReporter : Report 3 logs. cost: 00:00:00.1377100s
2023-04-14 13:34:00.429 +08:00 [arsidentityserver4] [Information] SkyApm.Service.CLRStatsService : Report CLR Stats. CPU UsagePercent 0 GenCollectCount 9 9 2 7M ThreadPool 32760 32767 1000 1000
2023-04-14 13:34:02.093 +08:00 [arsidentityserver4] [Information] SkyApm.Service.CLRStatsService : Report CLR Stats. CPU UsagePercent 0 GenCollectCount 0 0 0 7M ThreadPool 32761 32767 1000 1000
2023-04-14 13:34:03.869 +08:00 [arsidentityserver4] [Information] SkyApm.Transport.Grpc.SegmentReporter : Report 2 logs. cost: 00:00:00.2025938s
2023-04-14 13:34:05.912 +08:00 [arsidentityserver4] [Information] SkyApm.Transport.Grpc.SegmentReporter : Report 1 logs. cost: 00:00:00.0073849s
2023-04-14 13:34:05.912 +08:00 [arsidentityserver4] [Information] SkyApm.Transport.Grpc.V8.SegmentReporter : Report 1 trace segment. cost: 00:00:00.0073570s
2023-04-14 13:34:28.253 +08:00 [arsidentityserver4] [Information] SkyApm.Service.PingService : Ping server @2023/4/14 5:34:28 +00:00
2023-04-14 13:34:28.253 +08:00 [arsidentityserver4] [Information] SkyApm.Service.CLRStatsService : Report CLR Stats. CPU UsagePercent 0 GenCollectCount 8 8 0 7M ThreadPool 32763 32767 1000 1000
2023-04-14 13:34:28.253 +08:00 [arsidentityserver4] [Information] SkyApm.Service.PingService : Ping server @2023/4/14 5:34:28 +00:00
2023-04-14 13:34:28.253 +08:00 [arsidentityserver4] [Information] SkyApm.Service.CLRStatsService : Report CLR Stats. CPU UsagePercent 0 GenCollectCount 8 8 3 7M ThreadPool 32759 32767 1000 1000
2023-04-14 13:35:23.809 +08:00 [arsidentityserver4] [Information] SkyApm.InstrumentStartup : Initializing ...
2023-04-14 13:35:23.888 +08:00 [arsidentityserver4] [Information] SkyApm.Service.RegisterService : Loaded instrument service [SkyApm.Service.RegisterService].
2023-04-14 13:35:23.888 +08:00 [arsidentityserver4] [Information] SkyApm.Service.LogReportService : Loaded instrument service [SkyApm.Service.LogReportService].
2023-04-14 13:35:23.889 +08:00 [arsidentityserver4] [Information] SkyApm.Service.PingService : Loaded instrument service [SkyApm.Service.PingService].
2023-04-14 13:35:23.889 +08:00 [arsidentityserver4] [Information] SkyApm.Service.SegmentReportService : Loaded instrument service [SkyApm.Service.SegmentReportService].
2023-04-14 13:35:23.889 +08:00 [arsidentityserver4] [Information] SkyApm.Service.CLRStatsService : Loaded instrument service [SkyApm.Service.CLRStatsService].
2023-04-14 13:35:23.889 +08:00 [arsidentityserver4] [Information] SkyApm.Sampling.SimpleCountSamplingInterceptor : Loaded instrument service [SkyApm.Sampling.SimpleCountSamplingInterceptor].
2023-04-14 13:35:23.889 +08:00 [arsidentityserver4] [Information] SkyApm.Transport.Grpc.ConnectService : Loaded instrument service [SkyApm.Transport.Grpc.ConnectService].
2023-04-14 13:35:23.889 +08:00 [arsidentityserver4] [Information] SkyApm.Service.RegisterService : Loaded instrument service [SkyApm.Service.RegisterService].
2023-04-14 13:35:23.889 +08:00 [arsidentityserver4] [Information] SkyApm.Service.LogReportService : Loaded instrument service [SkyApm.Service.LogReportService].
2023-04-14 13:35:23.889 +08:00 [arsidentityserver4] [Information] SkyApm.Service.PingService : Loaded instrument service [SkyApm.Service.PingService].
2023-04-14 13:35:23.889 +08:00 [arsidentityserver4] [Information] SkyApm.Service.SegmentReportService : Loaded instrument service [SkyApm.Service.SegmentReportService].
2023-04-14 13:35:23.889 +08:00 [arsidentityserver4] [Information] SkyApm.Service.CLRStatsService : Loaded instrument service [SkyApm.Service.CLRStatsService].
2023-04-14 13:35:23.889 +08:00 [arsidentityserver4] [Information] SkyApm.Sampling.SimpleCountSamplingInterceptor : Loaded instrument service [SkyApm.Sampling.SimpleCountSamplingInterceptor].
2023-04-14 13:35:23.889 +08:00 [arsidentityserver4] [Information] SkyApm.Transport.Grpc.ConnectService : Loaded instrument service [SkyApm.Transport.Grpc.ConnectService].
2023-04-14 13:35:24.083 +08:00 [arsidentityserver4] [Information] SkyApm.Transport.Grpc.ConnectionManager : Connected server[127.0.0.1:11800].
2023-04-14 13:35:24.094 +08:00 [arsidentityserver4] [Information] SkyApm.Diagnostics.TracingDiagnosticProcessorObserver : Loaded diagnostic listener [Microsoft.AspNetCore].
2023-04-14 13:35:24.095 +08:00 [arsidentityserver4] [Information] SkyApm.InstrumentStartup : Started SkyAPM .NET Core Agent.
2023-04-14 13:35:24.095 +08:00 [arsidentityserver4] [Information] SkyApm.InstrumentStartup : Initializing ...
2023-04-14 13:35:24.096 +08:00 [arsidentityserver4] [Information] SkyApm.Service.RegisterService : Loaded instrument service [SkyApm.Service.RegisterService].
2023-04-14 13:35:24.096 +08:00 [arsidentityserver4] [Information] SkyApm.Service.LogReportService : Loaded instrument service [SkyApm.Service.LogReportService].
2023-04-14 13:35:24.096 +08:00 [arsidentityserver4] [Information] SkyApm.Service.PingService : Loaded instrument service [SkyApm.Service.PingService].
2023-04-14 13:35:24.096 +08:00 [arsidentityserver4] [Information] SkyApm.Service.SegmentReportService : Loaded instrument service [SkyApm.Service.SegmentReportService].
2023-04-14 13:35:24.096 +08:00 [arsidentityserver4] [Information] SkyApm.Service.CLRStatsService : Loaded instrument service [SkyApm.Service.CLRStatsService].
2023-04-14 13:35:24.096 +08:00 [arsidentityserver4] [Information] SkyApm.Sampling.SimpleCountSamplingInterceptor : Loaded instrument service [SkyApm.Sampling.SimpleCountSamplingInterceptor].
2023-04-14 13:35:24.096 +08:00 [arsidentityserver4] [Information] SkyApm.Transport.Grpc.ConnectService : Loaded instrument service [SkyApm.Transport.Grpc.ConnectService].
2023-04-14 13:35:24.096 +08:00 [arsidentityserver4] [Information] SkyApm.Service.RegisterService : Loaded instrument service [SkyApm.Service.RegisterService].
2023-04-14 13:35:24.096 +08:00 [arsidentityserver4] [Information] SkyApm.Service.LogReportService : Loaded instrument service [SkyApm.Service.LogReportService].
2023-04-14 13:35:24.096 +08:00 [arsidentityserver4] [Information] SkyApm.Service.PingService : Loaded instrument service [SkyApm.Service.PingService].
2023-04-14 13:35:24.096 +08:00 [arsidentityserver4] [Information] SkyApm.Service.SegmentReportService : Loaded instrument service [SkyApm.Service.SegmentReportService].
2023-04-14 13:35:24.096 +08:00 [arsidentityserver4] [Information] SkyApm.Service.CLRStatsService : Loaded instrument service [SkyApm.Service.CLRStatsService].
2023-04-14 13:35:24.096 +08:00 [arsidentityserver4] [Information] SkyApm.Sampling.SimpleCountSamplingInterceptor : Loaded instrument service [SkyApm.Sampling.SimpleCountSamplingInterceptor].
2023-04-14 13:35:24.096 +08:00 [arsidentityserver4] [Information] SkyApm.Transport.Grpc.ConnectService : Loaded instrument service [SkyApm.Transport.Grpc.ConnectService].
2023-04-14 13:35:24.097 +08:00 [arsidentityserver4] [Information] SkyApm.Diagnostics.TracingDiagnosticProcessorObserver : Loaded diagnostic listener [Microsoft.AspNetCore].
2023-04-14 13:35:24.098 +08:00 [arsidentityserver4] [Information] SkyApm.InstrumentStartup : Started SkyAPM .NET Core Agent.
2023-04-14 13:35:24.287 +08:00 [arsidentityserver4] [Information] SkyApm.Diagnostics.TracingDiagnosticProcessorObserver : Loaded diagnostic listener [Grpc.Net.Client].
2023-04-14 13:35:24.288 +08:00 [arsidentityserver4] [Information] SkyApm.Diagnostics.TracingDiagnosticProcessorObserver : Loaded diagnostic listener [Grpc.Net.Client].
2023-04-14 13:35:24.532 +08:00 [arsidentityserver4] [Information] SkyApm.Diagnostics.TracingDiagnosticProcessorObserver : Loaded diagnostic listener [HttpHandlerDiagnosticListener].
2023-04-14 13:35:24.532 +08:00 [arsidentityserver4] [Information] SkyApm.Diagnostics.TracingDiagnosticProcessorObserver : Loaded diagnostic listener [HttpHandlerDiagnosticListener].
2023-04-14 13:35:24.896 +08:00 [arsidentityserver4] [Information] SkyApm.Service.RegisterService : Reported Service Instance Properties[Service=arsidentityserver4,InstanceId=172.20.64.1@2eefe53680594d92885fb1d99a976b47].
2023-04-14 13:35:24.896 +08:00 [arsidentityserver4] [Information] SkyApm.Service.RegisterService : Reported Service Instance Properties[Service=arsidentityserver4,InstanceId=172.20.64.1@2eefe53680594d92885fb1d99a976b47].
2023-04-14 13:35:24.896 +08:00 [arsidentityserver4] [Information] SkyApm.Service.RegisterService : Reported Service Instance Properties[Service=arsidentityserver4,InstanceId=172.20.64.1@2eefe53680594d92885fb1d99a976b47].
2023-04-14 13:35:24.896 +08:00 [arsidentityserver4] [Information] SkyApm.Service.RegisterService : Reported Service Instance Properties[Service=arsidentityserver4,InstanceId=172.20.64.1@2eefe53680594d92885fb1d99a976b47].
2023-04-14 13:35:36.149 +08:00 [arsidentityserver4] [Information] SkyApm.Transport.Grpc.SegmentReporter : Report 3 logs. cost: 00:00:00.0379190s
2023-04-14 13:35:39.115 +08:00 [arsidentityserver4] [Information] SkyApm.Transport.Grpc.SegmentReporter : Report 2 logs. cost: 00:00:00.0055089s
2023-04-14 13:35:39.148 +08:00 [arsidentityserver4] [Information] SkyApm.Transport.Grpc.V8.SegmentReporter : Report 2 trace segment. cost: 00:00:00.0287597s
2023-04-14 13:35:39.148 +08:00 [arsidentityserver4] [Information] SkyApm.Transport.Grpc.V8.SegmentReporter : Report 1 trace segment. cost: 00:00:00.0287514s
2023-04-14 13:35:42.125 +08:00 [arsidentityserver4] [Information] SkyApm.Transport.Grpc.V8.SegmentReporter : Report 1 trace segment. cost: 00:00:00.0134816s
2023-04-14 13:35:42.127 +08:00 [arsidentityserver4] [Information] SkyApm.Transport.Grpc.V8.SegmentReporter : Report 2 trace segment. cost: 00:00:00.0154849s
2023-04-14 13:35:42.127 +08:00 [arsidentityserver4] [Information] SkyApm.Transport.Grpc.SegmentReporter : Report 3 logs. cost: 00:00:00.0156130s
2023-04-14 13:35:42.127 +08:00 [arsidentityserver4] [Information] SkyApm.Transport.Grpc.SegmentReporter : Report 2 logs. cost: 00:00:00.0156164s
2023-04-14 13:36:28.026 +08:00 [arsidentityserver4] [Information] SkyApm.InstrumentStartup : Initializing ...
2023-04-14 13:36:28.093 +08:00 [arsidentityserver4] [Information] SkyApm.Service.RegisterService : Loaded instrument service [SkyApm.Service.RegisterService].
2023-04-14 13:36:28.094 +08:00 [arsidentityserver4] [Information] SkyApm.Service.LogReportService : Loaded instrument service [SkyApm.Service.LogReportService].
2023-04-14 13:36:28.094 +08:00 [arsidentityserver4] [Information] SkyApm.Service.PingService : Loaded instrument service [SkyApm.Service.PingService].
2023-04-14 13:36:28.094 +08:00 [arsidentityserver4] [Information] SkyApm.Service.SegmentReportService : Loaded instrument service [SkyApm.Service.SegmentReportService].
2023-04-14 13:36:28.094 +08:00 [arsidentityserver4] [Information] SkyApm.Service.CLRStatsService : Loaded instrument service [SkyApm.Service.CLRStatsService].
2023-04-14 13:36:28.094 +08:00 [arsidentityserver4] [Information] SkyApm.Sampling.SimpleCountSamplingInterceptor : Loaded instrument service [SkyApm.Sampling.SimpleCountSamplingInterceptor].
2023-04-14 13:36:28.094 +08:00 [arsidentityserver4] [Information] SkyApm.Transport.Grpc.ConnectService : Loaded instrument service [SkyApm.Transport.Grpc.ConnectService].
2023-04-14 13:36:28.095 +08:00 [arsidentityserver4] [Information] SkyApm.Service.RegisterService : Loaded instrument service [SkyApm.Service.RegisterService].
2023-04-14 13:36:28.095 +08:00 [arsidentityserver4] [Information] SkyApm.Service.LogReportService : Loaded instrument service [SkyApm.Service.LogReportService].
2023-04-14 13:36:28.095 +08:00 [arsidentityserver4] [Information] SkyApm.Service.PingService : Loaded instrument service [SkyApm.Service.PingService].
2023-04-14 13:36:28.095 +08:00 [arsidentityserver4] [Information] SkyApm.Service.SegmentReportService : Loaded instrument service [SkyApm.Service.SegmentReportService].
2023-04-14 13:36:28.095 +08:00 [arsidentityserver4] [Information] SkyApm.Service.CLRStatsService : Loaded instrument service [SkyApm.Service.CLRStatsService].
2023-04-14 13:36:28.095 +08:00 [arsidentityserver4] [Information] SkyApm.Sampling.SimpleCountSamplingInterceptor : Loaded instrument service [SkyApm.Sampling.SimpleCountSamplingInterceptor].
2023-04-14 13:36:28.095 +08:00 [arsidentityserver4] [Information] SkyApm.Transport.Grpc.ConnectService : Loaded instrument service [SkyApm.Transport.Grpc.ConnectService].
2023-04-14 13:36:28.288 +08:00 [arsidentityserver4] [Information] SkyApm.Transport.Grpc.ConnectionManager : Connected server[127.0.0.1:11800].
2023-04-14 13:36:28.292 +08:00 [arsidentityserver4] [Information] SkyApm.Diagnostics.TracingDiagnosticProcessorObserver : Loaded diagnostic listener [Microsoft.AspNetCore].
2023-04-14 13:36:28.293 +08:00 [arsidentityserver4] [Information] SkyApm.InstrumentStartup : Started SkyAPM .NET Core Agent.
2023-04-14 13:36:28.293 +08:00 [arsidentityserver4] [Information] SkyApm.InstrumentStartup : Initializing ...
2023-04-14 13:36:28.293 +08:00 [arsidentityserver4] [Information] SkyApm.Service.RegisterService : Loaded instrument service [SkyApm.Service.RegisterService].
2023-04-14 13:36:28.293 +08:00 [arsidentityserver4] [Information] SkyApm.Service.LogReportService : Loaded instrument service [SkyApm.Service.LogReportService].
2023-04-14 13:36:28.293 +08:00 [arsidentityserver4] [Information] SkyApm.Service.PingService : Loaded instrument service [SkyApm.Service.PingService].
2023-04-14 13:36:28.293 +08:00 [arsidentityserver4] [Information] SkyApm.Service.SegmentReportService : Loaded instrument service [SkyApm.Service.SegmentReportService].
2023-04-14 13:36:28.293 +08:00 [arsidentityserver4] [Information] SkyApm.Service.CLRStatsService : Loaded instrument service [SkyApm.Service.CLRStatsService].
2023-04-14 13:36:28.293 +08:00 [arsidentityserver4] [Information] SkyApm.Sampling.SimpleCountSamplingInterceptor : Loaded instrument service [SkyApm.Sampling.SimpleCountSamplingInterceptor].
2023-04-14 13:36:28.293 +08:00 [arsidentityserver4] [Information] SkyApm.Transport.Grpc.ConnectService : Loaded instrument service [SkyApm.Transport.Grpc.ConnectService].
2023-04-14 13:36:28.293 +08:00 [arsidentityserver4] [Information] SkyApm.Service.RegisterService : Loaded instrument service [SkyApm.Service.RegisterService].
2023-04-14 13:36:28.293 +08:00 [arsidentityserver4] [Information] SkyApm.Service.LogReportService : Loaded instrument service [SkyApm.Service.LogReportService].
2023-04-14 13:36:28.293 +08:00 [arsidentityserver4] [Information] SkyApm.Service.PingService : Loaded instrument service [SkyApm.Service.PingService].
2023-04-14 13:36:28.293 +08:00 [arsidentityserver4] [Information] SkyApm.Service.SegmentReportService : Loaded instrument service [SkyApm.Service.SegmentReportService].
2023-04-14 13:36:28.294 +08:00 [arsidentityserver4] [Information] SkyApm.Service.CLRStatsService : Loaded instrument service [SkyApm.Service.CLRStatsService].
2023-04-14 13:36:28.295 +08:00 [arsidentityserver4] [Information] SkyApm.Sampling.SimpleCountSamplingInterceptor : Loaded instrument service [SkyApm.Sampling.SimpleCountSamplingInterceptor].
2023-04-14 13:36:28.295 +08:00 [arsidentityserver4] [Information] SkyApm.Transport.Grpc.ConnectService : Loaded instrument service [SkyApm.Transport.Grpc.ConnectService].
2023-04-14 13:36:28.297 +08:00 [arsidentityserver4] [Information] SkyApm.Diagnostics.TracingDiagnosticProcessorObserver : Loaded diagnostic listener [Microsoft.AspNetCore].
2023-04-14 13:36:28.297 +08:00 [arsidentityserver4] [Information] SkyApm.InstrumentStartup : Started SkyAPM .NET Core Agent.
2023-04-14 13:36:28.378 +08:00 [arsidentityserver4] [Information] SkyApm.Diagnostics.TracingDiagnosticProcessorObserver : Loaded diagnostic listener [Grpc.Net.Client].
2023-04-14 13:36:28.378 +08:00 [arsidentityserver4] [Information] SkyApm.Diagnostics.TracingDiagnosticProcessorObserver : Loaded diagnostic listener [Grpc.Net.Client].
2023-04-14 13:36:28.520 +08:00 [arsidentityserver4] [Information] SkyApm.Diagnostics.TracingDiagnosticProcessorObserver : Loaded diagnostic listener [HttpHandlerDiagnosticListener].
2023-04-14 13:36:28.520 +08:00 [arsidentityserver4] [Information] SkyApm.Diagnostics.TracingDiagnosticProcessorObserver : Loaded diagnostic listener [HttpHandlerDiagnosticListener].
2023-04-14 13:36:28.829 +08:00 [arsidentityserver4] [Information] SkyApm.Service.RegisterService : Reported Service Instance Properties[Service=arsidentityserver4,InstanceId=172.20.64.1@7f67eb3200494ef4b6aecbd95cf9f133].
2023-04-14 13:36:28.829 +08:00 [arsidentityserver4] [Information] SkyApm.Service.RegisterService : Reported Service Instance Properties[Service=arsidentityserver4,InstanceId=172.20.64.1@7f67eb3200494ef4b6aecbd95cf9f133].
2023-04-14 13:36:28.829 +08:00 [arsidentityserver4] [Information] SkyApm.Service.RegisterService : Reported Service Instance Properties[Service=arsidentityserver4,InstanceId=172.20.64.1@7f67eb3200494ef4b6aecbd95cf9f133].
2023-04-14 13:36:28.829 +08:00 [arsidentityserver4] [Information] SkyApm.Service.RegisterService : Reported Service Instance Properties[Service=arsidentityserver4,InstanceId=172.20.64.1@7f67eb3200494ef4b6aecbd95cf9f133].
2023-04-14 13:37:28.351 +08:00 [arsidentityserver4] [Information] SkyApm.Service.PingService : Ping server @2023/4/14 5:37:28 +00:00
2023-04-14 13:37:28.355 +08:00 [arsidentityserver4] [Information] SkyApm.Service.PingService : Ping server @2023/4/14 5:37:28 +00:00
2023-04-14 13:37:28.359 +08:00 [arsidentityserver4] [Information] SkyApm.Service.PingService : Ping server @2023/4/14 5:37:28 +00:00
2023-04-14 13:37:28.406 +08:00 [arsidentityserver4] [Information] SkyApm.Service.PingService : Ping server @2023/4/14 5:37:28 +00:00
2023-04-14 13:37:28.427 +08:00 [arsidentityserver4] [Information] SkyApm.Service.CLRStatsService : Report CLR Stats. CPU UsagePercent 0 GenCollectCount 0 0 0 25M ThreadPool 32759 32767 999 1000
2023-04-14 13:37:28.427 +08:00 [arsidentityserver4] [Information] SkyApm.Service.CLRStatsService : Report CLR Stats. CPU UsagePercent 0 GenCollectCount 0 0 0 25M ThreadPool 32759 32767 1000 1000
2023-04-14 13:37:28.427 +08:00 [arsidentityserver4] [Information] SkyApm.Service.CLRStatsService : Report CLR Stats. CPU UsagePercent 0 GenCollectCount 0 0 0 25M ThreadPool 32759 32767 1000 1000
2023-04-14 13:37:28.427 +08:00 [arsidentityserver4] [Information] SkyApm.Service.CLRStatsService : Report CLR Stats. CPU UsagePercent 0 GenCollectCount 0 0 0 25M ThreadPool 32759 32767 1000 1000
2023-04-14 13:37:28.427 +08:00 [arsidentityserver4] [Information] SkyApm.Service.CLRStatsService : Report CLR Stats. CPU UsagePercent 0 GenCollectCount 0 0 0 25M ThreadPool 32759 32767 1000 1000
2023-04-14 13:37:28.427 +08:00 [arsidentityserver4] [Information] SkyApm.Service.CLRStatsService : Report CLR Stats. CPU UsagePercent 0 GenCollectCount 0 0 0 25M ThreadPool 32759 32767 1000 1000
2023-04-14 13:37:28.427 +08:00 [arsidentityserver4] [Information] SkyApm.Service.CLRStatsService : Report CLR Stats. CPU UsagePercent 0 GenCollectCount 0 0 0 25M ThreadPool 32759 32767 999 1000
2023-04-14 13:37:28.427 +08:00 [arsidentityserver4] [Information] SkyApm.Service.CLRStatsService : Report CLR Stats. CPU UsagePercent 0 GenCollectCount 0 0 0 25M ThreadPool 32759 32767 1000 1000
2023-04-14 13:37:28.427 +08:00 [arsidentityserver4] [Information] SkyApm.Transport.Grpc.SegmentReporter : Report 3 logs. cost: 00:00:00.2250385s
2023-04-14 13:37:28.429 +08:00 [arsidentityserver4] [Information] SkyApm.Transport.Grpc.V8.SegmentReporter : Report 1 trace segment. cost: 00:00:00.2242011s
2023-04-14 13:37:59.584 +08:00 [arsidentityserver4] [Information] SkyApm.Service.PingService : Ping server @2023/4/14 5:37:59 +00:00
2023-04-14 13:37:59.587 +08:00 [arsidentityserver4] [Information] SkyApm.Service.CLRStatsService : Report CLR Stats. CPU UsagePercent 0 GenCollectCount 0 0 0 27M ThreadPool 32759 32767 1000 1000
2023-04-14 13:37:59.600 +08:00 [arsidentityserver4] [Information] SkyApm.Service.PingService : Ping server @2023/4/14 5:37:59 +00:00
2023-04-14 13:37:59.601 +08:00 [arsidentityserver4] [Information] SkyApm.Service.PingService : Ping server @2023/4/14 5:37:59 +00:00
2023-04-14 13:37:59.601 +08:00 [arsidentityserver4] [Information] SkyApm.Service.CLRStatsService : Report CLR Stats. CPU UsagePercent 0 GenCollectCount 0 0 0 27M ThreadPool 32759 32767 1000 1000
2023-04-14 13:37:59.601 +08:00 [arsidentityserver4] [Information] SkyApm.Service.PingService : Ping server @2023/4/14 5:37:59 +00:00
2023-04-14 13:37:59.608 +08:00 [arsidentityserver4] [Information] SkyApm.Service.CLRStatsService : Report CLR Stats. CPU UsagePercent 0 GenCollectCount 0 0 0 27M ThreadPool 32759 32767 1000 1000
2023-04-14 13:37:59.608 +08:00 [arsidentityserver4] [Information] SkyApm.Service.CLRStatsService : Report CLR Stats. CPU UsagePercent 0 GenCollectCount 0 0 0 26M ThreadPool 32759 32767 1000 1000
2023-04-14 13:41:11.685 +08:00 [arsidentityserver4] [Information] SkyApm.InstrumentStartup : Initializing ...
2023-04-14 13:41:11.759 +08:00 [arsidentityserver4] [Information] SkyApm.Service.RegisterService : Loaded instrument service [SkyApm.Service.RegisterService].
2023-04-14 13:41:11.759 +08:00 [arsidentityserver4] [Information] SkyApm.Service.LogReportService : Loaded instrument service [SkyApm.Service.LogReportService].
2023-04-14 13:41:11.759 +08:00 [arsidentityserver4] [Information] SkyApm.Service.PingService : Loaded instrument service [SkyApm.Service.PingService].
2023-04-14 13:41:11.760 +08:00 [arsidentityserver4] [Information] SkyApm.Service.SegmentReportService : Loaded instrument service [SkyApm.Service.SegmentReportService].
2023-04-14 13:41:11.760 +08:00 [arsidentityserver4] [Information] SkyApm.Service.CLRStatsService : Loaded instrument service [SkyApm.Service.CLRStatsService].
2023-04-14 13:41:11.760 +08:00 [arsidentityserver4] [Information] SkyApm.Sampling.SimpleCountSamplingInterceptor : Loaded instrument service [SkyApm.Sampling.SimpleCountSamplingInterceptor].
2023-04-14 13:41:11.760 +08:00 [arsidentityserver4] [Information] SkyApm.Transport.Grpc.ConnectService : Loaded instrument service [SkyApm.Transport.Grpc.ConnectService].
2023-04-14 13:41:11.760 +08:00 [arsidentityserver4] [Information] SkyApm.Service.RegisterService : Loaded instrument service [SkyApm.Service.RegisterService].
2023-04-14 13:41:11.760 +08:00 [arsidentityserver4] [Information] SkyApm.Service.LogReportService : Loaded instrument service [SkyApm.Service.LogReportService].
2023-04-14 13:41:11.760 +08:00 [arsidentityserver4] [Information] SkyApm.Service.PingService : Loaded instrument service [SkyApm.Service.PingService].
2023-04-14 13:41:11.760 +08:00 [arsidentityserver4] [Information] SkyApm.Service.SegmentReportService : Loaded instrument service [SkyApm.Service.SegmentReportService].
2023-04-14 13:41:11.760 +08:00 [arsidentityserver4] [Information] SkyApm.Service.CLRStatsService : Loaded instrument service [SkyApm.Service.CLRStatsService].
2023-04-14 13:41:11.760 +08:00 [arsidentityserver4] [Information] SkyApm.Sampling.SimpleCountSamplingInterceptor : Loaded instrument service [SkyApm.Sampling.SimpleCountSamplingInterceptor].
2023-04-14 13:41:11.760 +08:00 [arsidentityserver4] [Information] SkyApm.Transport.Grpc.ConnectService : Loaded instrument service [SkyApm.Transport.Grpc.ConnectService].
2023-04-14 13:41:12.000 +08:00 [arsidentityserver4] [Information] SkyApm.Transport.Grpc.ConnectionManager : Connected server[127.0.0.1:11800].
2023-04-14 13:41:12.007 +08:00 [arsidentityserver4] [Information] SkyApm.Diagnostics.TracingDiagnosticProcessorObserver : Loaded diagnostic listener [Microsoft.AspNetCore].
2023-04-14 13:41:12.008 +08:00 [arsidentityserver4] [Information] SkyApm.InstrumentStartup : Started SkyAPM .NET Core Agent.
2023-04-14 13:41:12.008 +08:00 [arsidentityserver4] [Information] SkyApm.InstrumentStartup : Initializing ...
2023-04-14 13:41:12.008 +08:00 [arsidentityserver4] [Information] SkyApm.Service.RegisterService : Loaded instrument service [SkyApm.Service.RegisterService].
2023-04-14 13:41:12.008 +08:00 [arsidentityserver4] [Information] SkyApm.Service.LogReportService : Loaded instrument service [SkyApm.Service.LogReportService].
2023-04-14 13:41:12.008 +08:00 [arsidentityserver4] [Information] SkyApm.Service.PingService : Loaded instrument service [SkyApm.Service.PingService].
2023-04-14 13:41:12.008 +08:00 [arsidentityserver4] [Information] SkyApm.Service.SegmentReportService : Loaded instrument service [SkyApm.Service.SegmentReportService].
2023-04-14 13:41:12.008 +08:00 [arsidentityserver4] [Information] SkyApm.Service.CLRStatsService : Loaded instrument service [SkyApm.Service.CLRStatsService].
2023-04-14 13:41:12.008 +08:00 [arsidentityserver4] [Information] SkyApm.Sampling.SimpleCountSamplingInterceptor : Loaded instrument service [SkyApm.Sampling.SimpleCountSamplingInterceptor].
2023-04-14 13:41:12.008 +08:00 [arsidentityserver4] [Information] SkyApm.Transport.Grpc.ConnectService : Loaded instrument service [SkyApm.Transport.Grpc.ConnectService].
2023-04-14 13:41:12.010 +08:00 [arsidentityserver4] [Information] SkyApm.Service.RegisterService : Loaded instrument service [SkyApm.Service.RegisterService].
2023-04-14 13:41:12.010 +08:00 [arsidentityserver4] [Information] SkyApm.Service.LogReportService : Loaded instrument service [SkyApm.Service.LogReportService].
2023-04-14 13:41:12.010 +08:00 [arsidentityserver4] [Information] SkyApm.Service.PingService : Loaded instrument service [SkyApm.Service.PingService].
2023-04-14 13:41:12.010 +08:00 [arsidentityserver4] [Information] SkyApm.Service.SegmentReportService : Loaded instrument service [SkyApm.Service.SegmentReportService].
2023-04-14 13:41:12.011 +08:00 [arsidentityserver4] [Information] SkyApm.Service.CLRStatsService : Loaded instrument service [SkyApm.Service.CLRStatsService].
2023-04-14 13:41:12.011 +08:00 [arsidentityserver4] [Information] SkyApm.Sampling.SimpleCountSamplingInterceptor : Loaded instrument service [SkyApm.Sampling.SimpleCountSamplingInterceptor].
2023-04-14 13:41:12.011 +08:00 [arsidentityserver4] [Information] SkyApm.Transport.Grpc.ConnectService : Loaded instrument service [SkyApm.Transport.Grpc.ConnectService].
2023-04-14 13:41:12.013 +08:00 [arsidentityserver4] [Information] SkyApm.Diagnostics.TracingDiagnosticProcessorObserver : Loaded diagnostic listener [Microsoft.AspNetCore].
2023-04-14 13:41:12.013 +08:00 [arsidentityserver4] [Information] SkyApm.InstrumentStartup : Started SkyAPM .NET Core Agent.
2023-04-14 13:41:12.100 +08:00 [arsidentityserver4] [Information] SkyApm.Diagnostics.TracingDiagnosticProcessorObserver : Loaded diagnostic listener [Grpc.Net.Client].
2023-04-14 13:41:12.100 +08:00 [arsidentityserver4] [Information] SkyApm.Diagnostics.TracingDiagnosticProcessorObserver : Loaded diagnostic listener [Grpc.Net.Client].
2023-04-14 13:41:12.245 +08:00 [arsidentityserver4] [Information] SkyApm.Diagnostics.TracingDiagnosticProcessorObserver : Loaded diagnostic listener [HttpHandlerDiagnosticListener].
2023-04-14 13:41:12.245 +08:00 [arsidentityserver4] [Information] SkyApm.Diagnostics.TracingDiagnosticProcessorObserver : Loaded diagnostic listener [HttpHandlerDiagnosticListener].
2023-04-14 13:41:12.483 +08:00 [arsidentityserver4] [Information] SkyApm.Service.RegisterService : Reported Service Instance Properties[Service=arsidentityserver4,InstanceId=172.20.64.1@d2652329766a4a1388c16bc0eddbac3b].
2023-04-14 13:41:12.483 +08:00 [arsidentityserver4] [Information] SkyApm.Service.RegisterService : Reported Service Instance Properties[Service=arsidentityserver4,InstanceId=172.20.64.1@d2652329766a4a1388c16bc0eddbac3b].
2023-04-14 13:41:12.510 +08:00 [arsidentityserver4] [Information] SkyApm.Service.RegisterService : Reported Service Instance Properties[Service=arsidentityserver4,InstanceId=172.20.64.1@d2652329766a4a1388c16bc0eddbac3b].
2023-04-14 13:41:12.521 +08:00 [arsidentityserver4] [Information] SkyApm.Service.RegisterService : Reported Service Instance Properties[Service=arsidentityserver4,InstanceId=172.20.64.1@d2652329766a4a1388c16bc0eddbac3b].
2023-04-14 13:41:42.178 +08:00 [arsidentityserver4] [Information] SkyApm.Service.PingService : Ping server @2023/4/14 5:41:42 +00:00
2023-04-14 13:41:42.178 +08:00 [arsidentityserver4] [Information] SkyApm.Service.PingService : Ping server @2023/4/14 5:41:42 +00:00
2023-04-14 13:41:42.178 +08:00 [arsidentityserver4] [Information] SkyApm.Service.PingService : Ping server @2023/4/14 5:41:42 +00:00
2023-04-14 13:41:42.180 +08:00 [arsidentityserver4] [Information] SkyApm.Service.PingService : Ping server @2023/4/14 5:41:42 +00:00
2023-04-14 13:41:42.199 +08:00 [arsidentityserver4] [Information] SkyApm.Service.CLRStatsService : Report CLR Stats. CPU UsagePercent 0 GenCollectCount 0 0 0 26M ThreadPool 32758 32767 1000 1000
2023-04-14 13:41:42.199 +08:00 [arsidentityserver4] [Information] SkyApm.Service.CLRStatsService : Report CLR Stats. CPU UsagePercent 0 GenCollectCount 0 0 0 26M ThreadPool 32758 32767 1000 1000
2023-04-14 13:41:42.199 +08:00 [arsidentityserver4] [Information] SkyApm.Service.CLRStatsService : Report CLR Stats. CPU UsagePercent 0 GenCollectCount 0 0 0 26M ThreadPool 32758 32767 1000 1000
2023-04-14 13:41:42.199 +08:00 [arsidentityserver4] [Information] SkyApm.Service.CLRStatsService : Report CLR Stats. CPU UsagePercent 0 GenCollectCount 0 0 0 26M ThreadPool 32758 32767 1000 1000
2023-04-14 13:41:42.215 +08:00 [arsidentityserver4] [Information] SkyApm.Transport.Grpc.SegmentReporter : Report 3 logs. cost: 00:00:00.0949600s
2023-04-14 13:41:42.215 +08:00 [arsidentityserver4] [Information] SkyApm.Transport.Grpc.V8.SegmentReporter : Report 1 trace segment. cost: 00:00:00.0932469s
2023-04-14 13:41:42.485 +08:00 [arsidentityserver4] [Information] SkyApm.Transport.Grpc.V8.SegmentReporter : Report 1 trace segment. cost: 00:00:00.0081998s
2023-04-14 13:41:42.486 +08:00 [arsidentityserver4] [Information] SkyApm.Transport.Grpc.SegmentReporter : Report 1 logs. cost: 00:00:00.0073314s
2023-04-14 13:41:45.477 +08:00 [arsidentityserver4] [Information] SkyApm.Transport.Grpc.SegmentReporter : Report 1 logs. cost: 00:00:00.0064224s
2023-04-14 13:41:45.477 +08:00 [arsidentityserver4] [Information] SkyApm.Transport.Grpc.V8.SegmentReporter : Report 1 trace segment. cost: 00:00:00.0065828s
2023-04-14 13:42:03.623 +08:00 [arsidentityserver4] [Information] SkyApm.Transport.Grpc.V8.SegmentReporter : Report 3 trace segment. cost: 00:00:00.0078736s
2023-04-14 13:42:03.625 +08:00 [arsidentityserver4] [Information] SkyApm.Transport.Grpc.SegmentReporter : Report 5 logs. cost: 00:00:00.0097721s
2023-04-14 13:44:39.361 +08:00 [arsidentityserver4] [Information] SkyApm.InstrumentStartup : Initializing ...
2023-04-14 13:44:39.407 +08:00 [arsidentityserver4] [Information] SkyApm.Service.RegisterService : Loaded instrument service [SkyApm.Service.RegisterService].
2023-04-14 13:44:39.411 +08:00 [arsidentityserver4] [Information] SkyApm.Service.LogReportService : Loaded instrument service [SkyApm.Service.LogReportService].
2023-04-14 13:44:39.411 +08:00 [arsidentityserver4] [Information] SkyApm.Service.PingService : Loaded instrument service [SkyApm.Service.PingService].
2023-04-14 13:44:39.411 +08:00 [arsidentityserver4] [Information] SkyApm.Service.SegmentReportService : Loaded instrument service [SkyApm.Service.SegmentReportService].
2023-04-14 13:44:39.411 +08:00 [arsidentityserver4] [Information] SkyApm.Service.CLRStatsService : Loaded instrument service [SkyApm.Service.CLRStatsService].
2023-04-14 13:44:39.411 +08:00 [arsidentityserver4] [Information] SkyApm.Sampling.SimpleCountSamplingInterceptor : Loaded instrument service [SkyApm.Sampling.SimpleCountSamplingInterceptor].
2023-04-14 13:44:39.411 +08:00 [arsidentityserver4] [Information] SkyApm.Transport.Grpc.ConnectService : Loaded instrument service [SkyApm.Transport.Grpc.ConnectService].
2023-04-14 13:44:39.411 +08:00 [arsidentityserver4] [Information] SkyApm.Service.RegisterService : Loaded instrument service [SkyApm.Service.RegisterService].
2023-04-14 13:44:39.411 +08:00 [arsidentityserver4] [Information] SkyApm.Service.LogReportService : Loaded instrument service [SkyApm.Service.LogReportService].
2023-04-14 13:44:39.411 +08:00 [arsidentityserver4] [Information] SkyApm.Service.PingService : Loaded instrument service [SkyApm.Service.PingService].
2023-04-14 13:44:39.411 +08:00 [arsidentityserver4] [Information] SkyApm.Service.SegmentReportService : Loaded instrument service [SkyApm.Service.SegmentReportService].
2023-04-14 13:44:39.411 +08:00 [arsidentityserver4] [Information] SkyApm.Service.CLRStatsService : Loaded instrument service [SkyApm.Service.CLRStatsService].
2023-04-14 13:44:39.411 +08:00 [arsidentityserver4] [Information] SkyApm.Sampling.SimpleCountSamplingInterceptor : Loaded instrument service [SkyApm.Sampling.SimpleCountSamplingInterceptor].
2023-04-14 13:44:39.412 +08:00 [arsidentityserver4] [Information] SkyApm.Transport.Grpc.ConnectService : Loaded instrument service [SkyApm.Transport.Grpc.ConnectService].
2023-04-14 13:44:39.508 +08:00 [arsidentityserver4] [Information] SkyApm.Transport.Grpc.ConnectionManager : Connected server[127.0.0.1:11800].
2023-04-14 13:44:39.533 +08:00 [arsidentityserver4] [Information] SkyApm.Diagnostics.TracingDiagnosticProcessorObserver : Loaded diagnostic listener [Microsoft.AspNetCore].
2023-04-14 13:44:39.533 +08:00 [arsidentityserver4] [Information] SkyApm.InstrumentStartup : Started SkyAPM .NET Core Agent.
2023-04-14 13:44:39.533 +08:00 [arsidentityserver4] [Information] SkyApm.InstrumentStartup : Initializing ...
2023-04-14 13:44:39.533 +08:00 [arsidentityserver4] [Information] SkyApm.Service.RegisterService : Loaded instrument service [SkyApm.Service.RegisterService].
2023-04-14 13:44:39.533 +08:00 [arsidentityserver4] [Information] SkyApm.Service.LogReportService : Loaded instrument service [SkyApm.Service.LogReportService].
2023-04-14 13:44:39.533 +08:00 [arsidentityserver4] [Information] SkyApm.Service.PingService : Loaded instrument service [SkyApm.Service.PingService].
2023-04-14 13:44:39.533 +08:00 [arsidentityserver4] [Information] SkyApm.Service.SegmentReportService : Loaded instrument service [SkyApm.Service.SegmentReportService].
2023-04-14 13:44:39.533 +08:00 [arsidentityserver4] [Information] SkyApm.Service.CLRStatsService : Loaded instrument service [SkyApm.Service.CLRStatsService].
2023-04-14 13:44:39.533 +08:00 [arsidentityserver4] [Information] SkyApm.Sampling.SimpleCountSamplingInterceptor : Loaded instrument service [SkyApm.Sampling.SimpleCountSamplingInterceptor].
2023-04-14 13:44:39.533 +08:00 [arsidentityserver4] [Information] SkyApm.Transport.Grpc.ConnectService : Loaded instrument service [SkyApm.Transport.Grpc.ConnectService].
2023-04-14 13:44:39.533 +08:00 [arsidentityserver4] [Information] SkyApm.Service.RegisterService : Loaded instrument service [SkyApm.Service.RegisterService].
2023-04-14 13:44:39.533 +08:00 [arsidentityserver4] [Information] SkyApm.Service.LogReportService : Loaded instrument service [SkyApm.Service.LogReportService].
2023-04-14 13:44:39.533 +08:00 [arsidentityserver4] [Information] SkyApm.Service.PingService : Loaded instrument service [SkyApm.Service.PingService].
2023-04-14 13:44:39.533 +08:00 [arsidentityserver4] [Information] SkyApm.Service.SegmentReportService : Loaded instrument service [SkyApm.Service.SegmentReportService].
2023-04-14 13:44:39.533 +08:00 [arsidentityserver4] [Information] SkyApm.Service.CLRStatsService : Loaded instrument service [SkyApm.Service.CLRStatsService].
2023-04-14 13:44:39.533 +08:00 [arsidentityserver4] [Information] SkyApm.Sampling.SimpleCountSamplingInterceptor : Loaded instrument service [SkyApm.Sampling.SimpleCountSamplingInterceptor].
2023-04-14 13:44:39.533 +08:00 [arsidentityserver4] [Information] SkyApm.Transport.Grpc.ConnectService : Loaded instrument service [SkyApm.Transport.Grpc.ConnectService].
2023-04-14 13:44:39.534 +08:00 [arsidentityserver4] [Information] SkyApm.Diagnostics.TracingDiagnosticProcessorObserver : Loaded diagnostic listener [Microsoft.AspNetCore].
2023-04-14 13:44:39.534 +08:00 [arsidentityserver4] [Information] SkyApm.InstrumentStartup : Started SkyAPM .NET Core Agent.
2023-04-14 13:44:39.642 +08:00 [arsidentityserver4] [Information] SkyApm.Diagnostics.TracingDiagnosticProcessorObserver : Loaded diagnostic listener [Grpc.Net.Client].
2023-04-14 13:44:39.642 +08:00 [arsidentityserver4] [Information] SkyApm.Diagnostics.TracingDiagnosticProcessorObserver : Loaded diagnostic listener [Grpc.Net.Client].
2023-04-14 13:44:40.059 +08:00 [arsidentityserver4] [Information] SkyApm.Diagnostics.TracingDiagnosticProcessorObserver : Loaded diagnostic listener [HttpHandlerDiagnosticListener].
2023-04-14 13:44:40.059 +08:00 [arsidentityserver4] [Information] SkyApm.Diagnostics.TracingDiagnosticProcessorObserver : Loaded diagnostic listener [HttpHandlerDiagnosticListener].
2023-04-14 13:44:40.394 +08:00 [arsidentityserver4] [Information] SkyApm.Service.RegisterService : Reported Service Instance Properties[Service=arsidentityserver4,InstanceId=172.20.64.1@78cec183c10444eaa0bf0ef90c5aafcb].
2023-04-14 13:44:40.394 +08:00 [arsidentityserver4] [Information] SkyApm.Service.RegisterService : Reported Service Instance Properties[Service=arsidentityserver4,InstanceId=172.20.64.1@78cec183c10444eaa0bf0ef90c5aafcb].
2023-04-14 13:44:40.394 +08:00 [arsidentityserver4] [Information] SkyApm.Service.RegisterService : Reported Service Instance Properties[Service=arsidentityserver4,InstanceId=172.20.64.1@78cec183c10444eaa0bf0ef90c5aafcb].
2023-04-14 13:44:40.394 +08:00 [arsidentityserver4] [Information] SkyApm.Service.RegisterService : Reported Service Instance Properties[Service=arsidentityserver4,InstanceId=172.20.64.1@78cec183c10444eaa0bf0ef90c5aafcb].
2023-04-14 13:50:29.266 +08:00 [arsidentityserver4] [Information] SkyApm.InstrumentStartup : Initializing ...
2023-04-14 13:50:29.361 +08:00 [arsidentityserver4] [Information] SkyApm.Service.RegisterService : Loaded instrument service [SkyApm.Service.RegisterService].
2023-04-14 13:50:29.361 +08:00 [arsidentityserver4] [Information] SkyApm.Service.LogReportService : Loaded instrument service [SkyApm.Service.LogReportService].
2023-04-14 13:50:29.362 +08:00 [arsidentityserver4] [Information] SkyApm.Service.PingService : Loaded instrument service [SkyApm.Service.PingService].
2023-04-14 13:50:29.362 +08:00 [arsidentityserver4] [Information] SkyApm.Service.SegmentReportService : Loaded instrument service [SkyApm.Service.SegmentReportService].
2023-04-14 13:50:29.362 +08:00 [arsidentityserver4] [Information] SkyApm.Service.CLRStatsService : Loaded instrument service [SkyApm.Service.CLRStatsService].
2023-04-14 13:50:29.362 +08:00 [arsidentityserver4] [Information] SkyApm.Sampling.SimpleCountSamplingInterceptor : Loaded instrument service [SkyApm.Sampling.SimpleCountSamplingInterceptor].
2023-04-14 13:50:29.362 +08:00 [arsidentityserver4] [Information] SkyApm.Transport.Grpc.ConnectService : Loaded instrument service [SkyApm.Transport.Grpc.ConnectService].
2023-04-14 13:50:29.362 +08:00 [arsidentityserver4] [Information] SkyApm.Service.RegisterService : Loaded instrument service [SkyApm.Service.RegisterService].
2023-04-14 13:50:29.362 +08:00 [arsidentityserver4] [Information] SkyApm.Service.LogReportService : Loaded instrument service [SkyApm.Service.LogReportService].
2023-04-14 13:50:29.362 +08:00 [arsidentityserver4] [Information] SkyApm.Service.PingService : Loaded instrument service [SkyApm.Service.PingService].
2023-04-14 13:50:29.362 +08:00 [arsidentityserver4] [Information] SkyApm.Service.SegmentReportService : Loaded instrument service [SkyApm.Service.SegmentReportService].
2023-04-14 13:50:29.362 +08:00 [arsidentityserver4] [Information] SkyApm.Service.CLRStatsService : Loaded instrument service [SkyApm.Service.CLRStatsService].
2023-04-14 13:50:29.362 +08:00 [arsidentityserver4] [Information] SkyApm.Sampling.SimpleCountSamplingInterceptor : Loaded instrument service [SkyApm.Sampling.SimpleCountSamplingInterceptor].
2023-04-14 13:50:29.362 +08:00 [arsidentityserver4] [Information] SkyApm.Transport.Grpc.ConnectService : Loaded instrument service [SkyApm.Transport.Grpc.ConnectService].
2023-04-14 13:50:29.545 +08:00 [arsidentityserver4] [Information] SkyApm.Transport.Grpc.ConnectionManager : Connected server[127.0.0.1:11800].
2023-04-14 13:50:29.557 +08:00 [arsidentityserver4] [Information] SkyApm.Diagnostics.TracingDiagnosticProcessorObserver : Loaded diagnostic listener [Microsoft.AspNetCore].
2023-04-14 13:50:29.557 +08:00 [arsidentityserver4] [Information] SkyApm.InstrumentStartup : Started SkyAPM .NET Core Agent.
2023-04-14 13:50:29.557 +08:00 [arsidentityserver4] [Information] SkyApm.InstrumentStartup : Initializing ...
2023-04-14 13:50:29.557 +08:00 [arsidentityserver4] [Information] SkyApm.Service.RegisterService : Loaded instrument service [SkyApm.Service.RegisterService].
2023-04-14 13:50:29.557 +08:00 [arsidentityserver4] [Information] SkyApm.Service.LogReportService : Loaded instrument service [SkyApm.Service.LogReportService].
2023-04-14 13:50:29.557 +08:00 [arsidentityserver4] [Information] SkyApm.Service.PingService : Loaded instrument service [SkyApm.Service.PingService].
2023-04-14 13:50:29.558 +08:00 [arsidentityserver4] [Information] SkyApm.Service.SegmentReportService : Loaded instrument service [SkyApm.Service.SegmentReportService].
2023-04-14 13:50:29.558 +08:00 [arsidentityserver4] [Information] SkyApm.Service.CLRStatsService : Loaded instrument service [SkyApm.Service.CLRStatsService].
2023-04-14 13:50:29.558 +08:00 [arsidentityserver4] [Information] SkyApm.Sampling.SimpleCountSamplingInterceptor : Loaded instrument service [SkyApm.Sampling.SimpleCountSamplingInterceptor].
2023-04-14 13:50:29.558 +08:00 [arsidentityserver4] [Information] SkyApm.Transport.Grpc.ConnectService : Loaded instrument service [SkyApm.Transport.Grpc.ConnectService].
2023-04-14 13:50:29.558 +08:00 [arsidentityserver4] [Information] SkyApm.Service.RegisterService : Loaded instrument service [SkyApm.Service.RegisterService].
2023-04-14 13:50:29.558 +08:00 [arsidentityserver4] [Information] SkyApm.Service.LogReportService : Loaded instrument service [SkyApm.Service.LogReportService].
2023-04-14 13:50:29.559 +08:00 [arsidentityserver4] [Information] SkyApm.Service.PingService : Loaded instrument service [SkyApm.Service.PingService].
2023-04-14 13:50:29.559 +08:00 [arsidentityserver4] [Information] SkyApm.Service.SegmentReportService : Loaded instrument service [SkyApm.Service.SegmentReportService].
2023-04-14 13:50:29.559 +08:00 [arsidentityserver4] [Information] SkyApm.Service.CLRStatsService : Loaded instrument service [SkyApm.Service.CLRStatsService].
2023-04-14 13:50:29.559 +08:00 [arsidentityserver4] [Information] SkyApm.Sampling.SimpleCountSamplingInterceptor : Loaded instrument service [SkyApm.Sampling.SimpleCountSamplingInterceptor].
2023-04-14 13:50:29.559 +08:00 [arsidentityserver4] [Information] SkyApm.Transport.Grpc.ConnectService : Loaded instrument service [SkyApm.Transport.Grpc.ConnectService].
2023-04-14 13:50:29.560 +08:00 [arsidentityserver4] [Information] SkyApm.Diagnostics.TracingDiagnosticProcessorObserver : Loaded diagnostic listener [Microsoft.AspNetCore].
2023-04-14 13:50:29.560 +08:00 [arsidentityserver4] [Information] SkyApm.InstrumentStartup : Started SkyAPM .NET Core Agent.
2023-04-14 13:50:29.656 +08:00 [arsidentityserver4] [Information] SkyApm.Diagnostics.TracingDiagnosticProcessorObserver : Loaded diagnostic listener [Grpc.Net.Client].
2023-04-14 13:50:29.657 +08:00 [arsidentityserver4] [Information] SkyApm.Diagnostics.TracingDiagnosticProcessorObserver : Loaded diagnostic listener [Grpc.Net.Client].
2023-04-14 13:50:29.807 +08:00 [arsidentityserver4] [Information] SkyApm.Diagnostics.TracingDiagnosticProcessorObserver : Loaded diagnostic listener [HttpHandlerDiagnosticListener].
2023-04-14 13:50:29.807 +08:00 [arsidentityserver4] [Information] SkyApm.Diagnostics.TracingDiagnosticProcessorObserver : Loaded diagnostic listener [HttpHandlerDiagnosticListener].
2023-04-14 13:50:30.079 +08:00 [arsidentityserver4] [Information] SkyApm.Service.RegisterService : Reported Service Instance Properties[Service=arsidentityserver4,InstanceId=172.20.64.1@5ebd1cbf071f44cc9863ac3e8eb5e7b0].
2023-04-14 13:50:30.079 +08:00 [arsidentityserver4] [Information] SkyApm.Service.RegisterService : Reported Service Instance Properties[Service=arsidentityserver4,InstanceId=172.20.64.1@5ebd1cbf071f44cc9863ac3e8eb5e7b0].
2023-04-14 13:50:30.079 +08:00 [arsidentityserver4] [Information] SkyApm.Service.RegisterService : Reported Service Instance Properties[Service=arsidentityserver4,InstanceId=172.20.64.1@5ebd1cbf071f44cc9863ac3e8eb5e7b0].
2023-04-14 13:50:30.079 +08:00 [arsidentityserver4] [Information] SkyApm.Service.RegisterService : Reported Service Instance Properties[Service=arsidentityserver4,InstanceId=172.20.64.1@5ebd1cbf071f44cc9863ac3e8eb5e7b0].
2023-04-14 13:50:59.596 +08:00 [arsidentityserver4] [Information] SkyApm.Service.PingService : Ping server @2023/4/14 5:50:59 +00:00
2023-04-14 13:50:59.596 +08:00 [arsidentityserver4] [Information] SkyApm.Service.PingService : Ping server @2023/4/14 5:50:59 +00:00
2023-04-14 13:50:59.600 +08:00 [arsidentityserver4] [Information] SkyApm.Service.CLRStatsService : Report CLR Stats. CPU UsagePercent 0 GenCollectCount 1 1 0 7M ThreadPool 32763 32767 1000 1000
2023-04-14 13:50:59.600 +08:00 [arsidentityserver4] [Information] SkyApm.Service.CLRStatsService : Report CLR Stats. CPU UsagePercent 0 GenCollectCount 0 0 0 7M ThreadPool 32763 32767 1000 1000
2023-04-14 13:54:18.695 +08:00 [arsidentityserver4] [Information] SkyApm.InstrumentStartup : Initializing ...
2023-04-14 13:54:18.787 +08:00 [arsidentityserver4] [Information] SkyApm.Service.RegisterService : Loaded instrument service [SkyApm.Service.RegisterService].
2023-04-14 13:54:18.788 +08:00 [arsidentityserver4] [Information] SkyApm.Service.LogReportService : Loaded instrument service [SkyApm.Service.LogReportService].
2023-04-14 13:54:18.788 +08:00 [arsidentityserver4] [Information] SkyApm.Service.PingService : Loaded instrument service [SkyApm.Service.PingService].
2023-04-14 13:54:18.789 +08:00 [arsidentityserver4] [Information] SkyApm.Service.SegmentReportService : Loaded instrument service [SkyApm.Service.SegmentReportService].
2023-04-14 13:54:18.789 +08:00 [arsidentityserver4] [Information] SkyApm.Service.CLRStatsService : Loaded instrument service [SkyApm.Service.CLRStatsService].
2023-04-14 13:54:18.789 +08:00 [arsidentityserver4] [Information] SkyApm.Sampling.SimpleCountSamplingInterceptor : Loaded instrument service [SkyApm.Sampling.SimpleCountSamplingInterceptor].
2023-04-14 13:54:18.790 +08:00 [arsidentityserver4] [Information] SkyApm.Transport.Grpc.ConnectService : Loaded instrument service [SkyApm.Transport.Grpc.ConnectService].
2023-04-14 13:54:18.790 +08:00 [arsidentityserver4] [Information] SkyApm.Service.RegisterService : Loaded instrument service [SkyApm.Service.RegisterService].
2023-04-14 13:54:18.790 +08:00 [arsidentityserver4] [Information] SkyApm.Service.LogReportService : Loaded instrument service [SkyApm.Service.LogReportService].
2023-04-14 13:54:18.790 +08:00 [arsidentityserver4] [Information] SkyApm.Service.PingService : Loaded instrument service [SkyApm.Service.PingService].
2023-04-14 13:54:18.790 +08:00 [arsidentityserver4] [Information] SkyApm.Service.SegmentReportService : Loaded instrument service [SkyApm.Service.SegmentReportService].
2023-04-14 13:54:18.790 +08:00 [arsidentityserver4] [Information] SkyApm.Service.CLRStatsService : Loaded instrument service [SkyApm.Service.CLRStatsService].
2023-04-14 13:54:18.790 +08:00 [arsidentityserver4] [Information] SkyApm.Sampling.SimpleCountSamplingInterceptor : Loaded instrument service [SkyApm.Sampling.SimpleCountSamplingInterceptor].
2023-04-14 13:54:18.790 +08:00 [arsidentityserver4] [Information] SkyApm.Transport.Grpc.ConnectService : Loaded instrument service [SkyApm.Transport.Grpc.ConnectService].
2023-04-14 13:54:18.922 +08:00 [arsidentityserver4] [Information] SkyApm.Transport.Grpc.ConnectionManager : Connected server[127.0.0.1:11800].
2023-04-14 13:54:18.934 +08:00 [arsidentityserver4] [Information] SkyApm.Diagnostics.TracingDiagnosticProcessorObserver : Loaded diagnostic listener [Microsoft.AspNetCore].
2023-04-14 13:54:18.935 +08:00 [arsidentityserver4] [Information] SkyApm.InstrumentStartup : Started SkyAPM .NET Core Agent.
2023-04-14 13:54:18.935 +08:00 [arsidentityserver4] [Information] SkyApm.InstrumentStartup : Initializing ...
2023-04-14 13:54:18.935 +08:00 [arsidentityserver4] [Information] SkyApm.Service.RegisterService : Loaded instrument service [SkyApm.Service.RegisterService].
2023-04-14 13:54:18.935 +08:00 [arsidentityserver4] [Information] SkyApm.Service.LogReportService : Loaded instrument service [SkyApm.Service.LogReportService].
2023-04-14 13:54:18.935 +08:00 [arsidentityserver4] [Information] SkyApm.Service.PingService : Loaded instrument service [SkyApm.Service.PingService].
2023-04-14 13:54:18.935 +08:00 [arsidentityserver4] [Information] SkyApm.Service.SegmentReportService : Loaded instrument service [SkyApm.Service.SegmentReportService].
2023-04-14 13:54:18.935 +08:00 [arsidentityserver4] [Information] SkyApm.Service.CLRStatsService : Loaded instrument service [SkyApm.Service.CLRStatsService].
2023-04-14 13:54:18.935 +08:00 [arsidentityserver4] [Information] SkyApm.Sampling.SimpleCountSamplingInterceptor : Loaded instrument service [SkyApm.Sampling.SimpleCountSamplingInterceptor].
2023-04-14 13:54:18.935 +08:00 [arsidentityserver4] [Information] SkyApm.Transport.Grpc.ConnectService : Loaded instrument service [SkyApm.Transport.Grpc.ConnectService].
2023-04-14 13:54:18.935 +08:00 [arsidentityserver4] [Information] SkyApm.Service.RegisterService : Loaded instrument service [SkyApm.Service.RegisterService].
2023-04-14 13:54:18.935 +08:00 [arsidentityserver4] [Information] SkyApm.Service.LogReportService : Loaded instrument service [SkyApm.Service.LogReportService].
2023-04-14 13:54:18.935 +08:00 [arsidentityserver4] [Information] SkyApm.Service.PingService : Loaded instrument service [SkyApm.Service.PingService].
2023-04-14 13:54:18.935 +08:00 [arsidentityserver4] [Information] SkyApm.Service.SegmentReportService : Loaded instrument service [SkyApm.Service.SegmentReportService].
2023-04-14 13:54:18.935 +08:00 [arsidentityserver4] [Information] SkyApm.Service.CLRStatsService : Loaded instrument service [SkyApm.Service.CLRStatsService].
2023-04-14 13:54:18.935 +08:00 [arsidentityserver4] [Information] SkyApm.Sampling.SimpleCountSamplingInterceptor : Loaded instrument service [SkyApm.Sampling.SimpleCountSamplingInterceptor].
2023-04-14 13:54:18.935 +08:00 [arsidentityserver4] [Information] SkyApm.Transport.Grpc.ConnectService : Loaded instrument service [SkyApm.Transport.Grpc.ConnectService].
2023-04-14 13:54:18.936 +08:00 [arsidentityserver4] [Information] SkyApm.Diagnostics.TracingDiagnosticProcessorObserver : Loaded diagnostic listener [Microsoft.AspNetCore].
2023-04-14 13:54:18.936 +08:00 [arsidentityserver4] [Information] SkyApm.InstrumentStartup : Started SkyAPM .NET Core Agent.
2023-04-14 13:54:19.057 +08:00 [arsidentityserver4] [Information] SkyApm.Diagnostics.TracingDiagnosticProcessorObserver : Loaded diagnostic listener [Grpc.Net.Client].
2023-04-14 13:54:19.057 +08:00 [arsidentityserver4] [Information] SkyApm.Diagnostics.TracingDiagnosticProcessorObserver : Loaded diagnostic listener [Grpc.Net.Client].
2023-04-14 13:54:19.241 +08:00 [arsidentityserver4] [Information] SkyApm.Diagnostics.TracingDiagnosticProcessorObserver : Loaded diagnostic listener [HttpHandlerDiagnosticListener].
2023-04-14 13:54:19.242 +08:00 [arsidentityserver4] [Information] SkyApm.Diagnostics.TracingDiagnosticProcessorObserver : Loaded diagnostic listener [HttpHandlerDiagnosticListener].
2023-04-14 13:54:19.739 +08:00 [arsidentityserver4] [Information] SkyApm.Service.RegisterService : Reported Service Instance Properties[Service=arsidentityserver4,InstanceId=172.20.64.1@37b9961d69414bdfa8baf3daa099f4e4].
2023-04-14 13:54:19.739 +08:00 [arsidentityserver4] [Information] SkyApm.Service.RegisterService : Reported Service Instance Properties[Service=arsidentityserver4,InstanceId=172.20.64.1@37b9961d69414bdfa8baf3daa099f4e4].
2023-04-14 13:54:19.739 +08:00 [arsidentityserver4] [Information] SkyApm.Service.RegisterService : Reported Service Instance Properties[Service=arsidentityserver4,InstanceId=172.20.64.1@37b9961d69414bdfa8baf3daa099f4e4].
2023-04-14 13:54:19.739 +08:00 [arsidentityserver4] [Information] SkyApm.Service.RegisterService : Reported Service Instance Properties[Service=arsidentityserver4,InstanceId=172.20.64.1@37b9961d69414bdfa8baf3daa099f4e4].
2023-04-14 13:54:49.001 +08:00 [arsidentityserver4] [Information] SkyApm.Service.PingService : Ping server @2023/4/14 5:54:48 +00:00
2023-04-14 13:54:49.001 +08:00 [arsidentityserver4] [Information] SkyApm.Service.CLRStatsService : Report CLR Stats. CPU UsagePercent 0 GenCollectCount 1 1 0 7M ThreadPool 32763 32767 1000 1000
2023-04-14 13:54:49.001 +08:00 [arsidentityserver4] [Information] SkyApm.Service.PingService : Ping server @2023/4/14 5:54:48 +00:00
2023-04-14 13:54:49.001 +08:00 [arsidentityserver4] [Information] SkyApm.Service.CLRStatsService : Report CLR Stats. CPU UsagePercent 0 GenCollectCount 0 0 0 7M ThreadPool 32763 32767 1000 1000
2023-04-14 13:55:18.998 +08:00 [arsidentityserver4] [Information] SkyApm.Service.CLRStatsService : Report CLR Stats. CPU UsagePercent 0 GenCollectCount 0 0 0 8M ThreadPool 32762 32767 1000 1000
2023-04-14 13:55:18.998 +08:00 [arsidentityserver4] [Information] SkyApm.Service.CLRStatsService : Report CLR Stats. CPU UsagePercent 0 GenCollectCount 0 0 0 8M ThreadPool 32762 32767 1000 1000
2023-04-14 13:55:53.622 +08:00 [arsidentityserver4] [Information] SkyApm.Service.PingService : Ping server @2023/4/14 5:55:53 +00:00
2023-04-14 13:55:53.627 +08:00 [arsidentityserver4] [Information] SkyApm.Service.PingService : Ping server @2023/4/14 5:55:53 +00:00
2023-04-14 13:55:53.630 +08:00 [arsidentityserver4] [Information] SkyApm.Service.CLRStatsService : Report CLR Stats. CPU UsagePercent 10.9375 GenCollectCount 0 0 0 12M ThreadPool 32760 32767 1000 1000
2023-04-14 13:55:53.631 +08:00 [arsidentityserver4] [Information] SkyApm.Service.CLRStatsService : Report CLR Stats. CPU UsagePercent 10.9375 GenCollectCount 0 0 0 12M ThreadPool 32759 32767 1000 1000
2023-04-14 13:55:53.708 +08:00 [arsidentityserver4] [Information] SkyApm.Transport.Grpc.SegmentReporter : Report 3 logs. cost: 00:00:00.0769689s
2023-04-14 13:55:53.714 +08:00 [arsidentityserver4] [Information] SkyApm.Transport.Grpc.V8.SegmentReporter : Report 1 trace segment. cost: 00:00:00.0836383s
2023-04-14 13:55:56.596 +08:00 [arsidentityserver4] [Information] SkyApm.Transport.Grpc.SegmentReporter : Report 2 logs. cost: 00:00:00.0063741s
2023-04-14 13:55:56.598 +08:00 [arsidentityserver4] [Information] SkyApm.Transport.Grpc.V8.SegmentReporter : Report 2 trace segment. cost: 00:00:00.0084511s
2023-04-14 13:56:18.964 +08:00 [arsidentityserver4] [Information] SkyApm.Service.CLRStatsService : Report CLR Stats. CPU UsagePercent 0 GenCollectCount 0 0 0 14M ThreadPool 32756 32767 1000 1000
2023-04-14 13:56:18.973 +08:00 [arsidentityserver4] [Information] SkyApm.Service.CLRStatsService : Report CLR Stats. CPU UsagePercent 0 GenCollectCount 0 0 0 14M ThreadPool 32756 32767 1000 1000
2023-04-14 13:56:48.954 +08:00 [arsidentityserver4] [Information] SkyApm.Service.CLRStatsService : Report CLR Stats. CPU UsagePercent 0 GenCollectCount 0 0 0 15M ThreadPool 32755 32767 1000 1000
2023-04-14 13:56:48.954 +08:00 [arsidentityserver4] [Information] SkyApm.Service.PingService : Ping server @2023/4/14 5:56:48 +00:00
2023-04-14 13:56:48.954 +08:00 [arsidentityserver4] [Information] SkyApm.Service.CLRStatsService : Report CLR Stats. CPU UsagePercent 0 GenCollectCount 0 0 0 15M ThreadPool 32755 32767 1000 1000
2023-04-14 13:56:48.954 +08:00 [arsidentityserver4] [Information] SkyApm.Service.PingService : Ping server @2023/4/14 5:56:48 +00:00
2023-04-14 13:57:18.950 +08:00 [arsidentityserver4] [Information] SkyApm.Service.CLRStatsService : Report CLR Stats. CPU UsagePercent 0 GenCollectCount 0 0 0 32M ThreadPool 32762 32767 1000 1000
2023-04-14 13:57:18.950 +08:00 [arsidentityserver4] [Information] SkyApm.Service.CLRStatsService : Report CLR Stats. CPU UsagePercent 0 GenCollectCount 3 1 0 32M ThreadPool 32759 32767 1000 1000
2023-04-14 13:57:48.955 +08:00 [arsidentityserver4] [Information] SkyApm.Service.PingService : Ping server @2023/4/14 5:57:48 +00:00
2023-04-14 13:57:48.955 +08:00 [arsidentityserver4] [Information] SkyApm.Service.CLRStatsService : Report CLR Stats. CPU UsagePercent 0 GenCollectCount 0 0 0 33M ThreadPool 32758 32767 1000 1000
2023-04-14 13:57:48.955 +08:00 [arsidentityserver4] [Information] SkyApm.Service.CLRStatsService : Report CLR Stats. CPU UsagePercent 0 GenCollectCount 0 0 0 33M ThreadPool 32755 32767 1000 1000
2023-04-14 13:57:48.955 +08:00 [arsidentityserver4] [Information] SkyApm.Service.PingService : Ping server @2023/4/14 5:57:48 +00:00
2023-04-14 13:58:18.948 +08:00 [arsidentityserver4] [Information] SkyApm.Service.CLRStatsService : Report CLR Stats. CPU UsagePercent 0 GenCollectCount 0 0 0 34M ThreadPool 32763 32767 1000 1000
2023-04-14 13:58:18.948 +08:00 [arsidentityserver4] [Information] SkyApm.Service.CLRStatsService : Report CLR Stats. CPU UsagePercent 0 GenCollectCount 0 0 0 34M ThreadPool 32756 32767 1000 1000
2023-04-14 13:58:48.968 +08:00 [arsidentityserver4] [Information] SkyApm.Service.CLRStatsService : Report CLR Stats. CPU UsagePercent 0 GenCollectCount 0 0 0 35M ThreadPool 32752 32767 1000 1000
2023-04-14 13:58:48.976 +08:00 [arsidentityserver4] [Information] SkyApm.Service.PingService : Ping server @2023/4/14 5:58:48 +00:00
2023-04-14 13:58:48.976 +08:00 [arsidentityserver4] [Information] SkyApm.Service.PingService : Ping server @2023/4/14 5:58:48 +00:00
2023-04-14 13:58:48.981 +08:00 [arsidentityserver4] [Information] SkyApm.Service.CLRStatsService : Report CLR Stats. CPU UsagePercent 0 GenCollectCount 0 0 0 35M ThreadPool 32761 32767 1000 1000
2023-04-14 13:59:18.953 +08:00 [arsidentityserver4] [Information] SkyApm.Service.CLRStatsService : Report CLR Stats. CPU UsagePercent 0 GenCollectCount 0 0 0 36M ThreadPool 32759 32767 1000 1000
2023-04-14 13:59:18.953 +08:00 [arsidentityserver4] [Information] SkyApm.Service.CLRStatsService : Report CLR Stats. CPU UsagePercent 0 GenCollectCount 0 0 0 36M ThreadPool 32759 32767 1000 1000
2023-04-14 13:59:48.954 +08:00 [arsidentityserver4] [Information] SkyApm.Service.CLRStatsService : Report CLR Stats. CPU UsagePercent 0 GenCollectCount 0 0 0 37M ThreadPool 32759 32767 1000 1000
2023-04-14 13:59:48.954 +08:00 [arsidentityserver4] [Information] SkyApm.Service.PingService : Ping server @2023/4/14 5:59:48 +00:00
2023-04-14 13:59:48.954 +08:00 [arsidentityserver4] [Information] SkyApm.Service.CLRStatsService : Report CLR Stats. CPU UsagePercent 0 GenCollectCount 0 0 0 37M ThreadPool 32759 32767 1000 1000
2023-04-14 13:59:48.954 +08:00 [arsidentityserver4] [Information] SkyApm.Service.PingService : Ping server @2023/4/14 5:59:48 +00:00
2023-04-14 14:00:20.056 +08:00 [arsidentityserver4] [Information] SkyApm.Service.CLRStatsService : Report CLR Stats. CPU UsagePercent 0 GenCollectCount 0 0 0 7M ThreadPool 32757 32767 1000 1000
2023-04-14 14:00:20.058 +08:00 [arsidentityserver4] [Information] SkyApm.Service.CLRStatsService : Report CLR Stats. CPU UsagePercent 0 GenCollectCount 4 4 2 7M ThreadPool 32757 32767 1000 1000
2023-04-14 14:00:48.973 +08:00 [arsidentityserver4] [Information] SkyApm.Service.CLRStatsService : Report CLR Stats. CPU UsagePercent 0 GenCollectCount 0 0 0 7M ThreadPool 32759 32767 1000 1000
2023-04-14 14:00:48.973 +08:00 [arsidentityserver4] [Information] SkyApm.Service.PingService : Ping server @2023/4/14 6:00:48 +00:00
2023-04-14 14:00:48.973 +08:00 [arsidentityserver4] [Information] SkyApm.Service.PingService : Ping server @2023/4/14 6:00:48 +00:00
2023-04-14 14:00:48.973 +08:00 [arsidentityserver4] [Information] SkyApm.Service.CLRStatsService : Report CLR Stats. CPU UsagePercent 0 GenCollectCount 1 1 0 7M ThreadPool 32759 32767 1000 1000
2023-04-14 14:01:18.957 +08:00 [arsidentityserver4] [Information] SkyApm.Service.CLRStatsService : Report CLR Stats. CPU UsagePercent 0 GenCollectCount 0 0 0 8M ThreadPool 32757 32767 1000 1000
2023-04-14 14:01:18.957 +08:00 [arsidentityserver4] [Information] SkyApm.Service.CLRStatsService : Report CLR Stats. CPU UsagePercent 0 GenCollectCount 0 0 0 8M ThreadPool 32757 32767 1000 1000
2023-04-14 14:01:48.957 +08:00 [arsidentityserver4] [Information] SkyApm.Service.PingService : Ping server @2023/4/14 6:01:48 +00:00
2023-04-14 14:01:48.957 +08:00 [arsidentityserver4] [Information] SkyApm.Service.CLRStatsService : Report CLR Stats. CPU UsagePercent 0 GenCollectCount 0 0 0 9M ThreadPool 32755 32767 1000 1000
2023-04-14 14:01:48.957 +08:00 [arsidentityserver4] [Information] SkyApm.Service.CLRStatsService : Report CLR Stats. CPU UsagePercent 0 GenCollectCount 0 0 0 9M ThreadPool 32762 32767 1000 1000
2023-04-14 14:01:48.957 +08:00 [arsidentityserver4] [Information] SkyApm.Service.PingService : Ping server @2023/4/14 6:01:48 +00:00
2023-04-14 14:03:35.965 +08:00 [arsidentityserver4] [Information] SkyApm.InstrumentStartup : Initializing ...
2023-04-14 14:03:36.031 +08:00 [arsidentityserver4] [Information] SkyApm.Service.RegisterService : Loaded instrument service [SkyApm.Service.RegisterService].
2023-04-14 14:03:36.032 +08:00 [arsidentityserver4] [Information] SkyApm.Service.LogReportService : Loaded instrument service [SkyApm.Service.LogReportService].
2023-04-14 14:03:36.032 +08:00 [arsidentityserver4] [Information] SkyApm.Service.PingService : Loaded instrument service [SkyApm.Service.PingService].
2023-04-14 14:03:36.032 +08:00 [arsidentityserver4] [Information] SkyApm.Service.SegmentReportService : Loaded instrument service [SkyApm.Service.SegmentReportService].
2023-04-14 14:03:36.032 +08:00 [arsidentityserver4] [Information] SkyApm.Service.CLRStatsService : Loaded instrument service [SkyApm.Service.CLRStatsService].
2023-04-14 14:03:36.033 +08:00 [arsidentityserver4] [Information] SkyApm.Sampling.SimpleCountSamplingInterceptor : Loaded instrument service [SkyApm.Sampling.SimpleCountSamplingInterceptor].
2023-04-14 14:03:36.033 +08:00 [arsidentityserver4] [Information] SkyApm.Transport.Grpc.ConnectService : Loaded instrument service [SkyApm.Transport.Grpc.ConnectService].
2023-04-14 14:03:36.033 +08:00 [arsidentityserver4] [Information] SkyApm.Service.RegisterService : Loaded instrument service [SkyApm.Service.RegisterService].
2023-04-14 14:03:36.033 +08:00 [arsidentityserver4] [Information] SkyApm.Service.LogReportService : Loaded instrument service [SkyApm.Service.LogReportService].
2023-04-14 14:03:36.033 +08:00 [arsidentityserver4] [Information] SkyApm.Service.PingService : Loaded instrument service [SkyApm.Service.PingService].
2023-04-14 14:03:36.033 +08:00 [arsidentityserver4] [Information] SkyApm.Service.SegmentReportService : Loaded instrument service [SkyApm.Service.SegmentReportService].
2023-04-14 14:03:36.033 +08:00 [arsidentityserver4] [Information] SkyApm.Service.CLRStatsService : Loaded instrument service [SkyApm.Service.CLRStatsService].
2023-04-14 14:03:36.033 +08:00 [arsidentityserver4] [Information] SkyApm.Sampling.SimpleCountSamplingInterceptor : Loaded instrument service [SkyApm.Sampling.SimpleCountSamplingInterceptor].
2023-04-14 14:03:36.033 +08:00 [arsidentityserver4] [Information] SkyApm.Transport.Grpc.ConnectService : Loaded instrument service [SkyApm.Transport.Grpc.ConnectService].
2023-04-14 14:03:36.159 +08:00 [arsidentityserver4] [Information] SkyApm.Transport.Grpc.ConnectionManager : Connected server[127.0.0.1:11800].
2023-04-14 14:03:36.181 +08:00 [arsidentityserver4] [Information] SkyApm.Diagnostics.TracingDiagnosticProcessorObserver : Loaded diagnostic listener [Microsoft.AspNetCore].
2023-04-14 14:03:36.182 +08:00 [arsidentityserver4] [Information] SkyApm.InstrumentStartup : Started SkyAPM .NET Core Agent.
2023-04-14 14:03:36.182 +08:00 [arsidentityserver4] [Information] SkyApm.InstrumentStartup : Initializing ...
2023-04-14 14:03:36.182 +08:00 [arsidentityserver4] [Information] SkyApm.Service.RegisterService : Loaded instrument service [SkyApm.Service.RegisterService].
2023-04-14 14:03:36.182 +08:00 [arsidentityserver4] [Information] SkyApm.Service.LogReportService : Loaded instrument service [SkyApm.Service.LogReportService].
2023-04-14 14:03:36.182 +08:00 [arsidentityserver4] [Information] SkyApm.Service.PingService : Loaded instrument service [SkyApm.Service.PingService].
2023-04-14 14:03:36.182 +08:00 [arsidentityserver4] [Information] SkyApm.Service.SegmentReportService : Loaded instrument service [SkyApm.Service.SegmentReportService].
2023-04-14 14:03:36.182 +08:00 [arsidentityserver4] [Information] SkyApm.Service.CLRStatsService : Loaded instrument service [SkyApm.Service.CLRStatsService].
2023-04-14 14:03:36.182 +08:00 [arsidentityserver4] [Information] SkyApm.Sampling.SimpleCountSamplingInterceptor : Loaded instrument service [SkyApm.Sampling.SimpleCountSamplingInterceptor].
2023-04-14 14:03:36.182 +08:00 [arsidentityserver4] [Information] SkyApm.Transport.Grpc.ConnectService : Loaded instrument service [SkyApm.Transport.Grpc.ConnectService].
2023-04-14 14:03:36.182 +08:00 [arsidentityserver4] [Information] SkyApm.Service.RegisterService : Loaded instrument service [SkyApm.Service.RegisterService].
2023-04-14 14:03:36.183 +08:00 [arsidentityserver4] [Information] SkyApm.Service.LogReportService : Loaded instrument service [SkyApm.Service.LogReportService].
2023-04-14 14:03:36.183 +08:00 [arsidentityserver4] [Information] SkyApm.Service.PingService : Loaded instrument service [SkyApm.Service.PingService].
2023-04-14 14:03:36.183 +08:00 [arsidentityserver4] [Information] SkyApm.Service.SegmentReportService : Loaded instrument service [SkyApm.Service.SegmentReportService].
2023-04-14 14:03:36.183 +08:00 [arsidentityserver4] [Information] SkyApm.Service.CLRStatsService : Loaded instrument service [SkyApm.Service.CLRStatsService].
2023-04-14 14:03:36.183 +08:00 [arsidentityserver4] [Information] SkyApm.Sampling.SimpleCountSamplingInterceptor : Loaded instrument service [SkyApm.Sampling.SimpleCountSamplingInterceptor].
2023-04-14 14:03:36.183 +08:00 [arsidentityserver4] [Information] SkyApm.Transport.Grpc.ConnectService : Loaded instrument service [SkyApm.Transport.Grpc.ConnectService].
2023-04-14 14:03:36.184 +08:00 [arsidentityserver4] [Information] SkyApm.Diagnostics.TracingDiagnosticProcessorObserver : Loaded diagnostic listener [Microsoft.AspNetCore].
2023-04-14 14:03:36.184 +08:00 [arsidentityserver4] [Information] SkyApm.InstrumentStartup : Started SkyAPM .NET Core Agent.
2023-04-14 14:03:36.281 +08:00 [arsidentityserver4] [Information] SkyApm.Diagnostics.TracingDiagnosticProcessorObserver : Loaded diagnostic listener [Grpc.Net.Client].
2023-04-14 14:03:36.281 +08:00 [arsidentityserver4] [Information] SkyApm.Diagnostics.TracingDiagnosticProcessorObserver : Loaded diagnostic listener [Grpc.Net.Client].
2023-04-14 14:03:36.427 +08:00 [arsidentityserver4] [Information] SkyApm.Diagnostics.TracingDiagnosticProcessorObserver : Loaded diagnostic listener [HttpHandlerDiagnosticListener].
2023-04-14 14:03:36.427 +08:00 [arsidentityserver4] [Information] SkyApm.Diagnostics.TracingDiagnosticProcessorObserver : Loaded diagnostic listener [HttpHandlerDiagnosticListener].
2023-04-14 14:03:36.748 +08:00 [arsidentityserver4] [Information] SkyApm.Service.RegisterService : Reported Service Instance Properties[Service=arsidentityserver4,InstanceId=172.20.64.1@0ce740e284a441aeb6499746fd3940c0].
2023-04-14 14:03:36.748 +08:00 [arsidentityserver4] [Information] SkyApm.Service.RegisterService : Reported Service Instance Properties[Service=arsidentityserver4,InstanceId=172.20.64.1@0ce740e284a441aeb6499746fd3940c0].
2023-04-14 14:03:36.748 +08:00 [arsidentityserver4] [Information] SkyApm.Service.RegisterService : Reported Service Instance Properties[Service=arsidentityserver4,InstanceId=172.20.64.1@0ce740e284a441aeb6499746fd3940c0].
2023-04-14 14:03:36.757 +08:00 [arsidentityserver4] [Information] SkyApm.Service.RegisterService : Reported Service Instance Properties[Service=arsidentityserver4,InstanceId=172.20.64.1@0ce740e284a441aeb6499746fd3940c0].
2023-04-14 14:04:06.264 +08:00 [arsidentityserver4] [Information] SkyApm.Service.PingService : Ping server @2023/4/14 6:04:06 +00:00
2023-04-14 14:04:06.264 +08:00 [arsidentityserver4] [Information] SkyApm.Service.PingService : Ping server @2023/4/14 6:04:06 +00:00
2023-04-14 14:04:06.284 +08:00 [arsidentityserver4] [Information] SkyApm.Service.CLRStatsService : Report CLR Stats. CPU UsagePercent 0 GenCollectCount 0 1 0 7M ThreadPool 32763 32767 1000 1000
2023-04-14 14:04:06.284 +08:00 [arsidentityserver4] [Information] SkyApm.Service.CLRStatsService : Report CLR Stats. CPU UsagePercent 0 GenCollectCount 1 0 0 7M ThreadPool 32763 32767 1000 1000
2023-04-14 14:04:36.278 +08:00 [arsidentityserver4] [Information] SkyApm.Service.CLRStatsService : Report CLR Stats. CPU UsagePercent 0 GenCollectCount 5 5 0 6M ThreadPool 32756 32767 1000 1000
2023-04-14 14:04:36.278 +08:00 [arsidentityserver4] [Information] SkyApm.Service.CLRStatsService : Report CLR Stats. CPU UsagePercent 0 GenCollectCount 5 5 1 6M ThreadPool 32756 32767 1000 1000
2023-04-14 14:04:48.251 +08:00 [arsidentityserver4] [Information] SkyApm.Transport.Grpc.SegmentReporter : Report 3 logs. cost: 00:00:00.0434348s
2023-04-14 14:04:53.392 +08:00 [arsidentityserver4] [Information] SkyApm.Transport.Grpc.V8.SegmentReporter : Report 1 trace segment. cost: 00:00:00.0406733s
2023-04-14 14:04:54.212 +08:00 [arsidentityserver4] [Information] SkyApm.Transport.Grpc.SegmentReporter : Report 2 logs. cost: 00:00:00.0137671s
2023-04-14 14:04:54.216 +08:00 [arsidentityserver4] [Information] SkyApm.Transport.Grpc.V8.SegmentReporter : Report 2 trace segment. cost: 00:00:00.0177808s
2023-04-14 14:05:09.332 +08:00 [arsidentityserver4] [Information] SkyApm.Service.CLRStatsService : Report CLR Stats. CPU UsagePercent 0 GenCollectCount 0 0 0 7M ThreadPool 32756 32767 1000 1000
2023-04-14 14:05:09.333 +08:00 [arsidentityserver4] [Information] SkyApm.Service.PingService : Ping server @2023/4/14 6:05:09 +00:00
2023-04-14 14:05:09.334 +08:00 [arsidentityserver4] [Information] SkyApm.Service.CLRStatsService : Report CLR Stats. CPU UsagePercent 0 GenCollectCount 9 9 4 7M ThreadPool 32756 32767 1000 1000
2023-04-14 14:05:09.334 +08:00 [arsidentityserver4] [Information] SkyApm.Service.PingService : Ping server @2023/4/14 6:05:09 +00:00
2023-04-14 14:05:16.534 +08:00 [arsidentityserver4] [Information] SkyApm.Transport.Grpc.V8.SegmentReporter : Report 2 trace segment. cost: 00:00:00.0079736s
2023-04-14 14:05:16.546 +08:00 [arsidentityserver4] [Information] SkyApm.Transport.Grpc.SegmentReporter : Report 2 logs. cost: 00:00:00.0201520s
2023-04-14 14:05:36.204 +08:00 [arsidentityserver4] [Information] SkyApm.Service.CLRStatsService : Report CLR Stats. CPU UsagePercent 1.5625 GenCollectCount 10 10 1 7M ThreadPool 32757 32767 1000 1000
2023-04-14 14:05:36.204 +08:00 [arsidentityserver4] [Information] SkyApm.Service.CLRStatsService : Report CLR Stats. CPU UsagePercent 1.5625 GenCollectCount 0 0 0 7M ThreadPool 32757 32767 1000 1000
2023-04-14 14:06:06.211 +08:00 [arsidentityserver4] [Information] SkyApm.Service.CLRStatsService : Report CLR Stats. CPU UsagePercent 0 GenCollectCount 14 14 0 7M ThreadPool 32755 32767 1000 1000
2023-04-14 14:06:06.211 +08:00 [arsidentityserver4] [Information] SkyApm.Service.CLRStatsService : Report CLR Stats. CPU UsagePercent 0 GenCollectCount 0 0 0 7M ThreadPool 32755 32767 1000 1000
2023-04-14 14:06:06.211 +08:00 [arsidentityserver4] [Information] SkyApm.Service.PingService : Ping server @2023/4/14 6:06:06 +00:00
2023-04-14 14:06:06.211 +08:00 [arsidentityserver4] [Information] SkyApm.Service.PingService : Ping server @2023/4/14 6:06:06 +00:00
2023-04-14 14:06:36.207 +08:00 [arsidentityserver4] [Information] SkyApm.Service.CLRStatsService : Report CLR Stats. CPU UsagePercent 0 GenCollectCount 0 0 0 7M ThreadPool 32755 32767 1000 1000
2023-04-14 14:06:36.207 +08:00 [arsidentityserver4] [Information] SkyApm.Service.CLRStatsService : Report CLR Stats. CPU UsagePercent 0 GenCollectCount 10 10 2 7M ThreadPool 32755 32767 1000 1000
2023-04-14 14:07:06.192 +08:00 [arsidentityserver4] [Information] SkyApm.Service.CLRStatsService : Report CLR Stats. CPU UsagePercent 0 GenCollectCount 11 11 0 7M ThreadPool 32764 32767 1000 1000
2023-04-14 14:07:06.192 +08:00 [arsidentityserver4] [Information] SkyApm.Service.PingService : Ping server @2023/4/14 6:07:06 +00:00
2023-04-14 14:07:06.196 +08:00 [arsidentityserver4] [Information] SkyApm.Service.PingService : Ping server @2023/4/14 6:07:06 +00:00
2023-04-14 14:07:06.196 +08:00 [arsidentityserver4] [Information] SkyApm.Service.CLRStatsService : Report CLR Stats. CPU UsagePercent 0 GenCollectCount 0 0 0 7M ThreadPool 32761 32767 1000 1000
2023-04-14 14:07:36.207 +08:00 [arsidentityserver4] [Information] SkyApm.Service.CLRStatsService : Report CLR Stats. CPU UsagePercent 0 GenCollectCount 9 9 0 7M ThreadPool 32759 32767 1000 1000
2023-04-14 14:07:36.207 +08:00 [arsidentityserver4] [Information] SkyApm.Service.CLRStatsService : Report CLR Stats. CPU UsagePercent 0 GenCollectCount 0 0 0 7M ThreadPool 32759 32767 1000 1000
2023-04-14 14:08:06.201 +08:00 [arsidentityserver4] [Information] SkyApm.Service.PingService : Ping server @2023/4/14 6:08:06 +00:00
2023-04-14 14:08:06.201 +08:00 [arsidentityserver4] [Information] SkyApm.Service.CLRStatsService : Report CLR Stats. CPU UsagePercent 0 GenCollectCount 11 11 0 7M ThreadPool 32759 32767 1000 1000
2023-04-14 14:08:06.201 +08:00 [arsidentityserver4] [Information] SkyApm.Service.PingService : Ping server @2023/4/14 6:08:06 +00:00
2023-04-14 14:08:06.201 +08:00 [arsidentityserver4] [Information] SkyApm.Service.CLRStatsService : Report CLR Stats. CPU UsagePercent 0 GenCollectCount 0 0 0 7M ThreadPool 32759 32767 1000 1000
2023-04-14 14:08:36.200 +08:00 [arsidentityserver4] [Information] SkyApm.Service.CLRStatsService : Report CLR Stats. CPU UsagePercent 0 GenCollectCount 0 0 0 7M ThreadPool 32756 32767 1000 1000
2023-04-14 14:08:36.200 +08:00 [arsidentityserver4] [Information] SkyApm.Service.CLRStatsService : Report CLR Stats. CPU UsagePercent 0 GenCollectCount 14 14 1 7M ThreadPool 32757 32767 1000 1000
2023-04-14 14:23:17.390 +08:00 [arsidentityserver4] [Information] SkyApm.InstrumentStartup : Initializing ...
2023-04-14 14:23:17.451 +08:00 [arsidentityserver4] [Information] SkyApm.Service.RegisterService : Loaded instrument service [SkyApm.Service.RegisterService].
2023-04-14 14:23:17.451 +08:00 [arsidentityserver4] [Information] SkyApm.Service.LogReportService : Loaded instrument service [SkyApm.Service.LogReportService].
2023-04-14 14:23:17.452 +08:00 [arsidentityserver4] [Information] SkyApm.Service.PingService : Loaded instrument service [SkyApm.Service.PingService].
2023-04-14 14:23:17.452 +08:00 [arsidentityserver4] [Information] SkyApm.Service.SegmentReportService : Loaded instrument service [SkyApm.Service.SegmentReportService].
2023-04-14 14:23:17.452 +08:00 [arsidentityserver4] [Information] SkyApm.Service.CLRStatsService : Loaded instrument service [SkyApm.Service.CLRStatsService].
2023-04-14 14:23:17.452 +08:00 [arsidentityserver4] [Information] SkyApm.Sampling.SimpleCountSamplingInterceptor : Loaded instrument service [SkyApm.Sampling.SimpleCountSamplingInterceptor].
2023-04-14 14:23:17.452 +08:00 [arsidentityserver4] [Information] SkyApm.Transport.Grpc.ConnectService : Loaded instrument service [SkyApm.Transport.Grpc.ConnectService].
2023-04-14 14:23:17.452 +08:00 [arsidentityserver4] [Information] SkyApm.Service.RegisterService : Loaded instrument service [SkyApm.Service.RegisterService].
2023-04-14 14:23:17.453 +08:00 [arsidentityserver4] [Information] SkyApm.Service.LogReportService : Loaded instrument service [SkyApm.Service.LogReportService].
2023-04-14 14:23:17.453 +08:00 [arsidentityserver4] [Information] SkyApm.Service.PingService : Loaded instrument service [SkyApm.Service.PingService].
2023-04-14 14:23:17.453 +08:00 [arsidentityserver4] [Information] SkyApm.Service.SegmentReportService : Loaded instrument service [SkyApm.Service.SegmentReportService].
2023-04-14 14:23:17.453 +08:00 [arsidentityserver4] [Information] SkyApm.Service.CLRStatsService : Loaded instrument service [SkyApm.Service.CLRStatsService].
2023-04-14 14:23:17.453 +08:00 [arsidentityserver4] [Information] SkyApm.Sampling.SimpleCountSamplingInterceptor : Loaded instrument service [SkyApm.Sampling.SimpleCountSamplingInterceptor].
2023-04-14 14:23:17.453 +08:00 [arsidentityserver4] [Information] SkyApm.Transport.Grpc.ConnectService : Loaded instrument service [SkyApm.Transport.Grpc.ConnectService].
2023-04-14 14:23:17.567 +08:00 [arsidentityserver4] [Information] SkyApm.Transport.Grpc.ConnectionManager : Connected server[127.0.0.1:11800].
2023-04-14 14:23:17.580 +08:00 [arsidentityserver4] [Information] SkyApm.Diagnostics.TracingDiagnosticProcessorObserver : Loaded diagnostic listener [Microsoft.AspNetCore].
2023-04-14 14:23:17.580 +08:00 [arsidentityserver4] [Information] SkyApm.InstrumentStartup : Started SkyAPM .NET Core Agent.
2023-04-14 14:23:17.580 +08:00 [arsidentityserver4] [Information] SkyApm.InstrumentStartup : Initializing ...
2023-04-14 14:23:17.580 +08:00 [arsidentityserver4] [Information] SkyApm.Service.RegisterService : Loaded instrument service [SkyApm.Service.RegisterService].
2023-04-14 14:23:17.580 +08:00 [arsidentityserver4] [Information] SkyApm.Service.LogReportService : Loaded instrument service [SkyApm.Service.LogReportService].
2023-04-14 14:23:17.580 +08:00 [arsidentityserver4] [Information] SkyApm.Service.PingService : Loaded instrument service [SkyApm.Service.PingService].
2023-04-14 14:23:17.580 +08:00 [arsidentityserver4] [Information] SkyApm.Service.SegmentReportService : Loaded instrument service [SkyApm.Service.SegmentReportService].
2023-04-14 14:23:17.580 +08:00 [arsidentityserver4] [Information] SkyApm.Service.CLRStatsService : Loaded instrument service [SkyApm.Service.CLRStatsService].
2023-04-14 14:23:17.581 +08:00 [arsidentityserver4] [Information] SkyApm.Sampling.SimpleCountSamplingInterceptor : Loaded instrument service [SkyApm.Sampling.SimpleCountSamplingInterceptor].
2023-04-14 14:23:17.581 +08:00 [arsidentityserver4] [Information] SkyApm.Transport.Grpc.ConnectService : Loaded instrument service [SkyApm.Transport.Grpc.ConnectService].
2023-04-14 14:23:17.581 +08:00 [arsidentityserver4] [Information] SkyApm.Service.RegisterService : Loaded instrument service [SkyApm.Service.RegisterService].
2023-04-14 14:23:17.581 +08:00 [arsidentityserver4] [Information] SkyApm.Service.LogReportService : Loaded instrument service [SkyApm.Service.LogReportService].
2023-04-14 14:23:17.581 +08:00 [arsidentityserver4] [Information] SkyApm.Service.PingService : Loaded instrument service [SkyApm.Service.PingService].
2023-04-14 14:23:17.581 +08:00 [arsidentityserver4] [Information] SkyApm.Service.SegmentReportService : Loaded instrument service [SkyApm.Service.SegmentReportService].
2023-04-14 14:23:17.581 +08:00 [arsidentityserver4] [Information] SkyApm.Service.CLRStatsService : Loaded instrument service [SkyApm.Service.CLRStatsService].
2023-04-14 14:23:17.581 +08:00 [arsidentityserver4] [Information] SkyApm.Sampling.SimpleCountSamplingInterceptor : Loaded instrument service [SkyApm.Sampling.SimpleCountSamplingInterceptor].
2023-04-14 14:23:17.581 +08:00 [arsidentityserver4] [Information] SkyApm.Transport.Grpc.ConnectService : Loaded instrument service [SkyApm.Transport.Grpc.ConnectService].
2023-04-14 14:23:17.583 +08:00 [arsidentityserver4] [Information] SkyApm.Diagnostics.TracingDiagnosticProcessorObserver : Loaded diagnostic listener [Microsoft.AspNetCore].
2023-04-14 14:23:17.583 +08:00 [arsidentityserver4] [Information] SkyApm.InstrumentStartup : Started SkyAPM .NET Core Agent.
2023-04-14 14:23:17.648 +08:00 [arsidentityserver4] [Information] SkyApm.Diagnostics.TracingDiagnosticProcessorObserver : Loaded diagnostic listener [Grpc.Net.Client].
2023-04-14 14:23:17.648 +08:00 [arsidentityserver4] [Information] SkyApm.Diagnostics.TracingDiagnosticProcessorObserver : Loaded diagnostic listener [Grpc.Net.Client].
2023-04-14 14:23:17.765 +08:00 [arsidentityserver4] [Information] SkyApm.Diagnostics.TracingDiagnosticProcessorObserver : Loaded diagnostic listener [HttpHandlerDiagnosticListener].
2023-04-14 14:23:17.765 +08:00 [arsidentityserver4] [Information] SkyApm.Diagnostics.TracingDiagnosticProcessorObserver : Loaded diagnostic listener [HttpHandlerDiagnosticListener].
2023-04-14 14:23:17.940 +08:00 [arsidentityserver4] [Information] SkyApm.Service.RegisterService : Reported Service Instance Properties[Service=arsidentityserver4,InstanceId=172.20.64.1@cfb6f6c348d5475fa9bc8ffb133029aa].
2023-04-14 14:23:17.940 +08:00 [arsidentityserver4] [Information] SkyApm.Service.RegisterService : Reported Service Instance Properties[Service=arsidentityserver4,InstanceId=172.20.64.1@cfb6f6c348d5475fa9bc8ffb133029aa].
2023-04-14 14:23:18.077 +08:00 [arsidentityserver4] [Information] SkyApm.Service.RegisterService : Reported Service Instance Properties[Service=arsidentityserver4,InstanceId=172.20.64.1@cfb6f6c348d5475fa9bc8ffb133029aa].
2023-04-14 14:23:18.077 +08:00 [arsidentityserver4] [Information] SkyApm.Service.RegisterService : Reported Service Instance Properties[Service=arsidentityserver4,InstanceId=172.20.64.1@cfb6f6c348d5475fa9bc8ffb133029aa].
2023-04-14 14:23:41.643 +08:00 [arsidentityserver4] [Information] SkyApm.Transport.Grpc.SegmentReporter : Report 5 logs. cost: 00:00:00.0412300s
2023-04-14 14:23:41.644 +08:00 [arsidentityserver4] [Information] SkyApm.Transport.Grpc.V8.SegmentReporter : Report 3 trace segment. cost: 00:00:00.0432625s
2023-04-14 14:23:47.620 +08:00 [arsidentityserver4] [Information] SkyApm.Service.PingService : Ping server @2023/4/14 6:23:47 +00:00
2023-04-14 14:23:47.620 +08:00 [arsidentityserver4] [Information] SkyApm.Service.PingService : Ping server @2023/4/14 6:23:47 +00:00
2023-04-14 14:23:47.622 +08:00 [arsidentityserver4] [Information] SkyApm.Service.CLRStatsService : Report CLR Stats. CPU UsagePercent 0 GenCollectCount 1 0 0 9M ThreadPool 32763 32767 1000 1000
2023-04-14 14:23:47.622 +08:00 [arsidentityserver4] [Information] SkyApm.Service.CLRStatsService : Report CLR Stats. CPU UsagePercent 0 GenCollectCount 0 0 0 9M ThreadPool 32763 32767 1000 1000
2023-04-14 14:24:17.611 +08:00 [arsidentityserver4] [Information] SkyApm.Service.CLRStatsService : Report CLR Stats. CPU UsagePercent 0 GenCollectCount 0 0 0 10M ThreadPool 32753 32767 1000 1000
2023-04-14 14:24:17.611 +08:00 [arsidentityserver4] [Information] SkyApm.Service.CLRStatsService : Report CLR Stats. CPU UsagePercent 0 GenCollectCount 0 0 0 10M ThreadPool 32759 32767 1000 1000
2023-04-14 14:24:47.602 +08:00 [arsidentityserver4] [Information] SkyApm.Service.CLRStatsService : Report CLR Stats. CPU UsagePercent 0 GenCollectCount 0 0 0 12M ThreadPool 32759 32767 1000 1000
2023-04-14 14:24:47.602 +08:00 [arsidentityserver4] [Information] SkyApm.Service.CLRStatsService : Report CLR Stats. CPU UsagePercent 0 GenCollectCount 0 0 0 12M ThreadPool 32759 32767 1000 1000
2023-04-14 14:24:47.602 +08:00 [arsidentityserver4] [Information] SkyApm.Service.PingService : Ping server @2023/4/14 6:24:47 +00:00
2023-04-14 14:24:47.602 +08:00 [arsidentityserver4] [Information] SkyApm.Service.PingService : Ping server @2023/4/14 6:24:47 +00:00
2023-04-14 14:25:17.597 +08:00 [arsidentityserver4] [Information] SkyApm.Service.CLRStatsService : Report CLR Stats. CPU UsagePercent 0 GenCollectCount 0 0 0 13M ThreadPool 32759 32767 1000 1000
2023-04-14 14:25:17.597 +08:00 [arsidentityserver4] [Information] SkyApm.Service.CLRStatsService : Report CLR Stats. CPU UsagePercent 0 GenCollectCount 0 0 0 13M ThreadPool 32759 32767 1000 1000
2023-04-14 14:25:47.602 +08:00 [arsidentityserver4] [Information] SkyApm.Service.PingService : Ping server @2023/4/14 6:25:47 +00:00
2023-04-14 14:25:47.624 +08:00 [arsidentityserver4] [Information] SkyApm.Service.CLRStatsService : Report CLR Stats. CPU UsagePercent 0 GenCollectCount 0 0 0 14M ThreadPool 32754 32767 1000 1000
2023-04-14 14:25:47.625 +08:00 [arsidentityserver4] [Information] SkyApm.Service.CLRStatsService : Report CLR Stats. CPU UsagePercent 0 GenCollectCount 0 0 0 14M ThreadPool 32757 32767 998 1000
2023-04-14 14:25:47.625 +08:00 [arsidentityserver4] [Information] SkyApm.Service.PingService : Ping server @2023/4/14 6:25:47 +00:00
2023-04-14 14:26:17.593 +08:00 [arsidentityserver4] [Information] SkyApm.Service.CLRStatsService : Report CLR Stats. CPU UsagePercent 0 GenCollectCount 0 0 0 15M ThreadPool 32755 32767 1000 1000
2023-04-14 14:26:17.606 +08:00 [arsidentityserver4] [Information] SkyApm.Service.CLRStatsService : Report CLR Stats. CPU UsagePercent 0 GenCollectCount 0 0 0 15M ThreadPool 32758 32767 1000 1000
2023-04-14 14:26:47.595 +08:00 [arsidentityserver4] [Information] SkyApm.Service.PingService : Ping server @2023/4/14 6:26:47 +00:00
2023-04-14 14:26:47.595 +08:00 [arsidentityserver4] [Information] SkyApm.Service.PingService : Ping server @2023/4/14 6:26:47 +00:00
2023-04-14 14:26:47.598 +08:00 [arsidentityserver4] [Information] SkyApm.Service.CLRStatsService : Report CLR Stats. CPU UsagePercent 0 GenCollectCount 0 0 0 16M ThreadPool 32759 32767 1000 1000
2023-04-14 14:26:47.598 +08:00 [arsidentityserver4] [Information] SkyApm.Service.CLRStatsService : Report CLR Stats. CPU UsagePercent 0 GenCollectCount 0 0 0 16M ThreadPool 32759 32767 1000 1000
2023-04-14 14:27:17.596 +08:00 [arsidentityserver4] [Information] SkyApm.Service.CLRStatsService : Report CLR Stats. CPU UsagePercent 0 GenCollectCount 0 0 0 17M ThreadPool 32759 32767 1000 1000
2023-04-14 14:27:17.596 +08:00 [arsidentityserver4] [Information] SkyApm.Service.CLRStatsService : Report CLR Stats. CPU UsagePercent 0 GenCollectCount 0 0 0 17M ThreadPool 32759 32767 1000 1000
2023-04-14 14:27:47.596 +08:00 [arsidentityserver4] [Information] SkyApm.Service.PingService : Ping server @2023/4/14 6:27:47 +00:00
2023-04-14 14:27:47.597 +08:00 [arsidentityserver4] [Information] SkyApm.Service.PingService : Ping server @2023/4/14 6:27:47 +00:00
2023-04-14 14:27:47.597 +08:00 [arsidentityserver4] [Information] SkyApm.Service.CLRStatsService : Report CLR Stats. CPU UsagePercent 0 GenCollectCount 0 0 0 18M ThreadPool 32754 32767 1000 1000
2023-04-14 14:27:47.597 +08:00 [arsidentityserver4] [Information] SkyApm.Service.CLRStatsService : Report CLR Stats. CPU UsagePercent 0 GenCollectCount 0 0 0 18M ThreadPool 32754 32767 1000 1000
2023-04-14 14:28:17.591 +08:00 [arsidentityserver4] [Information] SkyApm.Service.CLRStatsService : Report CLR Stats. CPU UsagePercent 0 GenCollectCount 0 0 0 19M ThreadPool 32756 32767 1000 1000
2023-04-14 14:28:17.591 +08:00 [arsidentityserver4] [Information] SkyApm.Service.CLRStatsService : Report CLR Stats. CPU UsagePercent 0 GenCollectCount 0 0 0 19M ThreadPool 32756 32767 1000 1000
2023-04-14 14:28:47.648 +08:00 [arsidentityserver4] [Information] SkyApm.Service.CLRStatsService : Report CLR Stats. CPU UsagePercent 0 GenCollectCount 0 0 0 20M ThreadPool 32752 32767 1000 1000
2023-04-14 14:28:47.649 +08:00 [arsidentityserver4] [Information] SkyApm.Service.CLRStatsService : Report CLR Stats. CPU UsagePercent 0 GenCollectCount 0 0 0 20M ThreadPool 32753 32767 1000 1000
2023-04-14 14:28:47.649 +08:00 [arsidentityserver4] [Information] SkyApm.Service.PingService : Ping server @2023/4/14 6:28:47 +00:00
2023-04-14 14:28:47.652 +08:00 [arsidentityserver4] [Information] SkyApm.Service.PingService : Ping server @2023/4/14 6:28:47 +00:00
2023-04-14 14:29:17.597 +08:00 [arsidentityserver4] [Information] SkyApm.Service.CLRStatsService : Report CLR Stats. CPU UsagePercent 0 GenCollectCount 0 0 0 21M ThreadPool 32764 32767 1000 1000
2023-04-14 14:29:17.597 +08:00 [arsidentityserver4] [Information] SkyApm.Service.CLRStatsService : Report CLR Stats. CPU UsagePercent 0 GenCollectCount 0 0 0 21M ThreadPool 32759 32767 1000 1000
2023-04-14 14:29:47.595 +08:00 [arsidentityserver4] [Information] SkyApm.Service.CLRStatsService : Report CLR Stats. CPU UsagePercent 0 GenCollectCount 0 0 0 22M ThreadPool 32759 32767 1000 1000
2023-04-14 14:29:47.595 +08:00 [arsidentityserver4] [Information] SkyApm.Service.PingService : Ping server @2023/4/14 6:29:47 +00:00
2023-04-14 14:29:47.595 +08:00 [arsidentityserver4] [Information] SkyApm.Service.PingService : Ping server @2023/4/14 6:29:47 +00:00
2023-04-14 14:29:47.599 +08:00 [arsidentityserver4] [Information] SkyApm.Service.CLRStatsService : Report CLR Stats. CPU UsagePercent 0 GenCollectCount 0 0 0 22M ThreadPool 32759 32767 1000 1000
2023-04-14 14:30:17.617 +08:00 [arsidentityserver4] [Information] SkyApm.Service.CLRStatsService : Report CLR Stats. CPU UsagePercent 0 GenCollectCount 0 0 0 23M ThreadPool 32752 32767 1000 1000
2023-04-14 14:30:17.627 +08:00 [arsidentityserver4] [Information] SkyApm.Service.CLRStatsService : Report CLR Stats. CPU UsagePercent 0 GenCollectCount 0 0 0 23M ThreadPool 32764 32767 1000 1000
