2023-08-03 10:58:43.627 +08:00 [grpclient] [Information] SkyApm.InstrumentStartup : Initializing ...
2023-08-03 10:58:43.635 +08:00 [grpclient] [Information] SkyApm.Service.RegisterService : Loaded instrument service [SkyApm.Service.RegisterService].
2023-08-03 10:58:43.635 +08:00 [grpclient] [Information] SkyApm.Service.LogReportService : Loaded instrument service [SkyApm.Service.LogReportService].
2023-08-03 10:58:43.635 +08:00 [grpclient] [Information] SkyApm.Service.PingService : Loaded instrument service [SkyApm.Service.PingService].
2023-08-03 10:58:43.636 +08:00 [grpclient] [Information] SkyApm.Service.SegmentReportService : Loaded instrument service [SkyApm.Service.SegmentReportService].
2023-08-03 10:58:43.636 +08:00 [grpclient] [Information] SkyApm.Service.CLRStatsService : Loaded instrument service [SkyApm.Service.CLRStatsService].
2023-08-03 10:58:43.636 +08:00 [grpclient] [Information] SkyApm.Sampling.SimpleCountSamplingInterceptor : Loaded instrument service [SkyApm.Sampling.SimpleCountSamplingInterceptor].
2023-08-03 10:58:43.636 +08:00 [grpclient] [Information] SkyApm.Transport.Grpc.ConnectService : Loaded instrument service [SkyApm.Transport.Grpc.ConnectService].
2023-08-03 10:58:43.636 +08:00 [grpclient] [Information] SkyApm.Service.RegisterService : Loaded instrument service [SkyApm.Service.RegisterService].
2023-08-03 10:58:43.636 +08:00 [grpclient] [Information] SkyApm.Service.LogReportService : Loaded instrument service [SkyApm.Service.LogReportService].
2023-08-03 10:58:43.636 +08:00 [grpclient] [Information] SkyApm.Service.PingService : Loaded instrument service [SkyApm.Service.PingService].
2023-08-03 10:58:43.636 +08:00 [grpclient] [Information] SkyApm.Service.SegmentReportService : Loaded instrument service [SkyApm.Service.SegmentReportService].
2023-08-03 10:58:43.636 +08:00 [grpclient] [Information] SkyApm.Service.CLRStatsService : Loaded instrument service [SkyApm.Service.CLRStatsService].
2023-08-03 10:58:43.636 +08:00 [grpclient] [Information] SkyApm.Sampling.SimpleCountSamplingInterceptor : Loaded instrument service [SkyApm.Sampling.SimpleCountSamplingInterceptor].
2023-08-03 10:58:43.636 +08:00 [grpclient] [Information] SkyApm.Transport.Grpc.ConnectService : Loaded instrument service [SkyApm.Transport.Grpc.ConnectService].
2023-08-03 10:58:43.894 +08:00 [grpclient] [Information] SkyApm.Diagnostics.TracingDiagnosticProcessorObserver : Loaded diagnostic listener [Microsoft.AspNetCore].
2023-08-03 10:58:43.894 +08:00 [grpclient] [Information] SkyApm.InstrumentStartup : Started SkyAPM .NET Core Agent.
2023-08-03 10:58:43.894 +08:00 [grpclient] [Information] SkyApm.InstrumentStartup : Initializing ...
2023-08-03 10:58:43.894 +08:00 [grpclient] [Information] SkyApm.Service.RegisterService : Loaded instrument service [SkyApm.Service.RegisterService].
2023-08-03 10:58:43.894 +08:00 [grpclient] [Information] SkyApm.Service.LogReportService : Loaded instrument service [SkyApm.Service.LogReportService].
2023-08-03 10:58:43.894 +08:00 [grpclient] [Information] SkyApm.Service.PingService : Loaded instrument service [SkyApm.Service.PingService].
2023-08-03 10:58:43.894 +08:00 [grpclient] [Information] SkyApm.Service.SegmentReportService : Loaded instrument service [SkyApm.Service.SegmentReportService].
2023-08-03 10:58:43.894 +08:00 [grpclient] [Information] SkyApm.Service.CLRStatsService : Loaded instrument service [SkyApm.Service.CLRStatsService].
2023-08-03 10:58:43.894 +08:00 [grpclient] [Information] SkyApm.Sampling.SimpleCountSamplingInterceptor : Loaded instrument service [SkyApm.Sampling.SimpleCountSamplingInterceptor].
2023-08-03 10:58:43.894 +08:00 [grpclient] [Information] SkyApm.Transport.Grpc.ConnectService : Loaded instrument service [SkyApm.Transport.Grpc.ConnectService].
2023-08-03 10:58:43.894 +08:00 [grpclient] [Information] SkyApm.Service.RegisterService : Loaded instrument service [SkyApm.Service.RegisterService].
2023-08-03 10:58:43.895 +08:00 [grpclient] [Information] SkyApm.Service.LogReportService : Loaded instrument service [SkyApm.Service.LogReportService].
2023-08-03 10:58:43.895 +08:00 [grpclient] [Information] SkyApm.Service.PingService : Loaded instrument service [SkyApm.Service.PingService].
2023-08-03 10:58:43.895 +08:00 [grpclient] [Information] SkyApm.Service.SegmentReportService : Loaded instrument service [SkyApm.Service.SegmentReportService].
2023-08-03 10:58:43.895 +08:00 [grpclient] [Information] SkyApm.Service.CLRStatsService : Loaded instrument service [SkyApm.Service.CLRStatsService].
2023-08-03 10:58:43.895 +08:00 [grpclient] [Information] SkyApm.Sampling.SimpleCountSamplingInterceptor : Loaded instrument service [SkyApm.Sampling.SimpleCountSamplingInterceptor].
2023-08-03 10:58:43.895 +08:00 [grpclient] [Information] SkyApm.Transport.Grpc.ConnectService : Loaded instrument service [SkyApm.Transport.Grpc.ConnectService].
2023-08-03 10:58:43.896 +08:00 [grpclient] [Information] SkyApm.Diagnostics.TracingDiagnosticProcessorObserver : Loaded diagnostic listener [Microsoft.AspNetCore].
2023-08-03 10:58:43.896 +08:00 [grpclient] [Information] SkyApm.InstrumentStartup : Started SkyAPM .NET Core Agent.
2023-08-03 10:58:43.919 +08:00 [grpclient] [Information] SkyApm.Transport.Grpc.ConnectionManager : Connected server[127.0.0.1:11800].
2023-08-03 10:58:44.296 +08:00 [grpclient] [Information] SkyApm.Diagnostics.TracingDiagnosticProcessorObserver : Loaded diagnostic listener [Grpc.Net.Client].
2023-08-03 10:58:44.297 +08:00 [grpclient] [Information] SkyApm.Diagnostics.TracingDiagnosticProcessorObserver : Loaded diagnostic listener [Grpc.Net.Client].
2023-08-03 10:58:44.464 +08:00 [grpclient] [Information] SkyApm.Diagnostics.TracingDiagnosticProcessorObserver : Loaded diagnostic listener [HttpHandlerDiagnosticListener].
2023-08-03 10:58:44.464 +08:00 [grpclient] [Information] SkyApm.Diagnostics.TracingDiagnosticProcessorObserver : Loaded diagnostic listener [HttpHandlerDiagnosticListener].
2023-08-03 10:58:44.707 +08:00 [grpclient] [Information] SkyApm.Service.RegisterService : Reported Service Instance Properties[Service=grpclient,InstanceId=192.168.110.65@b01bb4a085664c08b72c19b3a574c9a3].
2023-08-03 10:58:44.707 +08:00 [grpclient] [Information] SkyApm.Service.RegisterService : Reported Service Instance Properties[Service=grpclient,InstanceId=192.168.110.65@b01bb4a085664c08b72c19b3a574c9a3].
2023-08-03 10:58:44.707 +08:00 [grpclient] [Information] SkyApm.Service.RegisterService : Reported Service Instance Properties[Service=grpclient,InstanceId=192.168.110.65@b01bb4a085664c08b72c19b3a574c9a3].
2023-08-03 10:58:44.707 +08:00 [grpclient] [Information] SkyApm.Service.RegisterService : Reported Service Instance Properties[Service=grpclient,InstanceId=192.168.110.65@b01bb4a085664c08b72c19b3a574c9a3].
2023-08-03 10:58:49.990 +08:00 [grpclient] [Information] SkyApm.Transport.Grpc.V8.SegmentReporter : Report 1 trace segment. cost: 00:00:00.0802207s
2023-08-03 10:58:49.993 +08:00 [grpclient] [Information] SkyApm.Transport.Grpc.V8.SegmentReporter : Report 2 trace segment. cost: 00:00:00.0831289s
2023-08-03 10:58:49.995 +08:00 [grpclient] [Information] SkyApm.Transport.Grpc.SegmentReporter : Report 1 logs. cost: 00:00:00.0848457s
2023-08-03 10:58:58.942 +08:00 [grpclient] [Information] SkyApm.Transport.Grpc.V8.SegmentReporter : Report 2 trace segment. cost: 00:00:00.0252737s
2023-08-03 10:59:13.967 +08:00 [grpclient] [Information] SkyApm.Service.PingService : Ping server @2023/8/3 2:59:13 +00:00
2023-08-03 10:59:13.967 +08:00 [grpclient] [Information] SkyApm.Service.PingService : Ping server @2023/8/3 2:59:13 +00:00
2023-08-03 10:59:13.970 +08:00 [grpclient] [Information] SkyApm.Service.CLRStatsService : Report CLR Stats. CPU UsagePercent 0 GenCollectCount 0 0 0 5M ThreadPool 32763 32767 1000 1000
2023-08-03 10:59:13.970 +08:00 [grpclient] [Information] SkyApm.Service.CLRStatsService : Report CLR Stats. CPU UsagePercent 0 GenCollectCount 15 15 4 5M ThreadPool 32763 32767 1000 1000
2023-08-03 15:51:33.672 +08:00 [grpclient] [Information] SkyApm.InstrumentStartup : Initializing ...
2023-08-03 15:51:33.679 +08:00 [grpclient] [Information] SkyApm.Service.RegisterService : Loaded instrument service [SkyApm.Service.RegisterService].
2023-08-03 15:51:33.680 +08:00 [grpclient] [Information] SkyApm.Service.LogReportService : Loaded instrument service [SkyApm.Service.LogReportService].
2023-08-03 15:51:33.680 +08:00 [grpclient] [Information] SkyApm.Service.PingService : Loaded instrument service [SkyApm.Service.PingService].
2023-08-03 15:51:33.680 +08:00 [grpclient] [Information] SkyApm.Service.SegmentReportService : Loaded instrument service [SkyApm.Service.SegmentReportService].
2023-08-03 15:51:33.680 +08:00 [grpclient] [Information] SkyApm.Service.CLRStatsService : Loaded instrument service [SkyApm.Service.CLRStatsService].
2023-08-03 15:51:33.680 +08:00 [grpclient] [Information] SkyApm.Sampling.SimpleCountSamplingInterceptor : Loaded instrument service [SkyApm.Sampling.SimpleCountSamplingInterceptor].
2023-08-03 15:51:33.680 +08:00 [grpclient] [Information] SkyApm.Transport.Grpc.ConnectService : Loaded instrument service [SkyApm.Transport.Grpc.ConnectService].
2023-08-03 15:51:33.680 +08:00 [grpclient] [Information] SkyApm.Service.RegisterService : Loaded instrument service [SkyApm.Service.RegisterService].
2023-08-03 15:51:33.681 +08:00 [grpclient] [Information] SkyApm.Service.LogReportService : Loaded instrument service [SkyApm.Service.LogReportService].
2023-08-03 15:51:33.681 +08:00 [grpclient] [Information] SkyApm.Service.PingService : Loaded instrument service [SkyApm.Service.PingService].
2023-08-03 15:51:33.681 +08:00 [grpclient] [Information] SkyApm.Service.SegmentReportService : Loaded instrument service [SkyApm.Service.SegmentReportService].
2023-08-03 15:51:33.681 +08:00 [grpclient] [Information] SkyApm.Service.CLRStatsService : Loaded instrument service [SkyApm.Service.CLRStatsService].
2023-08-03 15:51:33.681 +08:00 [grpclient] [Information] SkyApm.Sampling.SimpleCountSamplingInterceptor : Loaded instrument service [SkyApm.Sampling.SimpleCountSamplingInterceptor].
2023-08-03 15:51:33.681 +08:00 [grpclient] [Information] SkyApm.Transport.Grpc.ConnectService : Loaded instrument service [SkyApm.Transport.Grpc.ConnectService].
2023-08-03 15:51:34.012 +08:00 [grpclient] [Information] SkyApm.Transport.Grpc.ConnectionManager : Connected server[127.0.0.1:11800].
2023-08-03 15:51:34.018 +08:00 [grpclient] [Information] SkyApm.Diagnostics.TracingDiagnosticProcessorObserver : Loaded diagnostic listener [Microsoft.AspNetCore].
2023-08-03 15:51:34.019 +08:00 [grpclient] [Information] SkyApm.InstrumentStartup : Started SkyAPM .NET Core Agent.
2023-08-03 15:51:34.019 +08:00 [grpclient] [Information] SkyApm.InstrumentStartup : Initializing ...
2023-08-03 15:51:34.019 +08:00 [grpclient] [Information] SkyApm.Service.RegisterService : Loaded instrument service [SkyApm.Service.RegisterService].
2023-08-03 15:51:34.019 +08:00 [grpclient] [Information] SkyApm.Service.LogReportService : Loaded instrument service [SkyApm.Service.LogReportService].
2023-08-03 15:51:34.019 +08:00 [grpclient] [Information] SkyApm.Service.PingService : Loaded instrument service [SkyApm.Service.PingService].
2023-08-03 15:51:34.019 +08:00 [grpclient] [Information] SkyApm.Service.SegmentReportService : Loaded instrument service [SkyApm.Service.SegmentReportService].
2023-08-03 15:51:34.019 +08:00 [grpclient] [Information] SkyApm.Service.CLRStatsService : Loaded instrument service [SkyApm.Service.CLRStatsService].
2023-08-03 15:51:34.019 +08:00 [grpclient] [Information] SkyApm.Sampling.SimpleCountSamplingInterceptor : Loaded instrument service [SkyApm.Sampling.SimpleCountSamplingInterceptor].
2023-08-03 15:51:34.019 +08:00 [grpclient] [Information] SkyApm.Transport.Grpc.ConnectService : Loaded instrument service [SkyApm.Transport.Grpc.ConnectService].
2023-08-03 15:51:34.019 +08:00 [grpclient] [Information] SkyApm.Service.RegisterService : Loaded instrument service [SkyApm.Service.RegisterService].
2023-08-03 15:51:34.019 +08:00 [grpclient] [Information] SkyApm.Service.LogReportService : Loaded instrument service [SkyApm.Service.LogReportService].
2023-08-03 15:51:34.019 +08:00 [grpclient] [Information] SkyApm.Service.PingService : Loaded instrument service [SkyApm.Service.PingService].
2023-08-03 15:51:34.019 +08:00 [grpclient] [Information] SkyApm.Service.SegmentReportService : Loaded instrument service [SkyApm.Service.SegmentReportService].
2023-08-03 15:51:34.019 +08:00 [grpclient] [Information] SkyApm.Service.CLRStatsService : Loaded instrument service [SkyApm.Service.CLRStatsService].
2023-08-03 15:51:34.019 +08:00 [grpclient] [Information] SkyApm.Sampling.SimpleCountSamplingInterceptor : Loaded instrument service [SkyApm.Sampling.SimpleCountSamplingInterceptor].
2023-08-03 15:51:34.019 +08:00 [grpclient] [Information] SkyApm.Transport.Grpc.ConnectService : Loaded instrument service [SkyApm.Transport.Grpc.ConnectService].
2023-08-03 15:51:34.028 +08:00 [grpclient] [Information] SkyApm.Diagnostics.TracingDiagnosticProcessorObserver : Loaded diagnostic listener [Microsoft.AspNetCore].
2023-08-03 15:51:34.028 +08:00 [grpclient] [Information] SkyApm.InstrumentStartup : Started SkyAPM .NET Core Agent.
2023-08-03 15:51:34.150 +08:00 [grpclient] [Information] SkyApm.Diagnostics.TracingDiagnosticProcessorObserver : Loaded diagnostic listener [Grpc.Net.Client].
2023-08-03 15:51:34.150 +08:00 [grpclient] [Information] SkyApm.Diagnostics.TracingDiagnosticProcessorObserver : Loaded diagnostic listener [Grpc.Net.Client].
2023-08-03 15:51:34.459 +08:00 [grpclient] [Information] SkyApm.Diagnostics.TracingDiagnosticProcessorObserver : Loaded diagnostic listener [HttpHandlerDiagnosticListener].
2023-08-03 15:51:34.459 +08:00 [grpclient] [Information] SkyApm.Diagnostics.TracingDiagnosticProcessorObserver : Loaded diagnostic listener [HttpHandlerDiagnosticListener].
2023-08-03 15:51:34.718 +08:00 [grpclient] [Information] SkyApm.Service.RegisterService : Reported Service Instance Properties[Service=grpclient,InstanceId=192.168.110.65@e054388e9e7647c29f9a68207469ec44].
2023-08-03 15:51:34.718 +08:00 [grpclient] [Information] SkyApm.Service.RegisterService : Reported Service Instance Properties[Service=grpclient,InstanceId=192.168.110.65@e054388e9e7647c29f9a68207469ec44].
2023-08-03 15:51:34.718 +08:00 [grpclient] [Information] SkyApm.Service.RegisterService : Reported Service Instance Properties[Service=grpclient,InstanceId=192.168.110.65@e054388e9e7647c29f9a68207469ec44].
2023-08-03 15:51:34.718 +08:00 [grpclient] [Information] SkyApm.Service.RegisterService : Reported Service Instance Properties[Service=grpclient,InstanceId=192.168.110.65@e054388e9e7647c29f9a68207469ec44].
2023-08-03 15:51:39.772 +08:00 [grpclient] [Information] SkyApm.Transport.Grpc.SegmentReporter : Report 1 logs. cost: 00:00:00.0767365s
2023-08-03 15:51:39.822 +08:00 [grpclient] [Information] SkyApm.Transport.Grpc.V8.SegmentReporter : Report 3 trace segment. cost: 00:00:00.1288888s
2023-08-03 15:51:51.756 +08:00 [grpclient] [Information] SkyApm.Transport.Grpc.SegmentReporter : Report 7 logs. cost: 00:00:00.0580547s
2023-08-03 15:51:51.767 +08:00 [grpclient] [Information] SkyApm.Transport.Grpc.V8.SegmentReporter : Report 3 trace segment. cost: 00:00:00.0688599s
2023-08-03 15:51:54.754 +08:00 [grpclient] [Information] SkyApm.Transport.Grpc.V8.SegmentReporter : Report 3 trace segment. cost: 00:00:00.0664788s
2023-08-03 15:51:54.779 +08:00 [grpclient] [Information] SkyApm.Transport.Grpc.SegmentReporter : Report 5 logs. cost: 00:00:00.0909477s
2023-08-03 15:52:03.732 +08:00 [grpclient] [Information] SkyApm.Service.CLRStatsService : Report CLR Stats. CPU UsagePercent 0 GenCollectCount 0 0 0 21M ThreadPool 32763 32767 1000 1000
2023-08-03 15:52:03.732 +08:00 [grpclient] [Information] SkyApm.Service.CLRStatsService : Report CLR Stats. CPU UsagePercent 0 GenCollectCount 0 0 0 21M ThreadPool 32763 32767 1000 1000
2023-08-03 15:52:03.732 +08:00 [grpclient] [Information] SkyApm.Service.PingService : Ping server @2023/8/3 7:52:03 +00:00
2023-08-03 15:52:03.732 +08:00 [grpclient] [Information] SkyApm.Service.PingService : Ping server @2023/8/3 7:52:03 +00:00
2023-08-03 15:52:04.053 +08:00 [grpclient] [Information] SkyApm.Service.PingService : Ping server @2023/8/3 7:52:04 +00:00
2023-08-03 15:52:04.058 +08:00 [grpclient] [Information] SkyApm.Service.CLRStatsService : Report CLR Stats. CPU UsagePercent 0 GenCollectCount 0 0 0 21M ThreadPool 32759 32767 1000 1000
2023-08-03 15:52:04.058 +08:00 [grpclient] [Information] SkyApm.Service.PingService : Ping server @2023/8/3 7:52:04 +00:00
2023-08-03 15:52:04.058 +08:00 [grpclient] [Information] SkyApm.Service.CLRStatsService : Report CLR Stats. CPU UsagePercent 0 GenCollectCount 0 0 0 21M ThreadPool 32759 32767 1000 1000
2023-08-03 15:52:33.683 +08:00 [grpclient] [Information] SkyApm.Service.CLRStatsService : Report CLR Stats. CPU UsagePercent 0 GenCollectCount 0 0 0 23M ThreadPool 32763 32767 1000 1000
2023-08-03 15:52:33.688 +08:00 [grpclient] [Information] SkyApm.Service.CLRStatsService : Report CLR Stats. CPU UsagePercent 0 GenCollectCount 0 0 0 23M ThreadPool 32755 32767 999 1000
2023-08-03 15:52:34.033 +08:00 [grpclient] [Information] SkyApm.Service.CLRStatsService : Report CLR Stats. CPU UsagePercent 0 GenCollectCount 0 0 0 23M ThreadPool 32756 32767 1000 1000
2023-08-03 15:52:34.033 +08:00 [grpclient] [Information] SkyApm.Service.CLRStatsService : Report CLR Stats. CPU UsagePercent 0 GenCollectCount 0 0 0 23M ThreadPool 32756 32767 1000 1000
2023-08-03 15:53:03.690 +08:00 [grpclient] [Information] SkyApm.Service.PingService : Ping server @2023/8/3 7:53:03 +00:00
2023-08-03 15:53:03.702 +08:00 [grpclient] [Information] SkyApm.Service.PingService : Ping server @2023/8/3 7:53:03 +00:00
2023-08-03 15:53:03.703 +08:00 [grpclient] [Information] SkyApm.Service.CLRStatsService : Report CLR Stats. CPU UsagePercent 0 GenCollectCount 0 0 0 25M ThreadPool 32755 32767 1000 1000
2023-08-03 15:53:03.703 +08:00 [grpclient] [Information] SkyApm.Service.CLRStatsService : Report CLR Stats. CPU UsagePercent 0 GenCollectCount 0 0 0 25M ThreadPool 32755 32767 1000 1000
2023-08-03 15:53:04.037 +08:00 [grpclient] [Information] SkyApm.Service.PingService : Ping server @2023/8/3 7:53:04 +00:00
2023-08-03 15:53:04.040 +08:00 [grpclient] [Information] SkyApm.Service.PingService : Ping server @2023/8/3 7:53:04 +00:00
2023-08-03 15:53:04.041 +08:00 [grpclient] [Information] SkyApm.Service.CLRStatsService : Report CLR Stats. CPU UsagePercent 0 GenCollectCount 0 0 0 25M ThreadPool 32754 32767 1000 1000
2023-08-03 15:53:04.041 +08:00 [grpclient] [Information] SkyApm.Service.CLRStatsService : Report CLR Stats. CPU UsagePercent 0 GenCollectCount 0 0 0 25M ThreadPool 32754 32767 1000 1000
2023-08-03 15:53:34.034 +08:00 [grpclient] [Information] SkyApm.Service.CLRStatsService : Report CLR Stats. CPU UsagePercent 0 GenCollectCount 1 0 0 7M ThreadPool 32761 32767 1000 1000
2023-08-03 15:53:34.034 +08:00 [grpclient] [Information] SkyApm.Service.CLRStatsService : Report CLR Stats. CPU UsagePercent 0 GenCollectCount 1 0 0 7M ThreadPool 32752 32767 1000 1000
2023-08-03 15:54:04.058 +08:00 [grpclient] [Information] SkyApm.Service.CLRStatsService : Report CLR Stats. CPU UsagePercent 0 GenCollectCount 0 0 0 8M ThreadPool 32755 32767 1000 1000
2023-08-03 15:54:04.058 +08:00 [grpclient] [Information] SkyApm.Service.CLRStatsService : Report CLR Stats. CPU UsagePercent 0 GenCollectCount 0 0 0 8M ThreadPool 32755 32767 1000 1000
2023-08-03 15:54:04.058 +08:00 [grpclient] [Information] SkyApm.Service.PingService : Ping server @2023/8/3 7:54:04 +00:00
2023-08-03 15:54:04.058 +08:00 [grpclient] [Information] SkyApm.Service.PingService : Ping server @2023/8/3 7:54:04 +00:00
2023-08-03 15:54:34.328 +08:00 [grpclient] [Information] SkyApm.Service.CLRStatsService : Report CLR Stats. CPU UsagePercent 0 GenCollectCount 0 0 0 9M ThreadPool 32757 32767 1000 1000
2023-08-03 15:54:34.602 +08:00 [grpclient] [Information] SkyApm.Service.CLRStatsService : Report CLR Stats. CPU UsagePercent 0 GenCollectCount 0 0 0 9M ThreadPool 32757 32767 1000 1000
2023-08-03 15:55:04.144 +08:00 [grpclient] [Information] SkyApm.Service.PingService : Ping server @2023/8/3 7:55:04 +00:00
2023-08-03 15:55:04.144 +08:00 [grpclient] [Information] SkyApm.Service.PingService : Ping server @2023/8/3 7:55:04 +00:00
2023-08-03 15:55:04.144 +08:00 [grpclient] [Information] SkyApm.Service.CLRStatsService : Report CLR Stats. CPU UsagePercent 0 GenCollectCount 0 0 0 10M ThreadPool 32755 32767 1000 1000
2023-08-03 15:55:04.327 +08:00 [grpclient] [Information] SkyApm.Service.CLRStatsService : Report CLR Stats. CPU UsagePercent 0 GenCollectCount 0 0 0 10M ThreadPool 32758 32767 1000 1000
2023-08-03 15:55:34.048 +08:00 [grpclient] [Information] SkyApm.Service.CLRStatsService : Report CLR Stats. CPU UsagePercent 0 GenCollectCount 0 0 0 11M ThreadPool 32757 32767 1000 1000
2023-08-03 15:55:34.048 +08:00 [grpclient] [Information] SkyApm.Service.CLRStatsService : Report CLR Stats. CPU UsagePercent 0 GenCollectCount 0 0 0 11M ThreadPool 32758 32767 1000 1000
2023-08-03 15:56:04.182 +08:00 [grpclient] [Information] SkyApm.Service.CLRStatsService : Report CLR Stats. CPU UsagePercent 0 GenCollectCount 0 0 0 12M ThreadPool 32758 32767 1000 1000
2023-08-03 15:56:04.183 +08:00 [grpclient] [Information] SkyApm.Service.PingService : Ping server @2023/8/3 7:56:04 +00:00
2023-08-03 15:56:04.183 +08:00 [grpclient] [Information] SkyApm.Service.CLRStatsService : Report CLR Stats. CPU UsagePercent 0 GenCollectCount 0 0 0 12M ThreadPool 32758 32767 1000 1000
2023-08-03 15:56:04.185 +08:00 [grpclient] [Information] SkyApm.Service.PingService : Ping server @2023/8/3 7:56:04 +00:00
2023-08-03 15:57:02.231 +08:00 [grpclient] [Information] SkyApm.InstrumentStartup : Initializing ...
2023-08-03 15:57:02.243 +08:00 [grpclient] [Information] SkyApm.Service.RegisterService : Loaded instrument service [SkyApm.Service.RegisterService].
2023-08-03 15:57:02.244 +08:00 [grpclient] [Information] SkyApm.Service.LogReportService : Loaded instrument service [SkyApm.Service.LogReportService].
2023-08-03 15:57:02.244 +08:00 [grpclient] [Information] SkyApm.Service.PingService : Loaded instrument service [SkyApm.Service.PingService].
2023-08-03 15:57:02.244 +08:00 [grpclient] [Information] SkyApm.Service.SegmentReportService : Loaded instrument service [SkyApm.Service.SegmentReportService].
2023-08-03 15:57:02.244 +08:00 [grpclient] [Information] SkyApm.Service.CLRStatsService : Loaded instrument service [SkyApm.Service.CLRStatsService].
2023-08-03 15:57:02.244 +08:00 [grpclient] [Information] SkyApm.Sampling.SimpleCountSamplingInterceptor : Loaded instrument service [SkyApm.Sampling.SimpleCountSamplingInterceptor].
2023-08-03 15:57:02.244 +08:00 [grpclient] [Information] SkyApm.Transport.Grpc.ConnectService : Loaded instrument service [SkyApm.Transport.Grpc.ConnectService].
2023-08-03 15:57:02.244 +08:00 [grpclient] [Information] SkyApm.Service.RegisterService : Loaded instrument service [SkyApm.Service.RegisterService].
2023-08-03 15:57:02.244 +08:00 [grpclient] [Information] SkyApm.Service.LogReportService : Loaded instrument service [SkyApm.Service.LogReportService].
2023-08-03 15:57:02.244 +08:00 [grpclient] [Information] SkyApm.Service.PingService : Loaded instrument service [SkyApm.Service.PingService].
2023-08-03 15:57:02.244 +08:00 [grpclient] [Information] SkyApm.Service.SegmentReportService : Loaded instrument service [SkyApm.Service.SegmentReportService].
2023-08-03 15:57:02.244 +08:00 [grpclient] [Information] SkyApm.Service.CLRStatsService : Loaded instrument service [SkyApm.Service.CLRStatsService].
2023-08-03 15:57:02.244 +08:00 [grpclient] [Information] SkyApm.Sampling.SimpleCountSamplingInterceptor : Loaded instrument service [SkyApm.Sampling.SimpleCountSamplingInterceptor].
2023-08-03 15:57:02.244 +08:00 [grpclient] [Information] SkyApm.Transport.Grpc.ConnectService : Loaded instrument service [SkyApm.Transport.Grpc.ConnectService].
2023-08-03 15:57:02.471 +08:00 [grpclient] [Information] SkyApm.Diagnostics.TracingDiagnosticProcessorObserver : Loaded diagnostic listener [Microsoft.AspNetCore].
2023-08-03 15:57:02.472 +08:00 [grpclient] [Information] SkyApm.InstrumentStartup : Started SkyAPM .NET Core Agent.
2023-08-03 15:57:02.472 +08:00 [grpclient] [Information] SkyApm.InstrumentStartup : Initializing ...
2023-08-03 15:57:02.472 +08:00 [grpclient] [Information] SkyApm.Service.RegisterService : Loaded instrument service [SkyApm.Service.RegisterService].
2023-08-03 15:57:02.472 +08:00 [grpclient] [Information] SkyApm.Service.LogReportService : Loaded instrument service [SkyApm.Service.LogReportService].
2023-08-03 15:57:02.472 +08:00 [grpclient] [Information] SkyApm.Service.PingService : Loaded instrument service [SkyApm.Service.PingService].
2023-08-03 15:57:02.472 +08:00 [grpclient] [Information] SkyApm.Service.SegmentReportService : Loaded instrument service [SkyApm.Service.SegmentReportService].
2023-08-03 15:57:02.472 +08:00 [grpclient] [Information] SkyApm.Service.CLRStatsService : Loaded instrument service [SkyApm.Service.CLRStatsService].
2023-08-03 15:57:02.472 +08:00 [grpclient] [Information] SkyApm.Sampling.SimpleCountSamplingInterceptor : Loaded instrument service [SkyApm.Sampling.SimpleCountSamplingInterceptor].
2023-08-03 15:57:02.472 +08:00 [grpclient] [Information] SkyApm.Transport.Grpc.ConnectService : Loaded instrument service [SkyApm.Transport.Grpc.ConnectService].
2023-08-03 15:57:02.472 +08:00 [grpclient] [Information] SkyApm.Service.RegisterService : Loaded instrument service [SkyApm.Service.RegisterService].
2023-08-03 15:57:02.472 +08:00 [grpclient] [Information] SkyApm.Service.LogReportService : Loaded instrument service [SkyApm.Service.LogReportService].
2023-08-03 15:57:02.472 +08:00 [grpclient] [Information] SkyApm.Service.PingService : Loaded instrument service [SkyApm.Service.PingService].
2023-08-03 15:57:02.472 +08:00 [grpclient] [Information] SkyApm.Service.SegmentReportService : Loaded instrument service [SkyApm.Service.SegmentReportService].
2023-08-03 15:57:02.472 +08:00 [grpclient] [Information] SkyApm.Service.CLRStatsService : Loaded instrument service [SkyApm.Service.CLRStatsService].
2023-08-03 15:57:02.472 +08:00 [grpclient] [Information] SkyApm.Sampling.SimpleCountSamplingInterceptor : Loaded instrument service [SkyApm.Sampling.SimpleCountSamplingInterceptor].
2023-08-03 15:57:02.472 +08:00 [grpclient] [Information] SkyApm.Transport.Grpc.ConnectService : Loaded instrument service [SkyApm.Transport.Grpc.ConnectService].
2023-08-03 15:57:02.474 +08:00 [grpclient] [Information] SkyApm.Diagnostics.TracingDiagnosticProcessorObserver : Loaded diagnostic listener [Microsoft.AspNetCore].
2023-08-03 15:57:02.474 +08:00 [grpclient] [Information] SkyApm.InstrumentStartup : Started SkyAPM .NET Core Agent.
2023-08-03 15:57:02.494 +08:00 [grpclient] [Information] SkyApm.Transport.Grpc.ConnectionManager : Connected server[127.0.0.1:11800].
2023-08-03 15:57:03.006 +08:00 [grpclient] [Information] SkyApm.Diagnostics.TracingDiagnosticProcessorObserver : Loaded diagnostic listener [Grpc.Net.Client].
2023-08-03 15:57:03.006 +08:00 [grpclient] [Information] SkyApm.Diagnostics.TracingDiagnosticProcessorObserver : Loaded diagnostic listener [Grpc.Net.Client].
2023-08-03 15:57:03.378 +08:00 [grpclient] [Information] SkyApm.Diagnostics.TracingDiagnosticProcessorObserver : Loaded diagnostic listener [HttpHandlerDiagnosticListener].
2023-08-03 15:57:03.378 +08:00 [grpclient] [Information] SkyApm.Diagnostics.TracingDiagnosticProcessorObserver : Loaded diagnostic listener [HttpHandlerDiagnosticListener].
2023-08-03 15:57:04.119 +08:00 [grpclient] [Information] SkyApm.Service.RegisterService : Reported Service Instance Properties[Service=grpclient,InstanceId=192.168.110.65@b212b97af51d4fdc91646bc1f1625d16].
2023-08-03 15:57:04.168 +08:00 [grpclient] [Information] SkyApm.Service.RegisterService : Reported Service Instance Properties[Service=grpclient,InstanceId=192.168.110.65@b212b97af51d4fdc91646bc1f1625d16].
2023-08-03 15:57:04.168 +08:00 [grpclient] [Information] SkyApm.Service.RegisterService : Reported Service Instance Properties[Service=grpclient,InstanceId=192.168.110.65@b212b97af51d4fdc91646bc1f1625d16].
2023-08-03 15:57:04.183 +08:00 [grpclient] [Information] SkyApm.Service.RegisterService : Reported Service Instance Properties[Service=grpclient,InstanceId=192.168.110.65@b212b97af51d4fdc91646bc1f1625d16].
2023-08-03 15:57:11.392 +08:00 [grpclient] [Information] SkyApm.Transport.Grpc.SegmentReporter : Report 1 logs. cost: 00:00:00.1317831s
2023-08-03 15:57:11.398 +08:00 [grpclient] [Information] SkyApm.Transport.Grpc.V8.SegmentReporter : Report 3 trace segment. cost: 00:00:00.1387384s
2023-08-03 15:57:32.332 +08:00 [grpclient] [Information] SkyApm.Service.PingService : Ping server @2023/8/3 7:57:32 +00:00
2023-08-03 15:57:32.332 +08:00 [grpclient] [Information] SkyApm.Service.PingService : Ping server @2023/8/3 7:57:32 +00:00
2023-08-03 15:57:32.332 +08:00 [grpclient] [Information] SkyApm.Service.CLRStatsService : Report CLR Stats. CPU UsagePercent 0 GenCollectCount 0 0 0 19M ThreadPool 32763 32767 1000 1000
2023-08-03 15:57:32.332 +08:00 [grpclient] [Information] SkyApm.Service.CLRStatsService : Report CLR Stats. CPU UsagePercent 0 GenCollectCount 0 0 0 19M ThreadPool 32763 32767 1000 1000
2023-08-03 15:57:32.490 +08:00 [grpclient] [Information] SkyApm.Service.PingService : Ping server @2023/8/3 7:57:32 +00:00
2023-08-03 15:57:32.490 +08:00 [grpclient] [Information] SkyApm.Service.CLRStatsService : Report CLR Stats. CPU UsagePercent 0 GenCollectCount 0 0 0 19M ThreadPool 32758 32767 1000 1000
2023-08-03 15:57:32.492 +08:00 [grpclient] [Information] SkyApm.Service.PingService : Ping server @2023/8/3 7:57:32 +00:00
2023-08-03 15:57:32.492 +08:00 [grpclient] [Information] SkyApm.Service.CLRStatsService : Report CLR Stats. CPU UsagePercent 0 GenCollectCount 0 0 0 19M ThreadPool 32758 32767 1000 1000
2023-08-03 15:58:02.308 +08:00 [grpclient] [Information] SkyApm.Service.CLRStatsService : Report CLR Stats. CPU UsagePercent 0 GenCollectCount 0 0 0 21M ThreadPool 32756 32767 1000 1000
2023-08-03 15:58:02.308 +08:00 [grpclient] [Information] SkyApm.Service.CLRStatsService : Report CLR Stats. CPU UsagePercent 0 GenCollectCount 0 0 0 21M ThreadPool 32756 32767 1000 1000
2023-08-03 15:58:02.493 +08:00 [grpclient] [Information] SkyApm.Service.CLRStatsService : Report CLR Stats. CPU UsagePercent 0 GenCollectCount 0 0 0 21M ThreadPool 32748 32767 1000 1000
2023-08-03 15:58:02.493 +08:00 [grpclient] [Information] SkyApm.Service.CLRStatsService : Report CLR Stats. CPU UsagePercent 0 GenCollectCount 0 0 0 21M ThreadPool 32748 32767 1000 1000
2023-08-03 15:59:04.834 +08:00 [grpclient] [Information] SkyApm.InstrumentStartup : Initializing ...
2023-08-03 15:59:04.841 +08:00 [grpclient] [Information] SkyApm.Service.RegisterService : Loaded instrument service [SkyApm.Service.RegisterService].
2023-08-03 15:59:04.845 +08:00 [grpclient] [Information] SkyApm.Service.LogReportService : Loaded instrument service [SkyApm.Service.LogReportService].
2023-08-03 15:59:04.846 +08:00 [grpclient] [Information] SkyApm.Service.PingService : Loaded instrument service [SkyApm.Service.PingService].
2023-08-03 15:59:04.846 +08:00 [grpclient] [Information] SkyApm.Service.SegmentReportService : Loaded instrument service [SkyApm.Service.SegmentReportService].
2023-08-03 15:59:04.846 +08:00 [grpclient] [Information] SkyApm.Service.CLRStatsService : Loaded instrument service [SkyApm.Service.CLRStatsService].
2023-08-03 15:59:04.846 +08:00 [grpclient] [Information] SkyApm.Sampling.SimpleCountSamplingInterceptor : Loaded instrument service [SkyApm.Sampling.SimpleCountSamplingInterceptor].
2023-08-03 15:59:04.847 +08:00 [grpclient] [Information] SkyApm.Transport.Grpc.ConnectService : Loaded instrument service [SkyApm.Transport.Grpc.ConnectService].
2023-08-03 15:59:04.847 +08:00 [grpclient] [Information] SkyApm.Service.RegisterService : Loaded instrument service [SkyApm.Service.RegisterService].
2023-08-03 15:59:04.847 +08:00 [grpclient] [Information] SkyApm.Service.LogReportService : Loaded instrument service [SkyApm.Service.LogReportService].
2023-08-03 15:59:04.847 +08:00 [grpclient] [Information] SkyApm.Service.PingService : Loaded instrument service [SkyApm.Service.PingService].
2023-08-03 15:59:04.847 +08:00 [grpclient] [Information] SkyApm.Service.SegmentReportService : Loaded instrument service [SkyApm.Service.SegmentReportService].
2023-08-03 15:59:04.847 +08:00 [grpclient] [Information] SkyApm.Service.CLRStatsService : Loaded instrument service [SkyApm.Service.CLRStatsService].
2023-08-03 15:59:04.847 +08:00 [grpclient] [Information] SkyApm.Sampling.SimpleCountSamplingInterceptor : Loaded instrument service [SkyApm.Sampling.SimpleCountSamplingInterceptor].
2023-08-03 15:59:04.847 +08:00 [grpclient] [Information] SkyApm.Transport.Grpc.ConnectService : Loaded instrument service [SkyApm.Transport.Grpc.ConnectService].
2023-08-03 15:59:05.076 +08:00 [grpclient] [Information] SkyApm.Transport.Grpc.ConnectionManager : Connected server[127.0.0.1:11800].
2023-08-03 15:59:05.118 +08:00 [grpclient] [Information] SkyApm.Diagnostics.TracingDiagnosticProcessorObserver : Loaded diagnostic listener [Microsoft.AspNetCore].
2023-08-03 15:59:05.118 +08:00 [grpclient] [Information] SkyApm.InstrumentStartup : Started SkyAPM .NET Core Agent.
2023-08-03 15:59:05.118 +08:00 [grpclient] [Information] SkyApm.InstrumentStartup : Initializing ...
2023-08-03 15:59:05.118 +08:00 [grpclient] [Information] SkyApm.Service.RegisterService : Loaded instrument service [SkyApm.Service.RegisterService].
2023-08-03 15:59:05.118 +08:00 [grpclient] [Information] SkyApm.Service.LogReportService : Loaded instrument service [SkyApm.Service.LogReportService].
2023-08-03 15:59:05.118 +08:00 [grpclient] [Information] SkyApm.Service.PingService : Loaded instrument service [SkyApm.Service.PingService].
2023-08-03 15:59:05.118 +08:00 [grpclient] [Information] SkyApm.Service.SegmentReportService : Loaded instrument service [SkyApm.Service.SegmentReportService].
2023-08-03 15:59:05.118 +08:00 [grpclient] [Information] SkyApm.Service.CLRStatsService : Loaded instrument service [SkyApm.Service.CLRStatsService].
2023-08-03 15:59:05.118 +08:00 [grpclient] [Information] SkyApm.Sampling.SimpleCountSamplingInterceptor : Loaded instrument service [SkyApm.Sampling.SimpleCountSamplingInterceptor].
2023-08-03 15:59:05.118 +08:00 [grpclient] [Information] SkyApm.Transport.Grpc.ConnectService : Loaded instrument service [SkyApm.Transport.Grpc.ConnectService].
2023-08-03 15:59:05.118 +08:00 [grpclient] [Information] SkyApm.Service.RegisterService : Loaded instrument service [SkyApm.Service.RegisterService].
2023-08-03 15:59:05.118 +08:00 [grpclient] [Information] SkyApm.Service.LogReportService : Loaded instrument service [SkyApm.Service.LogReportService].
2023-08-03 15:59:05.118 +08:00 [grpclient] [Information] SkyApm.Service.PingService : Loaded instrument service [SkyApm.Service.PingService].
2023-08-03 15:59:05.118 +08:00 [grpclient] [Information] SkyApm.Service.SegmentReportService : Loaded instrument service [SkyApm.Service.SegmentReportService].
2023-08-03 15:59:05.119 +08:00 [grpclient] [Information] SkyApm.Service.CLRStatsService : Loaded instrument service [SkyApm.Service.CLRStatsService].
2023-08-03 15:59:05.119 +08:00 [grpclient] [Information] SkyApm.Sampling.SimpleCountSamplingInterceptor : Loaded instrument service [SkyApm.Sampling.SimpleCountSamplingInterceptor].
2023-08-03 15:59:05.119 +08:00 [grpclient] [Information] SkyApm.Transport.Grpc.ConnectService : Loaded instrument service [SkyApm.Transport.Grpc.ConnectService].
2023-08-03 15:59:05.120 +08:00 [grpclient] [Information] SkyApm.Diagnostics.TracingDiagnosticProcessorObserver : Loaded diagnostic listener [Microsoft.AspNetCore].
2023-08-03 15:59:05.120 +08:00 [grpclient] [Information] SkyApm.InstrumentStartup : Started SkyAPM .NET Core Agent.
2023-08-03 15:59:05.249 +08:00 [grpclient] [Information] SkyApm.Diagnostics.TracingDiagnosticProcessorObserver : Loaded diagnostic listener [Grpc.Net.Client].
2023-08-03 15:59:05.249 +08:00 [grpclient] [Information] SkyApm.Diagnostics.TracingDiagnosticProcessorObserver : Loaded diagnostic listener [Grpc.Net.Client].
2023-08-03 15:59:05.544 +08:00 [grpclient] [Information] SkyApm.Diagnostics.TracingDiagnosticProcessorObserver : Loaded diagnostic listener [HttpHandlerDiagnosticListener].
2023-08-03 15:59:05.544 +08:00 [grpclient] [Information] SkyApm.Diagnostics.TracingDiagnosticProcessorObserver : Loaded diagnostic listener [HttpHandlerDiagnosticListener].
2023-08-03 15:59:05.842 +08:00 [grpclient] [Information] SkyApm.Service.RegisterService : Reported Service Instance Properties[Service=grpclient,InstanceId=192.168.110.65@aba24168287549ecaa8e5a99185c4163].
2023-08-03 15:59:05.842 +08:00 [grpclient] [Information] SkyApm.Service.RegisterService : Reported Service Instance Properties[Service=grpclient,InstanceId=192.168.110.65@aba24168287549ecaa8e5a99185c4163].
2023-08-03 15:59:05.842 +08:00 [grpclient] [Information] SkyApm.Service.RegisterService : Reported Service Instance Properties[Service=grpclient,InstanceId=192.168.110.65@aba24168287549ecaa8e5a99185c4163].
2023-08-03 15:59:05.842 +08:00 [grpclient] [Information] SkyApm.Service.RegisterService : Reported Service Instance Properties[Service=grpclient,InstanceId=192.168.110.65@aba24168287549ecaa8e5a99185c4163].
2023-08-03 15:59:10.967 +08:00 [grpclient] [Information] SkyApm.Transport.Grpc.SegmentReporter : Report 1 logs. cost: 00:00:00.0973263s
2023-08-03 15:59:10.970 +08:00 [grpclient] [Information] SkyApm.Transport.Grpc.V8.SegmentReporter : Report 3 trace segment. cost: 00:00:00.1013605s
2023-08-03 15:59:34.966 +08:00 [grpclient] [Information] SkyApm.Service.PingService : Ping server @2023/8/3 7:59:34 +00:00
2023-08-03 15:59:34.966 +08:00 [grpclient] [Information] SkyApm.Service.PingService : Ping server @2023/8/3 7:59:34 +00:00
2023-08-03 15:59:34.966 +08:00 [grpclient] [Information] SkyApm.Service.CLRStatsService : Report CLR Stats. CPU UsagePercent 0 GenCollectCount 0 0 0 19M ThreadPool 32759 32767 1000 1000
2023-08-03 15:59:34.966 +08:00 [grpclient] [Information] SkyApm.Service.CLRStatsService : Report CLR Stats. CPU UsagePercent 0 GenCollectCount 0 0 0 19M ThreadPool 32766 32767 1000 1000
2023-08-03 15:59:35.154 +08:00 [grpclient] [Information] SkyApm.Service.CLRStatsService : Report CLR Stats. CPU UsagePercent 0 GenCollectCount 0 0 0 19M ThreadPool 32759 32767 1000 1000
2023-08-03 15:59:35.154 +08:00 [grpclient] [Information] SkyApm.Service.CLRStatsService : Report CLR Stats. CPU UsagePercent 0 GenCollectCount 0 0 0 20M ThreadPool 32759 32767 1000 1000
2023-08-03 15:59:35.154 +08:00 [grpclient] [Information] SkyApm.Service.PingService : Ping server @2023/8/3 7:59:35 +00:00
2023-08-03 15:59:35.154 +08:00 [grpclient] [Information] SkyApm.Service.PingService : Ping server @2023/8/3 7:59:35 +00:00
2023-08-03 15:59:40.951 +08:00 [grpclient] [Information] SkyApm.Transport.Grpc.V8.SegmentReporter : Report 1 trace segment. cost: 00:00:00.1065443s
2023-08-03 15:59:40.951 +08:00 [grpclient] [Information] SkyApm.Transport.Grpc.SegmentReporter : Report 2 logs. cost: 00:00:00.1070901s
2023-08-03 15:59:41.218 +08:00 [grpclient] [Information] SkyApm.Transport.Grpc.V8.SegmentReporter : Report 1 trace segment. cost: 00:00:00.0952643s
2023-08-03 15:59:41.218 +08:00 [grpclient] [Information] SkyApm.Transport.Grpc.SegmentReporter : Report 2 logs. cost: 00:00:00.0925173s
2023-08-03 15:59:43.887 +08:00 [grpclient] [Information] SkyApm.Transport.Grpc.V8.SegmentReporter : Report 2 trace segment. cost: 00:00:00.0256635s
2023-08-03 15:59:43.931 +08:00 [grpclient] [Information] SkyApm.Transport.Grpc.SegmentReporter : Report 4 logs. cost: 00:00:00.0701394s
2023-08-03 16:00:04.910 +08:00 [grpclient] [Information] SkyApm.Service.CLRStatsService : Report CLR Stats. CPU UsagePercent 0 GenCollectCount 0 0 0 23M ThreadPool 32759 32767 1000 1000
2023-08-03 16:00:04.910 +08:00 [grpclient] [Information] SkyApm.Service.CLRStatsService : Report CLR Stats. CPU UsagePercent 0 GenCollectCount 0 0 0 23M ThreadPool 32759 32767 1000 1000
2023-08-03 16:00:05.145 +08:00 [grpclient] [Information] SkyApm.Service.CLRStatsService : Report CLR Stats. CPU UsagePercent 0 GenCollectCount 0 0 0 24M ThreadPool 32759 32767 1000 1000
2023-08-03 16:00:05.145 +08:00 [grpclient] [Information] SkyApm.Service.CLRStatsService : Report CLR Stats. CPU UsagePercent 0 GenCollectCount 0 0 0 24M ThreadPool 32759 32767 1000 1000
2023-08-03 16:02:20.160 +08:00 [grpclient] [Information] SkyApm.InstrumentStartup : Initializing ...
2023-08-03 16:02:20.172 +08:00 [grpclient] [Information] SkyApm.Service.RegisterService : Loaded instrument service [SkyApm.Service.RegisterService].
2023-08-03 16:02:20.177 +08:00 [grpclient] [Information] SkyApm.Service.LogReportService : Loaded instrument service [SkyApm.Service.LogReportService].
2023-08-03 16:02:20.177 +08:00 [grpclient] [Information] SkyApm.Service.PingService : Loaded instrument service [SkyApm.Service.PingService].
2023-08-03 16:02:20.178 +08:00 [grpclient] [Information] SkyApm.Service.SegmentReportService : Loaded instrument service [SkyApm.Service.SegmentReportService].
2023-08-03 16:02:20.178 +08:00 [grpclient] [Information] SkyApm.Service.CLRStatsService : Loaded instrument service [SkyApm.Service.CLRStatsService].
2023-08-03 16:02:20.178 +08:00 [grpclient] [Information] SkyApm.Sampling.SimpleCountSamplingInterceptor : Loaded instrument service [SkyApm.Sampling.SimpleCountSamplingInterceptor].
2023-08-03 16:02:20.178 +08:00 [grpclient] [Information] SkyApm.Transport.Grpc.ConnectService : Loaded instrument service [SkyApm.Transport.Grpc.ConnectService].
2023-08-03 16:02:20.178 +08:00 [grpclient] [Information] SkyApm.Service.RegisterService : Loaded instrument service [SkyApm.Service.RegisterService].
2023-08-03 16:02:20.178 +08:00 [grpclient] [Information] SkyApm.Service.LogReportService : Loaded instrument service [SkyApm.Service.LogReportService].
2023-08-03 16:02:20.178 +08:00 [grpclient] [Information] SkyApm.Service.PingService : Loaded instrument service [SkyApm.Service.PingService].
2023-08-03 16:02:20.178 +08:00 [grpclient] [Information] SkyApm.Service.SegmentReportService : Loaded instrument service [SkyApm.Service.SegmentReportService].
2023-08-03 16:02:20.178 +08:00 [grpclient] [Information] SkyApm.Service.CLRStatsService : Loaded instrument service [SkyApm.Service.CLRStatsService].
2023-08-03 16:02:20.178 +08:00 [grpclient] [Information] SkyApm.Sampling.SimpleCountSamplingInterceptor : Loaded instrument service [SkyApm.Sampling.SimpleCountSamplingInterceptor].
2023-08-03 16:02:20.178 +08:00 [grpclient] [Information] SkyApm.Transport.Grpc.ConnectService : Loaded instrument service [SkyApm.Transport.Grpc.ConnectService].
2023-08-03 16:02:20.379 +08:00 [grpclient] [Information] SkyApm.Transport.Grpc.ConnectionManager : Connected server[127.0.0.1:11800].
2023-08-03 16:02:20.387 +08:00 [grpclient] [Information] SkyApm.Diagnostics.TracingDiagnosticProcessorObserver : Loaded diagnostic listener [Microsoft.AspNetCore].
2023-08-03 16:02:20.388 +08:00 [grpclient] [Information] SkyApm.InstrumentStartup : Started SkyAPM .NET Core Agent.
2023-08-03 16:02:20.388 +08:00 [grpclient] [Information] SkyApm.InstrumentStartup : Initializing ...
2023-08-03 16:02:20.388 +08:00 [grpclient] [Information] SkyApm.Service.RegisterService : Loaded instrument service [SkyApm.Service.RegisterService].
2023-08-03 16:02:20.388 +08:00 [grpclient] [Information] SkyApm.Service.LogReportService : Loaded instrument service [SkyApm.Service.LogReportService].
2023-08-03 16:02:20.388 +08:00 [grpclient] [Information] SkyApm.Service.PingService : Loaded instrument service [SkyApm.Service.PingService].
2023-08-03 16:02:20.388 +08:00 [grpclient] [Information] SkyApm.Service.SegmentReportService : Loaded instrument service [SkyApm.Service.SegmentReportService].
2023-08-03 16:02:20.388 +08:00 [grpclient] [Information] SkyApm.Service.CLRStatsService : Loaded instrument service [SkyApm.Service.CLRStatsService].
2023-08-03 16:02:20.388 +08:00 [grpclient] [Information] SkyApm.Sampling.SimpleCountSamplingInterceptor : Loaded instrument service [SkyApm.Sampling.SimpleCountSamplingInterceptor].
2023-08-03 16:02:20.389 +08:00 [grpclient] [Information] SkyApm.Transport.Grpc.ConnectService : Loaded instrument service [SkyApm.Transport.Grpc.ConnectService].
2023-08-03 16:02:20.389 +08:00 [grpclient] [Information] SkyApm.Service.RegisterService : Loaded instrument service [SkyApm.Service.RegisterService].
2023-08-03 16:02:20.389 +08:00 [grpclient] [Information] SkyApm.Service.LogReportService : Loaded instrument service [SkyApm.Service.LogReportService].
2023-08-03 16:02:20.389 +08:00 [grpclient] [Information] SkyApm.Service.PingService : Loaded instrument service [SkyApm.Service.PingService].
2023-08-03 16:02:20.389 +08:00 [grpclient] [Information] SkyApm.Service.SegmentReportService : Loaded instrument service [SkyApm.Service.SegmentReportService].
2023-08-03 16:02:20.389 +08:00 [grpclient] [Information] SkyApm.Service.CLRStatsService : Loaded instrument service [SkyApm.Service.CLRStatsService].
2023-08-03 16:02:20.389 +08:00 [grpclient] [Information] SkyApm.Sampling.SimpleCountSamplingInterceptor : Loaded instrument service [SkyApm.Sampling.SimpleCountSamplingInterceptor].
2023-08-03 16:02:20.389 +08:00 [grpclient] [Information] SkyApm.Transport.Grpc.ConnectService : Loaded instrument service [SkyApm.Transport.Grpc.ConnectService].
2023-08-03 16:02:20.390 +08:00 [grpclient] [Information] SkyApm.Diagnostics.TracingDiagnosticProcessorObserver : Loaded diagnostic listener [Microsoft.AspNetCore].
2023-08-03 16:02:20.390 +08:00 [grpclient] [Information] SkyApm.InstrumentStartup : Started SkyAPM .NET Core Agent.
2023-08-03 16:02:20.531 +08:00 [grpclient] [Information] SkyApm.Diagnostics.TracingDiagnosticProcessorObserver : Loaded diagnostic listener [Grpc.Net.Client].
2023-08-03 16:02:20.531 +08:00 [grpclient] [Information] SkyApm.Diagnostics.TracingDiagnosticProcessorObserver : Loaded diagnostic listener [Grpc.Net.Client].
2023-08-03 16:02:20.882 +08:00 [grpclient] [Information] SkyApm.Diagnostics.TracingDiagnosticProcessorObserver : Loaded diagnostic listener [HttpHandlerDiagnosticListener].
2023-08-03 16:02:20.883 +08:00 [grpclient] [Information] SkyApm.Diagnostics.TracingDiagnosticProcessorObserver : Loaded diagnostic listener [HttpHandlerDiagnosticListener].
2023-08-03 16:02:21.151 +08:00 [grpclient] [Information] SkyApm.Service.RegisterService : Reported Service Instance Properties[Service=grpclient,InstanceId=192.168.110.65@9d5878f25b7948a4b008e03078cbdae4].
2023-08-03 16:02:21.151 +08:00 [grpclient] [Information] SkyApm.Service.RegisterService : Reported Service Instance Properties[Service=grpclient,InstanceId=192.168.110.65@9d5878f25b7948a4b008e03078cbdae4].
2023-08-03 16:02:21.151 +08:00 [grpclient] [Information] SkyApm.Service.RegisterService : Reported Service Instance Properties[Service=grpclient,InstanceId=192.168.110.65@9d5878f25b7948a4b008e03078cbdae4].
2023-08-03 16:02:21.151 +08:00 [grpclient] [Information] SkyApm.Service.RegisterService : Reported Service Instance Properties[Service=grpclient,InstanceId=192.168.110.65@9d5878f25b7948a4b008e03078cbdae4].
2023-08-03 16:02:26.250 +08:00 [grpclient] [Information] SkyApm.Transport.Grpc.SegmentReporter : Report 1 logs. cost: 00:00:00.0635864s
2023-08-03 16:02:26.252 +08:00 [grpclient] [Information] SkyApm.Transport.Grpc.V8.SegmentReporter : Report 3 trace segment. cost: 00:00:00.0633156s
2023-08-03 16:02:35.257 +08:00 [grpclient] [Information] SkyApm.Transport.Grpc.V8.SegmentReporter : Report 2 trace segment. cost: 00:00:00.0735618s
2023-08-03 16:02:35.263 +08:00 [grpclient] [Information] SkyApm.Transport.Grpc.SegmentReporter : Report 6 logs. cost: 00:00:00.0802349s
2023-08-03 16:02:38.189 +08:00 [grpclient] [Information] SkyApm.Transport.Grpc.SegmentReporter : Report 2 logs. cost: 00:00:00.0065250s
2023-08-03 16:02:38.191 +08:00 [grpclient] [Information] SkyApm.Transport.Grpc.V8.SegmentReporter : Report 2 trace segment. cost: 00:00:00.0085807s
2023-08-03 16:02:50.242 +08:00 [grpclient] [Information] SkyApm.Service.CLRStatsService : Report CLR Stats. CPU UsagePercent 0 GenCollectCount 0 0 0 21M ThreadPool 32763 32767 1000 1000
2023-08-03 16:02:50.242 +08:00 [grpclient] [Information] SkyApm.Service.CLRStatsService : Report CLR Stats. CPU UsagePercent 0 GenCollectCount 0 0 0 21M ThreadPool 32763 32767 1000 1000
2023-08-03 16:02:50.242 +08:00 [grpclient] [Information] SkyApm.Service.PingService : Ping server @2023/8/3 8:02:50 +00:00
2023-08-03 16:02:50.242 +08:00 [grpclient] [Information] SkyApm.Service.PingService : Ping server @2023/8/3 8:02:50 +00:00
2023-08-03 16:02:50.401 +08:00 [grpclient] [Information] SkyApm.Service.CLRStatsService : Report CLR Stats. CPU UsagePercent 0 GenCollectCount 0 0 0 21M ThreadPool 32759 32767 1000 1000
2023-08-03 16:02:50.401 +08:00 [grpclient] [Information] SkyApm.Service.CLRStatsService : Report CLR Stats. CPU UsagePercent 0 GenCollectCount 0 0 0 21M ThreadPool 32759 32767 1000 1000
2023-08-03 16:02:50.401 +08:00 [grpclient] [Information] SkyApm.Service.PingService : Ping server @2023/8/3 8:02:50 +00:00
2023-08-03 16:02:50.401 +08:00 [grpclient] [Information] SkyApm.Service.PingService : Ping server @2023/8/3 8:02:50 +00:00
2023-08-04 09:09:23.116 +08:00 [grpclient] [Information] SkyApm.InstrumentStartup : Initializing ...
2023-08-04 09:09:23.125 +08:00 [grpclient] [Information] SkyApm.Service.RegisterService : Loaded instrument service [SkyApm.Service.RegisterService].
2023-08-04 09:09:23.129 +08:00 [grpclient] [Information] SkyApm.Service.LogReportService : Loaded instrument service [SkyApm.Service.LogReportService].
2023-08-04 09:09:23.129 +08:00 [grpclient] [Information] SkyApm.Service.PingService : Loaded instrument service [SkyApm.Service.PingService].
2023-08-04 09:09:23.130 +08:00 [grpclient] [Information] SkyApm.Service.SegmentReportService : Loaded instrument service [SkyApm.Service.SegmentReportService].
2023-08-04 09:09:23.130 +08:00 [grpclient] [Information] SkyApm.Service.CLRStatsService : Loaded instrument service [SkyApm.Service.CLRStatsService].
2023-08-04 09:09:23.130 +08:00 [grpclient] [Information] SkyApm.Sampling.SimpleCountSamplingInterceptor : Loaded instrument service [SkyApm.Sampling.SimpleCountSamplingInterceptor].
2023-08-04 09:09:23.130 +08:00 [grpclient] [Information] SkyApm.Transport.Grpc.ConnectService : Loaded instrument service [SkyApm.Transport.Grpc.ConnectService].
2023-08-04 09:09:23.130 +08:00 [grpclient] [Information] SkyApm.Service.RegisterService : Loaded instrument service [SkyApm.Service.RegisterService].
2023-08-04 09:09:23.130 +08:00 [grpclient] [Information] SkyApm.Service.LogReportService : Loaded instrument service [SkyApm.Service.LogReportService].
2023-08-04 09:09:23.130 +08:00 [grpclient] [Information] SkyApm.Service.PingService : Loaded instrument service [SkyApm.Service.PingService].
2023-08-04 09:09:23.130 +08:00 [grpclient] [Information] SkyApm.Service.SegmentReportService : Loaded instrument service [SkyApm.Service.SegmentReportService].
2023-08-04 09:09:23.130 +08:00 [grpclient] [Information] SkyApm.Service.CLRStatsService : Loaded instrument service [SkyApm.Service.CLRStatsService].
2023-08-04 09:09:23.130 +08:00 [grpclient] [Information] SkyApm.Sampling.SimpleCountSamplingInterceptor : Loaded instrument service [SkyApm.Sampling.SimpleCountSamplingInterceptor].
2023-08-04 09:09:23.130 +08:00 [grpclient] [Information] SkyApm.Transport.Grpc.ConnectService : Loaded instrument service [SkyApm.Transport.Grpc.ConnectService].
2023-08-04 09:09:23.472 +08:00 [grpclient] [Information] SkyApm.Transport.Grpc.ConnectionManager : Connected server[127.0.0.1:11800].
2023-08-04 09:09:23.474 +08:00 [grpclient] [Information] SkyApm.Diagnostics.TracingDiagnosticProcessorObserver : Loaded diagnostic listener [Microsoft.AspNetCore].
2023-08-04 09:09:23.474 +08:00 [grpclient] [Information] SkyApm.InstrumentStartup : Started SkyAPM .NET Core Agent.
2023-08-04 09:09:23.474 +08:00 [grpclient] [Information] SkyApm.InstrumentStartup : Initializing ...
2023-08-04 09:09:23.474 +08:00 [grpclient] [Information] SkyApm.Service.RegisterService : Loaded instrument service [SkyApm.Service.RegisterService].
2023-08-04 09:09:23.474 +08:00 [grpclient] [Information] SkyApm.Service.LogReportService : Loaded instrument service [SkyApm.Service.LogReportService].
2023-08-04 09:09:23.474 +08:00 [grpclient] [Information] SkyApm.Service.PingService : Loaded instrument service [SkyApm.Service.PingService].
2023-08-04 09:09:23.474 +08:00 [grpclient] [Information] SkyApm.Service.SegmentReportService : Loaded instrument service [SkyApm.Service.SegmentReportService].
2023-08-04 09:09:23.474 +08:00 [grpclient] [Information] SkyApm.Service.CLRStatsService : Loaded instrument service [SkyApm.Service.CLRStatsService].
2023-08-04 09:09:23.474 +08:00 [grpclient] [Information] SkyApm.Sampling.SimpleCountSamplingInterceptor : Loaded instrument service [SkyApm.Sampling.SimpleCountSamplingInterceptor].
2023-08-04 09:09:23.474 +08:00 [grpclient] [Information] SkyApm.Transport.Grpc.ConnectService : Loaded instrument service [SkyApm.Transport.Grpc.ConnectService].
2023-08-04 09:09:23.474 +08:00 [grpclient] [Information] SkyApm.Service.RegisterService : Loaded instrument service [SkyApm.Service.RegisterService].
2023-08-04 09:09:23.474 +08:00 [grpclient] [Information] SkyApm.Service.LogReportService : Loaded instrument service [SkyApm.Service.LogReportService].
2023-08-04 09:09:23.474 +08:00 [grpclient] [Information] SkyApm.Service.PingService : Loaded instrument service [SkyApm.Service.PingService].
2023-08-04 09:09:23.474 +08:00 [grpclient] [Information] SkyApm.Service.SegmentReportService : Loaded instrument service [SkyApm.Service.SegmentReportService].
2023-08-04 09:09:23.474 +08:00 [grpclient] [Information] SkyApm.Service.CLRStatsService : Loaded instrument service [SkyApm.Service.CLRStatsService].
2023-08-04 09:09:23.474 +08:00 [grpclient] [Information] SkyApm.Sampling.SimpleCountSamplingInterceptor : Loaded instrument service [SkyApm.Sampling.SimpleCountSamplingInterceptor].
2023-08-04 09:09:23.474 +08:00 [grpclient] [Information] SkyApm.Transport.Grpc.ConnectService : Loaded instrument service [SkyApm.Transport.Grpc.ConnectService].
2023-08-04 09:09:23.476 +08:00 [grpclient] [Information] SkyApm.Diagnostics.TracingDiagnosticProcessorObserver : Loaded diagnostic listener [Microsoft.AspNetCore].
2023-08-04 09:09:23.476 +08:00 [grpclient] [Information] SkyApm.InstrumentStartup : Started SkyAPM .NET Core Agent.
2023-08-04 09:09:23.635 +08:00 [grpclient] [Information] SkyApm.Diagnostics.TracingDiagnosticProcessorObserver : Loaded diagnostic listener [Grpc.Net.Client].
2023-08-04 09:09:23.635 +08:00 [grpclient] [Information] SkyApm.Diagnostics.TracingDiagnosticProcessorObserver : Loaded diagnostic listener [Grpc.Net.Client].
2023-08-04 09:09:23.980 +08:00 [grpclient] [Information] SkyApm.Diagnostics.TracingDiagnosticProcessorObserver : Loaded diagnostic listener [HttpHandlerDiagnosticListener].
2023-08-04 09:09:23.981 +08:00 [grpclient] [Information] SkyApm.Diagnostics.TracingDiagnosticProcessorObserver : Loaded diagnostic listener [HttpHandlerDiagnosticListener].
2023-08-04 09:09:26.483 +08:00 [grpclient] [Information] SkyApm.Service.RegisterService : Reported Service Instance Properties[Service=grpclient,InstanceId=192.168.110.65@e03220dd85ce4c7ebdd7dc619b123075].
2023-08-04 09:09:26.483 +08:00 [grpclient] [Information] SkyApm.Service.RegisterService : Reported Service Instance Properties[Service=grpclient,InstanceId=192.168.110.65@e03220dd85ce4c7ebdd7dc619b123075].
2023-08-04 09:09:26.483 +08:00 [grpclient] [Information] SkyApm.Service.RegisterService : Reported Service Instance Properties[Service=grpclient,InstanceId=192.168.110.65@e03220dd85ce4c7ebdd7dc619b123075].
2023-08-04 09:09:26.485 +08:00 [grpclient] [Information] SkyApm.Service.RegisterService : Reported Service Instance Properties[Service=grpclient,InstanceId=192.168.110.65@e03220dd85ce4c7ebdd7dc619b123075].
2023-08-04 09:09:30.006 +08:00 [grpclient] [Information] SkyApm.Transport.Grpc.V8.SegmentReporter : Report 3 trace segment. cost: 00:00:00.5063764s
2023-08-04 09:09:30.092 +08:00 [grpclient] [Information] SkyApm.Transport.Grpc.SegmentReporter : Report 1 logs. cost: 00:00:00.5891629s
2023-08-04 09:09:53.507 +08:00 [grpclient] [Information] SkyApm.Service.PingService : Ping server @2023/8/4 1:09:53 +00:00
2023-08-04 09:09:53.507 +08:00 [grpclient] [Information] SkyApm.Service.PingService : Ping server @2023/8/4 1:09:53 +00:00
2023-08-04 09:09:53.522 +08:00 [grpclient] [Information] SkyApm.Service.CLRStatsService : Report CLR Stats. CPU UsagePercent 0 GenCollectCount 12 12 2 5M ThreadPool 32763 32767 1000 1000
2023-08-04 09:09:53.522 +08:00 [grpclient] [Information] SkyApm.Service.CLRStatsService : Report CLR Stats. CPU UsagePercent 0 GenCollectCount 0 0 0 5M ThreadPool 32763 32767 1000 1000
2023-08-04 09:10:11.486 +08:00 [grpclient] [Information] SkyApm.Transport.Grpc.V8.SegmentReporter : Report 3 trace segment. cost: 00:00:00.0102211s
2023-08-04 09:10:17.488 +08:00 [grpclient] [Information] SkyApm.Transport.Grpc.V8.SegmentReporter : Report 2 trace segment. cost: 00:00:00.0071965s
2023-08-04 09:10:23.488 +08:00 [grpclient] [Information] SkyApm.Service.CLRStatsService : Report CLR Stats. CPU UsagePercent 0 GenCollectCount 7 7 3 5M ThreadPool 32752 32767 1000 1000
2023-08-04 09:10:23.494 +08:00 [grpclient] [Information] SkyApm.Service.CLRStatsService : Report CLR Stats. CPU UsagePercent 0 GenCollectCount 0 0 0 5M ThreadPool 32762 32767 1000 1000
