2023-04-08 15:35:49.455 +08:00 [grpcapiservice] [Information] SkyApm.InstrumentStartup : Initializing ...
2023-04-08 15:35:49.759 +08:00 [grpcapiservice] [Information] SkyApm.Service.RegisterService : Loaded instrument service [SkyApm.Service.RegisterService].
2023-04-08 15:35:49.760 +08:00 [grpcapiservice] [Information] SkyApm.Service.LogReportService : Loaded instrument service [SkyApm.Service.LogReportService].
2023-04-08 15:35:49.761 +08:00 [grpcapiservice] [Information] SkyApm.Service.PingService : Loaded instrument service [SkyApm.Service.PingService].
2023-04-08 15:35:49.762 +08:00 [grpcapiservice] [Information] SkyApm.Service.SegmentReportService : Loaded instrument service [SkyApm.Service.SegmentReportService].
2023-04-08 15:35:49.763 +08:00 [grpcapiservice] [Information] SkyApm.Service.CLRStatsService : Loaded instrument service [SkyApm.Service.CLRStatsService].
2023-04-08 15:35:49.764 +08:00 [grpcapiservice] [Information] SkyApm.Sampling.SimpleCountSamplingInterceptor : Loaded instrument service [SkyApm.Sampling.SimpleCountSamplingInterceptor].
2023-04-08 15:35:49.764 +08:00 [grpcapiservice] [Information] SkyApm.Transport.Grpc.ConnectService : Loaded instrument service [SkyApm.Transport.Grpc.ConnectService].
2023-04-08 15:35:49.764 +08:00 [grpcapiservice] [Information] SkyApm.Service.RegisterService : Loaded instrument service [SkyApm.Service.RegisterService].
2023-04-08 15:35:49.764 +08:00 [grpcapiservice] [Information] SkyApm.Service.LogReportService : Loaded instrument service [SkyApm.Service.LogReportService].
2023-04-08 15:35:49.764 +08:00 [grpcapiservice] [Information] SkyApm.Service.PingService : Loaded instrument service [SkyApm.Service.PingService].
2023-04-08 15:35:49.764 +08:00 [grpcapiservice] [Information] SkyApm.Service.SegmentReportService : Loaded instrument service [SkyApm.Service.SegmentReportService].
2023-04-08 15:35:49.764 +08:00 [grpcapiservice] [Information] SkyApm.Service.CLRStatsService : Loaded instrument service [SkyApm.Service.CLRStatsService].
2023-04-08 15:35:49.764 +08:00 [grpcapiservice] [Information] SkyApm.Sampling.SimpleCountSamplingInterceptor : Loaded instrument service [SkyApm.Sampling.SimpleCountSamplingInterceptor].
2023-04-08 15:35:49.764 +08:00 [grpcapiservice] [Information] SkyApm.Transport.Grpc.ConnectService : Loaded instrument service [SkyApm.Transport.Grpc.ConnectService].
2023-04-08 15:35:50.368 +08:00 [grpcapiservice] [Information] SkyApm.Transport.Grpc.ConnectionManager : Connected server[127.0.0.1:11800].
2023-04-08 15:35:50.386 +08:00 [grpcapiservice] [Information] SkyApm.Diagnostics.TracingDiagnosticProcessorObserver : Loaded diagnostic listener [HttpHandlerDiagnosticListener].
2023-04-08 15:35:50.388 +08:00 [grpcapiservice] [Information] SkyApm.Diagnostics.TracingDiagnosticProcessorObserver : Loaded diagnostic listener [Microsoft.AspNetCore].
2023-04-08 15:35:50.389 +08:00 [grpcapiservice] [Information] SkyApm.InstrumentStartup : Started SkyAPM .NET Core Agent.
2023-04-08 15:35:50.389 +08:00 [grpcapiservice] [Information] SkyApm.InstrumentStartup : Initializing ...
2023-04-08 15:35:50.389 +08:00 [grpcapiservice] [Information] SkyApm.Service.RegisterService : Loaded instrument service [SkyApm.Service.RegisterService].
2023-04-08 15:35:50.389 +08:00 [grpcapiservice] [Information] SkyApm.Service.LogReportService : Loaded instrument service [SkyApm.Service.LogReportService].
2023-04-08 15:35:50.389 +08:00 [grpcapiservice] [Information] SkyApm.Service.PingService : Loaded instrument service [SkyApm.Service.PingService].
2023-04-08 15:35:50.389 +08:00 [grpcapiservice] [Information] SkyApm.Service.SegmentReportService : Loaded instrument service [SkyApm.Service.SegmentReportService].
2023-04-08 15:35:50.389 +08:00 [grpcapiservice] [Information] SkyApm.Service.CLRStatsService : Loaded instrument service [SkyApm.Service.CLRStatsService].
2023-04-08 15:35:50.389 +08:00 [grpcapiservice] [Information] SkyApm.Sampling.SimpleCountSamplingInterceptor : Loaded instrument service [SkyApm.Sampling.SimpleCountSamplingInterceptor].
2023-04-08 15:35:50.389 +08:00 [grpcapiservice] [Information] SkyApm.Transport.Grpc.ConnectService : Loaded instrument service [SkyApm.Transport.Grpc.ConnectService].
2023-04-08 15:35:50.389 +08:00 [grpcapiservice] [Information] SkyApm.Service.RegisterService : Loaded instrument service [SkyApm.Service.RegisterService].
2023-04-08 15:35:50.389 +08:00 [grpcapiservice] [Information] SkyApm.Service.LogReportService : Loaded instrument service [SkyApm.Service.LogReportService].
2023-04-08 15:35:50.389 +08:00 [grpcapiservice] [Information] SkyApm.Service.PingService : Loaded instrument service [SkyApm.Service.PingService].
2023-04-08 15:35:50.389 +08:00 [grpcapiservice] [Information] SkyApm.Service.SegmentReportService : Loaded instrument service [SkyApm.Service.SegmentReportService].
2023-04-08 15:35:50.389 +08:00 [grpcapiservice] [Information] SkyApm.Service.CLRStatsService : Loaded instrument service [SkyApm.Service.CLRStatsService].
2023-04-08 15:35:50.389 +08:00 [grpcapiservice] [Information] SkyApm.Sampling.SimpleCountSamplingInterceptor : Loaded instrument service [SkyApm.Sampling.SimpleCountSamplingInterceptor].
2023-04-08 15:35:50.389 +08:00 [grpcapiservice] [Information] SkyApm.Transport.Grpc.ConnectService : Loaded instrument service [SkyApm.Transport.Grpc.ConnectService].
2023-04-08 15:35:50.391 +08:00 [grpcapiservice] [Information] SkyApm.Diagnostics.TracingDiagnosticProcessorObserver : Loaded diagnostic listener [HttpHandlerDiagnosticListener].
2023-04-08 15:35:50.391 +08:00 [grpcapiservice] [Information] SkyApm.Diagnostics.TracingDiagnosticProcessorObserver : Loaded diagnostic listener [Microsoft.AspNetCore].
2023-04-08 15:35:50.391 +08:00 [grpcapiservice] [Information] SkyApm.InstrumentStartup : Started SkyAPM .NET Core Agent.
2023-04-08 15:35:50.744 +08:00 [grpcapiservice] [Information] SkyApm.Diagnostics.TracingDiagnosticProcessorObserver : Loaded diagnostic listener [Grpc.Net.Client].
2023-04-08 15:35:50.744 +08:00 [grpcapiservice] [Information] SkyApm.Diagnostics.TracingDiagnosticProcessorObserver : Loaded diagnostic listener [Grpc.Net.Client].
2023-04-08 15:35:51.859 +08:00 [grpcapiservice] [Information] SkyApm.Service.RegisterService : Reported Service Instance Properties[Service=grpcapiservice,InstanceId=192.168.110.67@afa27a1e0f0f4455abb707302fb8e414].
2023-04-08 15:35:51.859 +08:00 [grpcapiservice] [Information] SkyApm.Service.RegisterService : Reported Service Instance Properties[Service=grpcapiservice,InstanceId=192.168.110.67@afa27a1e0f0f4455abb707302fb8e414].
2023-04-08 15:35:51.884 +08:00 [grpcapiservice] [Information] SkyApm.Service.RegisterService : Reported Service Instance Properties[Service=grpcapiservice,InstanceId=192.168.110.67@afa27a1e0f0f4455abb707302fb8e414].
2023-04-08 15:35:51.884 +08:00 [grpcapiservice] [Information] SkyApm.Service.RegisterService : Reported Service Instance Properties[Service=grpcapiservice,InstanceId=192.168.110.67@afa27a1e0f0f4455abb707302fb8e414].
2023-04-08 15:36:20.530 +08:00 [grpcapiservice] [Information] SkyApm.Service.PingService : Ping server @2023/4/8 7:36:20 +00:00
2023-04-08 15:36:20.531 +08:00 [grpcapiservice] [Information] SkyApm.Service.PingService : Ping server @2023/4/8 7:36:20 +00:00
2023-04-08 15:36:20.546 +08:00 [grpcapiservice] [Information] SkyApm.Service.CLRStatsService : Report CLR Stats. CPU UsagePercent 0 GenCollectCount 3 3 1 6M ThreadPool 32760 32767 1000 1000
2023-04-08 15:36:20.546 +08:00 [grpcapiservice] [Information] SkyApm.Service.CLRStatsService : Report CLR Stats. CPU UsagePercent 0 GenCollectCount 0 0 0 6M ThreadPool 32760 32767 1000 1000
2023-04-08 15:36:50.412 +08:00 [grpcapiservice] [Information] SkyApm.Service.CLRStatsService : Report CLR Stats. CPU UsagePercent 0 GenCollectCount 0 0 0 7M ThreadPool 32754 32767 1000 1000
2023-04-08 15:36:50.415 +08:00 [grpcapiservice] [Information] SkyApm.Service.CLRStatsService : Report CLR Stats. CPU UsagePercent 0 GenCollectCount 0 0 0 7M ThreadPool 32754 32767 1000 1000
2023-04-08 15:37:21.973 +08:00 [grpcapiservice] [Information] SkyApm.Service.CLRStatsService : Report CLR Stats. CPU UsagePercent 0 GenCollectCount 1 1 0 6M ThreadPool 32759 32767 999 1000
2023-04-08 15:37:21.973 +08:00 [grpcapiservice] [Information] SkyApm.Service.PingService : Ping server @2023/4/8 7:37:21 +00:00
2023-04-08 15:37:21.975 +08:00 [grpcapiservice] [Information] SkyApm.Service.PingService : Ping server @2023/4/8 7:37:21 +00:00
2023-04-08 15:37:21.975 +08:00 [grpcapiservice] [Information] SkyApm.Service.CLRStatsService : Report CLR Stats. CPU UsagePercent 0 GenCollectCount 0 0 0 6M ThreadPool 32759 32767 999 1000
2023-04-08 15:38:03.783 +08:00 [grpcapiservice] [Information] SkyApm.Service.CLRStatsService : Report CLR Stats. CPU UsagePercent 0 GenCollectCount 0 0 0 6M ThreadPool 32758 32767 997 1000
2023-04-08 15:38:03.787 +08:00 [grpcapiservice] [Information] SkyApm.Service.CLRStatsService : Report CLR Stats. CPU UsagePercent 0 GenCollectCount 1 1 0 6M ThreadPool 32758 32767 997 1000
2023-04-08 15:38:20.478 +08:00 [grpcapiservice] [Information] SkyApm.Service.PingService : Ping server @2023/4/8 7:38:20 +00:00
2023-04-08 15:38:20.480 +08:00 [grpcapiservice] [Information] SkyApm.Service.PingService : Ping server @2023/4/8 7:38:20 +00:00
2023-04-08 15:38:20.483 +08:00 [grpcapiservice] [Information] SkyApm.Service.CLRStatsService : Report CLR Stats. CPU UsagePercent 0 GenCollectCount 0 0 0 6M ThreadPool 32763 32767 1000 1000
2023-04-08 15:38:20.484 +08:00 [grpcapiservice] [Information] SkyApm.Service.CLRStatsService : Report CLR Stats. CPU UsagePercent 0 GenCollectCount 1 1 0 6M ThreadPool 32759 32767 1000 1000
2023-04-08 15:38:50.400 +08:00 [grpcapiservice] [Information] SkyApm.Service.CLRStatsService : Report CLR Stats. CPU UsagePercent 0 GenCollectCount 0 0 0 7M ThreadPool 32753 32767 1000 1000
2023-04-08 15:38:50.400 +08:00 [grpcapiservice] [Information] SkyApm.Service.CLRStatsService : Report CLR Stats. CPU UsagePercent 0 GenCollectCount 1 1 0 7M ThreadPool 32753 32767 1000 1000
2023-04-08 15:39:21.612 +08:00 [grpcapiservice] [Information] SkyApm.Service.CLRStatsService : Report CLR Stats. CPU UsagePercent 0 GenCollectCount 0 0 0 8M ThreadPool 32753 32767 999 1000
2023-04-08 15:39:21.620 +08:00 [grpcapiservice] [Information] SkyApm.Service.CLRStatsService : Report CLR Stats. CPU UsagePercent 0 GenCollectCount 0 0 0 8M ThreadPool 32753 32767 999 1000
2023-04-08 15:39:21.625 +08:00 [grpcapiservice] [Information] SkyApm.Service.PingService : Ping server @2023/4/8 7:39:21 +00:00
2023-04-08 15:39:21.625 +08:00 [grpcapiservice] [Information] SkyApm.Service.PingService : Ping server @2023/4/8 7:39:21 +00:00
2023-04-08 16:24:43.856 +08:00 [grpcapiservice] [Information] SkyApm.InstrumentStartup : Initializing ...
2023-04-08 16:24:43.997 +08:00 [grpcapiservice] [Information] SkyApm.Service.RegisterService : Loaded instrument service [SkyApm.Service.RegisterService].
2023-04-08 16:24:43.997 +08:00 [grpcapiservice] [Information] SkyApm.Service.LogReportService : Loaded instrument service [SkyApm.Service.LogReportService].
2023-04-08 16:24:43.997 +08:00 [grpcapiservice] [Information] SkyApm.Service.PingService : Loaded instrument service [SkyApm.Service.PingService].
2023-04-08 16:24:43.998 +08:00 [grpcapiservice] [Information] SkyApm.Service.SegmentReportService : Loaded instrument service [SkyApm.Service.SegmentReportService].
2023-04-08 16:24:43.998 +08:00 [grpcapiservice] [Information] SkyApm.Service.CLRStatsService : Loaded instrument service [SkyApm.Service.CLRStatsService].
2023-04-08 16:24:43.998 +08:00 [grpcapiservice] [Information] SkyApm.Sampling.SimpleCountSamplingInterceptor : Loaded instrument service [SkyApm.Sampling.SimpleCountSamplingInterceptor].
2023-04-08 16:24:43.999 +08:00 [grpcapiservice] [Information] SkyApm.Transport.Grpc.ConnectService : Loaded instrument service [SkyApm.Transport.Grpc.ConnectService].
2023-04-08 16:24:43.999 +08:00 [grpcapiservice] [Information] SkyApm.Service.RegisterService : Loaded instrument service [SkyApm.Service.RegisterService].
2023-04-08 16:24:43.999 +08:00 [grpcapiservice] [Information] SkyApm.Service.LogReportService : Loaded instrument service [SkyApm.Service.LogReportService].
2023-04-08 16:24:43.999 +08:00 [grpcapiservice] [Information] SkyApm.Service.PingService : Loaded instrument service [SkyApm.Service.PingService].
2023-04-08 16:24:43.999 +08:00 [grpcapiservice] [Information] SkyApm.Service.SegmentReportService : Loaded instrument service [SkyApm.Service.SegmentReportService].
2023-04-08 16:24:43.999 +08:00 [grpcapiservice] [Information] SkyApm.Service.CLRStatsService : Loaded instrument service [SkyApm.Service.CLRStatsService].
2023-04-08 16:24:43.999 +08:00 [grpcapiservice] [Information] SkyApm.Sampling.SimpleCountSamplingInterceptor : Loaded instrument service [SkyApm.Sampling.SimpleCountSamplingInterceptor].
2023-04-08 16:24:43.999 +08:00 [grpcapiservice] [Information] SkyApm.Transport.Grpc.ConnectService : Loaded instrument service [SkyApm.Transport.Grpc.ConnectService].
2023-04-08 16:24:44.146 +08:00 [grpcapiservice] [Information] SkyApm.Transport.Grpc.ConnectionManager : Connected server[127.0.0.1:11800].
2023-04-08 16:24:44.178 +08:00 [grpcapiservice] [Information] SkyApm.Diagnostics.TracingDiagnosticProcessorObserver : Loaded diagnostic listener [HttpHandlerDiagnosticListener].
2023-04-08 16:24:44.185 +08:00 [grpcapiservice] [Information] SkyApm.Diagnostics.TracingDiagnosticProcessorObserver : Loaded diagnostic listener [Microsoft.AspNetCore].
2023-04-08 16:24:44.185 +08:00 [grpcapiservice] [Information] SkyApm.InstrumentStartup : Started SkyAPM .NET Core Agent.
2023-04-08 16:24:44.185 +08:00 [grpcapiservice] [Information] SkyApm.InstrumentStartup : Initializing ...
2023-04-08 16:24:44.185 +08:00 [grpcapiservice] [Information] SkyApm.Service.RegisterService : Loaded instrument service [SkyApm.Service.RegisterService].
2023-04-08 16:24:44.185 +08:00 [grpcapiservice] [Information] SkyApm.Service.LogReportService : Loaded instrument service [SkyApm.Service.LogReportService].
2023-04-08 16:24:44.187 +08:00 [grpcapiservice] [Information] SkyApm.Service.PingService : Loaded instrument service [SkyApm.Service.PingService].
2023-04-08 16:24:44.188 +08:00 [grpcapiservice] [Information] SkyApm.Service.SegmentReportService : Loaded instrument service [SkyApm.Service.SegmentReportService].
2023-04-08 16:24:44.188 +08:00 [grpcapiservice] [Information] SkyApm.Service.CLRStatsService : Loaded instrument service [SkyApm.Service.CLRStatsService].
2023-04-08 16:24:44.188 +08:00 [grpcapiservice] [Information] SkyApm.Sampling.SimpleCountSamplingInterceptor : Loaded instrument service [SkyApm.Sampling.SimpleCountSamplingInterceptor].
2023-04-08 16:24:44.188 +08:00 [grpcapiservice] [Information] SkyApm.Transport.Grpc.ConnectService : Loaded instrument service [SkyApm.Transport.Grpc.ConnectService].
2023-04-08 16:24:44.188 +08:00 [grpcapiservice] [Information] SkyApm.Service.RegisterService : Loaded instrument service [SkyApm.Service.RegisterService].
2023-04-08 16:24:44.189 +08:00 [grpcapiservice] [Information] SkyApm.Service.LogReportService : Loaded instrument service [SkyApm.Service.LogReportService].
2023-04-08 16:24:44.189 +08:00 [grpcapiservice] [Information] SkyApm.Service.PingService : Loaded instrument service [SkyApm.Service.PingService].
2023-04-08 16:24:44.189 +08:00 [grpcapiservice] [Information] SkyApm.Service.SegmentReportService : Loaded instrument service [SkyApm.Service.SegmentReportService].
2023-04-08 16:24:44.189 +08:00 [grpcapiservice] [Information] SkyApm.Service.CLRStatsService : Loaded instrument service [SkyApm.Service.CLRStatsService].
2023-04-08 16:24:44.189 +08:00 [grpcapiservice] [Information] SkyApm.Sampling.SimpleCountSamplingInterceptor : Loaded instrument service [SkyApm.Sampling.SimpleCountSamplingInterceptor].
2023-04-08 16:24:44.189 +08:00 [grpcapiservice] [Information] SkyApm.Transport.Grpc.ConnectService : Loaded instrument service [SkyApm.Transport.Grpc.ConnectService].
2023-04-08 16:24:44.203 +08:00 [grpcapiservice] [Information] SkyApm.Diagnostics.TracingDiagnosticProcessorObserver : Loaded diagnostic listener [HttpHandlerDiagnosticListener].
2023-04-08 16:24:44.203 +08:00 [grpcapiservice] [Information] SkyApm.Diagnostics.TracingDiagnosticProcessorObserver : Loaded diagnostic listener [Microsoft.AspNetCore].
2023-04-08 16:24:44.203 +08:00 [grpcapiservice] [Information] SkyApm.InstrumentStartup : Started SkyAPM .NET Core Agent.
2023-04-08 16:24:44.321 +08:00 [grpcapiservice] [Information] SkyApm.Diagnostics.TracingDiagnosticProcessorObserver : Loaded diagnostic listener [Grpc.Net.Client].
2023-04-08 16:24:44.321 +08:00 [grpcapiservice] [Information] SkyApm.Diagnostics.TracingDiagnosticProcessorObserver : Loaded diagnostic listener [Grpc.Net.Client].
2023-04-08 16:24:44.796 +08:00 [grpcapiservice] [Information] SkyApm.Service.RegisterService : Reported Service Instance Properties[Service=grpcapiservice,InstanceId=192.168.110.67@c41cc6e766e84a71bca19d71989989f5].
2023-04-08 16:24:44.796 +08:00 [grpcapiservice] [Information] SkyApm.Service.RegisterService : Reported Service Instance Properties[Service=grpcapiservice,InstanceId=192.168.110.67@c41cc6e766e84a71bca19d71989989f5].
2023-04-08 16:24:44.796 +08:00 [grpcapiservice] [Information] SkyApm.Service.RegisterService : Reported Service Instance Properties[Service=grpcapiservice,InstanceId=192.168.110.67@c41cc6e766e84a71bca19d71989989f5].
2023-04-08 16:24:44.796 +08:00 [grpcapiservice] [Information] SkyApm.Service.RegisterService : Reported Service Instance Properties[Service=grpcapiservice,InstanceId=192.168.110.67@c41cc6e766e84a71bca19d71989989f5].
2023-04-08 16:25:14.225 +08:00 [grpcapiservice] [Information] SkyApm.Service.PingService : Ping server @2023/4/8 8:25:14 +00:00
2023-04-08 16:25:14.225 +08:00 [grpcapiservice] [Information] SkyApm.Service.PingService : Ping server @2023/4/8 8:25:14 +00:00
2023-04-08 16:25:14.228 +08:00 [grpcapiservice] [Information] SkyApm.Service.CLRStatsService : Report CLR Stats. CPU UsagePercent 0 GenCollectCount 0 0 0 7M ThreadPool 32763 32767 1000 1000
2023-04-08 16:25:14.228 +08:00 [grpcapiservice] [Information] SkyApm.Service.CLRStatsService : Report CLR Stats. CPU UsagePercent 0 GenCollectCount 2 2 0 7M ThreadPool 32763 32767 1000 1000
2023-04-08 16:25:53.551 +08:00 [grpcapiservice] [Information] SkyApm.Service.CLRStatsService : Report CLR Stats. CPU UsagePercent 0 GenCollectCount 0 0 0 6M ThreadPool 32761 32767 998 1000
2023-04-08 16:25:53.559 +08:00 [grpcapiservice] [Information] SkyApm.Service.CLRStatsService : Report CLR Stats. CPU UsagePercent 0 GenCollectCount 1 1 1 6M ThreadPool 32753 32767 998 1000
2023-04-08 16:26:15.799 +08:00 [grpcapiservice] [Information] SkyApm.Service.PingService : Ping server @2023/4/8 8:26:15 +00:00
2023-04-08 16:26:15.799 +08:00 [grpcapiservice] [Information] SkyApm.Service.PingService : Ping server @2023/4/8 8:26:15 +00:00
2023-04-08 16:26:15.799 +08:00 [grpcapiservice] [Information] SkyApm.Service.CLRStatsService : Report CLR Stats. CPU UsagePercent 0 GenCollectCount 0 0 0 7M ThreadPool 32752 32767 1000 1000
2023-04-08 16:26:15.799 +08:00 [grpcapiservice] [Information] SkyApm.Service.CLRStatsService : Report CLR Stats. CPU UsagePercent 0 GenCollectCount 0 0 0 7M ThreadPool 32760 32767 1000 1000
2023-04-08 16:28:11.425 +08:00 [grpcapiservice] [Information] SkyApm.InstrumentStartup : Initializing ...
2023-04-08 16:28:11.515 +08:00 [grpcapiservice] [Information] SkyApm.Service.RegisterService : Loaded instrument service [SkyApm.Service.RegisterService].
2023-04-08 16:28:11.516 +08:00 [grpcapiservice] [Information] SkyApm.Service.LogReportService : Loaded instrument service [SkyApm.Service.LogReportService].
2023-04-08 16:28:11.516 +08:00 [grpcapiservice] [Information] SkyApm.Service.PingService : Loaded instrument service [SkyApm.Service.PingService].
2023-04-08 16:28:11.516 +08:00 [grpcapiservice] [Information] SkyApm.Service.SegmentReportService : Loaded instrument service [SkyApm.Service.SegmentReportService].
2023-04-08 16:28:11.516 +08:00 [grpcapiservice] [Information] SkyApm.Service.CLRStatsService : Loaded instrument service [SkyApm.Service.CLRStatsService].
2023-04-08 16:28:11.517 +08:00 [grpcapiservice] [Information] SkyApm.Sampling.SimpleCountSamplingInterceptor : Loaded instrument service [SkyApm.Sampling.SimpleCountSamplingInterceptor].
2023-04-08 16:28:11.517 +08:00 [grpcapiservice] [Information] SkyApm.Transport.Grpc.ConnectService : Loaded instrument service [SkyApm.Transport.Grpc.ConnectService].
2023-04-08 16:28:11.530 +08:00 [grpcapiservice] [Information] SkyApm.Service.RegisterService : Loaded instrument service [SkyApm.Service.RegisterService].
2023-04-08 16:28:11.537 +08:00 [grpcapiservice] [Information] SkyApm.Service.LogReportService : Loaded instrument service [SkyApm.Service.LogReportService].
2023-04-08 16:28:11.537 +08:00 [grpcapiservice] [Information] SkyApm.Service.PingService : Loaded instrument service [SkyApm.Service.PingService].
2023-04-08 16:28:11.537 +08:00 [grpcapiservice] [Information] SkyApm.Service.SegmentReportService : Loaded instrument service [SkyApm.Service.SegmentReportService].
2023-04-08 16:28:11.537 +08:00 [grpcapiservice] [Information] SkyApm.Service.CLRStatsService : Loaded instrument service [SkyApm.Service.CLRStatsService].
2023-04-08 16:28:11.537 +08:00 [grpcapiservice] [Information] SkyApm.Sampling.SimpleCountSamplingInterceptor : Loaded instrument service [SkyApm.Sampling.SimpleCountSamplingInterceptor].
2023-04-08 16:28:11.537 +08:00 [grpcapiservice] [Information] SkyApm.Transport.Grpc.ConnectService : Loaded instrument service [SkyApm.Transport.Grpc.ConnectService].
2023-04-08 16:28:11.661 +08:00 [grpcapiservice] [Information] SkyApm.Transport.Grpc.ConnectionManager : Connected server[127.0.0.1:11800].
2023-04-08 16:28:11.682 +08:00 [grpcapiservice] [Information] SkyApm.Diagnostics.TracingDiagnosticProcessorObserver : Loaded diagnostic listener [HttpHandlerDiagnosticListener].
2023-04-08 16:28:11.686 +08:00 [grpcapiservice] [Information] SkyApm.Diagnostics.TracingDiagnosticProcessorObserver : Loaded diagnostic listener [Microsoft.AspNetCore].
2023-04-08 16:28:11.686 +08:00 [grpcapiservice] [Information] SkyApm.InstrumentStartup : Started SkyAPM .NET Core Agent.
2023-04-08 16:28:11.686 +08:00 [grpcapiservice] [Information] SkyApm.InstrumentStartup : Initializing ...
2023-04-08 16:28:11.686 +08:00 [grpcapiservice] [Information] SkyApm.Service.RegisterService : Loaded instrument service [SkyApm.Service.RegisterService].
2023-04-08 16:28:11.686 +08:00 [grpcapiservice] [Information] SkyApm.Service.LogReportService : Loaded instrument service [SkyApm.Service.LogReportService].
2023-04-08 16:28:11.686 +08:00 [grpcapiservice] [Information] SkyApm.Service.PingService : Loaded instrument service [SkyApm.Service.PingService].
2023-04-08 16:28:11.686 +08:00 [grpcapiservice] [Information] SkyApm.Service.SegmentReportService : Loaded instrument service [SkyApm.Service.SegmentReportService].
2023-04-08 16:28:11.686 +08:00 [grpcapiservice] [Information] SkyApm.Service.CLRStatsService : Loaded instrument service [SkyApm.Service.CLRStatsService].
2023-04-08 16:28:11.686 +08:00 [grpcapiservice] [Information] SkyApm.Sampling.SimpleCountSamplingInterceptor : Loaded instrument service [SkyApm.Sampling.SimpleCountSamplingInterceptor].
2023-04-08 16:28:11.686 +08:00 [grpcapiservice] [Information] SkyApm.Transport.Grpc.ConnectService : Loaded instrument service [SkyApm.Transport.Grpc.ConnectService].
2023-04-08 16:28:11.686 +08:00 [grpcapiservice] [Information] SkyApm.Service.RegisterService : Loaded instrument service [SkyApm.Service.RegisterService].
2023-04-08 16:28:11.686 +08:00 [grpcapiservice] [Information] SkyApm.Service.LogReportService : Loaded instrument service [SkyApm.Service.LogReportService].
2023-04-08 16:28:11.686 +08:00 [grpcapiservice] [Information] SkyApm.Service.PingService : Loaded instrument service [SkyApm.Service.PingService].
2023-04-08 16:28:11.686 +08:00 [grpcapiservice] [Information] SkyApm.Service.SegmentReportService : Loaded instrument service [SkyApm.Service.SegmentReportService].
2023-04-08 16:28:11.686 +08:00 [grpcapiservice] [Information] SkyApm.Service.CLRStatsService : Loaded instrument service [SkyApm.Service.CLRStatsService].
2023-04-08 16:28:11.686 +08:00 [grpcapiservice] [Information] SkyApm.Sampling.SimpleCountSamplingInterceptor : Loaded instrument service [SkyApm.Sampling.SimpleCountSamplingInterceptor].
2023-04-08 16:28:11.686 +08:00 [grpcapiservice] [Information] SkyApm.Transport.Grpc.ConnectService : Loaded instrument service [SkyApm.Transport.Grpc.ConnectService].
2023-04-08 16:28:11.687 +08:00 [grpcapiservice] [Information] SkyApm.Diagnostics.TracingDiagnosticProcessorObserver : Loaded diagnostic listener [HttpHandlerDiagnosticListener].
2023-04-08 16:28:11.687 +08:00 [grpcapiservice] [Information] SkyApm.Diagnostics.TracingDiagnosticProcessorObserver : Loaded diagnostic listener [Microsoft.AspNetCore].
2023-04-08 16:28:11.687 +08:00 [grpcapiservice] [Information] SkyApm.InstrumentStartup : Started SkyAPM .NET Core Agent.
2023-04-08 16:28:11.800 +08:00 [grpcapiservice] [Information] SkyApm.Diagnostics.TracingDiagnosticProcessorObserver : Loaded diagnostic listener [Grpc.Net.Client].
2023-04-08 16:28:11.800 +08:00 [grpcapiservice] [Information] SkyApm.Diagnostics.TracingDiagnosticProcessorObserver : Loaded diagnostic listener [Grpc.Net.Client].
2023-04-08 16:28:12.137 +08:00 [grpcapiservice] [Information] SkyApm.Service.RegisterService : Reported Service Instance Properties[Service=grpcapiservice,InstanceId=192.168.110.67@2c3083e5b05045e2821cfd4059b837e4].
2023-04-08 16:28:12.137 +08:00 [grpcapiservice] [Information] SkyApm.Service.RegisterService : Reported Service Instance Properties[Service=grpcapiservice,InstanceId=192.168.110.67@2c3083e5b05045e2821cfd4059b837e4].
2023-04-08 16:28:12.185 +08:00 [grpcapiservice] [Information] SkyApm.Service.RegisterService : Reported Service Instance Properties[Service=grpcapiservice,InstanceId=192.168.110.67@2c3083e5b05045e2821cfd4059b837e4].
2023-04-08 16:28:12.190 +08:00 [grpcapiservice] [Information] SkyApm.Service.RegisterService : Reported Service Instance Properties[Service=grpcapiservice,InstanceId=192.168.110.67@2c3083e5b05045e2821cfd4059b837e4].
