2023-04-16 18:59:13.637 +08:00 [grpcservice] [Information] SkyApm.InstrumentStartup : Initializing ...
2023-04-16 18:59:13.678 +08:00 [grpcservice] [Information] SkyApm.Service.RegisterService : Loaded instrument service [SkyApm.Service.RegisterService].
2023-04-16 18:59:13.679 +08:00 [grpcservice] [Information] SkyApm.Service.LogReportService : Loaded instrument service [SkyApm.Service.LogReportService].
2023-04-16 18:59:13.679 +08:00 [grpcservice] [Information] SkyApm.Service.PingService : Loaded instrument service [SkyApm.Service.PingService].
2023-04-16 18:59:13.679 +08:00 [grpcservice] [Information] SkyApm.Service.SegmentReportService : Loaded instrument service [SkyApm.Service.SegmentReportService].
2023-04-16 18:59:13.679 +08:00 [grpcservice] [Information] SkyApm.Service.CLRStatsService : Loaded instrument service [SkyApm.Service.CLRStatsService].
2023-04-16 18:59:13.679 +08:00 [grpcservice] [Information] SkyApm.Sampling.SimpleCountSamplingInterceptor : Loaded instrument service [SkyApm.Sampling.SimpleCountSamplingInterceptor].
2023-04-16 18:59:13.679 +08:00 [grpcservice] [Information] SkyApm.Transport.Grpc.ConnectService : Loaded instrument service [SkyApm.Transport.Grpc.ConnectService].
2023-04-16 18:59:13.686 +08:00 [grpcservice] [Information] SkyApm.Service.RegisterService : Loaded instrument service [SkyApm.Service.RegisterService].
2023-04-16 18:59:13.691 +08:00 [grpcservice] [Information] SkyApm.Service.LogReportService : Loaded instrument service [SkyApm.Service.LogReportService].
2023-04-16 18:59:13.691 +08:00 [grpcservice] [Information] SkyApm.Service.PingService : Loaded instrument service [SkyApm.Service.PingService].
2023-04-16 18:59:13.695 +08:00 [grpcservice] [Information] SkyApm.Service.SegmentReportService : Loaded instrument service [SkyApm.Service.SegmentReportService].
2023-04-16 18:59:13.698 +08:00 [grpcservice] [Information] SkyApm.Service.CLRStatsService : Loaded instrument service [SkyApm.Service.CLRStatsService].
2023-04-16 18:59:13.698 +08:00 [grpcservice] [Information] SkyApm.Sampling.SimpleCountSamplingInterceptor : Loaded instrument service [SkyApm.Sampling.SimpleCountSamplingInterceptor].
2023-04-16 18:59:13.698 +08:00 [grpcservice] [Information] SkyApm.Transport.Grpc.ConnectService : Loaded instrument service [SkyApm.Transport.Grpc.ConnectService].
2023-04-16 18:59:13.828 +08:00 [grpcservice] [Information] SkyApm.Transport.Grpc.ConnectionManager : Connected server[127.0.0.1:11800].
2023-04-16 18:59:13.846 +08:00 [grpcservice] [Information] SkyApm.Diagnostics.TracingDiagnosticProcessorObserver : Loaded diagnostic listener [HttpHandlerDiagnosticListener].
2023-04-16 18:59:13.847 +08:00 [grpcservice] [Information] SkyApm.Diagnostics.TracingDiagnosticProcessorObserver : Loaded diagnostic listener [Microsoft.AspNetCore].
2023-04-16 18:59:13.847 +08:00 [grpcservice] [Information] SkyApm.InstrumentStartup : Started SkyAPM .NET Core Agent.
2023-04-16 18:59:13.847 +08:00 [grpcservice] [Information] SkyApm.InstrumentStartup : Initializing ...
2023-04-16 18:59:13.847 +08:00 [grpcservice] [Information] SkyApm.Service.RegisterService : Loaded instrument service [SkyApm.Service.RegisterService].
2023-04-16 18:59:13.847 +08:00 [grpcservice] [Information] SkyApm.Service.LogReportService : Loaded instrument service [SkyApm.Service.LogReportService].
2023-04-16 18:59:13.847 +08:00 [grpcservice] [Information] SkyApm.Service.PingService : Loaded instrument service [SkyApm.Service.PingService].
2023-04-16 18:59:13.847 +08:00 [grpcservice] [Information] SkyApm.Service.SegmentReportService : Loaded instrument service [SkyApm.Service.SegmentReportService].
2023-04-16 18:59:13.847 +08:00 [grpcservice] [Information] SkyApm.Service.CLRStatsService : Loaded instrument service [SkyApm.Service.CLRStatsService].
2023-04-16 18:59:13.847 +08:00 [grpcservice] [Information] SkyApm.Sampling.SimpleCountSamplingInterceptor : Loaded instrument service [SkyApm.Sampling.SimpleCountSamplingInterceptor].
2023-04-16 18:59:13.847 +08:00 [grpcservice] [Information] SkyApm.Transport.Grpc.ConnectService : Loaded instrument service [SkyApm.Transport.Grpc.ConnectService].
2023-04-16 18:59:13.847 +08:00 [grpcservice] [Information] SkyApm.Service.RegisterService : Loaded instrument service [SkyApm.Service.RegisterService].
2023-04-16 18:59:13.847 +08:00 [grpcservice] [Information] SkyApm.Service.LogReportService : Loaded instrument service [SkyApm.Service.LogReportService].
2023-04-16 18:59:13.847 +08:00 [grpcservice] [Information] SkyApm.Service.PingService : Loaded instrument service [SkyApm.Service.PingService].
2023-04-16 18:59:13.847 +08:00 [grpcservice] [Information] SkyApm.Service.SegmentReportService : Loaded instrument service [SkyApm.Service.SegmentReportService].
2023-04-16 18:59:13.847 +08:00 [grpcservice] [Information] SkyApm.Service.CLRStatsService : Loaded instrument service [SkyApm.Service.CLRStatsService].
2023-04-16 18:59:13.847 +08:00 [grpcservice] [Information] SkyApm.Sampling.SimpleCountSamplingInterceptor : Loaded instrument service [SkyApm.Sampling.SimpleCountSamplingInterceptor].
2023-04-16 18:59:13.848 +08:00 [grpcservice] [Information] SkyApm.Transport.Grpc.ConnectService : Loaded instrument service [SkyApm.Transport.Grpc.ConnectService].
2023-04-16 18:59:13.848 +08:00 [grpcservice] [Information] SkyApm.Diagnostics.TracingDiagnosticProcessorObserver : Loaded diagnostic listener [HttpHandlerDiagnosticListener].
2023-04-16 18:59:13.848 +08:00 [grpcservice] [Information] SkyApm.Diagnostics.TracingDiagnosticProcessorObserver : Loaded diagnostic listener [Microsoft.AspNetCore].
2023-04-16 18:59:13.848 +08:00 [grpcservice] [Information] SkyApm.InstrumentStartup : Started SkyAPM .NET Core Agent.
2023-04-16 18:59:13.899 +08:00 [grpcservice] [Information] SkyApm.Diagnostics.TracingDiagnosticProcessorObserver : Loaded diagnostic listener [Grpc.Net.Client].
2023-04-16 18:59:13.899 +08:00 [grpcservice] [Information] SkyApm.Diagnostics.TracingDiagnosticProcessorObserver : Loaded diagnostic listener [Grpc.Net.Client].
2023-04-16 18:59:14.361 +08:00 [grpcservice] [Information] SkyApm.Service.RegisterService : Reported Service Instance Properties[Service=grpcservice,InstanceId=192.168.110.54@83aded16f0194319bdb4d28aaede6cd7].
2023-04-16 18:59:14.361 +08:00 [grpcservice] [Information] SkyApm.Service.RegisterService : Reported Service Instance Properties[Service=grpcservice,InstanceId=192.168.110.54@83aded16f0194319bdb4d28aaede6cd7].
2023-04-16 18:59:14.361 +08:00 [grpcservice] [Information] SkyApm.Service.RegisterService : Reported Service Instance Properties[Service=grpcservice,InstanceId=192.168.110.54@83aded16f0194319bdb4d28aaede6cd7].
2023-04-16 18:59:14.361 +08:00 [grpcservice] [Information] SkyApm.Service.RegisterService : Reported Service Instance Properties[Service=grpcservice,InstanceId=192.168.110.54@83aded16f0194319bdb4d28aaede6cd7].
2023-04-16 18:59:28.769 +08:00 [grpcservice] [Information] SkyApm.Transport.Grpc.V8.SegmentReporter : Report 2 trace segment. cost: 00:00:00.0645096s
2023-04-16 18:59:43.774 +08:00 [grpcservice] [Information] SkyApm.Service.PingService : Ping server @2023/4/16 10:59:43 +00:00
2023-04-16 18:59:43.774 +08:00 [grpcservice] [Information] SkyApm.Service.PingService : Ping server @2023/4/16 10:59:43 +00:00
2023-04-16 18:59:43.793 +08:00 [grpcservice] [Information] SkyApm.Service.CLRStatsService : Report CLR Stats. CPU UsagePercent 0 GenCollectCount 1 1 0 19M ThreadPool 32763 32767 1000 1000
2023-04-16 18:59:43.793 +08:00 [grpcservice] [Information] SkyApm.Service.CLRStatsService : Report CLR Stats. CPU UsagePercent 0 GenCollectCount 0 0 0 19M ThreadPool 32763 32767 1000 1000
2023-04-16 18:59:43.897 +08:00 [grpcservice] [Information] SkyApm.Service.CLRStatsService : Report CLR Stats. CPU UsagePercent 0 GenCollectCount 0 0 0 19M ThreadPool 32750 32767 1000 1000
2023-04-16 18:59:43.899 +08:00 [grpcservice] [Information] SkyApm.Service.PingService : Ping server @2023/4/16 10:59:43 +00:00
2023-04-16 18:59:43.903 +08:00 [grpcservice] [Information] SkyApm.Service.PingService : Ping server @2023/4/16 10:59:43 +00:00
2023-04-16 18:59:43.921 +08:00 [grpcservice] [Information] SkyApm.Service.CLRStatsService : Report CLR Stats. CPU UsagePercent 0 GenCollectCount 0 0 0 19M ThreadPool 32755 32767 1000 1000
