2023-08-04 09:11:25.546 +08:00 [grpcservice] [Information] SkyApm.InstrumentStartup : Initializing ...
2023-08-04 09:11:25.594 +08:00 [grpcservice] [Information] SkyApm.Service.RegisterService : Loaded instrument service [SkyApm.Service.RegisterService].
2023-08-04 09:11:25.594 +08:00 [grpcservice] [Information] SkyApm.Service.LogReportService : Loaded instrument service [SkyApm.Service.LogReportService].
2023-08-04 09:11:25.594 +08:00 [grpcservice] [Information] SkyApm.Service.PingService : Loaded instrument service [SkyApm.Service.PingService].
2023-08-04 09:11:25.594 +08:00 [grpcservice] [Information] SkyApm.Service.SegmentReportService : Loaded instrument service [SkyApm.Service.SegmentReportService].
2023-08-04 09:11:25.595 +08:00 [grpcservice] [Information] SkyApm.Service.CLRStatsService : Loaded instrument service [SkyApm.Service.CLRStatsService].
2023-08-04 09:11:25.595 +08:00 [grpcservice] [Information] SkyApm.Sampling.SimpleCountSamplingInterceptor : Loaded instrument service [SkyApm.Sampling.SimpleCountSamplingInterceptor].
2023-08-04 09:11:25.595 +08:00 [grpcservice] [Information] SkyApm.Transport.Grpc.ConnectService : Loaded instrument service [SkyApm.Transport.Grpc.ConnectService].
2023-08-04 09:11:25.788 +08:00 [grpcservice] [Information] SkyApm.Transport.Grpc.ConnectionManager : Connected server[127.0.0.1:11800].
2023-08-04 09:11:25.808 +08:00 [grpcservice] [Information] SkyApm.Diagnostics.TracingDiagnosticProcessorObserver : Loaded diagnostic listener [HttpHandlerDiagnosticListener].
2023-08-04 09:11:25.808 +08:00 [grpcservice] [Information] SkyApm.InstrumentStartup : Started SkyAPM .NET Core Agent.
2023-08-04 09:11:26.229 +08:00 [grpcservice] [Information] SkyApm.Diagnostics.TracingDiagnosticProcessorObserver : Loaded diagnostic listener [Grpc.Net.Client].
2023-08-04 09:11:26.662 +08:00 [grpcservice] [Information] SkyApm.Service.RegisterService : Reported Service Instance Properties[Service=grpcservice,InstanceId=192.168.110.65@816559cd439f4e24a2c022edb4104c60].
2023-08-04 09:13:36.667 +08:00 [grpcservice] [Information] SkyApm.InstrumentStartup : Initializing ...
2023-08-04 09:13:36.717 +08:00 [grpcservice] [Information] SkyApm.Service.RegisterService : Loaded instrument service [SkyApm.Service.RegisterService].
2023-08-04 09:13:36.717 +08:00 [grpcservice] [Information] SkyApm.Service.LogReportService : Loaded instrument service [SkyApm.Service.LogReportService].
2023-08-04 09:13:36.717 +08:00 [grpcservice] [Information] SkyApm.Service.PingService : Loaded instrument service [SkyApm.Service.PingService].
2023-08-04 09:13:36.717 +08:00 [grpcservice] [Information] SkyApm.Service.SegmentReportService : Loaded instrument service [SkyApm.Service.SegmentReportService].
2023-08-04 09:13:36.717 +08:00 [grpcservice] [Information] SkyApm.Service.CLRStatsService : Loaded instrument service [SkyApm.Service.CLRStatsService].
2023-08-04 09:13:36.718 +08:00 [grpcservice] [Information] SkyApm.Sampling.SimpleCountSamplingInterceptor : Loaded instrument service [SkyApm.Sampling.SimpleCountSamplingInterceptor].
2023-08-04 09:13:36.718 +08:00 [grpcservice] [Information] SkyApm.Transport.Grpc.ConnectService : Loaded instrument service [SkyApm.Transport.Grpc.ConnectService].
2023-08-04 09:13:36.955 +08:00 [grpcservice] [Information] SkyApm.Transport.Grpc.ConnectionManager : Connected server[127.0.0.1:11800].
2023-08-04 09:13:36.978 +08:00 [grpcservice] [Information] SkyApm.Diagnostics.TracingDiagnosticProcessorObserver : Loaded diagnostic listener [HttpHandlerDiagnosticListener].
2023-08-04 09:13:36.979 +08:00 [grpcservice] [Information] SkyApm.InstrumentStartup : Started SkyAPM .NET Core Agent.
2023-08-04 09:13:37.322 +08:00 [grpcservice] [Information] SkyApm.Diagnostics.TracingDiagnosticProcessorObserver : Loaded diagnostic listener [Grpc.Net.Client].
2023-08-04 09:13:37.575 +08:00 [grpcservice] [Information] SkyApm.Service.RegisterService : Reported Service Instance Properties[Service=grpcservice,InstanceId=192.168.110.65@31fcbc8d07e54705a1530ed25967d230].
2023-08-04 09:15:26.943 +08:00 [grpcservice] [Information] SkyApm.InstrumentStartup : Initializing ...
2023-08-04 09:15:26.990 +08:00 [grpcservice] [Information] SkyApm.Service.RegisterService : Loaded instrument service [SkyApm.Service.RegisterService].
2023-08-04 09:15:26.991 +08:00 [grpcservice] [Information] SkyApm.Service.LogReportService : Loaded instrument service [SkyApm.Service.LogReportService].
2023-08-04 09:15:26.991 +08:00 [grpcservice] [Information] SkyApm.Service.PingService : Loaded instrument service [SkyApm.Service.PingService].
2023-08-04 09:15:26.991 +08:00 [grpcservice] [Information] SkyApm.Service.SegmentReportService : Loaded instrument service [SkyApm.Service.SegmentReportService].
2023-08-04 09:15:26.991 +08:00 [grpcservice] [Information] SkyApm.Service.CLRStatsService : Loaded instrument service [SkyApm.Service.CLRStatsService].
2023-08-04 09:15:26.991 +08:00 [grpcservice] [Information] SkyApm.Sampling.SimpleCountSamplingInterceptor : Loaded instrument service [SkyApm.Sampling.SimpleCountSamplingInterceptor].
2023-08-04 09:15:26.991 +08:00 [grpcservice] [Information] SkyApm.Transport.Grpc.ConnectService : Loaded instrument service [SkyApm.Transport.Grpc.ConnectService].
2023-08-04 09:15:27.041 +08:00 [grpcservice] [Information] SkyApm.Transport.Grpc.ConnectionManager : Connected server[127.0.0.1:11800].
2023-08-04 09:15:27.055 +08:00 [grpcservice] [Information] SkyApm.Diagnostics.TracingDiagnosticProcessorObserver : Loaded diagnostic listener [HttpHandlerDiagnosticListener].
2023-08-04 09:15:27.056 +08:00 [grpcservice] [Information] SkyApm.InstrumentStartup : Started SkyAPM .NET Core Agent.
2023-08-04 09:15:27.588 +08:00 [grpcservice] [Information] SkyApm.Diagnostics.TracingDiagnosticProcessorObserver : Loaded diagnostic listener [Grpc.Net.Client].
2023-08-04 09:15:27.773 +08:00 [grpcservice] [Information] SkyApm.Service.RegisterService : Reported Service Instance Properties[Service=grpcservice,InstanceId=192.168.110.65@fac211fe283a45eb80237512046d1755].
2023-08-04 09:15:57.030 +08:00 [grpcservice] [Information] SkyApm.Service.PingService : Ping server @2023/8/4 1:15:57 +00:00
2023-08-04 09:15:57.032 +08:00 [grpcservice] [Information] SkyApm.Service.CLRStatsService : Report CLR Stats. CPU UsagePercent 0 GenCollectCount 2 2 0 10M ThreadPool 32765 32767 1000 1000
2023-08-04 09:20:06.078 +08:00 [grpcservice] [Information] SkyApm.InstrumentStartup : Initializing ...
2023-08-04 09:20:06.124 +08:00 [grpcservice] [Information] SkyApm.Service.RegisterService : Loaded instrument service [SkyApm.Service.RegisterService].
2023-08-04 09:20:06.128 +08:00 [grpcservice] [Information] SkyApm.Service.LogReportService : Loaded instrument service [SkyApm.Service.LogReportService].
2023-08-04 09:20:06.128 +08:00 [grpcservice] [Information] SkyApm.Service.PingService : Loaded instrument service [SkyApm.Service.PingService].
2023-08-04 09:20:06.128 +08:00 [grpcservice] [Information] SkyApm.Service.SegmentReportService : Loaded instrument service [SkyApm.Service.SegmentReportService].
2023-08-04 09:20:06.128 +08:00 [grpcservice] [Information] SkyApm.Service.CLRStatsService : Loaded instrument service [SkyApm.Service.CLRStatsService].
2023-08-04 09:20:06.128 +08:00 [grpcservice] [Information] SkyApm.Sampling.SimpleCountSamplingInterceptor : Loaded instrument service [SkyApm.Sampling.SimpleCountSamplingInterceptor].
2023-08-04 09:20:06.129 +08:00 [grpcservice] [Information] SkyApm.Transport.Grpc.ConnectService : Loaded instrument service [SkyApm.Transport.Grpc.ConnectService].
2023-08-04 09:20:06.178 +08:00 [grpcservice] [Information] SkyApm.Transport.Grpc.ConnectionManager : Connected server[127.0.0.1:11800].
2023-08-04 09:20:06.189 +08:00 [grpcservice] [Information] SkyApm.Diagnostics.TracingDiagnosticProcessorObserver : Loaded diagnostic listener [HttpHandlerDiagnosticListener].
2023-08-04 09:20:06.190 +08:00 [grpcservice] [Information] SkyApm.InstrumentStartup : Started SkyAPM .NET Core Agent.
2023-08-04 09:20:06.718 +08:00 [grpcservice] [Information] SkyApm.Diagnostics.TracingDiagnosticProcessorObserver : Loaded diagnostic listener [Grpc.Net.Client].
2023-08-04 09:20:06.885 +08:00 [grpcservice] [Information] SkyApm.Service.RegisterService : Reported Service Instance Properties[Service=grpcservice,InstanceId=192.168.110.65@3c2fe58ad86341e6b3dda41765f5a95c].
2023-08-04 09:20:36.158 +08:00 [grpcservice] [Information] SkyApm.Service.PingService : Ping server @2023/8/4 1:20:36 +00:00
2023-08-04 09:20:36.160 +08:00 [grpcservice] [Information] SkyApm.Service.CLRStatsService : Report CLR Stats. CPU UsagePercent 0 GenCollectCount 0 0 0 17M ThreadPool 32765 32767 1000 1000
2023-08-04 09:22:49.846 +08:00 [grpcservice] [Information] SkyApm.InstrumentStartup : Initializing ...
2023-08-04 09:22:49.899 +08:00 [grpcservice] [Information] SkyApm.Service.RegisterService : Loaded instrument service [SkyApm.Service.RegisterService].
2023-08-04 09:22:49.899 +08:00 [grpcservice] [Information] SkyApm.Service.LogReportService : Loaded instrument service [SkyApm.Service.LogReportService].
2023-08-04 09:22:49.899 +08:00 [grpcservice] [Information] SkyApm.Service.PingService : Loaded instrument service [SkyApm.Service.PingService].
2023-08-04 09:22:49.899 +08:00 [grpcservice] [Information] SkyApm.Service.SegmentReportService : Loaded instrument service [SkyApm.Service.SegmentReportService].
2023-08-04 09:22:49.899 +08:00 [grpcservice] [Information] SkyApm.Service.CLRStatsService : Loaded instrument service [SkyApm.Service.CLRStatsService].
2023-08-04 09:22:49.900 +08:00 [grpcservice] [Information] SkyApm.Sampling.SimpleCountSamplingInterceptor : Loaded instrument service [SkyApm.Sampling.SimpleCountSamplingInterceptor].
2023-08-04 09:22:49.900 +08:00 [grpcservice] [Information] SkyApm.Transport.Grpc.ConnectService : Loaded instrument service [SkyApm.Transport.Grpc.ConnectService].
2023-08-04 09:22:49.956 +08:00 [grpcservice] [Information] SkyApm.Transport.Grpc.ConnectionManager : Connected server[127.0.0.1:11800].
2023-08-04 09:22:49.970 +08:00 [grpcservice] [Information] SkyApm.Diagnostics.TracingDiagnosticProcessorObserver : Loaded diagnostic listener [HttpHandlerDiagnosticListener].
2023-08-04 09:22:49.971 +08:00 [grpcservice] [Information] SkyApm.InstrumentStartup : Started SkyAPM .NET Core Agent.
2023-08-04 09:22:50.517 +08:00 [grpcservice] [Information] SkyApm.Diagnostics.TracingDiagnosticProcessorObserver : Loaded diagnostic listener [Grpc.Net.Client].
2023-08-04 09:22:50.768 +08:00 [grpcservice] [Information] SkyApm.Service.RegisterService : Reported Service Instance Properties[Service=grpcservice,InstanceId=192.168.110.65@dfd37942647242eb85a34b1593677ed2].
2023-08-04 09:23:19.949 +08:00 [grpcservice] [Information] SkyApm.Service.PingService : Ping server @2023/8/4 1:23:19 +00:00
2023-08-04 09:23:19.949 +08:00 [grpcservice] [Information] SkyApm.Service.CLRStatsService : Report CLR Stats. CPU UsagePercent 0 GenCollectCount 0 0 0 17M ThreadPool 32765 32767 1000 1000
2023-08-04 09:23:49.949 +08:00 [grpcservice] [Information] SkyApm.Service.CLRStatsService : Report CLR Stats. CPU UsagePercent 0 GenCollectCount 0 0 0 19M ThreadPool 32765 32767 1000 1000
2023-08-04 09:24:19.924 +08:00 [grpcservice] [Information] SkyApm.Service.CLRStatsService : Report CLR Stats. CPU UsagePercent 0 GenCollectCount 0 0 0 20M ThreadPool 32759 32767 1000 1000
2023-08-04 09:24:19.924 +08:00 [grpcservice] [Information] SkyApm.Service.PingService : Ping server @2023/8/4 1:24:19 +00:00
2023-08-04 09:24:49.927 +08:00 [grpcservice] [Information] SkyApm.Service.CLRStatsService : Report CLR Stats. CPU UsagePercent 0 GenCollectCount 1 1 0 5M ThreadPool 32759 32767 1000 1000
2023-08-04 09:28:40.990 +08:00 [grpcservice] [Information] SkyApm.InstrumentStartup : Initializing ...
2023-08-04 09:28:41.027 +08:00 [grpcservice] [Information] SkyApm.Service.RegisterService : Loaded instrument service [SkyApm.Service.RegisterService].
2023-08-04 09:28:41.027 +08:00 [grpcservice] [Information] SkyApm.Service.LogReportService : Loaded instrument service [SkyApm.Service.LogReportService].
2023-08-04 09:28:41.027 +08:00 [grpcservice] [Information] SkyApm.Service.PingService : Loaded instrument service [SkyApm.Service.PingService].
2023-08-04 09:28:41.027 +08:00 [grpcservice] [Information] SkyApm.Service.SegmentReportService : Loaded instrument service [SkyApm.Service.SegmentReportService].
2023-08-04 09:28:41.027 +08:00 [grpcservice] [Information] SkyApm.Service.CLRStatsService : Loaded instrument service [SkyApm.Service.CLRStatsService].
2023-08-04 09:28:41.027 +08:00 [grpcservice] [Information] SkyApm.Sampling.SimpleCountSamplingInterceptor : Loaded instrument service [SkyApm.Sampling.SimpleCountSamplingInterceptor].
2023-08-04 09:28:41.027 +08:00 [grpcservice] [Information] SkyApm.Transport.Grpc.ConnectService : Loaded instrument service [SkyApm.Transport.Grpc.ConnectService].
2023-08-04 09:28:41.065 +08:00 [grpcservice] [Information] SkyApm.Transport.Grpc.ConnectionManager : Connected server[127.0.0.1:11800].
2023-08-04 09:28:41.074 +08:00 [grpcservice] [Information] SkyApm.Diagnostics.TracingDiagnosticProcessorObserver : Loaded diagnostic listener [HttpHandlerDiagnosticListener].
2023-08-04 09:28:41.074 +08:00 [grpcservice] [Information] SkyApm.InstrumentStartup : Started SkyAPM .NET Core Agent.
2023-08-04 09:28:41.602 +08:00 [grpcservice] [Information] SkyApm.Diagnostics.TracingDiagnosticProcessorObserver : Loaded diagnostic listener [Grpc.Net.Client].
2023-08-04 09:28:41.769 +08:00 [grpcservice] [Information] SkyApm.Service.RegisterService : Reported Service Instance Properties[Service=grpcservice,InstanceId=192.168.110.65@f8a2e51d71204675be3206428842447a].
2023-08-04 09:29:11.074 +08:00 [grpcservice] [Information] SkyApm.Service.PingService : Ping server @2023/8/4 1:29:11 +00:00
2023-08-04 09:29:11.074 +08:00 [grpcservice] [Information] SkyApm.Service.CLRStatsService : Report CLR Stats. CPU UsagePercent 0 GenCollectCount 0 0 0 17M ThreadPool 32765 32767 1000 1000
2023-08-04 09:29:43.200 +08:00 [grpcservice] [Warning] SkyApm.Transport.Grpc.V8.CLRStatsReporter : Report CLR Stats error. Grpc.Core.RpcException: Status(StatusCode="Unavailable", Detail="Error connecting to subchannel.", DebugException="System.Net.Sockets.SocketException (10061): 由于目标计算机积极拒绝，无法连接。
   at System.Net.Sockets.Socket.AwaitableSocketAsyncEventArgs.ThrowException(SocketError error, CancellationToken cancellationToken)
   at System.Net.Sockets.Socket.AwaitableSocketAsyncEventArgs.System.Threading.Tasks.Sources.IValueTaskSource.GetResult(Int16 token)
   at System.Net.Sockets.Socket.<ConnectAsync>g__WaitForConnectWithCancellation|277_0(AwaitableSocketAsyncEventArgs saea, ValueTask connectTask, CancellationToken cancellationToken)
   at Grpc.Net.Client.Balancer.Internal.SocketConnectivitySubchannelTransport.TryConnectAsync(CancellationToken cancellationToken)")
   at Grpc.Net.Client.Balancer.Internal.ConnectionManager.PickAsync(PickContext context, Boolean waitForReady, CancellationToken cancellationToken)
   at Grpc.Net.Client.Balancer.Internal.BalancerHttpHandler.SendAsync(HttpRequestMessage request, CancellationToken cancellationToken)
   at Grpc.Net.Client.Internal.GrpcCall`2.RunCall(HttpRequestMessage request, Nullable`1 timeout)
   at SkyApm.Transport.Grpc.V8.CLRStatsReporter.ReportAsync(CLRStatsRequest statsRequest, CancellationToken cancellationToken)
2023-08-04 09:29:43.201 +08:00 [grpcservice] [Information] SkyApm.Service.CLRStatsService : Report CLR Stats. CPU UsagePercent 0 GenCollectCount 1 1 0 5M ThreadPool 32759 32767 1000 1000
2023-08-04 09:30:27.609 +08:00 [grpcservice] [Information] SkyApm.InstrumentStartup : Initializing ...
2023-08-04 09:30:27.643 +08:00 [grpcservice] [Information] SkyApm.Service.RegisterService : Loaded instrument service [SkyApm.Service.RegisterService].
2023-08-04 09:30:27.643 +08:00 [grpcservice] [Information] SkyApm.Service.LogReportService : Loaded instrument service [SkyApm.Service.LogReportService].
2023-08-04 09:30:27.643 +08:00 [grpcservice] [Information] SkyApm.Service.PingService : Loaded instrument service [SkyApm.Service.PingService].
2023-08-04 09:30:27.643 +08:00 [grpcservice] [Information] SkyApm.Service.SegmentReportService : Loaded instrument service [SkyApm.Service.SegmentReportService].
2023-08-04 09:30:27.644 +08:00 [grpcservice] [Information] SkyApm.Service.CLRStatsService : Loaded instrument service [SkyApm.Service.CLRStatsService].
2023-08-04 09:30:27.644 +08:00 [grpcservice] [Information] SkyApm.Sampling.SimpleCountSamplingInterceptor : Loaded instrument service [SkyApm.Sampling.SimpleCountSamplingInterceptor].
2023-08-04 09:30:27.644 +08:00 [grpcservice] [Information] SkyApm.Transport.Grpc.ConnectService : Loaded instrument service [SkyApm.Transport.Grpc.ConnectService].
2023-08-04 09:30:27.684 +08:00 [grpcservice] [Information] SkyApm.Transport.Grpc.ConnectionManager : Connected server[127.0.0.1:11800].
2023-08-04 09:30:27.690 +08:00 [grpcservice] [Information] SkyApm.Diagnostics.TracingDiagnosticProcessorObserver : Loaded diagnostic listener [HttpHandlerDiagnosticListener].
2023-08-04 09:30:27.690 +08:00 [grpcservice] [Information] SkyApm.InstrumentStartup : Started SkyAPM .NET Core Agent.
2023-08-04 09:30:28.208 +08:00 [grpcservice] [Information] SkyApm.Diagnostics.TracingDiagnosticProcessorObserver : Loaded diagnostic listener [Grpc.Net.Client].
2023-08-04 09:30:30.400 +08:00 [grpcservice] [Error] SkyApm.Transport.Grpc.V8.ServiceRegister : Report service instance properties fail.
Grpc.Core.RpcException: Status(StatusCode="Unavailable", Detail="Error connecting to subchannel.", DebugException="System.Net.Sockets.SocketException (10061): 由于目标计算机积极拒绝，无法连接。
   at System.Net.Sockets.Socket.AwaitableSocketAsyncEventArgs.ThrowException(SocketError error, CancellationToken cancellationToken)
   at System.Net.Sockets.Socket.AwaitableSocketAsyncEventArgs.System.Threading.Tasks.Sources.IValueTaskSource.GetResult(Int16 token)
   at System.Net.Sockets.Socket.<ConnectAsync>g__WaitForConnectWithCancellation|277_0(AwaitableSocketAsyncEventArgs saea, ValueTask connectTask, CancellationToken cancellationToken)
   at Grpc.Net.Client.Balancer.Internal.SocketConnectivitySubchannelTransport.TryConnectAsync(CancellationToken cancellationToken)")
   at Grpc.Net.Client.Balancer.Internal.ConnectionManager.PickAsync(PickContext context, Boolean waitForReady, CancellationToken cancellationToken)
   at Grpc.Net.Client.Balancer.Internal.BalancerHttpHandler.SendAsync(HttpRequestMessage request, CancellationToken cancellationToken)
   at Grpc.Net.Client.Internal.GrpcCall`2.RunCall(HttpRequestMessage request, Nullable`1 timeout)
   at SkyApm.Transport.Grpc.V8.ServiceRegister.<>c__DisplayClass9_0.<<ReportInstancePropertiesAsync>b__0>d.MoveNext()
--- End of stack trace from previous location ---
   at SkyApm.Transport.Grpc.Common.Call.Execute[T](Func`1 task, Func`1 errCallback, Func`1 errMessage)
2023-08-04 09:30:30.401 +08:00 [grpcservice] [Warning] SkyApm.Transport.Grpc.ConnectionManager : Connection state changed. Status(StatusCode="Unavailable", Detail="Error connecting to subchannel.", DebugException="System.Net.Sockets.SocketException (10061): 由于目标计算机积极拒绝，无法连接。
   at System.Net.Sockets.Socket.AwaitableSocketAsyncEventArgs.ThrowException(SocketError error, CancellationToken cancellationToken)
   at System.Net.Sockets.Socket.AwaitableSocketAsyncEventArgs.System.Threading.Tasks.Sources.IValueTaskSource.GetResult(Int16 token)
   at System.Net.Sockets.Socket.<ConnectAsync>g__WaitForConnectWithCancellation|277_0(AwaitableSocketAsyncEventArgs saea, ValueTask connectTask, CancellationToken cancellationToken)
   at Grpc.Net.Client.Balancer.Internal.SocketConnectivitySubchannelTransport.TryConnectAsync(CancellationToken cancellationToken)")
2023-08-04 09:30:42.643 +08:00 [grpcservice] [Information] SkyApm.Transport.Grpc.ConnectionManager : Shutdown connection[127.0.0.1:11800].
2023-08-04 09:30:42.643 +08:00 [grpcservice] [Information] SkyApm.Transport.Grpc.ConnectionManager : Connected server[127.0.0.1:11800].
