2023-04-08 15:35:45.309 +08:00 [grpcservice] [Information] SkyApm.InstrumentStartup : Initializing ...
2023-04-08 15:35:45.474 +08:00 [grpcservice] [Information] SkyApm.Service.RegisterService : Loaded instrument service [SkyApm.Service.RegisterService].
2023-04-08 15:35:45.475 +08:00 [grpcservice] [Information] SkyApm.Service.LogReportService : Loaded instrument service [SkyApm.Service.LogReportService].
2023-04-08 15:35:45.475 +08:00 [grpcservice] [Information] SkyApm.Service.PingService : Loaded instrument service [SkyApm.Service.PingService].
2023-04-08 15:35:45.476 +08:00 [grpcservice] [Information] SkyApm.Service.SegmentReportService : Loaded instrument service [SkyApm.Service.SegmentReportService].
2023-04-08 15:35:45.477 +08:00 [grpcservice] [Information] SkyApm.Service.CLRStatsService : Loaded instrument service [SkyApm.Service.CLRStatsService].
2023-04-08 15:35:45.478 +08:00 [grpcservice] [Information] SkyApm.Sampling.SimpleCountSamplingInterceptor : Loaded instrument service [SkyApm.Sampling.SimpleCountSamplingInterceptor].
2023-04-08 15:35:45.478 +08:00 [grpcservice] [Information] SkyApm.Transport.Grpc.ConnectService : Loaded instrument service [SkyApm.Transport.Grpc.ConnectService].
2023-04-08 15:35:45.478 +08:00 [grpcservice] [Information] SkyApm.Service.RegisterService : Loaded instrument service [SkyApm.Service.RegisterService].
2023-04-08 15:35:45.478 +08:00 [grpcservice] [Information] SkyApm.Service.LogReportService : Loaded instrument service [SkyApm.Service.LogReportService].
2023-04-08 15:35:45.478 +08:00 [grpcservice] [Information] SkyApm.Service.PingService : Loaded instrument service [SkyApm.Service.PingService].
2023-04-08 15:35:45.478 +08:00 [grpcservice] [Information] SkyApm.Service.SegmentReportService : Loaded instrument service [SkyApm.Service.SegmentReportService].
2023-04-08 15:35:45.478 +08:00 [grpcservice] [Information] SkyApm.Service.CLRStatsService : Loaded instrument service [SkyApm.Service.CLRStatsService].
2023-04-08 15:35:45.478 +08:00 [grpcservice] [Information] SkyApm.Sampling.SimpleCountSamplingInterceptor : Loaded instrument service [SkyApm.Sampling.SimpleCountSamplingInterceptor].
2023-04-08 15:35:45.478 +08:00 [grpcservice] [Information] SkyApm.Transport.Grpc.ConnectService : Loaded instrument service [SkyApm.Transport.Grpc.ConnectService].
2023-04-08 15:35:45.878 +08:00 [grpcservice] [Information] SkyApm.Transport.Grpc.ConnectionManager : Connected server[127.0.0.1:11800].
2023-04-08 15:35:45.937 +08:00 [grpcservice] [Information] SkyApm.Diagnostics.TracingDiagnosticProcessorObserver : Loaded diagnostic listener [HttpHandlerDiagnosticListener].
2023-04-08 15:35:45.940 +08:00 [grpcservice] [Information] SkyApm.Diagnostics.TracingDiagnosticProcessorObserver : Loaded diagnostic listener [Microsoft.AspNetCore].
2023-04-08 15:35:45.940 +08:00 [grpcservice] [Information] SkyApm.InstrumentStartup : Started SkyAPM .NET Core Agent.
2023-04-08 15:35:45.941 +08:00 [grpcservice] [Information] SkyApm.InstrumentStartup : Initializing ...
2023-04-08 15:35:45.941 +08:00 [grpcservice] [Information] SkyApm.Service.RegisterService : Loaded instrument service [SkyApm.Service.RegisterService].
2023-04-08 15:35:45.941 +08:00 [grpcservice] [Information] SkyApm.Service.LogReportService : Loaded instrument service [SkyApm.Service.LogReportService].
2023-04-08 15:35:45.941 +08:00 [grpcservice] [Information] SkyApm.Service.PingService : Loaded instrument service [SkyApm.Service.PingService].
2023-04-08 15:35:45.941 +08:00 [grpcservice] [Information] SkyApm.Service.SegmentReportService : Loaded instrument service [SkyApm.Service.SegmentReportService].
2023-04-08 15:35:45.941 +08:00 [grpcservice] [Information] SkyApm.Service.CLRStatsService : Loaded instrument service [SkyApm.Service.CLRStatsService].
2023-04-08 15:35:45.941 +08:00 [grpcservice] [Information] SkyApm.Sampling.SimpleCountSamplingInterceptor : Loaded instrument service [SkyApm.Sampling.SimpleCountSamplingInterceptor].
2023-04-08 15:35:45.941 +08:00 [grpcservice] [Information] SkyApm.Transport.Grpc.ConnectService : Loaded instrument service [SkyApm.Transport.Grpc.ConnectService].
2023-04-08 15:35:45.941 +08:00 [grpcservice] [Information] SkyApm.Service.RegisterService : Loaded instrument service [SkyApm.Service.RegisterService].
2023-04-08 15:35:45.941 +08:00 [grpcservice] [Information] SkyApm.Service.LogReportService : Loaded instrument service [SkyApm.Service.LogReportService].
2023-04-08 15:35:45.941 +08:00 [grpcservice] [Information] SkyApm.Service.PingService : Loaded instrument service [SkyApm.Service.PingService].
2023-04-08 15:35:45.941 +08:00 [grpcservice] [Information] SkyApm.Service.SegmentReportService : Loaded instrument service [SkyApm.Service.SegmentReportService].
2023-04-08 15:35:45.941 +08:00 [grpcservice] [Information] SkyApm.Service.CLRStatsService : Loaded instrument service [SkyApm.Service.CLRStatsService].
2023-04-08 15:35:45.941 +08:00 [grpcservice] [Information] SkyApm.Sampling.SimpleCountSamplingInterceptor : Loaded instrument service [SkyApm.Sampling.SimpleCountSamplingInterceptor].
2023-04-08 15:35:45.941 +08:00 [grpcservice] [Information] SkyApm.Transport.Grpc.ConnectService : Loaded instrument service [SkyApm.Transport.Grpc.ConnectService].
2023-04-08 15:35:45.942 +08:00 [grpcservice] [Information] SkyApm.Diagnostics.TracingDiagnosticProcessorObserver : Loaded diagnostic listener [HttpHandlerDiagnosticListener].
2023-04-08 15:35:45.943 +08:00 [grpcservice] [Information] SkyApm.Diagnostics.TracingDiagnosticProcessorObserver : Loaded diagnostic listener [Microsoft.AspNetCore].
2023-04-08 15:35:45.944 +08:00 [grpcservice] [Information] SkyApm.InstrumentStartup : Started SkyAPM .NET Core Agent.
2023-04-08 15:35:46.631 +08:00 [grpcservice] [Information] SkyApm.Diagnostics.TracingDiagnosticProcessorObserver : Loaded diagnostic listener [Grpc.Net.Client].
2023-04-08 15:35:46.632 +08:00 [grpcservice] [Information] SkyApm.Diagnostics.TracingDiagnosticProcessorObserver : Loaded diagnostic listener [Grpc.Net.Client].
2023-04-08 15:35:51.811 +08:00 [grpcservice] [Information] SkyApm.Service.RegisterService : Reported Service Instance Properties[Service=grpcservice,InstanceId=192.168.110.67@a6d3773c469b407b8580ffa2fc2409a8].
2023-04-08 15:35:51.811 +08:00 [grpcservice] [Information] SkyApm.Service.RegisterService : Reported Service Instance Properties[Service=grpcservice,InstanceId=192.168.110.67@a6d3773c469b407b8580ffa2fc2409a8].
2023-04-08 15:35:51.811 +08:00 [grpcservice] [Information] SkyApm.Service.RegisterService : Reported Service Instance Properties[Service=grpcservice,InstanceId=192.168.110.67@a6d3773c469b407b8580ffa2fc2409a8].
2023-04-08 15:35:51.811 +08:00 [grpcservice] [Information] SkyApm.Service.RegisterService : Reported Service Instance Properties[Service=grpcservice,InstanceId=192.168.110.67@a6d3773c469b407b8580ffa2fc2409a8].
2023-04-08 15:36:16.020 +08:00 [grpcservice] [Information] SkyApm.Service.PingService : Ping server @2023/4/8 7:36:16 +00:00
2023-04-08 15:36:16.020 +08:00 [grpcservice] [Information] SkyApm.Service.PingService : Ping server @2023/4/8 7:36:16 +00:00
2023-04-08 15:36:16.051 +08:00 [grpcservice] [Information] SkyApm.Service.CLRStatsService : Report CLR Stats. CPU UsagePercent 0 GenCollectCount 1 1 0 7M ThreadPool 32763 32767 1000 1000
2023-04-08 15:36:16.051 +08:00 [grpcservice] [Information] SkyApm.Service.CLRStatsService : Report CLR Stats. CPU UsagePercent 0 GenCollectCount 0 0 0 7M ThreadPool 32763 32767 1000 1000
2023-04-08 15:36:45.982 +08:00 [grpcservice] [Information] SkyApm.Service.CLRStatsService : Report CLR Stats. CPU UsagePercent 0 GenCollectCount 0 0 0 8M ThreadPool 32752 32767 1000 1000
2023-04-08 15:36:45.982 +08:00 [grpcservice] [Information] SkyApm.Service.CLRStatsService : Report CLR Stats. CPU UsagePercent 0 GenCollectCount 0 0 0 8M ThreadPool 32753 32767 1000 1000
2023-04-08 15:37:16.504 +08:00 [grpcservice] [Information] SkyApm.Service.PingService : Ping server @2023/4/8 7:37:16 +00:00
2023-04-08 15:37:16.513 +08:00 [grpcservice] [Information] SkyApm.Service.CLRStatsService : Report CLR Stats. CPU UsagePercent 0 GenCollectCount 0 0 0 6M ThreadPool 32750 32767 1000 1000
2023-04-08 15:37:16.513 +08:00 [grpcservice] [Information] SkyApm.Service.CLRStatsService : Report CLR Stats. CPU UsagePercent 0 GenCollectCount 1 1 0 6M ThreadPool 32751 32767 1000 1000
2023-04-08 15:37:16.513 +08:00 [grpcservice] [Information] SkyApm.Service.PingService : Ping server @2023/4/8 7:37:16 +00:00
2023-04-08 15:38:03.724 +08:00 [grpcservice] [Information] SkyApm.Service.CLRStatsService : Report CLR Stats. CPU UsagePercent 0 GenCollectCount 1 1 1 5M ThreadPool 32759 32767 998 1000
2023-04-08 15:38:03.725 +08:00 [grpcservice] [Information] SkyApm.Service.CLRStatsService : Report CLR Stats. CPU UsagePercent 1.5625 GenCollectCount 0 0 0 5M ThreadPool 32759 32767 999 1000
2023-04-08 15:38:15.954 +08:00 [grpcservice] [Information] SkyApm.Service.PingService : Ping server @2023/4/8 7:38:15 +00:00
2023-04-08 15:38:15.954 +08:00 [grpcservice] [Information] SkyApm.Service.CLRStatsService : Report CLR Stats. CPU UsagePercent 0 GenCollectCount 0 0 0 6M ThreadPool 32760 32767 1000 1000
2023-04-08 15:38:15.954 +08:00 [grpcservice] [Information] SkyApm.Service.PingService : Ping server @2023/4/8 7:38:15 +00:00
2023-04-08 15:38:15.954 +08:00 [grpcservice] [Information] SkyApm.Service.CLRStatsService : Report CLR Stats. CPU UsagePercent 0 GenCollectCount 0 0 0 6M ThreadPool 32759 32767 1000 1000
2023-04-08 15:38:45.950 +08:00 [grpcservice] [Information] SkyApm.Service.CLRStatsService : Report CLR Stats. CPU UsagePercent 0 GenCollectCount 0 0 0 6M ThreadPool 32763 32767 1000 1000
2023-04-08 15:38:45.950 +08:00 [grpcservice] [Information] SkyApm.Service.CLRStatsService : Report CLR Stats. CPU UsagePercent 0 GenCollectCount 2 2 0 6M ThreadPool 32762 32767 1000 1000
2023-04-08 15:39:15.959 +08:00 [grpcservice] [Information] SkyApm.Service.PingService : Ping server @2023/4/8 7:39:15 +00:00
2023-04-08 15:39:15.960 +08:00 [grpcservice] [Information] SkyApm.Service.CLRStatsService : Report CLR Stats. CPU UsagePercent 0 GenCollectCount 0 0 0 8M ThreadPool 32759 32767 1000 1000
2023-04-08 15:39:15.960 +08:00 [grpcservice] [Information] SkyApm.Service.PingService : Ping server @2023/4/8 7:39:15 +00:00
2023-04-08 15:39:15.960 +08:00 [grpcservice] [Information] SkyApm.Service.CLRStatsService : Report CLR Stats. CPU UsagePercent 0 GenCollectCount 0 0 0 8M ThreadPool 32763 32767 1000 1000
2023-04-08 16:24:41.698 +08:00 [grpcservice] [Information] SkyApm.InstrumentStartup : Initializing ...
2023-04-08 16:24:41.825 +08:00 [grpcservice] [Information] SkyApm.Service.RegisterService : Loaded instrument service [SkyApm.Service.RegisterService].
2023-04-08 16:24:41.825 +08:00 [grpcservice] [Information] SkyApm.Service.LogReportService : Loaded instrument service [SkyApm.Service.LogReportService].
2023-04-08 16:24:41.825 +08:00 [grpcservice] [Information] SkyApm.Service.PingService : Loaded instrument service [SkyApm.Service.PingService].
2023-04-08 16:24:41.826 +08:00 [grpcservice] [Information] SkyApm.Service.SegmentReportService : Loaded instrument service [SkyApm.Service.SegmentReportService].
2023-04-08 16:24:41.826 +08:00 [grpcservice] [Information] SkyApm.Service.CLRStatsService : Loaded instrument service [SkyApm.Service.CLRStatsService].
2023-04-08 16:24:41.826 +08:00 [grpcservice] [Information] SkyApm.Sampling.SimpleCountSamplingInterceptor : Loaded instrument service [SkyApm.Sampling.SimpleCountSamplingInterceptor].
2023-04-08 16:24:41.826 +08:00 [grpcservice] [Information] SkyApm.Transport.Grpc.ConnectService : Loaded instrument service [SkyApm.Transport.Grpc.ConnectService].
2023-04-08 16:24:41.827 +08:00 [grpcservice] [Information] SkyApm.Service.RegisterService : Loaded instrument service [SkyApm.Service.RegisterService].
2023-04-08 16:24:41.827 +08:00 [grpcservice] [Information] SkyApm.Service.LogReportService : Loaded instrument service [SkyApm.Service.LogReportService].
2023-04-08 16:24:41.827 +08:00 [grpcservice] [Information] SkyApm.Service.PingService : Loaded instrument service [SkyApm.Service.PingService].
2023-04-08 16:24:41.827 +08:00 [grpcservice] [Information] SkyApm.Service.SegmentReportService : Loaded instrument service [SkyApm.Service.SegmentReportService].
2023-04-08 16:24:41.827 +08:00 [grpcservice] [Information] SkyApm.Service.CLRStatsService : Loaded instrument service [SkyApm.Service.CLRStatsService].
2023-04-08 16:24:41.827 +08:00 [grpcservice] [Information] SkyApm.Sampling.SimpleCountSamplingInterceptor : Loaded instrument service [SkyApm.Sampling.SimpleCountSamplingInterceptor].
2023-04-08 16:24:41.827 +08:00 [grpcservice] [Information] SkyApm.Transport.Grpc.ConnectService : Loaded instrument service [SkyApm.Transport.Grpc.ConnectService].
2023-04-08 16:24:42.009 +08:00 [grpcservice] [Information] SkyApm.Transport.Grpc.ConnectionManager : Connected server[127.0.0.1:11800].
2023-04-08 16:24:42.022 +08:00 [grpcservice] [Information] SkyApm.Diagnostics.TracingDiagnosticProcessorObserver : Loaded diagnostic listener [HttpHandlerDiagnosticListener].
2023-04-08 16:24:42.025 +08:00 [grpcservice] [Information] SkyApm.Diagnostics.TracingDiagnosticProcessorObserver : Loaded diagnostic listener [Microsoft.AspNetCore].
2023-04-08 16:24:42.026 +08:00 [grpcservice] [Information] SkyApm.InstrumentStartup : Started SkyAPM .NET Core Agent.
2023-04-08 16:24:42.026 +08:00 [grpcservice] [Information] SkyApm.InstrumentStartup : Initializing ...
2023-04-08 16:24:42.026 +08:00 [grpcservice] [Information] SkyApm.Service.RegisterService : Loaded instrument service [SkyApm.Service.RegisterService].
2023-04-08 16:24:42.026 +08:00 [grpcservice] [Information] SkyApm.Service.LogReportService : Loaded instrument service [SkyApm.Service.LogReportService].
2023-04-08 16:24:42.026 +08:00 [grpcservice] [Information] SkyApm.Service.PingService : Loaded instrument service [SkyApm.Service.PingService].
2023-04-08 16:24:42.027 +08:00 [grpcservice] [Information] SkyApm.Service.SegmentReportService : Loaded instrument service [SkyApm.Service.SegmentReportService].
2023-04-08 16:24:42.027 +08:00 [grpcservice] [Information] SkyApm.Service.CLRStatsService : Loaded instrument service [SkyApm.Service.CLRStatsService].
2023-04-08 16:24:42.027 +08:00 [grpcservice] [Information] SkyApm.Sampling.SimpleCountSamplingInterceptor : Loaded instrument service [SkyApm.Sampling.SimpleCountSamplingInterceptor].
2023-04-08 16:24:42.027 +08:00 [grpcservice] [Information] SkyApm.Transport.Grpc.ConnectService : Loaded instrument service [SkyApm.Transport.Grpc.ConnectService].
2023-04-08 16:24:42.027 +08:00 [grpcservice] [Information] SkyApm.Service.RegisterService : Loaded instrument service [SkyApm.Service.RegisterService].
2023-04-08 16:24:42.027 +08:00 [grpcservice] [Information] SkyApm.Service.LogReportService : Loaded instrument service [SkyApm.Service.LogReportService].
2023-04-08 16:24:42.027 +08:00 [grpcservice] [Information] SkyApm.Service.PingService : Loaded instrument service [SkyApm.Service.PingService].
2023-04-08 16:24:42.027 +08:00 [grpcservice] [Information] SkyApm.Service.SegmentReportService : Loaded instrument service [SkyApm.Service.SegmentReportService].
2023-04-08 16:24:42.027 +08:00 [grpcservice] [Information] SkyApm.Service.CLRStatsService : Loaded instrument service [SkyApm.Service.CLRStatsService].
2023-04-08 16:24:42.027 +08:00 [grpcservice] [Information] SkyApm.Sampling.SimpleCountSamplingInterceptor : Loaded instrument service [SkyApm.Sampling.SimpleCountSamplingInterceptor].
2023-04-08 16:24:42.027 +08:00 [grpcservice] [Information] SkyApm.Transport.Grpc.ConnectService : Loaded instrument service [SkyApm.Transport.Grpc.ConnectService].
2023-04-08 16:24:42.030 +08:00 [grpcservice] [Information] SkyApm.Diagnostics.TracingDiagnosticProcessorObserver : Loaded diagnostic listener [HttpHandlerDiagnosticListener].
2023-04-08 16:24:42.030 +08:00 [grpcservice] [Information] SkyApm.Diagnostics.TracingDiagnosticProcessorObserver : Loaded diagnostic listener [Microsoft.AspNetCore].
2023-04-08 16:24:42.030 +08:00 [grpcservice] [Information] SkyApm.InstrumentStartup : Started SkyAPM .NET Core Agent.
2023-04-08 16:24:42.159 +08:00 [grpcservice] [Information] SkyApm.Diagnostics.TracingDiagnosticProcessorObserver : Loaded diagnostic listener [Grpc.Net.Client].
2023-04-08 16:24:42.159 +08:00 [grpcservice] [Information] SkyApm.Diagnostics.TracingDiagnosticProcessorObserver : Loaded diagnostic listener [Grpc.Net.Client].
2023-04-08 16:24:42.820 +08:00 [grpcservice] [Information] SkyApm.Service.RegisterService : Reported Service Instance Properties[Service=grpcservice,InstanceId=192.168.110.67@c715169914644a349ed8cf5a7041fbae].
2023-04-08 16:24:42.820 +08:00 [grpcservice] [Information] SkyApm.Service.RegisterService : Reported Service Instance Properties[Service=grpcservice,InstanceId=192.168.110.67@c715169914644a349ed8cf5a7041fbae].
2023-04-08 16:24:42.820 +08:00 [grpcservice] [Information] SkyApm.Service.RegisterService : Reported Service Instance Properties[Service=grpcservice,InstanceId=192.168.110.67@c715169914644a349ed8cf5a7041fbae].
2023-04-08 16:24:42.820 +08:00 [grpcservice] [Information] SkyApm.Service.RegisterService : Reported Service Instance Properties[Service=grpcservice,InstanceId=192.168.110.67@c715169914644a349ed8cf5a7041fbae].
2023-04-08 16:24:54.721 +08:00 [grpcservice] [Error] SkyApm.Diagnostics.TracingDiagnosticObserver : Invoke diagnostic method exception.
System.FormatException: The input is not a valid Base-64 string as it contains a non-base 64 character, more than two padding characters, or an illegal character among the padding characters.
   at System.Convert.FromBase64CharPtr(Char* inputPtr, Int32 inputLength)
   at System.Convert.FromBase64String(String s)
   at SkyApm.Base64Formatter.Decode(String value)
   at SkyApm.Tracing.Sw8CarrierFormatter.Decode(String content)
   at SkyApm.Tracing.CarrierPropagator.Extract(ICarrierHeaderCollection headerCollection)
   at SkyApm.Tracing.TracingContext.CreateEntrySegmentContext(String operationName, ICarrierHeaderCollection carrierHeader, Int64 startTimeMilliseconds)
   at SkyApm.Diagnostics.AspNetCore.Handlers.GrpcHostingDiagnosticHandler.BeginRequest(ITracingContext tracingContext, HttpContext httpContext)
   at SkyApm.AspNetCore.Diagnostics.HostingTracingDiagnosticProcessor.BeginRequest(HttpContext HttpContext)
   at invoker_Void BeginRequest(HttpContext)(Object , Object[] )
   at SkyApm.Diagnostics.TracingDiagnosticMethod.Invoke(String diagnosticName, Object value)
   at SkyApm.Diagnostics.TracingDiagnosticObserver.OnNext(KeyValuePair`2 value)
2023-04-08 16:24:54.722 +08:00 [grpcservice] [Error] SkyApm.Diagnostics.TracingDiagnosticObserver : Invoke diagnostic method exception.
System.FormatException: The input is not a valid Base-64 string as it contains a non-base 64 character, more than two padding characters, or an illegal character among the padding characters.
   at System.Convert.FromBase64CharPtr(Char* inputPtr, Int32 inputLength)
   at System.Convert.FromBase64String(String s)
   at SkyApm.Base64Formatter.Decode(String value)
   at SkyApm.Tracing.Sw8CarrierFormatter.Decode(String content)
   at SkyApm.Tracing.CarrierPropagator.Extract(ICarrierHeaderCollection headerCollection)
   at SkyApm.Tracing.TracingContext.CreateEntrySegmentContext(String operationName, ICarrierHeaderCollection carrierHeader, Int64 startTimeMilliseconds)
   at SkyApm.Diagnostics.AspNetCore.Handlers.GrpcHostingDiagnosticHandler.BeginRequest(ITracingContext tracingContext, HttpContext httpContext)
   at SkyApm.AspNetCore.Diagnostics.HostingTracingDiagnosticProcessor.BeginRequest(HttpContext HttpContext)
   at invoker_Void BeginRequest(HttpContext)(Object , Object[] )
   at SkyApm.Diagnostics.TracingDiagnosticMethod.Invoke(String diagnosticName, Object value)
   at SkyApm.Diagnostics.TracingDiagnosticObserver.OnNext(KeyValuePair`2 value)
2023-04-08 16:25:04.835 +08:00 [grpcservice] [Information] SkyApm.Transport.Grpc.SegmentReporter : Report 2 logs. cost: 00:00:00.0615632s
2023-04-08 16:25:04.835 +08:00 [grpcservice] [Information] SkyApm.Transport.Grpc.V8.SegmentReporter : Report 2 trace segment. cost: 00:00:00.0616330s
2023-04-08 16:25:12.080 +08:00 [grpcservice] [Information] SkyApm.Service.PingService : Ping server @2023/4/8 8:25:12 +00:00
2023-04-08 16:25:12.080 +08:00 [grpcservice] [Information] SkyApm.Service.PingService : Ping server @2023/4/8 8:25:12 +00:00
2023-04-08 16:25:12.089 +08:00 [grpcservice] [Information] SkyApm.Service.CLRStatsService : Report CLR Stats. CPU UsagePercent 0 GenCollectCount 1 1 0 8M ThreadPool 32763 32767 1000 1000
2023-04-08 16:25:12.089 +08:00 [grpcservice] [Information] SkyApm.Service.CLRStatsService : Report CLR Stats. CPU UsagePercent 0 GenCollectCount 0 0 0 8M ThreadPool 32763 32767 1000 1000
2023-04-08 16:25:56.733 +08:00 [grpcservice] [Information] SkyApm.Service.CLRStatsService : Report CLR Stats. CPU UsagePercent 1.5625 GenCollectCount 1 1 0 6M ThreadPool 32749 32767 997 1000
2023-04-08 16:25:56.733 +08:00 [grpcservice] [Information] SkyApm.Service.CLRStatsService : Report CLR Stats. CPU UsagePercent 1.5625 GenCollectCount 0 0 0 6M ThreadPool 32762 32767 997 1000
2023-04-08 16:26:13.905 +08:00 [grpcservice] [Information] SkyApm.Service.CLRStatsService : Report CLR Stats. CPU UsagePercent 1.5625 GenCollectCount 0 0 0 7M ThreadPool 32759 32767 999 1000
2023-04-08 16:26:13.905 +08:00 [grpcservice] [Information] SkyApm.Service.PingService : Ping server @2023/4/8 8:26:13 +00:00
2023-04-08 16:26:13.906 +08:00 [grpcservice] [Information] SkyApm.Service.CLRStatsService : Report CLR Stats. CPU UsagePercent 1.5625 GenCollectCount 0 0 0 7M ThreadPool 32759 32767 999 1000
2023-04-08 16:26:13.910 +08:00 [grpcservice] [Information] SkyApm.Service.PingService : Ping server @2023/4/8 8:26:13 +00:00
2023-04-08 16:28:10.496 +08:00 [grpcservice] [Information] SkyApm.InstrumentStartup : Initializing ...
2023-04-08 16:28:10.555 +08:00 [grpcservice] [Information] SkyApm.Service.RegisterService : Loaded instrument service [SkyApm.Service.RegisterService].
2023-04-08 16:28:10.556 +08:00 [grpcservice] [Information] SkyApm.Service.LogReportService : Loaded instrument service [SkyApm.Service.LogReportService].
2023-04-08 16:28:10.556 +08:00 [grpcservice] [Information] SkyApm.Service.PingService : Loaded instrument service [SkyApm.Service.PingService].
2023-04-08 16:28:10.556 +08:00 [grpcservice] [Information] SkyApm.Service.SegmentReportService : Loaded instrument service [SkyApm.Service.SegmentReportService].
2023-04-08 16:28:10.556 +08:00 [grpcservice] [Information] SkyApm.Service.CLRStatsService : Loaded instrument service [SkyApm.Service.CLRStatsService].
2023-04-08 16:28:10.556 +08:00 [grpcservice] [Information] SkyApm.Sampling.SimpleCountSamplingInterceptor : Loaded instrument service [SkyApm.Sampling.SimpleCountSamplingInterceptor].
2023-04-08 16:28:10.556 +08:00 [grpcservice] [Information] SkyApm.Transport.Grpc.ConnectService : Loaded instrument service [SkyApm.Transport.Grpc.ConnectService].
2023-04-08 16:28:10.556 +08:00 [grpcservice] [Information] SkyApm.Service.RegisterService : Loaded instrument service [SkyApm.Service.RegisterService].
2023-04-08 16:28:10.556 +08:00 [grpcservice] [Information] SkyApm.Service.LogReportService : Loaded instrument service [SkyApm.Service.LogReportService].
2023-04-08 16:28:10.556 +08:00 [grpcservice] [Information] SkyApm.Service.PingService : Loaded instrument service [SkyApm.Service.PingService].
2023-04-08 16:28:10.556 +08:00 [grpcservice] [Information] SkyApm.Service.SegmentReportService : Loaded instrument service [SkyApm.Service.SegmentReportService].
2023-04-08 16:28:10.556 +08:00 [grpcservice] [Information] SkyApm.Service.CLRStatsService : Loaded instrument service [SkyApm.Service.CLRStatsService].
2023-04-08 16:28:10.557 +08:00 [grpcservice] [Information] SkyApm.Sampling.SimpleCountSamplingInterceptor : Loaded instrument service [SkyApm.Sampling.SimpleCountSamplingInterceptor].
2023-04-08 16:28:10.557 +08:00 [grpcservice] [Information] SkyApm.Transport.Grpc.ConnectService : Loaded instrument service [SkyApm.Transport.Grpc.ConnectService].
2023-04-08 16:28:10.663 +08:00 [grpcservice] [Information] SkyApm.Transport.Grpc.ConnectionManager : Connected server[127.0.0.1:11800].
2023-04-08 16:28:10.680 +08:00 [grpcservice] [Information] SkyApm.Diagnostics.TracingDiagnosticProcessorObserver : Loaded diagnostic listener [HttpHandlerDiagnosticListener].
2023-04-08 16:28:10.681 +08:00 [grpcservice] [Information] SkyApm.Diagnostics.TracingDiagnosticProcessorObserver : Loaded diagnostic listener [Microsoft.AspNetCore].
2023-04-08 16:28:10.682 +08:00 [grpcservice] [Information] SkyApm.InstrumentStartup : Started SkyAPM .NET Core Agent.
2023-04-08 16:28:10.682 +08:00 [grpcservice] [Information] SkyApm.InstrumentStartup : Initializing ...
2023-04-08 16:28:10.682 +08:00 [grpcservice] [Information] SkyApm.Service.RegisterService : Loaded instrument service [SkyApm.Service.RegisterService].
2023-04-08 16:28:10.682 +08:00 [grpcservice] [Information] SkyApm.Service.LogReportService : Loaded instrument service [SkyApm.Service.LogReportService].
2023-04-08 16:28:10.682 +08:00 [grpcservice] [Information] SkyApm.Service.PingService : Loaded instrument service [SkyApm.Service.PingService].
2023-04-08 16:28:10.682 +08:00 [grpcservice] [Information] SkyApm.Service.SegmentReportService : Loaded instrument service [SkyApm.Service.SegmentReportService].
2023-04-08 16:28:10.682 +08:00 [grpcservice] [Information] SkyApm.Service.CLRStatsService : Loaded instrument service [SkyApm.Service.CLRStatsService].
2023-04-08 16:28:10.682 +08:00 [grpcservice] [Information] SkyApm.Sampling.SimpleCountSamplingInterceptor : Loaded instrument service [SkyApm.Sampling.SimpleCountSamplingInterceptor].
2023-04-08 16:28:10.682 +08:00 [grpcservice] [Information] SkyApm.Transport.Grpc.ConnectService : Loaded instrument service [SkyApm.Transport.Grpc.ConnectService].
2023-04-08 16:28:10.682 +08:00 [grpcservice] [Information] SkyApm.Service.RegisterService : Loaded instrument service [SkyApm.Service.RegisterService].
2023-04-08 16:28:10.682 +08:00 [grpcservice] [Information] SkyApm.Service.LogReportService : Loaded instrument service [SkyApm.Service.LogReportService].
2023-04-08 16:28:10.682 +08:00 [grpcservice] [Information] SkyApm.Service.PingService : Loaded instrument service [SkyApm.Service.PingService].
2023-04-08 16:28:10.682 +08:00 [grpcservice] [Information] SkyApm.Service.SegmentReportService : Loaded instrument service [SkyApm.Service.SegmentReportService].
2023-04-08 16:28:10.682 +08:00 [grpcservice] [Information] SkyApm.Service.CLRStatsService : Loaded instrument service [SkyApm.Service.CLRStatsService].
2023-04-08 16:28:10.682 +08:00 [grpcservice] [Information] SkyApm.Sampling.SimpleCountSamplingInterceptor : Loaded instrument service [SkyApm.Sampling.SimpleCountSamplingInterceptor].
2023-04-08 16:28:10.682 +08:00 [grpcservice] [Information] SkyApm.Transport.Grpc.ConnectService : Loaded instrument service [SkyApm.Transport.Grpc.ConnectService].
2023-04-08 16:28:10.683 +08:00 [grpcservice] [Information] SkyApm.Diagnostics.TracingDiagnosticProcessorObserver : Loaded diagnostic listener [HttpHandlerDiagnosticListener].
2023-04-08 16:28:10.683 +08:00 [grpcservice] [Information] SkyApm.Diagnostics.TracingDiagnosticProcessorObserver : Loaded diagnostic listener [Microsoft.AspNetCore].
2023-04-08 16:28:10.683 +08:00 [grpcservice] [Information] SkyApm.InstrumentStartup : Started SkyAPM .NET Core Agent.
2023-04-08 16:28:10.777 +08:00 [grpcservice] [Information] SkyApm.Diagnostics.TracingDiagnosticProcessorObserver : Loaded diagnostic listener [Grpc.Net.Client].
2023-04-08 16:28:10.777 +08:00 [grpcservice] [Information] SkyApm.Diagnostics.TracingDiagnosticProcessorObserver : Loaded diagnostic listener [Grpc.Net.Client].
2023-04-08 16:28:11.167 +08:00 [grpcservice] [Information] SkyApm.Service.RegisterService : Reported Service Instance Properties[Service=grpcservice,InstanceId=192.168.110.67@6b74e28ed8a0483fa7b48d6e352a14d4].
2023-04-08 16:28:11.167 +08:00 [grpcservice] [Information] SkyApm.Service.RegisterService : Reported Service Instance Properties[Service=grpcservice,InstanceId=192.168.110.67@6b74e28ed8a0483fa7b48d6e352a14d4].
2023-04-08 16:28:11.243 +08:00 [grpcservice] [Information] SkyApm.Service.RegisterService : Reported Service Instance Properties[Service=grpcservice,InstanceId=192.168.110.67@6b74e28ed8a0483fa7b48d6e352a14d4].
2023-04-08 16:28:11.260 +08:00 [grpcservice] [Information] SkyApm.Service.RegisterService : Reported Service Instance Properties[Service=grpcservice,InstanceId=192.168.110.67@6b74e28ed8a0483fa7b48d6e352a14d4].
