2023-04-14 13:33:00.554 +08:00 [grpcservice] [Information] SkyApm.InstrumentStartup : Initializing ...
2023-04-14 13:33:00.669 +08:00 [grpcservice] [Information] SkyApm.Service.RegisterService : Loaded instrument service [SkyApm.Service.RegisterService].
2023-04-14 13:33:00.670 +08:00 [grpcservice] [Information] SkyApm.Service.LogReportService : Loaded instrument service [SkyApm.Service.LogReportService].
2023-04-14 13:33:00.670 +08:00 [grpcservice] [Information] SkyApm.Service.PingService : Loaded instrument service [SkyApm.Service.PingService].
2023-04-14 13:33:00.670 +08:00 [grpcservice] [Information] SkyApm.Service.SegmentReportService : Loaded instrument service [SkyApm.Service.SegmentReportService].
2023-04-14 13:33:00.674 +08:00 [grpcservice] [Information] SkyApm.Service.CLRStatsService : Loaded instrument service [SkyApm.Service.CLRStatsService].
2023-04-14 13:33:00.675 +08:00 [grpcservice] [Information] SkyApm.Sampling.SimpleCountSamplingInterceptor : Loaded instrument service [SkyApm.Sampling.SimpleCountSamplingInterceptor].
2023-04-14 13:33:00.675 +08:00 [grpcservice] [Information] SkyApm.Transport.Grpc.ConnectService : Loaded instrument service [SkyApm.Transport.Grpc.ConnectService].
2023-04-14 13:33:00.675 +08:00 [grpcservice] [Information] SkyApm.Service.RegisterService : Loaded instrument service [SkyApm.Service.RegisterService].
2023-04-14 13:33:00.675 +08:00 [grpcservice] [Information] SkyApm.Service.LogReportService : Loaded instrument service [SkyApm.Service.LogReportService].
2023-04-14 13:33:00.675 +08:00 [grpcservice] [Information] SkyApm.Service.PingService : Loaded instrument service [SkyApm.Service.PingService].
2023-04-14 13:33:00.675 +08:00 [grpcservice] [Information] SkyApm.Service.SegmentReportService : Loaded instrument service [SkyApm.Service.SegmentReportService].
2023-04-14 13:33:00.680 +08:00 [grpcservice] [Information] SkyApm.Service.CLRStatsService : Loaded instrument service [SkyApm.Service.CLRStatsService].
2023-04-14 13:33:00.680 +08:00 [grpcservice] [Information] SkyApm.Sampling.SimpleCountSamplingInterceptor : Loaded instrument service [SkyApm.Sampling.SimpleCountSamplingInterceptor].
2023-04-14 13:33:00.681 +08:00 [grpcservice] [Information] SkyApm.Transport.Grpc.ConnectService : Loaded instrument service [SkyApm.Transport.Grpc.ConnectService].
2023-04-14 13:33:00.853 +08:00 [grpcservice] [Information] SkyApm.Transport.Grpc.ConnectionManager : Connected server[127.0.0.1:11800].
2023-04-14 13:33:01.153 +08:00 [grpcservice] [Information] SkyApm.Diagnostics.TracingDiagnosticProcessorObserver : Loaded diagnostic listener [HttpHandlerDiagnosticListener].
2023-04-14 13:33:01.156 +08:00 [grpcservice] [Information] SkyApm.Diagnostics.TracingDiagnosticProcessorObserver : Loaded diagnostic listener [Microsoft.AspNetCore].
2023-04-14 13:33:01.156 +08:00 [grpcservice] [Information] SkyApm.InstrumentStartup : Started SkyAPM .NET Core Agent.
2023-04-14 13:33:01.156 +08:00 [grpcservice] [Information] SkyApm.InstrumentStartup : Initializing ...
2023-04-14 13:33:01.156 +08:00 [grpcservice] [Information] SkyApm.Service.RegisterService : Loaded instrument service [SkyApm.Service.RegisterService].
2023-04-14 13:33:01.156 +08:00 [grpcservice] [Information] SkyApm.Service.LogReportService : Loaded instrument service [SkyApm.Service.LogReportService].
2023-04-14 13:33:01.156 +08:00 [grpcservice] [Information] SkyApm.Service.PingService : Loaded instrument service [SkyApm.Service.PingService].
2023-04-14 13:33:01.156 +08:00 [grpcservice] [Information] SkyApm.Service.SegmentReportService : Loaded instrument service [SkyApm.Service.SegmentReportService].
2023-04-14 13:33:01.156 +08:00 [grpcservice] [Information] SkyApm.Service.CLRStatsService : Loaded instrument service [SkyApm.Service.CLRStatsService].
2023-04-14 13:33:01.156 +08:00 [grpcservice] [Information] SkyApm.Sampling.SimpleCountSamplingInterceptor : Loaded instrument service [SkyApm.Sampling.SimpleCountSamplingInterceptor].
2023-04-14 13:33:01.162 +08:00 [grpcservice] [Information] SkyApm.Transport.Grpc.ConnectService : Loaded instrument service [SkyApm.Transport.Grpc.ConnectService].
2023-04-14 13:33:01.162 +08:00 [grpcservice] [Information] SkyApm.Service.RegisterService : Loaded instrument service [SkyApm.Service.RegisterService].
2023-04-14 13:33:01.162 +08:00 [grpcservice] [Information] SkyApm.Service.LogReportService : Loaded instrument service [SkyApm.Service.LogReportService].
2023-04-14 13:33:01.162 +08:00 [grpcservice] [Information] SkyApm.Service.PingService : Loaded instrument service [SkyApm.Service.PingService].
2023-04-14 13:33:01.164 +08:00 [grpcservice] [Information] SkyApm.Service.SegmentReportService : Loaded instrument service [SkyApm.Service.SegmentReportService].
2023-04-14 13:33:01.164 +08:00 [grpcservice] [Information] SkyApm.Service.CLRStatsService : Loaded instrument service [SkyApm.Service.CLRStatsService].
2023-04-14 13:33:01.164 +08:00 [grpcservice] [Information] SkyApm.Sampling.SimpleCountSamplingInterceptor : Loaded instrument service [SkyApm.Sampling.SimpleCountSamplingInterceptor].
2023-04-14 13:33:01.164 +08:00 [grpcservice] [Information] SkyApm.Transport.Grpc.ConnectService : Loaded instrument service [SkyApm.Transport.Grpc.ConnectService].
2023-04-14 13:33:01.165 +08:00 [grpcservice] [Information] SkyApm.Diagnostics.TracingDiagnosticProcessorObserver : Loaded diagnostic listener [HttpHandlerDiagnosticListener].
2023-04-14 13:33:01.166 +08:00 [grpcservice] [Information] SkyApm.Diagnostics.TracingDiagnosticProcessorObserver : Loaded diagnostic listener [Microsoft.AspNetCore].
2023-04-14 13:33:01.166 +08:00 [grpcservice] [Information] SkyApm.InstrumentStartup : Started SkyAPM .NET Core Agent.
2023-04-14 13:33:01.274 +08:00 [grpcservice] [Information] SkyApm.Diagnostics.TracingDiagnosticProcessorObserver : Loaded diagnostic listener [Grpc.Net.Client].
2023-04-14 13:33:01.274 +08:00 [grpcservice] [Information] SkyApm.Diagnostics.TracingDiagnosticProcessorObserver : Loaded diagnostic listener [Grpc.Net.Client].
2023-04-14 13:33:01.780 +08:00 [grpcservice] [Information] SkyApm.Service.RegisterService : Reported Service Instance Properties[Service=grpcservice,InstanceId=172.20.64.1@0f5d63c6e7fc4e53a4be79bfbb0e503c].
2023-04-14 13:33:01.780 +08:00 [grpcservice] [Information] SkyApm.Service.RegisterService : Reported Service Instance Properties[Service=grpcservice,InstanceId=172.20.64.1@0f5d63c6e7fc4e53a4be79bfbb0e503c].
2023-04-14 13:33:01.780 +08:00 [grpcservice] [Information] SkyApm.Service.RegisterService : Reported Service Instance Properties[Service=grpcservice,InstanceId=172.20.64.1@0f5d63c6e7fc4e53a4be79bfbb0e503c].
2023-04-14 13:33:01.780 +08:00 [grpcservice] [Information] SkyApm.Service.RegisterService : Reported Service Instance Properties[Service=grpcservice,InstanceId=172.20.64.1@0f5d63c6e7fc4e53a4be79bfbb0e503c].
2023-04-14 13:33:31.196 +08:00 [grpcservice] [Information] SkyApm.Service.PingService : Ping server @2023/4/14 5:33:31 +00:00
2023-04-14 13:33:31.196 +08:00 [grpcservice] [Information] SkyApm.Service.PingService : Ping server @2023/4/14 5:33:31 +00:00
2023-04-14 13:33:31.205 +08:00 [grpcservice] [Information] SkyApm.Service.CLRStatsService : Report CLR Stats. CPU UsagePercent 0 GenCollectCount 0 0 0 5M ThreadPool 32763 32767 1000 1000
2023-04-14 13:33:31.205 +08:00 [grpcservice] [Information] SkyApm.Service.CLRStatsService : Report CLR Stats. CPU UsagePercent 0 GenCollectCount 8 8 1 5M ThreadPool 32763 32767 1000 1000
2023-04-14 13:34:03.699 +08:00 [grpcservice] [Information] SkyApm.Service.CLRStatsService : Report CLR Stats. CPU UsagePercent 3.125 GenCollectCount 6 6 3 5M ThreadPool 32757 32767 999 1000
2023-04-14 13:34:03.741 +08:00 [grpcservice] [Information] SkyApm.Service.CLRStatsService : Report CLR Stats. CPU UsagePercent 3.125 GenCollectCount 0 0 0 5M ThreadPool 32756 32767 999 1000
2023-04-14 13:34:31.178 +08:00 [grpcservice] [Information] SkyApm.Service.CLRStatsService : Report CLR Stats. CPU UsagePercent 0 GenCollectCount 8 8 2 6M ThreadPool 32755 32767 1000 1000
2023-04-14 13:34:31.178 +08:00 [grpcservice] [Information] SkyApm.Service.PingService : Ping server @2023/4/14 5:34:31 +00:00
2023-04-14 13:34:31.178 +08:00 [grpcservice] [Information] SkyApm.Service.PingService : Ping server @2023/4/14 5:34:31 +00:00
2023-04-14 13:34:31.180 +08:00 [grpcservice] [Information] SkyApm.Service.CLRStatsService : Report CLR Stats. CPU UsagePercent 0 GenCollectCount 0 0 0 6M ThreadPool 32756 32767 1000 1000
2023-04-14 13:35:27.650 +08:00 [grpcservice] [Information] SkyApm.InstrumentStartup : Initializing ...
2023-04-14 13:35:27.764 +08:00 [grpcservice] [Information] SkyApm.Service.RegisterService : Loaded instrument service [SkyApm.Service.RegisterService].
2023-04-14 13:35:27.765 +08:00 [grpcservice] [Information] SkyApm.Service.LogReportService : Loaded instrument service [SkyApm.Service.LogReportService].
2023-04-14 13:35:27.765 +08:00 [grpcservice] [Information] SkyApm.Service.PingService : Loaded instrument service [SkyApm.Service.PingService].
2023-04-14 13:35:27.765 +08:00 [grpcservice] [Information] SkyApm.Service.SegmentReportService : Loaded instrument service [SkyApm.Service.SegmentReportService].
2023-04-14 13:35:27.765 +08:00 [grpcservice] [Information] SkyApm.Service.CLRStatsService : Loaded instrument service [SkyApm.Service.CLRStatsService].
2023-04-14 13:35:27.765 +08:00 [grpcservice] [Information] SkyApm.Sampling.SimpleCountSamplingInterceptor : Loaded instrument service [SkyApm.Sampling.SimpleCountSamplingInterceptor].
2023-04-14 13:35:27.766 +08:00 [grpcservice] [Information] SkyApm.Transport.Grpc.ConnectService : Loaded instrument service [SkyApm.Transport.Grpc.ConnectService].
2023-04-14 13:35:27.766 +08:00 [grpcservice] [Information] SkyApm.Service.RegisterService : Loaded instrument service [SkyApm.Service.RegisterService].
2023-04-14 13:35:27.766 +08:00 [grpcservice] [Information] SkyApm.Service.LogReportService : Loaded instrument service [SkyApm.Service.LogReportService].
2023-04-14 13:35:27.766 +08:00 [grpcservice] [Information] SkyApm.Service.PingService : Loaded instrument service [SkyApm.Service.PingService].
2023-04-14 13:35:27.766 +08:00 [grpcservice] [Information] SkyApm.Service.SegmentReportService : Loaded instrument service [SkyApm.Service.SegmentReportService].
2023-04-14 13:35:27.766 +08:00 [grpcservice] [Information] SkyApm.Service.CLRStatsService : Loaded instrument service [SkyApm.Service.CLRStatsService].
2023-04-14 13:35:27.766 +08:00 [grpcservice] [Information] SkyApm.Sampling.SimpleCountSamplingInterceptor : Loaded instrument service [SkyApm.Sampling.SimpleCountSamplingInterceptor].
2023-04-14 13:35:27.766 +08:00 [grpcservice] [Information] SkyApm.Transport.Grpc.ConnectService : Loaded instrument service [SkyApm.Transport.Grpc.ConnectService].
2023-04-14 13:35:27.941 +08:00 [grpcservice] [Information] SkyApm.Transport.Grpc.ConnectionManager : Connected server[127.0.0.1:11800].
2023-04-14 13:35:27.953 +08:00 [grpcservice] [Information] SkyApm.Diagnostics.TracingDiagnosticProcessorObserver : Loaded diagnostic listener [HttpHandlerDiagnosticListener].
2023-04-14 13:35:27.955 +08:00 [grpcservice] [Information] SkyApm.Diagnostics.TracingDiagnosticProcessorObserver : Loaded diagnostic listener [Microsoft.AspNetCore].
2023-04-14 13:35:27.955 +08:00 [grpcservice] [Information] SkyApm.InstrumentStartup : Started SkyAPM .NET Core Agent.
2023-04-14 13:35:27.955 +08:00 [grpcservice] [Information] SkyApm.InstrumentStartup : Initializing ...
2023-04-14 13:35:27.955 +08:00 [grpcservice] [Information] SkyApm.Service.RegisterService : Loaded instrument service [SkyApm.Service.RegisterService].
2023-04-14 13:35:27.955 +08:00 [grpcservice] [Information] SkyApm.Service.LogReportService : Loaded instrument service [SkyApm.Service.LogReportService].
2023-04-14 13:35:27.955 +08:00 [grpcservice] [Information] SkyApm.Service.PingService : Loaded instrument service [SkyApm.Service.PingService].
2023-04-14 13:35:27.955 +08:00 [grpcservice] [Information] SkyApm.Service.SegmentReportService : Loaded instrument service [SkyApm.Service.SegmentReportService].
2023-04-14 13:35:27.955 +08:00 [grpcservice] [Information] SkyApm.Service.CLRStatsService : Loaded instrument service [SkyApm.Service.CLRStatsService].
2023-04-14 13:35:27.955 +08:00 [grpcservice] [Information] SkyApm.Sampling.SimpleCountSamplingInterceptor : Loaded instrument service [SkyApm.Sampling.SimpleCountSamplingInterceptor].
2023-04-14 13:35:27.955 +08:00 [grpcservice] [Information] SkyApm.Transport.Grpc.ConnectService : Loaded instrument service [SkyApm.Transport.Grpc.ConnectService].
2023-04-14 13:35:27.955 +08:00 [grpcservice] [Information] SkyApm.Service.RegisterService : Loaded instrument service [SkyApm.Service.RegisterService].
2023-04-14 13:35:27.956 +08:00 [grpcservice] [Information] SkyApm.Service.LogReportService : Loaded instrument service [SkyApm.Service.LogReportService].
2023-04-14 13:35:27.956 +08:00 [grpcservice] [Information] SkyApm.Service.PingService : Loaded instrument service [SkyApm.Service.PingService].
2023-04-14 13:35:27.956 +08:00 [grpcservice] [Information] SkyApm.Service.SegmentReportService : Loaded instrument service [SkyApm.Service.SegmentReportService].
2023-04-14 13:35:27.956 +08:00 [grpcservice] [Information] SkyApm.Service.CLRStatsService : Loaded instrument service [SkyApm.Service.CLRStatsService].
2023-04-14 13:35:27.956 +08:00 [grpcservice] [Information] SkyApm.Sampling.SimpleCountSamplingInterceptor : Loaded instrument service [SkyApm.Sampling.SimpleCountSamplingInterceptor].
2023-04-14 13:35:27.956 +08:00 [grpcservice] [Information] SkyApm.Transport.Grpc.ConnectService : Loaded instrument service [SkyApm.Transport.Grpc.ConnectService].
2023-04-14 13:35:27.957 +08:00 [grpcservice] [Information] SkyApm.Diagnostics.TracingDiagnosticProcessorObserver : Loaded diagnostic listener [HttpHandlerDiagnosticListener].
2023-04-14 13:35:27.957 +08:00 [grpcservice] [Information] SkyApm.Diagnostics.TracingDiagnosticProcessorObserver : Loaded diagnostic listener [Microsoft.AspNetCore].
2023-04-14 13:35:27.957 +08:00 [grpcservice] [Information] SkyApm.InstrumentStartup : Started SkyAPM .NET Core Agent.
2023-04-14 13:35:28.075 +08:00 [grpcservice] [Information] SkyApm.Diagnostics.TracingDiagnosticProcessorObserver : Loaded diagnostic listener [Grpc.Net.Client].
2023-04-14 13:35:28.075 +08:00 [grpcservice] [Information] SkyApm.Diagnostics.TracingDiagnosticProcessorObserver : Loaded diagnostic listener [Grpc.Net.Client].
2023-04-14 13:35:28.418 +08:00 [grpcservice] [Information] SkyApm.Service.RegisterService : Reported Service Instance Properties[Service=grpcservice,InstanceId=172.20.64.1@bbb4dfb7327f43a4891120fbfc0b231a].
2023-04-14 13:35:28.418 +08:00 [grpcservice] [Information] SkyApm.Service.RegisterService : Reported Service Instance Properties[Service=grpcservice,InstanceId=172.20.64.1@bbb4dfb7327f43a4891120fbfc0b231a].
2023-04-14 13:35:28.462 +08:00 [grpcservice] [Information] SkyApm.Service.RegisterService : Reported Service Instance Properties[Service=grpcservice,InstanceId=172.20.64.1@bbb4dfb7327f43a4891120fbfc0b231a].
2023-04-14 13:35:28.462 +08:00 [grpcservice] [Information] SkyApm.Service.RegisterService : Reported Service Instance Properties[Service=grpcservice,InstanceId=172.20.64.1@bbb4dfb7327f43a4891120fbfc0b231a].
2023-04-14 13:35:41.300 +08:00 [grpcservice] [Error] SkyApm.Diagnostics.TracingDiagnosticObserver : Invoke diagnostic method exception.
System.FormatException: The input is not a valid Base-64 string as it contains a non-base 64 character, more than two padding characters, or an illegal character among the padding characters.
   at System.Convert.FromBase64CharPtr(Char* inputPtr, Int32 inputLength)
   at System.Convert.FromBase64String(String s)
   at SkyApm.Base64Formatter.Decode(String value)
   at SkyApm.Tracing.Sw8CarrierFormatter.Decode(String content)
   at SkyApm.Tracing.CarrierPropagator.Extract(ICarrierHeaderCollection headerCollection)
   at SkyApm.Tracing.TracingContext.CreateEntrySegmentContext(String operationName, ICarrierHeaderCollection carrierHeader, Int64 startTimeMilliseconds)
   at SkyApm.Diagnostics.AspNetCore.Handlers.GrpcHostingDiagnosticHandler.BeginRequest(ITracingContext tracingContext, HttpContext httpContext)
   at SkyApm.AspNetCore.Diagnostics.HostingTracingDiagnosticProcessor.BeginRequest(HttpContext HttpContext)
   at invoker_Void BeginRequest(HttpContext)(Object , Object[] )
   at SkyApm.Diagnostics.TracingDiagnosticMethod.Invoke(String diagnosticName, Object value)
   at SkyApm.Diagnostics.TracingDiagnosticObserver.OnNext(KeyValuePair`2 value)
2023-04-14 13:35:41.301 +08:00 [grpcservice] [Error] SkyApm.Diagnostics.TracingDiagnosticObserver : Invoke diagnostic method exception.
System.FormatException: The input is not a valid Base-64 string as it contains a non-base 64 character, more than two padding characters, or an illegal character among the padding characters.
   at System.Convert.FromBase64CharPtr(Char* inputPtr, Int32 inputLength)
   at System.Convert.FromBase64String(String s)
   at SkyApm.Base64Formatter.Decode(String value)
   at SkyApm.Tracing.Sw8CarrierFormatter.Decode(String content)
   at SkyApm.Tracing.CarrierPropagator.Extract(ICarrierHeaderCollection headerCollection)
   at SkyApm.Tracing.TracingContext.CreateEntrySegmentContext(String operationName, ICarrierHeaderCollection carrierHeader, Int64 startTimeMilliseconds)
   at SkyApm.Diagnostics.AspNetCore.Handlers.GrpcHostingDiagnosticHandler.BeginRequest(ITracingContext tracingContext, HttpContext httpContext)
   at SkyApm.AspNetCore.Diagnostics.HostingTracingDiagnosticProcessor.BeginRequest(HttpContext HttpContext)
   at invoker_Void BeginRequest(HttpContext)(Object , Object[] )
   at SkyApm.Diagnostics.TracingDiagnosticMethod.Invoke(String diagnosticName, Object value)
   at SkyApm.Diagnostics.TracingDiagnosticObserver.OnNext(KeyValuePair`2 value)
2023-04-14 13:35:43.014 +08:00 [grpcservice] [Information] SkyApm.Transport.Grpc.V8.SegmentReporter : Report 2 trace segment. cost: 00:00:00.0413993s
2023-04-14 13:36:29.693 +08:00 [grpcservice] [Information] SkyApm.InstrumentStartup : Initializing ...
2023-04-14 13:36:30.495 +08:00 [grpcservice] [Information] SkyApm.Service.RegisterService : Loaded instrument service [SkyApm.Service.RegisterService].
2023-04-14 13:36:30.495 +08:00 [grpcservice] [Information] SkyApm.Service.LogReportService : Loaded instrument service [SkyApm.Service.LogReportService].
2023-04-14 13:36:30.495 +08:00 [grpcservice] [Information] SkyApm.Service.PingService : Loaded instrument service [SkyApm.Service.PingService].
2023-04-14 13:36:30.495 +08:00 [grpcservice] [Information] SkyApm.Service.SegmentReportService : Loaded instrument service [SkyApm.Service.SegmentReportService].
2023-04-14 13:36:30.496 +08:00 [grpcservice] [Information] SkyApm.Service.CLRStatsService : Loaded instrument service [SkyApm.Service.CLRStatsService].
2023-04-14 13:36:30.496 +08:00 [grpcservice] [Information] SkyApm.Sampling.SimpleCountSamplingInterceptor : Loaded instrument service [SkyApm.Sampling.SimpleCountSamplingInterceptor].
2023-04-14 13:36:30.496 +08:00 [grpcservice] [Information] SkyApm.Transport.Grpc.ConnectService : Loaded instrument service [SkyApm.Transport.Grpc.ConnectService].
2023-04-14 13:36:30.496 +08:00 [grpcservice] [Information] SkyApm.Service.RegisterService : Loaded instrument service [SkyApm.Service.RegisterService].
2023-04-14 13:36:30.496 +08:00 [grpcservice] [Information] SkyApm.Service.LogReportService : Loaded instrument service [SkyApm.Service.LogReportService].
2023-04-14 13:36:30.496 +08:00 [grpcservice] [Information] SkyApm.Service.PingService : Loaded instrument service [SkyApm.Service.PingService].
2023-04-14 13:36:30.496 +08:00 [grpcservice] [Information] SkyApm.Service.SegmentReportService : Loaded instrument service [SkyApm.Service.SegmentReportService].
2023-04-14 13:36:30.496 +08:00 [grpcservice] [Information] SkyApm.Service.CLRStatsService : Loaded instrument service [SkyApm.Service.CLRStatsService].
2023-04-14 13:36:30.496 +08:00 [grpcservice] [Information] SkyApm.Sampling.SimpleCountSamplingInterceptor : Loaded instrument service [SkyApm.Sampling.SimpleCountSamplingInterceptor].
2023-04-14 13:36:30.496 +08:00 [grpcservice] [Information] SkyApm.Transport.Grpc.ConnectService : Loaded instrument service [SkyApm.Transport.Grpc.ConnectService].
2023-04-14 13:36:31.060 +08:00 [grpcservice] [Information] SkyApm.Diagnostics.TracingDiagnosticProcessorObserver : Loaded diagnostic listener [HttpHandlerDiagnosticListener].
2023-04-14 13:36:31.062 +08:00 [grpcservice] [Information] SkyApm.Diagnostics.TracingDiagnosticProcessorObserver : Loaded diagnostic listener [Microsoft.AspNetCore].
2023-04-14 13:36:31.063 +08:00 [grpcservice] [Information] SkyApm.InstrumentStartup : Started SkyAPM .NET Core Agent.
2023-04-14 13:36:31.063 +08:00 [grpcservice] [Information] SkyApm.InstrumentStartup : Initializing ...
2023-04-14 13:36:31.063 +08:00 [grpcservice] [Information] SkyApm.Service.RegisterService : Loaded instrument service [SkyApm.Service.RegisterService].
2023-04-14 13:36:31.063 +08:00 [grpcservice] [Information] SkyApm.Service.LogReportService : Loaded instrument service [SkyApm.Service.LogReportService].
2023-04-14 13:36:31.063 +08:00 [grpcservice] [Information] SkyApm.Service.PingService : Loaded instrument service [SkyApm.Service.PingService].
2023-04-14 13:36:31.063 +08:00 [grpcservice] [Information] SkyApm.Service.SegmentReportService : Loaded instrument service [SkyApm.Service.SegmentReportService].
2023-04-14 13:36:31.063 +08:00 [grpcservice] [Information] SkyApm.Service.CLRStatsService : Loaded instrument service [SkyApm.Service.CLRStatsService].
2023-04-14 13:36:31.063 +08:00 [grpcservice] [Information] SkyApm.Sampling.SimpleCountSamplingInterceptor : Loaded instrument service [SkyApm.Sampling.SimpleCountSamplingInterceptor].
2023-04-14 13:36:31.063 +08:00 [grpcservice] [Information] SkyApm.Transport.Grpc.ConnectService : Loaded instrument service [SkyApm.Transport.Grpc.ConnectService].
2023-04-14 13:36:31.063 +08:00 [grpcservice] [Information] SkyApm.Service.RegisterService : Loaded instrument service [SkyApm.Service.RegisterService].
2023-04-14 13:36:31.063 +08:00 [grpcservice] [Information] SkyApm.Service.LogReportService : Loaded instrument service [SkyApm.Service.LogReportService].
2023-04-14 13:36:31.063 +08:00 [grpcservice] [Information] SkyApm.Service.PingService : Loaded instrument service [SkyApm.Service.PingService].
2023-04-14 13:36:31.063 +08:00 [grpcservice] [Information] SkyApm.Service.SegmentReportService : Loaded instrument service [SkyApm.Service.SegmentReportService].
2023-04-14 13:36:31.063 +08:00 [grpcservice] [Information] SkyApm.Service.CLRStatsService : Loaded instrument service [SkyApm.Service.CLRStatsService].
2023-04-14 13:36:31.063 +08:00 [grpcservice] [Information] SkyApm.Sampling.SimpleCountSamplingInterceptor : Loaded instrument service [SkyApm.Sampling.SimpleCountSamplingInterceptor].
2023-04-14 13:36:31.063 +08:00 [grpcservice] [Information] SkyApm.Transport.Grpc.ConnectService : Loaded instrument service [SkyApm.Transport.Grpc.ConnectService].
2023-04-14 13:36:31.064 +08:00 [grpcservice] [Information] SkyApm.Diagnostics.TracingDiagnosticProcessorObserver : Loaded diagnostic listener [HttpHandlerDiagnosticListener].
2023-04-14 13:36:31.064 +08:00 [grpcservice] [Information] SkyApm.Diagnostics.TracingDiagnosticProcessorObserver : Loaded diagnostic listener [Microsoft.AspNetCore].
2023-04-14 13:36:31.064 +08:00 [grpcservice] [Information] SkyApm.InstrumentStartup : Started SkyAPM .NET Core Agent.
2023-04-14 13:36:31.111 +08:00 [grpcservice] [Information] SkyApm.Transport.Grpc.ConnectionManager : Connected server[127.0.0.1:11800].
2023-04-14 13:36:31.642 +08:00 [grpcservice] [Information] SkyApm.Diagnostics.TracingDiagnosticProcessorObserver : Loaded diagnostic listener [Grpc.Net.Client].
2023-04-14 13:36:31.642 +08:00 [grpcservice] [Information] SkyApm.Diagnostics.TracingDiagnosticProcessorObserver : Loaded diagnostic listener [Grpc.Net.Client].
2023-04-14 13:36:32.027 +08:00 [grpcservice] [Information] SkyApm.Service.RegisterService : Reported Service Instance Properties[Service=grpcservice,InstanceId=172.20.64.1@f96104f52c2041949ea6fd37106dddc0].
2023-04-14 13:36:32.027 +08:00 [grpcservice] [Information] SkyApm.Service.RegisterService : Reported Service Instance Properties[Service=grpcservice,InstanceId=172.20.64.1@f96104f52c2041949ea6fd37106dddc0].
2023-04-14 13:36:32.027 +08:00 [grpcservice] [Information] SkyApm.Service.RegisterService : Reported Service Instance Properties[Service=grpcservice,InstanceId=172.20.64.1@f96104f52c2041949ea6fd37106dddc0].
2023-04-14 13:36:32.027 +08:00 [grpcservice] [Information] SkyApm.Service.RegisterService : Reported Service Instance Properties[Service=grpcservice,InstanceId=172.20.64.1@f96104f52c2041949ea6fd37106dddc0].
2023-04-14 13:37:28.380 +08:00 [grpcservice] [Information] SkyApm.Service.PingService : Ping server @2023/4/14 5:37:28 +00:00
2023-04-14 13:37:28.385 +08:00 [grpcservice] [Information] SkyApm.Service.PingService : Ping server @2023/4/14 5:37:28 +00:00
2023-04-14 13:37:28.385 +08:00 [grpcservice] [Information] SkyApm.Service.PingService : Ping server @2023/4/14 5:37:28 +00:00
2023-04-14 13:37:28.385 +08:00 [grpcservice] [Information] SkyApm.Service.PingService : Ping server @2023/4/14 5:37:28 +00:00
2023-04-14 13:37:28.394 +08:00 [grpcservice] [Information] SkyApm.Service.CLRStatsService : Report CLR Stats. CPU UsagePercent 0 GenCollectCount 0 0 0 20M ThreadPool 32759 32767 1000 1000
2023-04-14 13:37:28.394 +08:00 [grpcservice] [Information] SkyApm.Service.CLRStatsService : Report CLR Stats. CPU UsagePercent 0 GenCollectCount 0 0 0 20M ThreadPool 32759 32767 1000 1000
2023-04-14 13:37:28.394 +08:00 [grpcservice] [Information] SkyApm.Service.CLRStatsService : Report CLR Stats. CPU UsagePercent 0 GenCollectCount 0 0 0 20M ThreadPool 32759 32767 1000 1000
2023-04-14 13:37:28.394 +08:00 [grpcservice] [Information] SkyApm.Service.CLRStatsService : Report CLR Stats. CPU UsagePercent 0 GenCollectCount 0 0 0 20M ThreadPool 32759 32767 1000 1000
2023-04-14 13:37:34.301 +08:00 [grpcservice] [Information] SkyApm.Service.CLRStatsService : Report CLR Stats. CPU UsagePercent 0 GenCollectCount 0 0 0 20M ThreadPool 32758 32767 999 1000
2023-04-14 13:37:34.306 +08:00 [grpcservice] [Information] SkyApm.Service.CLRStatsService : Report CLR Stats. CPU UsagePercent 0 GenCollectCount 0 0 0 21M ThreadPool 32758 32767 998 1000
2023-04-14 13:37:34.313 +08:00 [grpcservice] [Information] SkyApm.Service.CLRStatsService : Report CLR Stats. CPU UsagePercent 0 GenCollectCount 0 0 0 21M ThreadPool 32758 32767 998 1000
2023-04-14 13:37:34.345 +08:00 [grpcservice] [Information] SkyApm.Service.CLRStatsService : Report CLR Stats. CPU UsagePercent 0 GenCollectCount 0 0 0 21M ThreadPool 32758 32767 998 1000
2023-04-14 13:41:14.446 +08:00 [grpcservice] [Information] SkyApm.InstrumentStartup : Initializing ...
2023-04-14 13:41:14.568 +08:00 [grpcservice] [Information] SkyApm.Service.RegisterService : Loaded instrument service [SkyApm.Service.RegisterService].
2023-04-14 13:41:14.569 +08:00 [grpcservice] [Information] SkyApm.Service.LogReportService : Loaded instrument service [SkyApm.Service.LogReportService].
2023-04-14 13:41:14.569 +08:00 [grpcservice] [Information] SkyApm.Service.PingService : Loaded instrument service [SkyApm.Service.PingService].
2023-04-14 13:41:14.570 +08:00 [grpcservice] [Information] SkyApm.Service.SegmentReportService : Loaded instrument service [SkyApm.Service.SegmentReportService].
2023-04-14 13:41:14.570 +08:00 [grpcservice] [Information] SkyApm.Service.CLRStatsService : Loaded instrument service [SkyApm.Service.CLRStatsService].
2023-04-14 13:41:14.570 +08:00 [grpcservice] [Information] SkyApm.Sampling.SimpleCountSamplingInterceptor : Loaded instrument service [SkyApm.Sampling.SimpleCountSamplingInterceptor].
2023-04-14 13:41:14.570 +08:00 [grpcservice] [Information] SkyApm.Transport.Grpc.ConnectService : Loaded instrument service [SkyApm.Transport.Grpc.ConnectService].
2023-04-14 13:41:14.570 +08:00 [grpcservice] [Information] SkyApm.Service.RegisterService : Loaded instrument service [SkyApm.Service.RegisterService].
2023-04-14 13:41:14.570 +08:00 [grpcservice] [Information] SkyApm.Service.LogReportService : Loaded instrument service [SkyApm.Service.LogReportService].
2023-04-14 13:41:14.570 +08:00 [grpcservice] [Information] SkyApm.Service.PingService : Loaded instrument service [SkyApm.Service.PingService].
2023-04-14 13:41:14.571 +08:00 [grpcservice] [Information] SkyApm.Service.SegmentReportService : Loaded instrument service [SkyApm.Service.SegmentReportService].
2023-04-14 13:41:14.571 +08:00 [grpcservice] [Information] SkyApm.Service.CLRStatsService : Loaded instrument service [SkyApm.Service.CLRStatsService].
2023-04-14 13:41:14.571 +08:00 [grpcservice] [Information] SkyApm.Sampling.SimpleCountSamplingInterceptor : Loaded instrument service [SkyApm.Sampling.SimpleCountSamplingInterceptor].
2023-04-14 13:41:14.571 +08:00 [grpcservice] [Information] SkyApm.Transport.Grpc.ConnectService : Loaded instrument service [SkyApm.Transport.Grpc.ConnectService].
2023-04-14 13:41:14.763 +08:00 [grpcservice] [Information] SkyApm.Transport.Grpc.ConnectionManager : Connected server[127.0.0.1:11800].
2023-04-14 13:41:14.784 +08:00 [grpcservice] [Information] SkyApm.Diagnostics.TracingDiagnosticProcessorObserver : Loaded diagnostic listener [HttpHandlerDiagnosticListener].
2023-04-14 13:41:14.787 +08:00 [grpcservice] [Information] SkyApm.Diagnostics.TracingDiagnosticProcessorObserver : Loaded diagnostic listener [Microsoft.AspNetCore].
2023-04-14 13:41:14.787 +08:00 [grpcservice] [Information] SkyApm.InstrumentStartup : Started SkyAPM .NET Core Agent.
2023-04-14 13:41:14.787 +08:00 [grpcservice] [Information] SkyApm.InstrumentStartup : Initializing ...
2023-04-14 13:41:14.787 +08:00 [grpcservice] [Information] SkyApm.Service.RegisterService : Loaded instrument service [SkyApm.Service.RegisterService].
2023-04-14 13:41:14.787 +08:00 [grpcservice] [Information] SkyApm.Service.LogReportService : Loaded instrument service [SkyApm.Service.LogReportService].
2023-04-14 13:41:14.787 +08:00 [grpcservice] [Information] SkyApm.Service.PingService : Loaded instrument service [SkyApm.Service.PingService].
2023-04-14 13:41:14.787 +08:00 [grpcservice] [Information] SkyApm.Service.SegmentReportService : Loaded instrument service [SkyApm.Service.SegmentReportService].
2023-04-14 13:41:14.787 +08:00 [grpcservice] [Information] SkyApm.Service.CLRStatsService : Loaded instrument service [SkyApm.Service.CLRStatsService].
2023-04-14 13:41:14.787 +08:00 [grpcservice] [Information] SkyApm.Sampling.SimpleCountSamplingInterceptor : Loaded instrument service [SkyApm.Sampling.SimpleCountSamplingInterceptor].
2023-04-14 13:41:14.787 +08:00 [grpcservice] [Information] SkyApm.Transport.Grpc.ConnectService : Loaded instrument service [SkyApm.Transport.Grpc.ConnectService].
2023-04-14 13:41:14.787 +08:00 [grpcservice] [Information] SkyApm.Service.RegisterService : Loaded instrument service [SkyApm.Service.RegisterService].
2023-04-14 13:41:14.787 +08:00 [grpcservice] [Information] SkyApm.Service.LogReportService : Loaded instrument service [SkyApm.Service.LogReportService].
2023-04-14 13:41:14.787 +08:00 [grpcservice] [Information] SkyApm.Service.PingService : Loaded instrument service [SkyApm.Service.PingService].
2023-04-14 13:41:14.787 +08:00 [grpcservice] [Information] SkyApm.Service.SegmentReportService : Loaded instrument service [SkyApm.Service.SegmentReportService].
2023-04-14 13:41:14.787 +08:00 [grpcservice] [Information] SkyApm.Service.CLRStatsService : Loaded instrument service [SkyApm.Service.CLRStatsService].
2023-04-14 13:41:14.787 +08:00 [grpcservice] [Information] SkyApm.Sampling.SimpleCountSamplingInterceptor : Loaded instrument service [SkyApm.Sampling.SimpleCountSamplingInterceptor].
2023-04-14 13:41:14.788 +08:00 [grpcservice] [Information] SkyApm.Transport.Grpc.ConnectService : Loaded instrument service [SkyApm.Transport.Grpc.ConnectService].
2023-04-14 13:41:14.789 +08:00 [grpcservice] [Information] SkyApm.Diagnostics.TracingDiagnosticProcessorObserver : Loaded diagnostic listener [HttpHandlerDiagnosticListener].
2023-04-14 13:41:14.789 +08:00 [grpcservice] [Information] SkyApm.Diagnostics.TracingDiagnosticProcessorObserver : Loaded diagnostic listener [Microsoft.AspNetCore].
2023-04-14 13:41:14.789 +08:00 [grpcservice] [Information] SkyApm.InstrumentStartup : Started SkyAPM .NET Core Agent.
2023-04-14 13:41:14.897 +08:00 [grpcservice] [Information] SkyApm.Diagnostics.TracingDiagnosticProcessorObserver : Loaded diagnostic listener [Grpc.Net.Client].
2023-04-14 13:41:14.898 +08:00 [grpcservice] [Information] SkyApm.Diagnostics.TracingDiagnosticProcessorObserver : Loaded diagnostic listener [Grpc.Net.Client].
2023-04-14 13:41:15.264 +08:00 [grpcservice] [Information] SkyApm.Service.RegisterService : Reported Service Instance Properties[Service=grpcservice,InstanceId=172.20.64.1@67bfc0c58e2d489f87fe41a31f8fac26].
2023-04-14 13:41:15.264 +08:00 [grpcservice] [Information] SkyApm.Service.RegisterService : Reported Service Instance Properties[Service=grpcservice,InstanceId=172.20.64.1@67bfc0c58e2d489f87fe41a31f8fac26].
2023-04-14 13:41:15.264 +08:00 [grpcservice] [Information] SkyApm.Service.RegisterService : Reported Service Instance Properties[Service=grpcservice,InstanceId=172.20.64.1@67bfc0c58e2d489f87fe41a31f8fac26].
2023-04-14 13:41:15.264 +08:00 [grpcservice] [Information] SkyApm.Service.RegisterService : Reported Service Instance Properties[Service=grpcservice,InstanceId=172.20.64.1@67bfc0c58e2d489f87fe41a31f8fac26].
2023-04-14 13:41:44.609 +08:00 [grpcservice] [Information] SkyApm.Service.PingService : Ping server @2023/4/14 5:41:44 +00:00
2023-04-14 13:41:44.609 +08:00 [grpcservice] [Information] SkyApm.Service.PingService : Ping server @2023/4/14 5:41:44 +00:00
2023-04-14 13:41:44.617 +08:00 [grpcservice] [Information] SkyApm.Service.CLRStatsService : Report CLR Stats. CPU UsagePercent 0 GenCollectCount 0 0 0 21M ThreadPool 32763 32767 1000 1000
2023-04-14 13:41:44.617 +08:00 [grpcservice] [Information] SkyApm.Service.CLRStatsService : Report CLR Stats. CPU UsagePercent 0 GenCollectCount 0 0 0 21M ThreadPool 32763 32767 1000 1000
2023-04-14 13:41:44.811 +08:00 [grpcservice] [Information] SkyApm.Service.PingService : Ping server @2023/4/14 5:41:44 +00:00
2023-04-14 13:41:44.811 +08:00 [grpcservice] [Information] SkyApm.Service.CLRStatsService : Report CLR Stats. CPU UsagePercent 0 GenCollectCount 0 0 0 21M ThreadPool 32763 32767 1000 1000
2023-04-14 13:41:44.811 +08:00 [grpcservice] [Information] SkyApm.Service.PingService : Ping server @2023/4/14 5:41:44 +00:00
2023-04-14 13:41:44.813 +08:00 [grpcservice] [Information] SkyApm.Service.CLRStatsService : Report CLR Stats. CPU UsagePercent 0 GenCollectCount 0 0 0 21M ThreadPool 32760 32767 1000 1000
2023-04-14 13:42:00.738 +08:00 [grpcservice] [Error] SkyApm.Diagnostics.TracingDiagnosticObserver : Invoke diagnostic method exception.
System.FormatException: The input is not a valid Base-64 string as it contains a non-base 64 character, more than two padding characters, or an illegal character among the padding characters.
   at System.Convert.FromBase64CharPtr(Char* inputPtr, Int32 inputLength)
   at System.Convert.FromBase64String(String s)
   at SkyApm.Base64Formatter.Decode(String value)
   at SkyApm.Tracing.Sw8CarrierFormatter.Decode(String content)
   at SkyApm.Tracing.CarrierPropagator.Extract(ICarrierHeaderCollection headerCollection)
   at SkyApm.Tracing.TracingContext.CreateEntrySegmentContext(String operationName, ICarrierHeaderCollection carrierHeader, Int64 startTimeMilliseconds)
   at SkyApm.Diagnostics.AspNetCore.Handlers.GrpcHostingDiagnosticHandler.BeginRequest(ITracingContext tracingContext, HttpContext httpContext)
   at SkyApm.AspNetCore.Diagnostics.HostingTracingDiagnosticProcessor.BeginRequest(HttpContext HttpContext)
   at invoker_Void BeginRequest(HttpContext)(Object , Object[] )
   at SkyApm.Diagnostics.TracingDiagnosticMethod.Invoke(String diagnosticName, Object value)
   at SkyApm.Diagnostics.TracingDiagnosticObserver.OnNext(KeyValuePair`2 value)
2023-04-14 13:42:00.739 +08:00 [grpcservice] [Error] SkyApm.Diagnostics.TracingDiagnosticObserver : Invoke diagnostic method exception.
System.FormatException: The input is not a valid Base-64 string as it contains a non-base 64 character, more than two padding characters, or an illegal character among the padding characters.
   at System.Convert.FromBase64CharPtr(Char* inputPtr, Int32 inputLength)
   at System.Convert.FromBase64String(String s)
   at SkyApm.Base64Formatter.Decode(String value)
   at SkyApm.Tracing.Sw8CarrierFormatter.Decode(String content)
   at SkyApm.Tracing.CarrierPropagator.Extract(ICarrierHeaderCollection headerCollection)
   at SkyApm.Tracing.TracingContext.CreateEntrySegmentContext(String operationName, ICarrierHeaderCollection carrierHeader, Int64 startTimeMilliseconds)
   at SkyApm.Diagnostics.AspNetCore.Handlers.GrpcHostingDiagnosticHandler.BeginRequest(ITracingContext tracingContext, HttpContext httpContext)
   at SkyApm.AspNetCore.Diagnostics.HostingTracingDiagnosticProcessor.BeginRequest(HttpContext HttpContext)
   at invoker_Void BeginRequest(HttpContext)(Object , Object[] )
   at SkyApm.Diagnostics.TracingDiagnosticMethod.Invoke(String diagnosticName, Object value)
   at SkyApm.Diagnostics.TracingDiagnosticObserver.OnNext(KeyValuePair`2 value)
2023-04-14 13:42:03.664 +08:00 [grpcservice] [Information] SkyApm.Transport.Grpc.V8.SegmentReporter : Report 2 trace segment. cost: 00:00:00.0393030s
